689584941
16045343
23278764
1355742853
4586904
2894377
31910020
27465157
3591379
815184
8378056
51783071
85579618
12518552
20467842
949929827
2290464
4765198388
4630327
7450368
89114645
632445
545675
20200731
1798498
48069500
836382746
527046
1111420
210112438
9871034
9227978
664814773
3433053
681560
127707573
794583
990310
298480
157652154
620386
3836338
1879983
2537729072
2818811925
1095507
1162351
222615
2070645874
922917
35918337
73690674
80735875
251850
48859244
2763903
2517931
328475336
29244451
902048431
57755806
1678765
424289
34170973
27529567
2642106
19976165
148949447
21238267
1179919
14399335
1628192
1037848357
53338294
1171184
3251760
5830014
3538299
4634859
4420145720
1122965
169072
418354
1357685508
8856390
98625
268085889
152398521
254866507
821597
5112259
1103507
17834508
847720
62031830
14629340
189006807
247769735
1451189
12110732
26990653
1472707
1140372
14238979
22140899
666702
1830768
48322430
915494
467931004
8692616
2394613293
7595275
97060748
108832162
408316
31092187
1504681110
5051437
102655473
1607789
1589540
107649
495330
890337
825807
1811925
303863074
833910
1769481294
101521122
92478306
2357873
13421974
24796209
24844959
24960668
12186930
368816
135186327
96311502
12971391
732112
136403967
129144487
198477077
2005485
93473
4238465083
94264582
1075520737
66815895
7613092
430139666
4681198063
24601395
39203671
1052457
1105128
2349169718
5133421
1160225
32743254
60265016
802583863
1093133980
3463111
1071240
42940405
1144731
25025917
31088921
7854322
296702314
79844823
25070415
626990
218971334
9348686
451415
51379943
1159808
547923481
24559375
15576317
829944
8344545
1558760
14320837
4724633
154419211
3657505443
14574456
5713772
537111
24236973
350311082
1943095
1247821
209262368
316072
6524464
961979126
14661824
143286259
5707623
3484353
2505514
2332981359
8117566
3982874
750384489
174164856
1353121
8208856
74843376
311298
5684261
1524740
23589060
13295283
95840766
1196906771
1797663
2591237
12639153
940635376
7318409329
29828083
178955
216515528
3203729741
646587
1928293
112182174
19197784
54936417
3365920
48897359
2472625
894919
166558407
111266499
127318
9223035
27548227
1414415
3100094
14488719
1159272
763534158
134343587
8036673
364375308
707806530
1091663241
14843451
69370905
135886023
598139
1371467
972216
147651668
1042013
360899
13260496
932040314
1007278
668914
28274637
51296552
85084597
881895
3390152097
10719954
120553400
11930
268879
6802615
73992758
76659304
305892685
39856534
269961461
25747828
1478819637
739644
2260384
213024322
438522381
11324537
1065373983
492417
345119672
3642432
8133794
9101582
2918390
1046469
17295184
382245
1319445823
5573292
1082140
1698176583
1573856032
2116405543
125073998
30674984
1292548
101136227
929216
4301749
1538747
653199072
1853407894
7570253
24296137
347302807
396736
21899825
28758912
1400400
435307776
857100945
1752654051
81891362
1924403
421344
39750052
98548117
8575248
174865805
7037964
6279766
279047374
33305754
19159287
20312677
4045665472
2952565
554753031
181717189
788795
76209906
1428047
584172640
2395204
5011060
9189
180035046
1291328
546230517
34788017
5799051
15093086
1679391
14682289
724615
3772735
185594767
340226667
7429671
3137411635
866150
485689172
145953016
61302462
987662
108964727
776628
85463189
9264837914
15575190
18876717
484576710
2386988441
5667240
202043007
870868
160604
3906830119
22070458
1876430
3750704618
1103957920
20825137
1822161506
1768638
151983228
3460398
5927489
1332540
152886278
5286149
964460
1452977046
21595453
2172902
5666761
68362031
628321608
5480135
16108722
182923652
1528244928
16322204
95641511
158191583
10347743
113609434
477365
1030563
49587427
2569996262
526215044
184731412
568106
17922469
82370140
58292921
49832915
15070455
6643294
380852736
1946819
1294335
48043982
122227735
2710616
1115615
3532535012
703917
283707437
6043094
78080773
875425
56123991
139883242
491357456
7963967539
3400335
647794813
276491
26504840
1319877
10097269
20094378
149183607
1826776884
3171327645
2108950
704951
583049
881605
1188788543
11129157
391105
376726478
1064067
25674336
90216748
1905113705
3517831
110711783
97477687
331834192
15311003
418566138
9779583
908306095
16425294
3010196371
1095996
98804414
1347879
7444470
55398854
185646032
75051809
1648759
1216026
21047103
85742194
4152196
386228496
4097188
673083805
93775158
584150363
657009
37391979
191874
33716757
846145
112778
53626215
126121735
16772523
1045360
28420222
1018732
915048
20780301
607136
9589161
682529742
3052813
14437782
22996822
51676584
5991186
12234986
5615531
138688581
857458
131501172
5073724
418011841
1294897646
1884283499
2874452
19149902
345450462
12458792
973326314
50792232
5506970
167260
1202229956
69364909
1273919768
13214198
21842146
89165753
15285272
182637408
697092870
1176672
714321
46735280
3209112
22034574
1501645046
16226102
646450324
1152045
5878279
7178309
740366244
79017067
1422732295
500862
3202838
1183982
6753449
33691965
7905517
71868396
8240785
81239443
2378707
382948640
265691
1324680
2867515279
1195060
20402247
7294150
4322771
739440
857488
14885860
44723297
1535734473
949658
14248933
239803908
24227699
79937673
5041837
6568131
29761605
23904694
1497694
1476627092
121077
71920889
12525017
179633966
16077634
471398450
1490740
4548815
10623795
1146737995
5425606
172905175
202913703
5950613
3038081
607227648
2290925
21111000
551208774
124628354
246419216
3302463
13606091
876010
861410
2490616599
758010
9503185
56742573
12458643
1361692
630790
5018422
12396502
6584031
1219824
24839698
25833632
37412499
760734
1370679
482766
149396569
341990352
9706000
135487744
369265230
75872
1738321511
212679192
2608426
1028846
1108584983
74778524
24897585
311841
1610850
2770469
6640491
39111388
13351473
2333146
3589334
38201036
220603415
15112382
2615430347
309781204
27181565
1968080923
13562533
387665229
956626800
210231
4141452
1633601
2735417
703164
36122989
242145
1315908
3715886433
14614260
82654609
38544589
20744400
333144816
11810932
5758782793
32965805
99536606
102121939
11634680
723242
833799
77587768
3523482
10344474
138614375
1173935
4833134
276213702
12016983
1873760
4123442
2811945316
264912901
80512789
378324
1949435904
740746
2748777101
16718861
1002225
387466392
1552583320
1333156
753832
125632059
7944126
2657424
4988715
305044220
11386691
373917214
5714728604
195785262
434435512
29805565
2000025
713079
1341544
870669
5046010979
819394946
39247551
416850
999624
47578439
30380326
81414098
1319990
1206504
167321577
14070219
229296484
187240523
8374470
4313502225
29022649
770781625
37873703
1050149
1350828
490716
23802465
1225668
249435
3253044
24927120
25139966
271891
47844417
1287151
1415557
4834279
834009
2265658
8643032
436753901
77570119
103964884
206610258
326749
2861810
6592629
1077070
1469913342
380406
4884880
698236370
2240395982
166710536
3421390
1329064524
4618220
12915802
5934520
116026597
3593732
1711799065
1249672
611961
563133874
15013634
2386764
956925
961683
3251832
865901
327796730
1124801146
535514227
871477152
1290885
209490221
2559076
30999493
2323886
2244943
10182209
5152933
1245440
56826165
330958594
15779866
2840506283
89190016
1268781
790996092
184385923
1356548
5993078
50984668
1054245461
62654050
27924948
7515869
1101584
757806
255149122
4319760
16890473
67035038
2065180
6582590
2451082881
730785
17626967
848679195
3583483
1425475
94983857
383343298
72224674
1481905
108356304
39579651
3981165
1070515
1562677761
2701753
164718524
2006808510
84201
34269823
2208558
44063054
70371016
65940
10183547
395120
1260503957
4171058
6609487
20948536
11885895
4429033
56038344
949284
1934295
1694389
1960050772
3443385
99658647
18278805
154435
133547541
10788166
1546075
90318686
40826381
1623005
15822995
3553437
21095564
2724817
29952010
917896
3929484620
10055868
12098613
1169574341
14613020
488386
3639245
51990755
5078553
2700502908
152071699
1102501
1528097
1026546844
12690563
5701834
6107081
892104901
85559672
370923833
2884869
14334581
169558
1156514609
5182501
8881132
177051332
6375127292
67985137
30967945
1133171
104264915
4884147790
28226734
4326551786
1526418
870780696
106722201
5329290965
22617627
1391573332
262043244
211784708
40777336
80970103
3904728
56340113
7102926
36439003
4211833
7376908
54856192
13548469
509823810
2048662
1339511080
44933268
1785289
1230646183
88979960
1653136
100400456
8643947
1102093757
428923
1885918
52105544
508909377
279510092
7903555
2582858
61149
1762697
11295438
19428840
131606
57525828
1374005786
758362
1063611716
25263337
8300409
4452369
171295509
62727835
8986941
2214118379
1069803
452053337
729954492
691735
268191203
17653543
5299552902
242522
2966461
2529736
430218275
1491448
17885161
746202
1265000
4244896
57222719
679679
259152
791525385
51237020
1741103
201535390
1491426607
698136
75490319
855745876
5031754895
14032509
114958885
1878863
1211931260
198103627
10743645
3879210
33066461
795770781
239427053
84304212
21744388
98174807
398531666
3524711454
7271745
111961289
4173513
31117637
259050338
14069893
15589468
379070652
219208507
1198555
3362214
198913660
3060558
706550
43833738
3414080
428806596
1940965
5515307
1962861467
123798149
32653107
855848
2459207126
3377887164
1662381
257940842
213489264
19200892
85079255
142963033
3648911605
211526425
534834893
219655252
2359444160
28515431
398209075
1162725
27033101
3208122
118170
138225583
4972576
2171689
3075542660
3895829
1264774
27376617
362209131
4074471
31626141
319645701
1536234
4371195
7985776
1415658083
31866353
4359462
195275030
207253293
11841992
28820083
33203159
46012592
23290012
11633022
2072441
28365518
490905113
24691510
473688
2041288
119615940
36972824
2191385
6221802
822171281
340607692
91359226
475051713
231362125
13540021
360566363
27568927
84370332
485052160
42750976
1290878405
40917445
970995
7012992381
30655928
6958129
15769258
1777125181
966621893
1279902
17379386
11673575
38334370
1116411191
1032672
46386749
453876938
4567815
55380304
1401246
2182553
769716
52783832
130487174
2093120385
2012362114
74799757
6407688130
2364985
501992
6183100
713930
133988646
795497
33743386
1277485264
2157467
88859982
73549561
421945
56896003
334967606
17592778
431372615
1484147
47587143
23184741
331641959
714705
69840901
1380876562
677721
213322274
437471005
846790
4122857
1172499
248552275
5019502
2493981543
1714348
5118610
1028636
5242919556
476536156
16863686
557757
94847994
1224033
4091612
145146363
8371785
92299149
553265076
10166605
441770
1567763
14722370
233123667
17024765
209507545
418587937
70205242
10534067
6567
832700
5191467
644682
301667053
1229542
1232225348
74000816
4966803
477013496
388647
1114388
10981473
6757244
1732973767
903491476
715283996
140708555
418001952
31607298
1426278
9831597
51428396
113237
11984400
33057577
26831457
102172786
29426683
624915381
435544421
1091765
1142554
5618596072
423404
415740
3139083
5806735
15491190
8656959
2155419935
14069691
37025130
1080164931
8903577
1695332
381632356
1573680
29733839
13728399
534165
675873
1582175
57550626
1023111
9735859
1329834
3699881
46002339
2563684146
4620588
825780
3484658017
742630389
1541386
159400200
1473298
162288009
6915097
1477025
16982182
2496736
37678929
44230381
573076948
83924009
22697079
255934647
6909869
123092637
25294397
1233626086
12803384
13057311
437065378
279900786
571752
61475020
1630300
283486797
183657137
1250416
13110215
314561222
2158444
18251626
40251372
3195373
9503448
435093045
4179382
17207450
1107968556
1066750
18043286
114754086
1869238
1097138886
362546958
1182161
1489853359
1254366
6774549550
2245553
298700
304469028
301460956
1334474
235539291
1448496773
632232553
45081611
663965
666408
1532941377
28312809
69914147
77986101
14976077
5062200
972990
17577979
35507317
683060
35032906
8251840
8191896
21683465
3116287
920264145
2856307007
3339819
1187449
5249992010
4179250
1163924
319574859
785005
74611468
1664105
280674
16930795
1018066
4094355
1647034
131525707
16225866
273070984
42482083
22039783
25571673
1781459
282642082
2969335
560829022
92576150
20153909
3211025
2064300
652599579
1715080
2230367166
371801150
14882694
554460
47507326
2142174
602195233
205225
32455265
441051837
226346107
6974882
4459086
3253656
1343566
3453389
3139338518
8036136
630208033
313384151
886150751
926981
334322485
300701
25634355
19154247
2518826425
723656867
483452401
4076056
34440892
177049431
171535
9243217
531967
102727471
647124
853403972
668554320
5513008
2870670464
47218522
1497067
75258621
193681
1041231
2797636925
1098090
30376785
2012945
34091661
8527535
1193435388
181029121
2048371722
1136569
6258611
341260980
71949763
2667350435
6566006
4128961
367031
423360530
4096628
160053479
690590768
35071799
4654012
1355967
4530964
592204
2468049581
9327
1128777639
589635341
150559026
238868
6317095
3709197890
41102144
3604083
165094811
9353726
8488951
350380607
2116208442
93583869
525424
228282521
248750723
598288
4851016795
68745105
3707935
5257386
231621027
882628
87547250
816084
925378
888540
161343814
21876986
934160
1261584775
1372684
1042515
4910016
1653588
576356009
2158527
7550383
3870292019
155340
763902309
50724869
4035616
169357100
512988074
124075335
1045922469
1229151964
302797143
12692066
245778047
793856
25417033
648648
301046710
20064438
5057362
53568762
2079131
38283
3950052
315116739
1622104
786487
2740986
49787774
28211022
1566567
293152820
2540269280
1224212
4913792
39002571
2637752
1146865
3041511
259505269
6676872
761668
1748600
6506730
183925018
1762377
15064494
23833214
11977741
2104820
13942385
1317718
914439142
56344800
319978989
10315057
35934024
583159251
42089200
184870128
11629301
5581267567
1522340
16432624
9034132
5643981
16091392
192310865
1012446
32092233
205255722
20664644
4063627099
469332474
2609529
12524814
14661267
3648232102
1333067634
28287584
742406517
13603698
5533610
140800008
3802758633
139806096
1454058
925692
14066572
3313570
2674352
132683061
1194900444
1237201
819756165
1966430
27556265
1795310
1650229248
32702838
129822626
42864883
1268113
270805217
740627781
3159804
1072729
968990
3325425739
440515754
25312731
121850033
9334754
1172650
3904486
7521881445
2724966
202922271
24960248
608192478
123938308
2006505597
161166350
4318905
115812581
1074957
1546045450
121230345
3603747
1934846
8789711
292850
2584256
54906435
1531907275
238572737
5167025
840573
21798228
96905814
11259929
378980106
3436009397
1479202429
129109641
3494937799
1287763
13846545
3127863
11144177
268205071
203182438
849165115
2329362
1325098745
2500682
3261511
139512956
8835076
38239834
8476085
17453349
729225
169011137
572901
39342111
2274741
2540215
20536267
55701911
3891313608
4812567819
61909184
332989800
100014719
6172441
18157884
13383651
1489632157
125541226
5165501424
26309351
1436704
188235
76301757
14000070
611835384
100046391
16091392
1642060
3426358594
14229495
3400475
2170155
11785097
517054
39194816
376947
3616021
1553300
3384932735
527339
1116045580
323457206
434830172
3512473325
149099057
28225186
92628829
1314708
58770428
865205
542529
674642665
4129975
1350317730
18495483
1170550
925224
8508319
5882427
5701811
1305035
58282997
584080
3274270
82324159
124823548
2642422
469895
214374172
30560151
2749754258
25966359
82942261
1312630
5182753
899800
4080271
17745513
268790
25687335
24802979
96581535
14073592
19256765
587176097
36965305
1171076
908631
814714017
2332980
656250
1180980
187815359
28149908
8066489
5570263
71447111
5343525
28137887
28468390
2374736195
752222940
2361797
18585446
63057292
72019401
17504878
67864998
10155715
6056420953
30597157
34200
217462
11869547
12590798
1221833
2674645916
393131358
345375229
44023334
21235474
1429265
50240156
1131350
2161402
925788
937339513
1488010
14298638
1639168
8356359
839136669
27155562
806290
7378991
5859137
345607703
34858824
171710241
53925811
5056772
1564945
519721077
2050430043
2686827
524984187
13923890
324208752
20635208
15466933
59825920
246994545
27397139
6587461
55417792
1964690
8643918
55053530
194832
2781755
89103078
8871843
5092603
311717460
42178526
4211007
29184936
178061512
1781647106
708520
1536014
100302185
168180009
651709972
1049150
838736
22897530
332928775
3006016
89953157
13467835
3040110
69394256
1907415204
13438271
1243721410
137710581
118648227
15535545
3408094
4727705
3799118386
107012878
4803210785
349139263
86498680
3861847215
10196914
47807542
123095084
1164484
50844581
1371116577
152996751
2563024077
1155371
122375
91690551
657204
5842881
1030965
8139389
1084312173
5581434
511199210
99476232
3193710
4453261
505164266
22447665
64448937
16979379
50802274
15040868
47544138
3347501544
14764805
3267108
9925025
68912602
1458225
31447976
16141218
10511648
2015957556
4008655
215551320
4057604
3518249286
63047897
25579079
229546188
1267416
11852157
2119404
5477201
25086518
10479703
689450085
237100
327647153
50809736
4212845
10158748
2492908871
4282681353
44228613
970672
179071800
1169353892
486597798
49391782
2907023
50732
2671269549
7909875
30878076
19950654
7776346709
11203747
1622126
17814578
283610756
1045114
7948753
6837055
762455
46954731
280857
5650707
1986855
2528578
853304
99940212
3406667
676089
1629964
653678630
675906
475723879
5701884
193255268
3274802
1502210
103289207
1383048
1809310
1604493
1729051376
46988820
309017664
702510400
306469522
26426549
292292726
6109316
501081
2212600126
124943497
149911044
5003118
822006586
875120
57894526
1146151903
22257781
10782856
261876863
19109536
1666899
661504
1539512762
24264337
5186686
16075109
215300908
77253590
6154035
4750532
1017019995
7714185
8714867
450942016
34467269
341990230
159996422
162919625
994159
10901426
998376
6302960203
80967573
37688877
1780251536
878428
224096
300060
47045392
4119179
1297588737
65352656
28466629
607836
355313397
32844368
35280954
11591798
57105444
897002
1126500899
3500368956
64402749
13517429
20316880
4485
678390430
803435
1666343102
29804174
158328
1067175
100292804
135050530
12119132
113397
173356324
5850371
1314355
3603193
60651259
129355714
2580807
552245
846075
2473305162
908061
812000
165196828
3585038
7045013
9619359
131782631
86148674
718574216
885114612
642944
255632
453171
2282723364
1757959
176005806
37095969
668095
20057447
58208850
1228556527
3139508
89571578
41881898
459536
16190559
354749310
2730129
190110327
142281125
137344820
314407677
5107385
221495287
1405408
405756
35142273
761976
33455266
3379170
6705098
87407582
423967618
260358491
20088189
31377814
312880124
29796608
1327155
1597180
4204669
45287412
3407209
3830284465
62174954
41012318
11723864
2328863670
34898663
664285303
5205008
217746964
10106764
476979794
646725
1131086
1312140
1563072443
6071224
1053500
1269443
1330687684
880564751
12436858
38406148
2064960642
291043318
3187026
181792
226281586
3231491
728218
218269541
200040670
392667389
750295
1911609
1638768
64545737
6196002
2734050
91778189
1796146
41927891
131843933
3081915
1960956
1214637
1114266
4495792
271130942
1835925460
3509910
4950860
3721750302
11725894
917472
81125092
424029682
227809793
133270685
222039802
415768124
36265090
3415521
8658899
2714631465
139954
1283196
66033523
402354316
849439249
281708831
1035742
2718435838
213344628
2509068099
611552
86531746
41484800
1589783
774444194
744400
1614445
768924
35280209
1169892099
1045975
105142615
356034729
3513267733
890040
26138469
91407858
4908884618
291672170
13639614
979735
6951539
953493
641656693
2240407
2767682632
42725141
7784363
1835284
17091362
13393439
1188392
3391203
42804510
312620
1183032
404958888
49220779
162671334
8910480
2571605
25197609
192417
211355419
86240449
757436
67070567
426317258
704020638
2543710
4544430
11923725
963639875
159100612
2063997
2928198
1034525
15020566
3502138
33894235
67305
413224
1329534
11917419
91258070
20759374
46987
462319
982288640
92316988
390482267
30532541
2297757
16676624
19171646
475400286
6442520
30082841
65194109
358175244
80637170
19474120
2513509930
138035822
30595145
36190858
9814528
247300630
17481639
9401904
6689227727
2265774917
842468
773965
1600059350
1393028
1015987
1699806
985302
74404445
108988718
1410921
25201803
7542334
52179616
7764506
3340542404
301467391
9214097782
24522995
1263345643
88975543
33167574
580779
1486206
55112378
571319501
1755498765
722844
87746917
67015318
1039484935
2109744
267464307
2370757
1071378
281976858
875502508
1576578
209286696
386026029
5280735331
22435138
3641907230
69238475
4273806159
42598046
1469907
16826122
25533286
356361
1991878
273541
16903118
4293967
2336577761
1075316
488878420
8300152
115874893
32871089
35521650
209424729
1618409201
4274839
4952841
1483720
727040
67923756
1830225
27900805
4374968
193507042
1473313549
749735
3437399
9872095
25957116
636174
3163654
1463532
1386532
644101357
1498231211
827304317
226348772
192288674
82156707
173737291
1723915
369794186
434194230
3352211
13990127
8412303239
1910035372
4038554
2218259
566250
16645804
132870179
139443735
39143435
5914104
660243
415942550
92867944
1447990
395886397
7521521
23369644
3815175
665719904
3173491
52220948
690160
270537385
1107312
689158732
3681463
3841451
907012655
509917993
126995022
1057641687
434329331
27805366
272757804
176838808
1885433
42999286
2090487306
5707778
28645
2061866640
1020396287
184231818
9974171
1831480855
13450190
3819942
481817589
611150632
979121
79988082
1425886
1310015
131196537
522914
1210375
2006295
353164675
960729748
362337
4226710
27075849
2756481
8007095
92081621
152403426
5038478
8316037
1429253
4426222
175577352
1044392
116935
168552
1165020
761610709
466966041
11969676
192411739
765063
1435839
4480019255
279345306
76337545
1759033
4118335
69917920
15711019
137714144
682755985
430369
491277771
28880717
27886823
14918416
4135304
1368686
1498663
1371204
30616504
2395254
907724
3177538
1022893178
4003816
357067
1275595
23173613
972447
155624105
1624562708
1314000263
14593376
11828121
2841072
1092606794
9704484
3379173
3376063
311404852
2689715
1282540
211429108
3600421
24900082
9727605
7668262
358803
1117275
17167163
908112
718226
1049318
1439718
15199752
2282081188
12300507
74728033
20449389
46130503
23251198
1115068
180096
5628482
9542294
468087875
10124990
211778019
33389704
8678009
2219320
7859618
263751148
9660666
6468130
9546255
1162937426
35408725
21638426
18414733
164140995
6213211
16698902
214322291
43924130
731493
619184988
282199450
1203450
52504951
294913409
59671293
2368048
107321731
764410074
8625894
4477801859
4373702507
1040572
715905
528063044
84146889
3904561653
2652859
8653847418
2199418
15621073
300692910
6622979
1140503
1069245
899571713
1612944
19944800
42302105
406173
95974
10220533
13339292
15544402
985805
88748508
11711062
852381320
1771423742
1689450923
211590887
120124321
3662171
769805
21916189
6587955833
16787497
11964494
1979923
32964682
670462
11350137
13993431
25726132
3112124
20423080
1841986580
5332597
1049665
14299411
14439214
117111339
239184
2732586222
29416614
6912200
120258854
1185033
109991565
1101006
641158
1073007
1280382
3739398
3633253
7014815
843472
1422335
1298460
611912894
282446893
170895262
3415326
786141
741264093
273780428
660335531
716684
91019316
3588527153
16119351
215307
510665565
1172604
34817297
342625
3801404
2357238
45513017
145755744
870944
58733848
1090516
378816755
1012375
1150388293
1427168
402004010
945725
83347
8764784
903699
3466081
5277842
47956216
77593889
226341117
51392869
6717032
1247400
5645767736
1634836
4011281
11488683
6478644
47166935
36472900
112046558
188993743
1342610
47840910
1164466301
394912709
1901471
14536916
11110278
9835721
985985
162429
196345815
1613105
37774249
1002460
9475588
1642880
4032864
104680944
1011296015
8695145
1270417956
962267671
38153900
1635886
2914049
2144539
605517037
9074273359
3982420
17686231
4192042
26050743
2436740685
55327622
16677823
920592
3839429350
550821832
204414222
3473414
3969746
30806660
126008938
130968009
25880572
367329374
6879139
12633994
86829331
395462
96667095
1374943
24537190
391904956
1753948120
1704680
6762309
120629184
72539502
614656410
701155023
905312
2691976
3742118
1751644515
4441028
5772491
1185635
139807097
16055483
6169900
2756079008
776035
194871063
36164605
1145480
400642
40782734
4565313
2740069715
350275633
26401208
8837653
55013999
67025095
3352886153
2056799250
42714979
2053083290
1577451197
3177967
125375
5556490
60042121
20079214
28610
259511548
2322810
703872057
4423043
5889815
60080494
22702822
12372825
1970456501
1364965
1219832516
26348715
1482175181
621870329
79483178
16403701
4423875
24049008
2191312360
11572766
30152388
3613202
1030185
1441262466
679562
100842399
32151442
10005463
50086211
6274120
854266
247908034
4726131942
643761
729006
6043816
159841125
8375997259
149480
318160820
208864
10809033
357086712
6237962
1777925
2383436
10073917
111669441
1903307
4048387
27784290
126346379
48115600
218397490
8390699
119628289
1411232490
140566913
5880321
24694949
1186310
839845688
7741368
81233707
54120869
1505303
1521812386
70748
92930528
117947034
463560006
21460288
940581522
18410282
63411144
25580061
2053686472
106582890
82181576
4290819105
2776119081
2266884761
5510878320
1003127709
847913
2431353
372058743
38322891
20089780
11206075
129590008
2253900236
211309830
5216885045
959375
1130129
4565063
380625140
5035693
2094925
863919
666148065
15106912
83355662
346741651
81394550
10143219
4686696
1057424
86179611
8600348
23166590
1217194341
16574220
1867543
152509064
657384636
315022
2176027
11144060
9788250
472077
6518654
462311575
158902546
1068882475
124273317
70288088
2097719
355925
1785164
12816864
2654863
820098
478360312
981748
118156381
267613584
12847833
16678015
7848755
40589420
57626210
3365375
91455623
648755807
91972815
51900863
340502
35162213
3864228
1222938355
3443197
73146560
47976943
128429759
1704510
1264658
1469040
8928801
1344051619
1173246080
2964171
225218720
10124103
1179873
1429135
27810275
2016254073
4727494
35840763
37292463
1088626855
7487860
706398
35057844
42007360
13918934
777483
1558209
3449941
3042220388
1262589
14137762
335685293
756206
2638997
110008269
6757448
128543467
60331872
454334402
1941485
310104360
27892035
2243742
40087169
1337830
46647845
668362
1293117
26491543
37237667
44675333
2537743
27205057
1127878
1608714
7371850
1285790
1111119241
4308317
1091379
128594262
17898497
31453073
246098402
1940354
657300
700800256
394050
1685637
4438348
6817845
8042348
1425748
23380386
611080
449465134
30529333
1972635
6620865
243567238
1561579906
3917460
14844238
39773464
3680443743
360706865
59517491
62697455
5167392
476253
107803868
1724298442
8243280
5028688
91382392
73019149
15378489
3582873
6480142
4605276
345998835
283088877
250490
8199837
3087348
2379374
1408014
198516193
1722281
421860
1344398632
1899719073
8414985
8833310153
73645313
21083007
22195347
2199855963
3289855
2486108559
1720838
338271
2839135
5838694
239688163
158584660
16233235
120504317
2312222662
12235793
2679571856
357938785
75060345
94737895
17891166
14744473
978363
235829937
67384667
8530361
4629076
38635091
30047187
70367523
1255617
966910
113030663
183591358
7062016324
239161125
1252395
6896277
73970319
850250
23237658
1137774
1919328920
71496887
350272
150757873
77889390
244967979
1143671
1423750
19974140
3386497
3774612
1007743301
758684
103783224
8831496
1028208
4748906
1010885726
40198738
9196764
1349624
54847399
920835
46139687
3728653
135489965
32717544
92898939
6707015
896640
281052
21115952
15221331
10587132
4619706
940910430
2712181107
145827990
2875852
673221
10184717
2722626703
1258018
55978125
271609554
64535810
57401901
275505995
294237541
9045583
6502157
44057679
20109506
36661533
38484754
65603972
145331154
8027279
18982158
1147930
3300718351
857694
42982518
170574600
21081496
934510
4607535472
243540935
2416921
23784044
24889575
16964553
3063807
279792073
1011997
40623161
21323434
18176538
3759776645
197790560
8576592
6089975607
73876962
3468918
1266338901
826770
2649740
524410267
4632975
19073518
516517706
175252477
79094641
178767270
3121378
1128953
1814922558
2286191789
2165536
1133125
42973085
4646213209
4333019
43009572
666624
960700
907695
935975
59660737
1127643
19535726
1258509824
8722638
253755630
9697463
146223826
1042230
12132836
1717759032
1030486233
3310322853
33535084
275464250
7150368
12388999
81810670
1524824
964820
135392394
2994621005
32679901
4401547
588386606
20432869
29979735
16625400
3951399
2866675996
6260846
481707722
19371995
120544006
1755714
5824587272
1504743
7171699
2352616193
373439161
7857632
78803676
860298724
1065582
1154915
66476290
1828617
96074345
1554701
73108942
140938532
3541873
7815446
7217672993
2784777469
94774391
946125
159017313
150322870
7617410
9759975
172781904
1759550
812014233
1084976
2795837
319698
1850720354
858415463
1047597826
1946617878
643503
49089259
46770610
3750307702
7079683
174155568
4904888
16892886
32317462
6215269
1662510
1553750
101437093
981236
1213647
214025860
1112514
225326302
22758543
2489327
32688551
99275038
12012982
2976249462
11109440
1117000
371158723
847842804
7142067
24094826
43187039
2645846
47227502
987373
786499815
2188458
818974
260208
3402885
5929031
775397389
78012420
19884983
10193394
6372535
226646154
403010
49558747
338417830
1754745
51884320
2160151179
469432835
2067151
6984746
1086246
1144387782
13322642
205791737
1894105
2359077
1265221
43137592
130749622
2731516
871210
5366056
3827536
260001408
236741753
374255205
4280519
26646983
44510074
2182619545
6198
40356006
1199471
54728141
4348315692
24704315
1306239
96590385
30818583
117130283
1681201764
339998050
10097087
1555155
5601403559
208167233
165279
7127428
72556235
26511519
195950
68008167
11491137
21416790
40266481
1115150
111774030
9105174
103094709
4464609
1959477
512752
7783870
917284079
41888071
1520240
89451
112874339
464742925
3293733
3416475364
1846930296
86072838
746605824
3659468572
286920488
7126153140
136600021
735381
1606419
1998944858
6871701559
142313000
2912778
491510008
3393693
1570542
1140531
2320972
27946403
17256768
10831532
1285462
27093546
6013730
33857974
164268639
15519691
5771561
562767846
17714271
1554745
675620
1386537
866235682
861432186
74964093
1624308
646188
1312838
1037364524
3957881
876177
892227184
8181086
1146110
4278082048
793938
600354
2839376
47009623
6738101
157845
444540
12677724
3377345
2266118
1463924
6290209
363723637
521195882
6931217
1229680
467685
1521792357
29008214
34811626
57566236
885950
701324986
3745607392
67569563
1144195
53732466
598026
89185538
5768721
206075798
274039889
1443785
1346592886
4511322
106928237
2897141
1074242
593236399
2012371274
5491412
771876
61608119
37813748
324350688
384500726
27855959
46681727
46035934
123280182
180214890
653675945
57522658
18001559
354873618
1911871
15606602
23239588
293785052
37450681
560042465
958322074
589510
698383251
1542808
4178473209
212863790
294245632
549138
52845619
8602091
146395237
13114165
297613398
880024502
350865582
234610952
642585296
15809644
7751000
3698571298
27797079
97779714
56885853
3849540
74746362
63201258
50634182
193473
8758065
601832761
1407292
15393540
4070767
3460605
15977391
2054059
2523356
12285188
1935908
1194437304
12152376
8597040
4215881
51245678
138974221
989688
1166260
46295723
1117304
17171902
635715
642170646
25499594
13241140
82530145
1412765
18198032
2931282836
45927654
38364392
26242969
80780253
1237768
75810658
4314022
2229311482
1042047
2493132417
845713
1423647
3290054141
58151684
18614952
453891492
3046932
1823276628
323282278
651357058
3860446
114428646
2139121885
847040187
42737109
7412211
150023291
12420807
277416331
10004807
3059610150
472454493
31887
31847429
159771635
91209083
962226510
497664
209342698
7291602952
159396772
443149549
4843258
15190734
2271540
23964993
1856807
2730794
72619
117509617
6641056
78115240
2290130
170666774
18600926
4674995
415498484
177908944
7806703
1742488
659610
176692179
2639959
119001794
1012971110
38002792
235985189
76488627
18095657
266547227
762985241
3194618852
324598857
3725672
1375078
710082
112089859
2056400
455166483
15110702
31573387
366220129
48642615
1017264
880275
121973590
463323416
163515
1163928
7439748138
6519900
927247159
5478431
24168830
296343889
2571371
809182963
20622354
1286277
2432767
459545294
607300
37106031
1874752
378620
17431025
93024552
587061132
1894973
8361135
1291884
566145450
300591
992535
4174305
731582986
2313586
15646374
9012265
410964557
723925
371713362
483245
9275334
2149863214
9982458
64511628
844220247
2228096386
996180933
138111557
492060
1358253
576756
908526
570227
36960175
1438064
2244214
397410
692670
568687675
2980387
21789345
11576
108342757
18381997
6005613
18881239
3750214
3115514
55373426
787530
11101604
3448657209
19772809
155535503
15182283
292729584
93319765
9560113
6199802222
745905001
423808
77875150
3313343953
860100
31124818
8380121
865645381
33468195
1190849
856063
2237290
3728183
71501184
553022
23889169
846352
3324647
11511060
1436449
1676654
61643021
2168804
250609232
38377001
130545
48521724
197762909
5712755
40805050
304946368
2248170
44991582
994342
28041065
1293628
32691
11723260
84008
265170761
442335
3122522
1546155
1485876
32747777
603058
1139977
142037497
1213715
219785833
6772226
2192784
8134734
243115973
521131579
50758967
170274
1497411
933528
382286
7524925053
8440542
1246984927
73364197
36089273
1411713
451816039
270848
30286160
800202
3275844626
45815259
792264
237912
51292606
24496758
840720
534868611
28509788
51947038
65962523
13958239
55251700
477719528
57376570
494374
3439354
68860629
1288050
5123708
298266
2381393
17783213
7932035
177919614
3615766
83777063
87335641
1966556635
4366345
31778841
81973715
20959522
1407574
67486362
63420829
17097369
9708542
804232
1297904861
146219233
962507
10656944
31913897
39248587
320700838
1001040
1504053
883677
4158623
33391981
30865088
1792365
415724
149422728
169759784
214180
1464281631
22062864
11359674
2924885
55676568
8897125
534362349
11728019
9790471
148330136
2663663
194548034
24281683
715751
389802857
2325589409
3863552
1482338
2348967
299584359
70953528
10831575
91259553
14655453
182374149
312821522
19776896
7280705
1699707742
2368578
5645889
81909293
3780241
1524451
4439788
3359231
943405
92987206
957959492
504286923
3795012
214666479
297110566
868936
1284757852
1115897
709265
131488515
1850817
18058502
6333979
1156420
5688472
289425608
31257007
20775688
496005
9867824
797754
37130630
13368921
4058818
499877
96687262
576464635
1269021
49090046
266814855
2027680
1836086
277232274
464307748
4328364
525975
14261
89314512
21249772
4463669
4048787231
3173867371
10859231
63056600
5360498467
1689212
1025354
540601485
32399573
10448305
1706542
4952652817
2216717
11537948
25124823
1921041188
2836141484
6170627
82302281
22019021
5735217
1511146
13611158
2420242
6707388
42836380
27810278
426103936
1577841
23735038
1170511043
127089551
18596639
283827495
5242124
316463888
250330910
21775727
2102011431
2077600
3460639
6772434
2825023
137198177
39417105
756806
189384101
2281978
1788122726
2982459379
1660839
4879861
2591687
1559852
5215674776
5799930
1355614
406372096
1357619447
37214469
11804436
12420799
13190662
11505890
89318969
72704058
1019652
81331004
1113943489
8482104
302905
2473381
14501723
175875
1076931
2469834
1054445707
86449193
633686791
3228030
901848
5513061793
25837085
1084159
3761381
65064373
7711301
809336
1407327
2091999
121721743
9886249
47313696
394306655
3470562
2520302
791110122
217218038
20330682
927072
9850817
841803
6649436
847750
19913520
2292954802
880334
1040095
9230447
614585
1750273
2441977555
8904210
1919008
18738448
158705513
9693778
3938483
675654
35727902
725425220
1519600
394148152
3967739
203947745
1975282
422776561
10734865
3324138
751097
2104272939
6763329382
96083462
74092749
5986375
459135
504030119
526743
24044249
33583
41666740
44187478
556896
202461882
362234367
306030
418568262
2352273
1819587
20842750
86450381
1883676
621337256
2351349
911244
965568
1783505149
92841262
157222585
51608359
3111801
64098
3941778
19151238
84137483
24781438
476030608
13144688
1238315
4000924811
76541929
5119615
793563347
477989330
6649894289
79308712
6912879604
942192
67201227
10051013
82895090
63853441
1760387177
9736107
15146411
1005220
61796801
30527864
21240112
473495151
563540353
311625852
304468889
10362785
2299273880
1198086
34911573
35579658
972218499
45717
1962400
260969701
17686523
212381229
75324653
32526607
264232047
29818997
1270962
872400
9151368
27154800
9615341
90188124
7911674
285918
715314
160182075
2428208993
937818
1169941920
21263485
615374716
1231148054
3377872
2287267
780186047
20699901
24019066
643856384
29293555
13075644
154538012
27986027
1830143
693450
1414238
1381449
175772951
1359326571
123639676
41316265
20941201
32641500
957302888
20028635
31337342
3656344317
2239264
93735334
8317026442
4600132529
7864915
4633072
1644979
1410000
12942303
111909976
197342777
1944026
42364210
16014682
52463064
819584
2955068
6057543836
6294706
46953385
4585415322
1025725
1492715
3905325
597760
1767666350
12524010
1365420
6577997980
1855730
30982126
51623811
1727286145
3900564
1117102
1803556
12522419
284498032
342586463
2127381824
5682562
28042379
6102115307
417337641
891635
784647
607871
3292723790
5822407
23217938
130121463
1164390163
77966759
2209603
3543845
33164275
54307347
179056
1771242
3271876
35812429
787444
2445310
215056229
1030275
9888741
2773290
1710741
1128380
93511640
228717954
17617458
892636833
9763612
132778190
555037404
19367691
507987131
5505864
10446935
756160
1832771
9129085
28590396
868320
1052478898
26680
947519768
1064970
5172858
24872682
3080243877
60161764
347442839
17271428
97592172
73397727
137616
1592424
151342153
38941730
1436950
8003077239
1503752
1327150
381077653
600281
725736767
257467519
40020520
230745
21787194
5139060
21341344
3479961
693004
5395528
1127916
33460676
52715195
1909869
1038030606
6483152
791305982
848206540
1220188338
11271631
2762505449
3982706
234975980
2177206702
13075802
35249367
1454754
1516588216
38234826
1480885
104174749
5218255
48289359
47565621
11348063
206131969
17750
9197359
976750
16719412
1245288420
42328335
43647077
19985823
866440831
1093467985
27952244
20047324
108255907
2488744
1951232
92955
83816862
84511721
47249258
20569007
482643
511966244
3273057
34188878
652486399
1058667
3615039201
2840462
473237689
7907890
58666552
6377071
2806721
2382669
2379845
3785253
13628309
169164713
1744106
790892
643109166
1226603137
1868820
4107021
92268221
26947882
6857466518
3067480
25849698
1004475
2605244
24195345
2824052
990000
1585836
57294658
889320
1269260
599750
1250250
1089273163
683596844
61607559
504652802
19016513
8105604
5439972
1791757
960106
11733238
7320384
20422217
67287786
11819344
4182018547
563820
842970986
76867333
8455698
815616
28909566
593469
396339549
82617423
2523349
1903473
1601569487
1434984645
86850857
6028632
1095745
19752516
1071044
2539733
240702631
1013256
1008729
838640
4466425
4710211
6164726
636264
11043385
64355101
22481516
6756892
1139085
15231958
3120510
7120072
72023679
103687549
3822728
781368
127942255
1621707
1221309
923564
7690175
39196193
10248246
1796640035
68392562
835626
107083
1338681643
115645804
2856183
42441702
669505
3217870122
64866310
16196194
54046851
355482
1665574940
10976027
32987012
778716
2000866
5626104
37102310
133383040
85498860
93821
619442481
11776066
3642788
40235651
56422411
2419768
13007042
4260374
1320356
976675
12265575
2239916
594378
575680038
783189
14940402
306273654
30814847
19477457
14424537
5044154
226352394
22521167
2815064
321034529
23106815
1286786
1063253
5058765
1260537881
7374593
2622892774
2895277
1260560818
19564770
104817510
757684815
3219738
156489326
4331185
194810916
1398870
10453536
2065193
41953109
1214879
980188
16455239
1283194
733459263
644714049
7729326
15096500
9602979
1024844386
115274171
651879
43282144
5002976
447054889
1974615847
7696715071
10178780
26775753
3126588398
123737110
1108050
140303412
297089808
68401724
11012495
9412775995
45334526
5688921
199383665
673632
37198679
6568592442
143833501
2477835
136138841
71439
20831417
55738403
770103
552562
304065631
1218870
214994243
166623411
8066238191
4601225
32088822
31210240
97141548
321390
189355358
2898190
121456583
1682928546
6213463809
236160364
607962523
22995180
58923819
1114741
1326290349
285564
69390130
69040071
84840105
582754926
1206940
330076078
320620
117957
999173
34906890
3378429162
1124442
66382087
541485
63784051
441048553
1640585
113705963
96877788
285155111
4809532
29882528
844568
229448973
4623014
823350
2746197
17344042
100037688
778662742
246389616
590402005
129030922
35776199
210759901
4847361
74820033
940412
940440
683160
304656981
128821136
6944030234
681369
18948027
248768414
576849
12989121
1250779049
934334411
1316555
7008326920
150083950
3135239930
648190
1541845461
13179878
2965788
3412427925
119623
244147723
6399390
1697535
13716449
1243419645
323075
127980142
973097
20830704
40915503
2153923801
30656173
45988089
10389330
291224533
27742998
743700
151628295
2338694186
178857539
6863397
63377743
1196058997
117389339
2531709
930035969
181065047
2370676
113990736
281137396
748678460
647490
60016571
482193
24040427
985436
102157028
347698016
1077750
1298528
99876
744805566
1505810
1796436585
5792051055
3785679863
919354749
290300
575806
28057238
60016472
1279384187
21963301
262492170
4111287
72800869
56628327
2166815
737926957
41907057
26540069
63095294
11023497
40290121
705453300
19248366
13600251
15379021
46008067
459982487
718627342
125050948
917230960
8178147
2033096
6499314131
103004951
584919
2828970
10344874
124873354
24137135
1027728
1294165612
12459715
8322128
1427435
149161279
105326741
17280037
1213675762
42993820
1930654
1595212
1458216
121531309
194213851
243122480
582945
6096131
21241914
1532008162
255210338
22316152
3749454
28478504
107510331
91391296
674638220
1194736
1064217
668492398
1033105
148592125
22096736
101968
5242495
323986
70169080
1220555
346223449
917717066
292499544
3212262
522597
3373438
13620388
12351316
1527355564
248482563
11251512
3009354164
136805762
86719593
1891935
838634452
248286737
3578765404
692651824
55284752
2405715
338961121
44268331
3506853
118212
2990393446
6325642
164050043
162175934
1306112
1287615
19161944
1456490627
155725
6362766
13860858
66096776
660321
92507401
2841925
2680986
111616141
128732723
37605269
214469508
1246863230
12684497
13564135
7817572
50379050
2291365
6761180
335923648
1563930
174158110
646672476
2941993
33367614
739378839
1149213473
3606941
9863169
55925777
2131281
17995049
977754
306862972
6889877
11640923
7151805
1810354
611656
882360
11642347
985800
3608245478
642186339
1526502
8856973
10130153
36769346
2447809
3241570
1112298825
122366184
295768394
1213710224
1266744
6466851
54386756
6657454
9928424
99256618
2985523
1025688328
25436403
142620185
2725303
380919301
3186343
1401384
750703
1175072218
452088
629930
155399561
9980082
337694583
4483658
2512768
12421622
732321078
372466873
955989079
1698598
434231465
19834
2429430
1741865
205390217
1065735105
4267723
771267
35707149
338965620
5155999118
83678447
87322908
364907763
308461074
2029784060
106362
182659631
1626437804
2203810
1354760
28166699
2930026
35781365
7496231
198000342
350587574
1904694532
788676
1094916836
286374591
64089505
2606172
5787524766
194331277
899132
41950779
131957678
16402424
10030841
44419939
49416433
155253383
2428631
146169226
71247370
492453
1980555
56095833
2259934711
3049176314
15521246
8150478
520422
2321085
44063383
207174762
9379063
629681801
43815367
1368864087
1718379
87996094
2761733
8320642
1377024
232479682
2651767
9237910
113794104
14154251
122418805
1043560
6419058894
95884717
10208314
4873485724
3592830
109493104
728595
47136977
1487710
916145159
1587220
4718472
93443
2301470
39101638
1036488
14749807
17289637
294774090
35003665
165246038
394240607
30487841
1105986868
163150
538080
1088576
2300403
1164378454
66490047
347146232
1831424
231649148
60107666
1210791347
1136952
3150022455
260943923
3984490
25344
32031525
69776786
1160464003
8555872
1343152
725575300
764544
320904256
4167755283
5230309
76655407
8622686633
4073003
3768882
1265357
869788
450002949
1502622
6846670
290468
710338024
1603580549
574028
2476214118
59689351
1502005616
1514774262
29942842
1383051150
6492553949
480273532
2172724440
1912638
1342100
2286857
197546538
3561737426
967650
10861434
3735552
1194615
432941116
81846750
12447327
1351371
4511797
23505076
1215297
48603436
599300
101434177
52229747
998102024
2250498234
42898133
20957583
30970934
83218028
8499856
5236936
260645605
1311304875
6111831
18231588
786456
2828620
717932
2419877014
490702
27612434
121479876
887906194
9272551
871339
1648381453
131203194
971831
45925317
3095246
15749715
1600104
236756053
865146477
2426568299
75050845
16389809
1388464
197508781
796480
818232
61485280
586566582
42183648
7301178
7547502
155858402
736668
8142328
25293523
4210261675
7902103
1948535
31861026
33033102
14621873
32464175
32350
8673138
4955871
1808704650
1256657
3239486735
34189821
85758296
5123359
55718710
123218683
23005435
3739661156
41446769
850504215
36125222
804102
371230177
526926
54124511
27478980
652410
10688261
45199662
868806192
2001818835
190022753
6015637451
2199009975
2304848
938527368
435205247
128781866
329287707
84954
261087699
944296
17452411
1154718
8443687
1200405
74181714
1109948599
343466216
6604321
614046638
472557
510197
26158878
65104238
1250214
221134340
80240763
5384304045
1842869413
333315278
6156948
8505109
201692202
674658
307213826
3555478
2274503
1415168
18919989
28379107
31510663
8385228812
158635608
856986939
22883262
332367969
6626416
11041171
2198117
1099628
1238861
239580934
74493007
716457656
212449428
1175986
1513632
4931309
2377531
2897918
10263903
26506500
4146929
1164927
7200309
7771256559
24318625
1513122
45970546
1214872
634555
1351077
665600
1287812558
1380482328
3377927
9721616
172902204
11752028
1237311
11668130
3410436
9739163
8575368
4112528
20444281
54434217
26359184
7436821
598029114
1356145
350341556
485590393
120050
1056346
91666865
55944870
1714046
184374284
28601652
961680
736300
1554805419
2981440
82017711
2412065381
689256
107440387
425889970
508851
26788688
128489423
134876134
2015930
25717223
44856123
15376266
24000332
5708126397
167234195
524537577
3595230
4265847
302526443
2158822796
1025318
613734575
4194985
4663236
32936875
1617757921
996072
70204651
33631536
1716916187
10221415
442875
5909728
479798190
1245579
349912965
23175089
1782886
199180323
7502417
2261047
29129592
6052178
579501
1557917535
403335335
29180417
20037301
992925
2411784
13674884
33178413
454857563
2387143
4067165
486086054
1502704
59525181
30771883
15984908
6145628
1565201
7513506
398445895
490802
401858942
1271710
802230
1752129
27794566
61348554
139659571
3430417
1556819
90902358
131309217
2638679
5371954
192896627
69877240
82045037
15781578
245683881
12128266
89192217
475551
8880071
2747209
42998691
74643396
63266365
594737
910964
56228420
1954634
9652916
1930622
4112542
5919201
5730615
2669186
47476735
1363194
769925
69340966
91881816
81789645
1125181044
5814193
6183100
786060
926120
208014919
1367260262
2981005
224521149
6548904892
41839993
141829258
3187031
14768396
1509175
423647183
237286
2710907668
913313494
18370914
18531832
1671571
90461800
3635308
51143549
3524951
89345407
522638
11452132
24028855
70176
1127525
48683485
92321748
81624
41550333
26989513
27339056
1938669
4161454
392184
7031037
4225622
54606532
594474983
46584320
2246487404
1172526
27599952
7447346
17659856
63475769
160201694
1516065
26436802
142381713
2038267
1524399612
4531182783
227193795
12069256
3269539
16980931
302030787
4479428736
684824
29689663
30274703
3154931
6516737
8162388
44213225
3016437
503969327
2363872
2234400
252400
4929398
1378888
2300991
1356997
32915904
10129862
2581088
51345007
2164658103
3975926
23763642
802182957
4046868
22649736
482595005
68820745
7499233
25199701
7358226
4456860
3693539
14355846
4611314
1156072
761465785
558030923
1166172
691668
1128472
14764136
4296324
1388625398
18729506
161361608
611427150
6917388
4591588626
1413983577
1696607
1534536782
946203
26626964
24270959
340072927
8219635
276060117
943155
938196
6883967
27701238
1932519218
13229340
4100942211
5185099
171472589
2233271
19252704
32951887
2558156
39608090
307889315
42371034
252493079
44039993
38929847
346099733
650415
10479
3076815780
957571
2759723218
62422867
364796068
1248543
782400
1659091
8740504
49928032
162441211
11009936
1258977394
629493
2734538
3846046
22297456
101833216
194515180
4337757
25336096
3900415
884958
23159203
58398008
184994392
355621
757456
504643253
3935877
248181606
443397374
12146005
599976223
5201986
2167605
997668
1120020962
3202717
654527475
18779937
3023893
58661979
19338363
144798637
370370
154295629
1132638
401349
1175412
4338137
603876816
2719688
1283085
3071852704
6327504
231258560
5656050717
4739794
3678356
72439734
1158237
1165071116
7240036143
1164204165
1597635
17261971
10452989
5070943
203279054
24550787
949363204
1307084
204080046
4212430430
1035223326
7718740
6440140
1239150
854550
151642770
1384197
18096281
126740868
295962070
1880212
736032
2934774
728185
618380715
3941456
169369752
308997
1690988
240101779
97233818
41554639
1572498044
2110134
1283653
8352476
2594610468
373144497
843119654
766125
1354782
59013632
43895812
391820196
131068
131932604
1955767465
509700304
7121850169
125810171
21428084
5008500
288159
87976943
1758258
164663799
13013
118349780
403135
640183
594054
111996790
381152
675819163
1182720
3765812715
10200096
77574359
1872932
754915
1013075
2271547
259404387
59320010
38021381
8357105409
6912631
7435264
371705762
763392
2590029
954199
3165030
110413369
3763704
238887
1319003
36786001
21526120
140177304
1091111747
4598229008
3050592
363796398
107984340
1320744
59862119
756022513
11096140
1508899
61769156
67601716
244796083
55125697
40103578
4251463716
1012777
509375
1648234495
74199933
145944
9142187
1074853
19232599
540542699
119536298
1805001975
29981497
2091185
29285008
916285
1117820433
1642991
853740
7614655
4048507102
7657219
824386976
29052096
675121
93886
2157645232
123139654
2171818
1148168
101961042
1197510
1009833213
197163660
1329209
23838852
372438910
9716262
1040416
1295018
736377
604430
6772542
40622469
1958207798
1149642
4216197
318921472
82544460
223025
31544086
230140792
30990917
533908700
3294258
3927855870
16350946
1573323
1523868800
5424552
689124
996369
48442864
764463
1378285652
2100800
46825852
57388721
190913078
2443903
63971520
1231747
4635152
334429577
815668265
6816954
1105059
17811918
924868
3225534
5551074
178807884
677050
39342830
259741374
56471900
31672
12499758
1672698317
1589024
75312312
1650901
1230640
6019309
31380288
35523291
157070344
5255419
600359984
33816152
88412
75046764
44892682
13353939
3944931
545202397
4803123
21487026
394151699
758263861
4254534
131344
881615
11207805
40612219
2557247869
31908526
1056270
207847734
243621
1164639307
1408658
3377749
685302262
773174812
5515556
33231657
47217447
11395776
3214597227
186575
783391003
2859021
23122061
3366814
289521
943142406
581389637
223750075
2836053
1593427
10522954
1085232611
279408259
41546802
3347980
5783514100
2114825
1061564
1034462
8751989
262424890
424064080
7109017
111131632
1016835
7973656
6261156
633954606
7940651
33840678
514490406
61270905
3776535
1112944
40266647
8795766
8482838
11314883
317724551
3217604
26872775
247969
1471527
1293666
9188187
84355058
1616608
3508141
763668
6481158
201557244
231903510
269332920
24886922
463777253
3142348
7876816
10299481
59066261
1264764
1093930
1678026
50557673
3410583
692418627
19276546
25016691
335413
2822776938
5176610
2279298
1515636110
670224769
117686
11313467
888310
367299
3415649
1130662
110973113
60494969
1338536075
53267430
821677011
173940226
773064
53396513
56344743
3347778
213532695
334353
237148615
2098997475
3418379
11862181
716957573
3676022
119597329
2275581761
1878565
2168804
14340290
29327611
478100
710255860
22554425
349020954
10473074
152622209
3052295
2599100227
111942807
8713657
1774676
1027390
9498626
1620517182
732772813
811958108
2398110
394408
231349575
32904377
26068766
486809822
9734572
1328369
29405677
858348555
162280180
4673461
1244971250
774980
2337095620
994849096
87428230
1156106
59125468
39302927
13964727
44612078
11552845
2783777
1429760
199933249
48475854
6986016
230400
69159510
11518549
71944406
30120413
3252522494
556263371
4672722
3025833887
5215027
1383153
14581772
3112577047
10983944
1508512
1237838
368578595
1764945
211151950
19903296
6969234
332214
825228
23970447
5493767
5015708
6331481
1376094
41297706
39264717
3013209
19370688
958026
16131132
4405542
16485802
892812
12342712
197103900
19552076
59371682
1193247
3588260
858929
831680
2498859
1173427
1057033627
3870722
110453914
9133998851
20301251
141611036
9473829267
100427341
32403146
7093735
12602861
7278373
1109129
4457298
1129615
305335
10529198
3267007
926811
18400749
132129852
500624860
371138854
1196991
2858882
982855
12096067
67180232
68512122
2440867
95539924
1149590
1322321
13426959
73804894
18854191
2537813
1852767973
196612804
1418847
1231580
1338056
944911414
429103301
1344513
450884
578197
1641382064
5691230821
82072137
62910021
293228547
1363763
272981288
2097823
62259791
600488
1727126857
633114
2289911317
3917730
51465381
3597053712
27742006
299034289
295604388
363385004
218849379
21241023
258780638
2232453
464193336
188597625
71570565
1085030
15493859
87322755
178138624
184345282
165085413
904029
1087148
50667451
290144243
1434177
760170
830817
97579523
36164167
17383758
9576722
1546230
7598812423
498812
14211843
3933157301
1203838
218906748
2092016
80384737
5101927
503182310
940030381
476052282
4989739
455188897
16135617
2084201
3689002980
1056000
3305877387
2204191182
499176673
25348323
2676803
678886
1155328
5600049
105671618
38942127
228629541
2437903
1382698226
138902763
3176182300
512629992
165838943
54413244
314608719
12324016
2248414
179076293
54504342
250395
14800876
61391044
1648307
917487
28691951
160994378
54626124
49260170
557756127
376225
5397526280
401814
99679334
5351767
132822826
23392251
886974442
1249030284
8133402
50287848
463980
2464141
3389980
146100856
427944075
486133885
851976
1141472821
172405968
39575186
110663228
26614435
3031940597
69305284
33802048
1343724
849796
1702274268
58299
6316550
67378557
1510382
22972192
746504
397688406
664052718
78521996
4584683
503006
11442451
719446
53652207
2324265848
218924895
9309253
1128406808
187495097
3151199264
1106370
1190550492
12408113
14686435
874318640
182970434
1018683
281415699
718539
3354309
577586720
19310167
168912319
6110757
1291052
64922790
4384145
153968879
20638128
1043356400
59631
5821230020
2348164
2010437
213925
20834133
89974770
1985054749
1951560
1126363
1652453558
29776178
9709408
21137568
3808646
200033070
4392975978
1092776
492164
17005806
2227635
1544025
943515
5114154
6984430
1655076508
88982229
224357051
291165
6574234
669240
15945155
977399229
25690979
1941242
22419172
1531006
46697612
83282409
1382140
5160718593
443070804
23467081
64284166
1250767062
148395
9747375
775855
151191329
66680539
180711367
2278018924
56457839
79822327
781734676
614898
2586680019
4097117
1216448
49240940
11499506
1317897
1453879
2718483
1734590
40108334
292965
213102
1003189
856380303
4998488
371513430
12829336
10325878
271960966
131524610
547968
2206413
55976
698682
1702068
4512628
1389942778
161324668
926724846
16574010
287624865
45107530
1319643
1405305
9360525
1109714
42834854
1700470487
376731958
10712787
3172000
17371658
694924599
3120189
1057161244
5061626
52912590
8051588
3843230
1589869709
1130610016
5255323
29436443
27099663
2501318819
452359447
255487875
1269441
355344211
188520884
133695958
37977695
213248728
35098561
26239329
8570760
713273
391928498
915732
4073261
2564280309
14859316
10137828
1892200
313781
146906570
3556619
981362
28751353
282786
1727998950
3329194649
2607692
132361684
703911
229428459
1133886
9652437
2192421
1994100
236622
154692102
29728286
19393809
530768
21751719
6866509
46761264
5824725
205975318
640416
371096524
1518752
132458653
66345254
88025
620433
6413062
28375063
4437746
15749165
769424
1069959936
6061821
74867984
182825945
99144
1148960
3420348
61591933
1261088
89010775
15031711
1834414579
9554263
745119521
3595352714
43755730
3579317920
53892652
136064
792851
5567507
5446612
2301460
604227130
2529487994
964124
1044764045
3878431
152671753
28031770
69374675
121952804
14404052
18878151
11324133
12883734
1300506
36777797
950720
5057401
1209532
24107121
108411978
8656602
48480699
2782322
2620904
208995414
2010558
326438
76867472
28671286
171860705
624579726
20616066
180967950
124520138
13701814
41338508
4459004750
2007968754
931838
41671080
122836051
266488599
1369940
1641645
2313876
184901514
22977599
36717321
15633204
1267342
505920
41235983
14369521
134815770
994365
1314025840
2032813
7028788
2181698491
18035050
1286411
721827
7427914
3646676
2304044
937040
20447584
1108631
66171361
34362022
347430
184710926
5212394
283806
3704452840
3097589
6949681
42808157
50259803
188954904
12457273
1625535
11205515
6519063
4344640083
4103076
6292372
2664317528
1894881
3388042
1645714
302359284
1227320
4903135
1522605
1781035144
934968
433152
4065330435
549054
769418
131870742
18242614
10623423
186744
1216342
573966
1696170
15471914
1222102
64515
1006699846
72934201
2351186
2096571
27396419
24490262
359904599
1494865563
203480866
66749968
23946840
990575
129243936
19011933
1589435
996988454
1167203
6834469785
397893890
21091115
135020338
1456820
485210756
4943327
39840290
2947012
1722362
884194712
518320
486864
1298704
1141938797
41929425
3314113
1015968
425342
2368262
4914353
439156551
105810823
747664
159580966
1033075347
10987494
26675
701081
382680
790688
447597133
287025417
1662570
1309488
4336063046
2298582257
55566445
89668804
35303759
4763876
141074601
2940794
4629551
544632
6845243926
995328
3712131
645255032
719182
632411
31055172
43392616
1197608
4742562548
362165
1407785058
2232505
772265
2352570
75880269
4744262
625959
742850
22648207
634393934
6321186
52672097
6022392369
138381467
1948030
2225468194
41831264
6702196
33492332
763812470
194439983
5606003
1194945
1724394
1468941
565707
402562
190407781
693636
2207025
1060352
1260600
3261674
1511927633
1666868
2960629
961866
19752311
987006505
517868174
28281863
1168911610
6460826
31687022
2584526774
211366103
38634314
2791233834
241448097
86893983
1215775
52497819
1250262
32723287
5530264
2581975
871264
2980298450
215544762
34049102
52002029
2930447
9014878
43455
44730411
1169700799
1398875
836838
33842296
121207248
9572096
70770315
21511474
3073251
21125917
66836
5215105570
15563394
3436001
18827318
4870706
1447993427
4040167
1027728
3501025
60292629
2016640
175819
4566323
87180827
54371049
2209085
259119798
348483148
89836913
167716709
4777764
16082574
756750
1069720813
453553757
801130
488482842
278392784
117876843
51079514
745533
10815034
644250
699252
40938135
364509580
184922840
1582638217
3149539
2344215
58996050
663925
493680908
39084997
12567860
74518491
1227094
8139133
880371
1664706321
19521
100656092
852506290
8099491
1090592221
119169618
3604039580
22735098
6208106
298800
844357314
117704064
948524
20264468
57625368
3662495911
1374475661
781564
10507382
3066674
1675021
379809413
788420
7936205
129102879
1065346499
16262947
824615
262291910
14408699
8210645
2146057
3359554
4682536469
1027694
49552
702325
4144598
2208402262
2439328
598508185
830993000
9976052
271859956
36911951
2185300
1571270
797761
41146555
811848940
23170092
784335
144865302
196336909
1108918
2462471
880767
2825834
10437468
8908099
30276026
3842845
62987637
19393418
1315009
8340867
1113920426
9685092
25155139
5205230176
595413
201978
13933478
6320633
12164360
2888299996
18275906
7056750
12040439
2284583
2341492479
152739258
1171232
1265552
125019145
55674480
2029874260
157403
2709499
10648
533438212
112488277
969266
65087449
9342203
4028439
4654774
67372146
152823550
1692912371
781558
2208229526
3426744256
5003210367
24656575
561649654
1562013
1070490
4971400
2075389
44878112
811148
1026736619
878955
620768
1145943
709390
3030842
34545175
3184994645
748183245
498265031
157244034
35797209
3580132
2966513
1581294
4095044933
12970877
59246111
1692273
1005394
562167
1537458
105341539
211625100
4384
44627418
74134914
725166
1424529
114711868
36934467
15365403
6609390
34394131
2339922
221663
74011466
1778868
297068646
58377
1056725
2479917856
1984837
5680756
3070799
355489601
379096071
2363925
513784751
165329147
4989628
1159906
530214
2631447
844343
280117
2639726
2290424
486069
34575922
85600367
3668581229
64688140
26052331
1850545
5623821
3226625
595273
274035868
523404
30514714
29553700
2139695390
81179193
5670491879
16690212
1350643
399415
2822757
43815942
21568619
2390487382
653025
3970110
2392852
51090702
380215475
12587859
309466004
5312765
6988493
1266920
1317460698
14403583
69296403
348237
746997
13733046
5501951
25106719
12960143
352640493
64025768
25462936
615242829
1584846
14812250
1025024
313633
16874148
5440407
170731136
4475485
4919105
82379119
896818
191031
159965
6245830
1286315
993255
101311893
4140030
550092980
83653526
913738158
9346438
34334217
9878115
191900001
7712865
14431321
56306180
3671111
249787148
3482435
342548
838123
54026878
189001909
1180986
3380030972
150222673
2290492
955584
1485150984
6539519
785642
17730001
936870
8117423
26529785
1242552
27839224
30787357
1924131
207336664
425483196
366738004
1434934816
142119065
17539163
13325582
31959512
24770442
576900
855138194
81889145
75129320
8007856
14220600
4494827683
107154857
265184675
2165975
1490281
1335830
6489116
399497260
9724554
7958455
1138888
122019432
10200436
2469471
30171208
34833911
24918736
540095
3841175
67735966
113992521
1448215007
327878972
1493520071
1696471
389696602
367554
90
11034
617574226
666284091
10211712
891420
86154791
2686013
4194326
14128391
2075246784
7075511
442208146
5856324
739571343
808586137
1150056
16542382
1346650
1576257
4982227
236470447
4152791394
24335770
1564585000
160152292
1607606
1393294
27346472
503755126
23212323
9707118
58439582
1227849
23767124
14815776
28733164
1525315
36277270
18859859
1146290
3681538
186921
570399180
674968
1007808459
1075880452
34373120
1514721
622098
23095188
64997431
361065361
9329964
84827531
1634610
269252090
2419722
836850627
11142758
16436073
2299578094
1694834475
1304247
323450616
11129031
26543696
27981980
1559503198
508347
40127126
3203039
4904503356
61985372
4390569
1180304
1149924
958085
48929633
11951968
8602432
598452
91468450
26080658
2233860
121711569
1005578
16733683
20140
25193226
47903575
9137381
2638968
2487374
172709017
226657850
124650336
2580906
119469723
1002252
104271779
8785265
10751772
1631796
1440795
1188360
1029500
4245856994
179596053
2982803
1031374
49848047
1077306970
128781834
224521812
356245
682380
1228600
75709616
1996607
4145115
18480032
24553235
1756976
24157450
41826595
3845711229
2157199
32488822
20532531
34668685
5276144
3347534
1398274
5396498
346715516
20916081
1394450
384630551
8056727
153496
158327711
992368
1293068
1861088196
5866053
4786146
14766248
61739870
56330235
14171395
5841360
371363926
1017111350
211280
2199979305
8627731
13405504
1965331868
131242496
26226765
362749703
4590874
2326246
1747172
1489322900
23387473
13758128
2671500930
1198414636
177593064
999039
54478262
51914986
6557692
3459277
65499776
4426204
215851555
1149780
1407218720
596481129
1281182375
103607598
9300943
11537875
204583073
11144648
1528641
1860927816
638168532
5418006
8643913
201168233
33884269
999362
1212879
2892634
10585278
7531531
1120967
3819191405
11029696
359094472
1538020
14650298
4552724737
116794499
3154177
490342788
490980
30493819
45520676
33737815
284776945
1338318
4521397103
14402227
4508694
48849004
55356803
6592163
1666691
19153774
797110
2247993
13296261
5061577892
48582144
143152
18572272
1017586
799784775
33036581
376390
7491095
609986210
228988052
29066375
892815
4946289
573856701
447080762
1524068
167918353
1419942
656299738
3635831046
60940734
115097135
16007469
871400
2648439575
108089513
5599190
951805
973676710
729708
279944959
335129901
1184612
1255950682
289023797
2413848
15027770
6611454347
2676785509
1533134
21832096
773395843
6447226
13614062
12206236
641664
15134732
10909133
599170
3963604607
89680981
3016837
1854125150
683973059
2228925968
12978091
1564137
48533150
168327
1233300
53778299
11415379
1540986820
4182687
1488941741
2654195
52890826
1423500
1499302
5547348
815866556
10891026
3636039546
1690905
1034124
59682197
70824625
911651
14680821
1967908332
13485323
5076363
1362108
10775514
1589184
26442716
325675882
6863294
1426243
511492057
23149259
739384472
374995
27184709
876607894
171184
1969166029
14201278
4940424
215662995
9478119
7501682
53021362
856394
3062365875
14932430
18893087
1537144
85536906
2990956196
1567695
11986454
147499573
1300029489
167045186
41133906
299343
897730519
4434261
800890
109067949
70979792
31412704
1135485
111744518
15565969
283387314
13775881
1986653
3507491
1847176
132432735
79656172
6019948
50827565
4431394
1832475441
315925
40638725
32819643
2052834
22389042
3020801642
2185208
4177801
1075648
70600127
27766438
4598363
103557
1983246837
994686
1612036720
2067484574
18055287
5415389
13309916
347670775
2960914510
11054153
3969056271
21867897
16301712
58443778
157087868
956157
5048113550
3469963
2566048
421592752
127664559
39332604
597734829
36182216
58987687
8106792
1328129
63853118
2307036
418173989
19481691
2878009
352172913
329175
6006878046
12126216
1706656
62400
538362
4449517
942230
1100594
1148640
1964405
14209890
1140507
2188844
659745
21496895
1925975
109833552
770400170
6394992
720949438
4881328
25429893
1993992
3053555
1784573029
238035
82885880
273274882
8073449
55245810
2024849940
53984320
2645896620
55543009
3652515314
7640571
488803006
3759709245
176138047
1510165
481590
1323235
14811106
1711148212
93036529
126080783
1549482639
57804599
1175397131
3931879
67880607
764180393
95200616
51516925
105278851
139417557
5844696
2166938
1044057
14359194
891487344
52083280
47955660
758678
24487182
167882484
1432933917
2204957
6578995
7214935
1347724506
3083717
468333
5798848161
443288350
77520839
14282070
80903358
498831
63537441
18939283
1487660
681694
33010549
3233067
878007
539357
3242640
2374944
129800400
3539978
2574644539
1301124
507232
222539494
1661924
2761768985
1221461
2085087
18426226
248556528
286094574
35590658
16889334
9831021
595748
2741711
251919
273440
3192745841
53306934
161328024
4819173
12153164
19661598
1523834
683335
1093636717
9115123
96291174
138009655
218720
16370203
97340101
7105214
35007506
2627306
492998
2381327
886700
1383200
89448885
24018131
246736145
40149060
20258921
9398857
259948788
129325
4819796535
12921461
109998470
829380
192731535
1996315
3052601
2177006
3629103
736300
1577855
2933431
12736970
10306969
85219478
895424
507598492
608626
973602
246464679
60551180
3748860
411954
120598
88342248
2441222090
46957646
706535
873342
204558685
42238829
126640489
44571230
6808278727
5475806
1052838
4349707
1618401
42570959
566893203
2463078322
4569448
273131349
7791
418648860
516216
6184600
12757686
9021471
771456
57404198
2232391
1834824586
4230536
7283207
26260624
2142697996
993327675
51832643
33345936
15582610
23491602
17203096
4906659
2816369
75416699
49965621
651210
2413891182
55846046
170615244
1528288
162834844
21920223
418806810
2979455
1551051
14457937
536939984
17677282
111547866
1856806
1060657
65237076
41741633
87168
2955473343
11667296
412995
705648
216925
772390298
1422252
2557438
916806028
225446779
104594921
524627
1183900
134476397
13496078
415704
259809281
263132831
276931050
906609
2104218
12431816
263246837
67739654
4336217
129543222
1945931
33204615
4923560
502509
88789712
5152264172
68777407
6349103
1657511
3489348
2788178876
26329548
186845578
1963329
111182575
179028086
330779868
7247172555
1325895791
92718235
27500
213945991
626591558
21421821
143090472
548663
14936920
943920
211598470
2241224
17318511
1314906
24971414
1222675112
30930084
4448507453
570435
27877685
1931284
39096548
60364590
489124676
960636703
384910109
1081660
440580381
83339685
1863203
1643481
90887262
56199010
3983004
32029215
1146170
62256910
1592251323
6041249724
140900382
667670809
7345499
10817698
2668810
347009
285245
9771741
22129904
2922227
467288275
437606
16634698
1059175688
1182110
710643808
70678113
284509832
132939325
615906265
868903
18485754
4642124980
246414515
4662641
3321925930
1051850
772205
414813089
48632950
1361706
9707325
5258060
2031199
2682261
13030414
159214974
1145263
1616004
4812985
237320
1177454
15340602
65751037
458407763
4176067
13587389
57140318
69011639
2915968
24273548
7240979
1614094
409238401
711630
1404807589
41425681
3774289
16038318
1271636
51092887
3175852
2040961
37818596
4084496
1979147559
2637599
1280814407
2159015701
126030333
1597218
2964688
27742889
75684
4111802014
867582
12514495
1226200
281131377
45580271
41253729
6477685
2013004209
790092
317583204
22724652
347625915
50556841
590470
849504
136920734
104536347
63572288
1714190
747225
1019635
1108275
13279046
4925018
1058728
2174763
154474825
379625861
82002756
564324
1972531
9258867
860919117
491332
2766444
773536750
905044239
205565
7834855
44466811
2099072
401991262
1025701
327099153
151727901
98434683
913793845
78420142
2822144
7902448
93826007
1499193118
2999247771
1017300
1314280580
5101015710
441782574
233536214
1567970
1077430
4799152688
547204
653302819
612857
849195
3004794309
1426851
1071081
232699523
1869755403
22362888
36690688
114787080
21315594
68120132
67864013
54968109
376938
403780768
152083827
1236248401
3077074
3615546
1779507
74336895
108636774
1554922
263665463
291009450
49615398
716556
74514305
60598425
675333
2465787
8326541
105236959
6387030
317412904
41548400
132823463
810195
1044591
32137145
1298447098
2028915
119168652
182648610
68525436
3104106
227341749
2460990759
4099840778
337548974
272106
11142761
3159962
919852947
24037143
162942725
6582711
73984
5610634
59505322
511834562
423830805
194976432
500784
1295128
39958009
139830560
13696734
17825729
16551880
135574455
5439403
830127658
1367735
13624413
48535878
53458491
975880
4282442936
107240862
67939843
48364806
21951142
16944921
2485647
4658495
112736
53765060
3256163
2548739
3909930
29870877
5578257
95018153
342895
17145498
73768400
13473417
1181096
137304328
145838698
10016493
1647373
32758882
217403952
2084530
1518134
1800494
30358347
379368326
107970009
1136159964
1499321018
1449300
50049
1480271
173480290
56216839
3857690
1101579
40914346
2504619
367248
67132041
87040584
681070
14039978
2071441992
547578
76338848
9959900
327649
18959229
5965324
721138
1332976230
67246737
3898180
544529
568956
24639716
789362
70277639
71285714
5801376
16536456
122058135
6227362
206515174
2779432
4233387754
122294461
6512257
10005081
3504631
254743344
44329011
43075
56778937
37328066
8800470
1173478
2988187
5006508
54378033
202499704
881606
11804505
17142866
252351
161940529
110824928
1497887
3453471
2014630
6104479
2325354
127816954
327439442
862488
146493447
4385946
1412937062
232372824
1095502
1037135
3572006
7486122480
1770691659
18301507
8717901
1548696
21607371
3182731
55573334
92851
18050428
133468319
155966168
19047344
11137227
646763817
749277
2916703408
648927702
127228695
486483
1568369
347013687
51337845
291074678
901284201
22485432
674020
711650767
265626748
1450023
7217356
19517867
14815114
5967902191
79788900
1234710
20661087
37214467
367933894
1215639
41693835
243131267
1118442012
16457
64073028
82898603
180570
698420761
113081931
946225
81653458
1357170
430370
6308784
1565695187
10456820
42469961
1257852
5600268
47651487
763582
240477
28089961
32623598
5485174882
36026871
1064072195
414787268
30719062
2076312
440853
1754982071
35610942
1036415950
5732106
316014
1612669113
24359323
2689826016
20813176
4782155
2788047
2328867287
708468
1097580
999465
5599983
12664106
2843454
1561433
1286528
54565658
26736003
92908079
1379934099
6170255
917924
2569389258
53041022
505628345
53628761
4101986
583661935
226004291
38714657
1634325079
323109583
22446639
120992126
891455
1706253
38957
1103230102
1859834
1618586
1809980169
1975015
56170562
40624219
599868
29926534
177651278
17257479
1758831
1534780644
2879435
16675972
22059503
19519932
1882282
47002004
727751
4187766
45503561
1092528
1406580
883424
988740
5545176773
293702
731662
26629180
1272039
15287257
16451529
922420
14195287
3847916
854316
48587731
406006206
123745
4462311770
1043094
26132708
3693057
177898083
5974133
230557023
2013468419
1119069
223769195
24367204
1603787
354410
847529240
153400399
377663
208968273
38029884
58266876
706249
2149822500
1991514
298347128
12824615
1010256
3984294
9222855
1836831931
178299523
356121582
10296080
58570653
2243729
402482526
301246758
3696950760
3824234
4945741570
187482803
382523681
184231569
709749
70486015
891708169
26529491
1253416
1172769
208389170
12620916
4583094
10205033
220623
6554514378
45096382
70595517
275160828
665077
117106417
16703710
11409738
33607060
752248622
177528416
10706735
13529024
10427188
20832024
968845
17271557
998504
60708615
875976766
2331369533
1225422
4842482
2286207
58067199
2855363
3499569
64035310
57685687
412285925
3688886
87160428
2445152
237068074
801550
2493256
8613119
167066130
244817543
537022315
22119456
527054
868638
89354006
18734808
89472
203559813
1125595719
3771059
137508350
1467466
2417073
182783603
558796188
538265
1311285231
1529487
3745611
10644149
1070770
46142021
34880401
1303883
665371667
2217623
1111940
3244459
1572840
1128950
7527650
24002353
484693
24393554
25512004
7291681
5403242
4061417
3931182
2311757
384777680
12434697
2618933559
6688923
15756951
11559796
696903988
4910135908
182095732
7434565
2019942867
13479909
2001230
4028813
2750656994
27870688
3005754
3431870
37505530
6206652
97985118
45581855
369853635
17557210
923176265
642815
7655957
78667029
134600276
45029703
266787405
62442667
5373638962
528865
1042480
3005751
2505544
384245989
950287
6520598
525920079
30812636
9961529
1412851
1390667
3587789
31349105
1895720
7589271
617219282
15725577
4717643
109418071
444787965
1869145
54040944
2917120
155008634
4084753
4168074276
4421099
53891401
1021324
21996095
514153305
44543933
612059684
890134
4070792
4376897549
218849643
31884821
1552793
1947895580
2129508
5242709
4641632174
5504464
15254949
1008254
27859308
1821945
24589559
445851
8474809
49302
1050738
121552
113567853
59063245
2000415
84474873
447780017
386909419
322500
1667967
26705881
1020350
41669366
488034
11253948
1324407
30681040
2781669
1933048
27545898
49007014
858186
4351845980
765032157
36550051
372130
2600006
20630105
108377823
918538
52289620
4971135
3166772
86882097
1929375
884146035
3853383
3002453681
526830
807130
5750824352
2046398953
1136660
33051958
869833219
50648494
730546399
2756234392
335821879
2415998
234985306
862161081
42998040
242392261
168593172
205798631
7217707
26960850
1289308
17247165
621518884
100160414
52390
35850027
524936924
11739715
1306968
3720495046
788394
4791024
36096907
3959289648
223476978
2180871
131575
3370198
1369772
10003151
8825568
61497488
2195640
58310585
6346716
1212984991
380252762
198310001
620765690
38846837
12271166
1865910
34143750
1538724
1477031560
36772587
452174187
10036757
983334452
1562477
8927783
15692604
9521265
4932020
2029417
71526732
1911346
2994457537
2008691858
43605300
7461617
2207589
5023172
208493885
5166774
318433814
118476902
7222821
51930285
702963
19295172
241519836
1049792
22488487
767888770
5392521
436645349
13412281
78390
1075097
265773700
18749332
6505612
1177400544
231653062
345398593
81319588
151586094
3328600587
1410247792
103551684
506210992
1136355
28889870
5371656
1532992
6732435028
166049525
1233085
18028567
228727647
163880
7116939
30616922
35624484
2638682603
1663971067
6771248
4651877
11491704
7469213
254761493
73697514
2992882403
1057461511
1872567
3124681
1282587581
27391108
894763007
117642575
3945663
639008
242087760
113272406
52888487
12782410
1010394
461358
2176406774
267220622
24913164
41946231
7613864
1144117
5835751
1697499650
495805
9530704
887733
323031422
114882017
2545834414
23323673
1973684677
156567625
16611223
2335530
9274147
1302697
864903
635004931
656427676
207025698
145242054
171498424
776643953
2769625635
664616815
9234602
995961
7651561
55753411
2211770
5193036
160117709
930627
2192354
136315094
120087160
3309602
20987426
2819144
182328
394339854
74050590
24876906
1553754939
1019500
1443174
8926143
94867687
56875
70469550
6704409907
1002752
200111283
4367845845
5913569
32307690
581400
1076661
142837593
785538
23483707
4338742
80246052
29192622
27193528
66215416
1075852
427599916
12639683
21366397
316302
7555365
685746
1507455
4732934
1824029739
262076698
11280388
63986733
539242
238888105
7745684700
5330485
38450385
999998701
944206
1055590
611150223
64606916
1792733209
1570750
31040089
237237
102393480
420524
1522616816
235087347
16150651
1721394976
72055968
173447351
1014572
1005418
2875741
2997085
2068183
3218002
366183074
96197249
127086336
109820
55137258
18564114
15531728
3671268106
19781700
3257836146
3678253
11152623
191572583
28406212
7247995726
81802888
1264089
3373963
23532489
949871752
65827044
1761394698
2554376275
224971519
3773836418
1201317515
3075336071
144063321
4165680
12241974
1208730
974390
10287105
2959695
10059290
3614681
49022963
1424097523
472589
5833992
2563518
2263652
2782832
378282552
595655293
377400
46290908
3113656
12153085
26340515
207584628
1340382
1108584
782548
386588244
25145092
1084326
810264
673935
23642144
1621741
2525689913
935753
34631991
215683342
1290640
4753336
73572775
393581268
6003421
249516579
522234732
177018658
414809159
18523675
31941
3087802
19345822
6556718
7694848
10529135
935411176
867938584
7195322
195291248
696324
991128
33221860
1935357
9774832
818070
3357919512
41225472
87150435
9271889
69007513
327626
3103698075
16568608
3358475059
139433016
1287831
3119516328
68814559
47549563
17525841
506468
1439585
64614274
14504441
206640225
674838
33859067
4211397
16792706
4458466
67553304
15388068
2704888
1508993142
686028
234595033
627865658
2583035
177079519
4206829
1034626031
9068045
1791055
20945937
1606241
6886313
54446867
1949493
414080584
1601909
4551703
457215
127259782
44373201
1953548851
1052337
148643821
12425579
935493856
2978184
379897579
2179680
3953764
35594452
212371507
186040648
1755150207
221354992
70766976
162691378
3883734
11725388
9648749
2621050
84333119
2811105
1724761205
18197533
481806164
3173357
4841663
91702012
65093511
21626317
196853471
109421458
9027162
465751091
168223552
32158620
3007060
652789642
4643747
148481452
1391355
1013285
6080587377
613775
920367
15359113
1650685967
1031255
52341610
1181415861
34581955
2841861
15059449
305932559
642467147
1158655
509682
475273030
1123376
30389707
7611492
52195
43411226
81794839
4116216311
46140158
168147
8270157
3528752
14287123
1116327658
213158781
563020
912734
3410261308
588766445
11169117
1163408
61028412
4619863
8431879
68125759
12810028
39810349
990954
5209841265
551152498
21195327
1373846
2050747685
54841156
18764841
49628045
2830021
3026014
7139491
123178878
88982635
22173226
4156340
446365133
923136
388996354
4742013004
2744048
19673677
25163163
1317120
253871224
1232304
485472789
66993600
298609020
12153117
294917924
5925676
4404751
41625482
1260444
609025750
143795346
2303541
1133220
88805205
90150793
1195064875
5483839
187576812
2398191
56047559
55489661
311187562
127764955
231523750
27662897
26278146
29771719
7884688
57797318
6494788
444088847
336914
15712466
71767540
3369489
902772
44373292
31131791
4886555
277790973
1464674
4926405
105723398
201440681
785027193
1593550014
24776461
174387037
97869120
337054905
856898
962206
57367426
393119044
26148258
3782437979
219213615
1078786
614564
1648126359
22848279
1180615811
5248727273
77070421
163053
60385522
5308263817
1149476
6045130289
2900118
452851845
155897
70285525
16497371
32309384
52463550
531059716
14057120
31983490
34604397
7863677
467956130
1065992069
193787809
424967279
3462043
138866594
29095383
808545
288996868
185689416
4331549
313073234
21308979
1611758775
1269167438
346900707
1530442
860292
18594778
69638963
15646927
5074285
42917394
2139298
353769664
41750734
5482682565
4255788
202983969
8195016154
874557
3180785
87529753
1220894535
999975536
1124922519
77499005
3737650
4690750236
6882735567
7681644
2901569
295872
355918463
7626877234
688635
947445338
27674435
840732
27985827
239721539
3704011
20397522
198536036
494878603
807863
631933903
1351534635
184953728
1686645198
248668
6873395
478200396
3133293250
5359218996
838620
29747636
9110356
2266439
573035
3440502
1736813
1445732523
7990405528
1233670835
532368885
18488391
12248012
31288134
916168230
7818915
35535793
74984886
778624
21112
104480846
7419226359
32687670
270937992
590986
52959569
1216522
128192570
1549536199
23269898
1839273
1758994
165914436
304958485
2645761
1000225
263862
1172768
10192854
5052499
266460828
1869427
3869557
378140459
20480596
42151519
12499163
447022925
69205
120523671
861609752
1365595
1407593
57564982
488710
3356978
15407133
1163082995
295766846
1303695
3997448
600407133
194729062
2164444
773783229
2135320
6750899492
1380178102
38200022
4875099
29385800
4926618
1110013327
14335123
3281698
760890
37098976
2237455
46842873
1147731
27609336
1086122003
135047985
4222018
24780728
152070
2280444
1054908
55519362
4955161
10464493
980913
207454889
672493635
749859
2339513
725022
6206157
2663179
404555
508695313
392918145
343829282
882896024
6624838
22379620
669647601
6664388
1136925
712896
7044023
1167950
373863
11987417
16497617
130983622
16001737
654002
895934229
5738007
706296
31614882
8875643
106778017
14828883
2662114
2724614916
11575946
864303
931683032
25585
246168912
130410706
4461005
411873805
908929
9444876
98732049
1103037
6371566
796064
421374674
251610244
1321444
14208710
1307257
708254
19769118
118297395
5251890
1028573
345597970
64785063
1026916254
96470236
1000608
116464929
641187
4569883
18471929
660639209
110682275
162520609
333245
1109538
2311526
36986693
467113710
195814063
351730039
149120263
107559
1917842084
26883043
19817605
23997143
2297342
69219868
3275779
97870157
27193891
438342968
7406771940
976898884
34432074
70344201
777690195
46734344
19403070
74907814
696649075
560992959
8510787
1650784996
1124822
15646696
8380138
316163
4944436
3917685
5851113
83845
9257107
3637407392
41711550
43472629
3792866181
1969773
718785
163442698
1275119298
23088377
4994853
74606
16492040
82448079
68522641
571481404
36109912
24255823
20880589
2131613
932078
20085880
81379378
1322006
1155405
8868554
667720614
33744032
10679906
109386429
2106720
973284
8407137
18697021
1680297
2562586
2020122
1673937
25577060
988358
215490448
1774071
966658
7041740
17930938
1569933
18873674
6819609
20864103
456756969
173640928
19223063
22351919
45439083
5825499
162234757
22218038
305569731
4767582
541536663
1269647
83346279
126950158
895426
2061329
6413868308
10938604
4122152
246204414
14830392
11934755
74246929
2156725
560645898
627285
9919415
4674580
893260
1696499
22640542
2868506
8277000
8786519
997656
548119
1008603366
118913344
73338780
1479114
2094688
36730083
5618039
5834847
6752262
1622220
771592268
2049509
643257487
33502724
230060501
2180690250
2842942098
340584733
37730586
837334177
504882674
694923
2061529
48682693
577523779
46191286
2933707061
261138133
624720
59791036
13077383
40945850
374488586
31368558
307648437
23555296
8778175
906192
293456
107200924
71078460
431782
180914
23635924
797823796
188260723
244542889
937705673
900289459
107435570
1013175
6626146
14481156
2155892
137178820
54816214
285207
443451
5661569
834048
312074
38658697
2293522
2146403
2965
564910
44416634
1206832815
1326229016
220667267
1816494
645500258
51597
5582652
4615876
8631710
1372360
23357917
57622510
1054584
97289798
1154205223
5669794619
24689089
208625829
4600356
47482721
1657473294
1814840
856425639
98884221
512918960
8445827
2954135
2156723
8444839
4283322
90740920
1864926
7097758395
1408603166
46313222
1638971946
5463000172
110265
178600932
181910065
842894681
41494701
7396482
121375
626320
1064675
4038123
2601818906
588637
1511880
1459733
17855945
257355
3413766
553670
1178830436
475131971
643266
1938541
3638662
10188004
910765
536725919
28435452
2144571
230139
144952797
283608738
352694520
7222072
945642
232694855
7115551
2226344
75076107
730895016
226611382
615086614
1439132559
2458238
13305660
2341627112
3104362009
17921001
4010413322
164800633
17065411
992194
2939116
1027988
9628205
111387042
1191669003
790488
15280810
212182859
3317589
3485295607
1306746
735459172
2937000487
2350169484
391714
1361853
55226014
35568202
173425904
810224
55634298
111590586
1063920
1560202034
215846826
2219530740
18767087
647336117
626831434
203275
6635842
883328
706362
1026970
7494813058
7896418
1607282
1238021
49957314
468272
19728317
14120073
57945677
11114151
3244264
22622809
39831980
3759857
184668916
272428
3990056
295686065
160790456
39972687
208699456
779712478
6397025
629895
148648053
3819233
55757539
24422382
1693454
23968104
12794034
348865618
15991694
903425
12975566
1766357421
14164694
14338496
18951058
1226661620
42144604
2289231582
8096241
5025672
1043134994
52482189
42858118
135141360
197693920
768477
1771138
2841233798
6676271680
4110627
2394008
393371594
25451492
365191021
2660398
48069766
5962866
2433145
2752233
5548360
1665902
5919893449
2938836
30653717
7802007
597274510
3119105
442124
715508367
420913183
140552513
115023495
115042786
351404169
60450050
403090372
999099
8461983
942205
107494048
41302230
449022
12884588
3626054657
1231344
3557618
1180470
18480640
492861279
177532633
14590073
71508596
31784614
11298429
967247542
166725686
1107847
136599471
828055
185478990
1979382
1782538
2970947
611030
276711626
11999064
14798741
50757302
4478813
37845571
1530950052
906015
33340212
74511996
4028402
1868412
53921470
62956477
717312
490140
2320605969
85927979
125671504
6081208
6209740607
4742808
1051928
1184448
18679853
186560996
17004841
1745161
7824880
71783329
70552320
818984173
5212040
66700788
128360210
22288104
804080
12804431
858142
8272432
48737752
303080076
61719121
717532
114717442
36868341
132743902
2229864
1166799
2851115
40527377
742378732
7791323
1152072928
53325354
296736377
37393790
2798310
20858328
104757361
800710353
4138872
1510278
447534178
772671880
5413297
422305
306756
1787828
29442032
1349964
72321198
1517828
1089163
8391430
4062864
265001989
159392
1085680
1824822
6597914
188093550
973871098
20877628
248270919
1387248007
914316
7496352237
133561707
22952533
23308054
558617436
3353286797
69615874
151750705
7936309554
502400176
115804136
836370917
23112518
33856645
655961230
217304579
16393
2899564
29877426
634758
4474613
387515
1142652
731170
8908917
3179688
1194112
327643536
1670743
1723011488
4891949
1137143
4534187428
3638029
4762108
8804117
15411471
218479565
307745961
962733748
137253043
1034368
763840
551175
289767146
15009015
68809135
2446782415
8643380
1967260
1979815908
35974488
151695386
1290247233
764567101
223400388
91007
67389717
54430833
328117448
440200117
26091006
654555
4454919
75404389
79843879
4581701
59158428
1178594362
2090134350
61489663
1440573
645421634
63938047
202020619
26278520
42452956
349406840
4203839
1108873681
2496644
76382943
1322135
833621072
26555824
3300243
94652321
3657752
34458095
745864
4069133
18052274
3951313
1952285
759760
10545949
320501336
20830653
142075667
2899394
1545323
53522266
193376
3200624
351315082
135470341
22321184
284160872
112949434
1315815
220413551
9822391
519097625
15788176
1214125
281160970
10829544
844415
21764964
467598
114513551
1605443
915784691
343002
912037
2609436
252345
13743152
12295926
2480762
888010
16790838
885841481
29604226
33381
45805280
9884550
468584910
672892832
5031279234
2752430
3156872
23784834
7247715
1161047858
13060781
108380208
5375908
938575
17392205
934821
695737
2447822
443035
55878207
11897682
18547193
1279926557
70280009
7766685
31708953
1077800
3538938
6217127461
26978867
987771
63151852
1608615
331907886
83213629
6075692
3570426
4188511
36861299
1214474738
196896
73038
817717896
925974
1641555
1876820
1262624
3470578515
363166800
4431442
28179763
4217448099
9662087
32814320
104063945
7151886
768579
575165
1711923
14058253
48277084
10211716
3055182
257264
1411249
1823249
1406163898
21249240
994389
6609584
1255235
952301
859381057
11732057
23514929
59153344
25589827
110105091
7816797333
26915495
601664285
100802071
9411371
462753
5083412
2383207
504353115
172679952
1447726
7809091
178579018
39652850
98826
30804475
669084
10809184
182641606
652525
75392004
6267331971
4774930
21949316
1028610
1206063
3848595
832221
331447534
955019
1315055
934337
40988113
8650878378
362782400
1059045619
6091848
2261888
24450975
646286548
11368417
4250811525
26897318
13232490
278921283
7841901
846640
1140725
196934629
11030823
312075
106327609
959795374
19709285
1057940332
34136924
14398218
1553227
305328136
13681527
39473454
18147941
22786594
6616216
131982652
30717938
5596384
188653339
25850769
5358970
622531695
7264039847
538510120
5516166625
136277115
12991847
735273
762708
7447698
705347
489907652
1022320
485575164
80740126
317641020
23270724
4679365405
4249443
69805729
108175622
20239903
3789359
52287183
7591302353
1870322
542405004
15748418
379856
3180026
5314390
15577276
21120154
18598367
1308834
7624297
883767
103647518
3273831
3727148
12916891
126658660
189680163
