60498
69160
77998
383381
6241937
223942
415655
1205103
86410
2574438
18634640
2833902
1175535
52805
92667
1865985
934675
38086
2188802
4929059
7940749
222575
922019
1202154
4365904
69695
14982662
8714388
687821
15598
88680
89229
2187179
108779
448512
187
2209172
82926
196507
7281
894092
133353
8253105
67360
58130
383614
51810
68677
34260
111154
348836
416027
57786169
31925
979264
31450
3030341
1469266
1051406
7211827
146476
411431
108870
36651
207583
212463
528227
168302
1037227
1801104
74350
2857755
21725219
159183
1380758
114540
2821382
111420
932034
201754
16093
188039
1668820
17777219
91865
2433448
20966022
7699092
15443254
32419377
1396911
3199884
6586
2130738
49646
51112
409059
5340196
102245
296820
1468091
7554393
21372
1242646
161415
99908
79376
128975
67690678
262737
72683
470554
76846
3487937
18044991
129000
8548836
60602547
5349902
29604930
1322307
897890
114918
2764691
87125
21980
52150
26908
216320
4676289
691387
616753
19682
185555
8468090
156937
14627925
1333789
267030
56175
2167223
96635
229102
46543
29403
812600
22162753
17975781
76112
31315
2878
42755
57821085
158265
607187
1801076
29108
644258
386528
108890
215499
147016
27313073
25493
3303983
88540
154141
14241506
4391220
2616132
5381130
279522
1607456
180070
13530078
362834
157732
59385
430094
34364419
159695
7950445
172273
728159
271272
157197
62408739
156123
7898270
114569
668035
4618407
219811
548049
4164
89474
127627
87985
1362760
126221
245705
444411
74022
2333303
53957580
5021700
56766123
1282356
690818
401043
69780
182143
4001365
60061170
77264
35939
84575
822640
3372888
65240299
356421
35238
66916
1329162
454193
72275
364656
2137142
955502
188573
94375
52987054
117852
142613
2779048
16792812
7150416
60619
53184
1020584
202331
4969775
4802792
2357248
1421321
142519
243882
368262
905863
270145
10164502
408577
160664
483678
73075
21250
2108458
88924
295027
169214
15677
632211
9904526
2878647
11252
52981284
782856
4049814
97580
59737398
96696
104875
1118205
50141
3413071
834392
5281729
28561
783526
51115366
1695227
150137
344375
15713566
47341
77104
637772
131404
510454
267957
695446
9154932
1576313
85980
407554
735174
872872
119315
5197722
394760
71160
45860533
594838
10663337
3413432
6497301
77545
198418
141542
2228330
23357879
3109485
17556
522773
3460760
4861463
118651
45702816
761158
21752677
1491657
257816
261304
301954
112105
80080
123539
53650
155554
1719752
1021797
70051128
277884
132192
933929
515070
22035
2731018
8501956
35968
16589198
448220
92358
227664
80931
143753
202813
20166231
15483133
57706
253635
202725
31787571
463379
3262440
686153
193085
134662
86275
47315
87488
639781
13530
17490
394796
1745617
1984811
1849629
253828
441013
1202260
30366
57590
3735397
11218444
267467
573364
185239
69720
174841
17458606
21678
17510768
104685
133720
290680
110950
2898666
1465734
9037291
1662794
64719656
154717
1302404
474297
2896351
384178
87197
108069
522675
174735
954186
322621
2247078
57028
17946999
999161
446429
5337626
336610
15651535
1622689
169670
49048227
34664
81169450
379102
23655
284820
2709958
566017
322875
208063
1711126
121825
55096
25934666
13361399
2463361
507350
179316
397720
8049911
937277
352092
1281704
90160
10679252
17145597
154479
1743450
7712447
1006525
67175
256742
800396
64316
8200136
196282
4580334
12263636
87454
16575207
6953755
1477957
712126
903142
848793
114126
48681
8306353
2891386
154326
150075
34398
39321196
1141349
263373
26162268
24619137
216407
54018
7559348
111405
1710095
473
9284504
270861
12141760
1868742
164464
317764
5489950
1664531
67086
8766915
78228
383771
98195
23522
67944
86122
534346
195075
2107077
7119712
16592046
393235
538253
6684798
49933
153180
2033457
320531
988043
15600143
159654
631006
183365
397600
97812
20510
1275473
302243
10259645
2931865
62985
4757259
882137
102232
2281792
301218
3820327
87808
655286
2594197
16609
4664280
741148
4033149
8506657
7918866
170654
64125
21754586
3159222
19459
261393
1817343
26901542
846551
167338
9548057
12857716
275335
18257185
279871
2784462
86489
16233198
99188
109845
280288
55199
7756537
2035331
23085
71295
9350676
8992
1322760
1457814
677087
58174
800902
7210141
614556
13015120
2637902
244475
327487
791678
650284
64233
1001383
70422
194925
9112948
199454
489611
288489
128155
173869
104897
3493545
71565
24602204
5733047
1497259
16405
18237759
39788839
1645266
13105369
4668396
62525
2851744
74880
74307
1852309
354445
6760742
63500
21078
348513
241316
1069290
3594049
536848
5014159
9335026
6754936
64413
2612755
68431296
4301491
312610
53859
2059853
399461
487759
206756
97416
543784
352085
8887649
1462075
1492697
2289356
81970
7713128
59654
3172766
614146
538215
427728
20580192
3075461
6706949
3419
647247
3684668
160246
57868
82179
132651
171988
6313664
53152
10129752
943737
1185096
87720
1057234
46626
188856
78390
1291752
3197916
98700
27200
4706641
710787
18565
2054804
1825095
251038
2556198
18488264
139347
8368639
1619871
106257
3450819
1699898
565592
2245156
12354
89458
3768117
63310
2379894
47725
19026
15372009
665489
1277073
298812
145199
56941993
1437596
448437
1125982
1673239
10328191
51966
568531
43031
783615
563677
5672203
66231
1479486
5998066
10478454
38793
3274557
590668
134538
27244
1957055
558907
55185
86258
14232115
96577
7910726
364647
1155495
62425
78200
1950983
1784853
554937
667265
759007
5002643
4102827
16553100
376915
525826
661581
17739085
7326299
29824
985395
4266925
2203283
219601
122174
198164
321988
1284683
869950
345691
190991
43960
1971961
14875
48829
61516
794870
32312155
3066046
28662
1497769
635391
18689008
65297
74985
1811619
36575
57508
3215014
1650171
10608739
1379932
93660
4149
1255087
8524413
404716
60390
4633936
331877
2161518
7446609
43647696
418887
67575
723900
11403
648995
8885274
112518
182265
1894769
1064303
27478633
2148394
34099
46686
42111
117226
13150469
33542
45034
2263047
1111504
2644210
16548936
2972826
2878365
1696661
133021
285678
198609
202521
245467
305953
10540585
36073544
3367144
58245
2089798
2099501
105210
147573
91440
47949
52120
106847
1022455
2215083
106678
38515880
1691252
58135746
171133
207322
33422268
2267087
6493436
908357
1902387
526084
21439272
16535531
192109
4502675
840694
91155
308279
2420193
135736
117933
75772
253706
127144
3020450
1161352
364496
176080
10065332
254978
1080993
65890
1993035
146557
125396
23635597
2716873
92719
184118
131928
70515
232466
475007
4687910
4282324
558653
34050645
815898
315454
65930
17436510
45390
178353
256056
439993
64344
49086
59720
158131
941214
1074178
32262
2075860
2483028
4575943
4654762
24596798
35278286
44583
65838
17480506
1801194
512139
22017904
307568
77235
5058662
1422925
90185
166573
944989
73480
341278
1329732
72501215
72700
1547911
23777
8279773
8122262
103213
23368
40051
183625
11572
59593243
28952
159747
24104859
55401
1289591
12313
47712
558332
360340
38831
27451265
2045428
303142
25058167
317460
81110
12814855
20870575
37136
237022
392934
3063399
26325
30669
1155884
1308071
2457584
3485103
121946
58956
1429165
4087515
104673
4508213
196650
4424634
16146361
176934
9518157
19705
6113313
2256566
538264
73038
1067279
1138359
48732
907531
530212
41084283
321180
74559
20242
393491
7759108
7415294
3234052
899960
365700
7142835
99416
9197264
7596361
87949
174287
1211418
252495
325809
86534
71851
108329
40239073
166763
31479
852977
6269816
175420
24654196
33378379
