97980
33918
72920
240133
2564542
135215
24463558
10757568
28892418
126225
167624
96052
875411
7671968
1297031
453879
294813
2863066
16159877
287711
159471
182989
74880
127661
1973765
3740499
319175
75492
793512
20647231
39716748
1133175
452681
12941324
5355250
4222439
90788
48450
213005
416835
2737
65144
59807
38186296
31580285
966861
184038
258622
661893
157726
119775
920503
1528419
229074
60408
3359885
129050
11159500
1649258
18658
155428
120384
2382568
335405
2533996
55594
203252
91632
382673
173768
42913
490274
141960
38166650
2053401
600181
57835
297825
3554787
32538076
4287953
1800168
3867585
9896199
81355
3994753
65412
49130
69179
6817689
1252545
3118650
325522
89747
3050
5545782
25234
470287
5586845
1471082
9850
89241
920
4957298
110075
91641
318866
1696958
34196735
1602227
142975
20230611
202198
66297
94680
157681
414593
59186295
404874
1429947
63192
78020216
362626
6762710
85796
2015105
9712020
462382
99584
125705
51398
3646535
536220
277414
83334
68418
85025
524074
106680
21648
1665212
159804
600874
80382
4090056
1518319
408414
12947877
766789
87971
482534
28375
2478249
16605
547153
158834
83998737
200081
242831
974251
774055
1351987
42112
99808
4598629
5050136
37338458
139251
453590
178756
6342712
42193984
920537
2892496
8286067
56490
45730825
824992
1158927
620621
808592
3275380
926035
384992
539874
178611
320629
185623
12290739
107394
115181
1418943
2727343
24522
6150
5990708
117439
2411562
445684
237899
6924422
68198
69498
2037551
79857
59385
905472
31642895
548983
15613690
103187
149188
3449541
279403
1552886
12485598
4194063
54473
340400
32124
412284
3940095
68380
111252
17366
796396
112950
9926
40085
37051
779401
1776384
6804
88150
4665307
1141895
101829
927895
2162574
268621
502824
171585
28623429
3774438
67740
1578682
20915075
977873
55708
83038
514876
1324908
1005455
3304034
60903
494217
153467
24950109
1231614
2803115
333469
2351083
273093
7585220
3797394
3296697
328765
2385623
3357000
61083
586315
520917
492945
2584846
1799547
430970
691210
543292
5246077
14908448
228821
1811655
3255171
3125612
1001670
227019
397056
116038
500797
89739
1730202
104039
6716965
25680611
2197040
841717
2790082
1114757
31701432
8258709
268417
1356526
10472
158099
14426592
222084
1358247
444568
61929
30260
326843
4330989
3276462
1473609
1118177
91681
5549146
225746
75108
1628184
266858
184034
27117
311259
17546280
1455685
1270874
601157
1007983
1620
18986315
113449
9020
111061
556137
3720964
318069
262509
264610
3978371
1035871
1344
34582137
780669
63123
38762329
230136
1430339
30702950
858996
52714942
50700
203148
845411
67026339
156349
7129567
113016
40515439
2562183
77545
3818161
43424
3218644
49790
51490785
133940
10190063
78478
19688726
40567
1990996
110422
136091
3174976
1123566
43975
7349037
15217164
666410
1640371
426852
32429431
275643
442264
15624060
642244
86610
312626
21134651
24025
136155
29777540
99421
6072
920041
936435
259357
985513
437675
50005699
2941867
1561007
46944
11636447
32319
242802
1632609
53024
56316
2474819
8326627
3881172
473162
744759
13574932
59137
30458670
118116
4730325
132675
288268
502139
34222346
203401
2218776
24175383
5666660
1843764
63856
778590
62105
55653
108668
105393
4279
750207
320493
173877
109161
681347
736141
5571533
37002
26460
181714
2002729
389648
102275
282710
67947
535335
49295
30761355
11512371
402179
1792003
152421
143412
143735
264898
115379
203608
80750
1251443
808973
9056270
1263326
381587
10051976
96021
222169
9184986
432353
205344
28089991
277759
41898730
7938610
34198803
51678
938485
37332
10122585
320682
1624288
151202
203422
403325
76750
20526
39528
130508
58077
2252178
198522
126548
967415
50350924
58212
5157683
68979556
11790002
84040
994209
160412
8106
253931
553705
123872
76737
11125
17710184
1359802
84012
2700616
874158
2722997
8698023
9392
1627223
69820
1236592
1372764
2499529
5749334
4163440
4200050
13623455
198644
109425
4748111
2754838
99617
525881
1257710
40831
2345504
78909654
3517881
198418
10808721
541293
198431
385646
1066904
20618101
404766
111243
260666
155482
129909
3703674
114505
1016631
47568906
140658
35247
824865
61152
102075
109483
542967
4291443
1062426
101290
362136
14730
3973494
11990276
647168
68936
3207307
1258174
78730
42499353
3202115
4920503
738948
108895
457317
683763
2283865
56328
683656
9085
92160
602469
6166383
71938430
541963
1820688
42318
101607
119580
48998604
17394791
5654436
1034316
6546718
25354549
14354529
4851917
3264010
80166
62604298
50906
367665
63152
596005
86796
26048
382964
32944
56136
6163778
15132
551371
133469
25868794
65406
2636910
49956
2730384
3311450
87380
16426875
561946
76335
10809
742399
4949633
1767336
5681520
12472329
14692733
200200
2304932
57004414
7832034
398726
1376476
181002
578036
73405
52370
5108605
27166
356712
3520263
173382
1647894
2130749
707881
373036
1191653
694779
1959756
1118950
450584
207570
84440
27623595
335142
6709857
1689035
19130561
14027805
965347
78390
34798848
477424
1485764
306340
55808
561857
2088067
99164
728906
291551
1523602
212678
4076072
1779226
178087
108576
78650
166386
490703
1439039
202563
10812
15238416
2404277
191097
8631
66405
16360024
278099
27223679
21340268
94717
3985967
657000
979264
881905
9372475
55062146
208220
59517
17168305
138915
31553733
273528
43873097
147543
734695
71029
3107721
783250
264821
417535
205262
109675
466179
4787566
33415510
3004712
86548
22311
49271901
281048
513354
3307803
107984
93496
74680
670972
658600
10173668
155775
21359
65713837
511995
12314264
133535
159752
118217
10427083
2758345
640454
66017
1008582
32590
9463122
183844
42328
7168
130916
66447
5673231
604005
103506
118177
13751085
87451
241721
5757437
28672500
133665
211956
9995641
1817674
1680380
142324
838300
152812
8492183
131710
1700573
158365
1616873
61720
116501
1586446
306190
258910
2005771
250192
59448
21636748
49708
1658614
106410
17656437
9482
48604138
2189570
75769
585311
2799247
83336
3844052
697888
794062
14528455
34629774
834560
104489
63810
450712
2739599
586176
74677
15501019
4940737
180622
433417
17658665
583889
412143
100170
2414327
1127874
97128
25344308
812659
5044048
43190341
147715
7952622
671608
52785
172788
985710
7438382
8318337
110975
98589
17629980
30458
684164
1145018
4215679
147611
43254
1839003
228987
56260
88510
498386
2732583
1460736
412895
1215691
78994
158117
719970
9250296
377718
4971936
136000
110000
1000632
24787994
24377230
1873213
34320
83392
437715
3751757
25116
12681
895206
1485063
55740
159052
12164219
692054
686781
80955
41165
10791182
66125
195144
11694
951673
516792
39063766
870247
755346
19774369
111783
85085
807009
1508819
801861
1541857
731768
255455
104931
6240059
8877557
263504
222481
87996
188001
1114679
7810779
954236
17186412
391906
70989
1165979
157899
2367102
118796
3463198
12062151
96061
1087169
36865
477485
691790
574941
1575652
2367139
3503444
82459
76305
46725
95583
1489831
84669
1215561
23335
141512
1047831
509454
141367
109429
4117605
54340
27320711
149669
2695133
1785362
6208
6196377
139944
1541501
22353254
2182374
196417
775072
76005
126939
6099626
292392
8900965
111815
536489
5746186
3120853
41660140
20541718
23635869
401018
1754241
259901
811204
762437
792276
2642088
143066
5474777
332575
87444
98990
465389
30328
2820795
3749283
4886561
22088892
412327
29368
1901623
252947
9373
106675
719848
223839
290284
1309216
1463414
2027521
134918
2838429
293690
