125470
17990190
224471
438803
59859
179151
91256
27024
1844210
49033674
5819792
171477
508101
83270
15507344
61415
164427
434184
11264
349347
65592
234821
1020352
95238
12613209
74987
243474
124244
394424
55800
585078
39508883
153556
69078
1819405
405625
108668
2072510
85646
10267435
211147
3504613
139826
351568
994677
4504225
896539
2993233
23004499
37580020
14721
766379
358547
116077
49230
3960210
702287
1432402
271949
680427
35676558
20904
30576
1796156
221407
1660220
1468453
73914
103938
355992
9332519
42108
45747
55539
892840
4318333
54840
7087717
7071251
1598541
9572069
1441308
5582585
300960
46870624
666528
96336
6780779
173382
14896700
109779
637371
37690
3551383
4577296
10089
97679
14598739
231896
734337
28826
2049946
114084
1866867
2062749
4893814
1303154
24293939
715937
457178
4513928
74208067
799658
980718
182512
31443629
39662034
53112
12054188
57496
119413
33904519
81320
40575
27545997
235218
18277
227755
125309
141330
9226079
56628
6694694
1819362
308805
2837119
119460
42872
26879467
2595597
466955
5165618
1667192
13068616
26448
1238025
321074
1254197
724708
71656
8485901
43464
1712691
113125
2227414
233120
180102
15693732
20786
1336303
417905
67289156
1262280
1072887
1254955
1464104
2240614
93725
33273000
3612702
87050
67173
223036
842239
144060
246790
1926629
186694
848167
1093930
84669
501095
313076
322285
58093
51775
480497
6962205
2046542
92850
6564841
108468
1472096
274481
20016653
1060744
5966942
39485854
44058
2714471
47112
15775655
38078
57322
4551841
96418
256773
296769
219208
57400
642491
16095111
1232789
59160
117938
24200
10774634
40854
169881
56320
3682077
2450752
913740
154245
8088822
482064
11752
35942945
2856561
33338325
2623743
25987442
85484
196820
280612
1761589
898913
260043
30066
6017600
41470
4303078
38534653
667076
104615
644081
19859
6731955
14466297
6123723
8121413
2416142
76380
34624329
1186283
124678
1712521
459020
330891
89940727
95498
47572
2261141
161679
15787646
3071486
8057170
56320
232609
12728
366553
65110
763045
92055
96756
14664
400459
231309
544794
9707125
288098
89001
9222295
179703
202745
17412341
4995053
1763810
629530
1366214
1212426
346892
833521
114109
36728021
585844
26160627
636053
2285689
52120
297537
119310
456459
36688
161228
2047400
7092352
4002219
14212354
24211
721275
45359058
281261
3622083
1018169
844145
1635979
38034842
114906
35459
532181
76973
190146
272413
2605618
15656310
127211
10406058
138035
82057330
345934
557819
973236
36442
39152
14953227
8801
77194
16032700
4378648
169626
49594322
104874
3959640
114138
59472
1544262
8619
2501711
53370493
1382869
385002
580922
700177
105209
418900
239351
446153
98498
51821
178932
1038828
30294
195962
4235
400158
5686468
72360
231647
12604070
1253040
13423724
211462
238095
403576
27116021
497253
4736646
161588
428179
4174973
4499887
213642
17591778
175591
68612
90552
556410
32116963
77580
4324035
60625
119433
109752
16607550
10258019
303298
1046114
595818
39424
91861
224844
2163
85789
107160
508680
215395
5469352
276538
883095
80016
17422
8776391
329165
20003097
20192477
396073
212009
14035151
1257769
47384
467191
4851439
1552585
131637
3042920
92014
188805
26442226
12375
4427458
25537923
15430128
37216
140712
2565
79005
227864
12124706
571547
3133
1029523
10745987
80832
961524
1967624
10818356
185633
53564487
117820
812344
44469
172077
41395218
46231989
188484
267904
52295
1881611
102300
105271
32885008
3703680
147934
2727687
4995588
11671290
5545869
4131731
144517
4755799
811325
118065
90839
85925
1330544
10063
168730
2308539
392246
14718211
95348
28018715
153150
7659158
25469372
109095
6573592
177441
10253160
143490
640823
1919962
40531990
89285494
472748
126378
113715
12875433
84983
119301
36771
131308
84924
200083
4520584
531472
2117737
173509
78850
147524
743566
14584216
5271260
25810740
106220
185863
59755
5355928
649579
583395
132745
84238
1386970
96900
22312385
91605
803657
3415994
55709
4739513
7392482
62598
481566
954691
1795918
324601
1432921
124406
97430
4090
1575299
568629
4546846
11433570
34540353
4173551
12580345
1079166
140896
136591
1232281
264129
648828
280789
96330
645873
1924966
5248456
43125
134830
38135
16512
48425
125749
32950
12093222
25404781
49435860
9148141
34658
1770147
100640
98215
73185
1447493
32185
220343
1581393
195373
44351956
386313
205092
55099
63118
819404
2738554
280150
318529
1836231
3140641
104728
38433
85436
94647
318777
45409
33699182
878459
281311
105230
36936305
101308
61248
1175014
162316
17410319
8933060
2889882
3116572
73675
151202
445120
973648
141660
2935482
55531
1590370
6922817
67340
11564427
88624
475011
121915
44128
1381677
124821
1191445
65232
43077385
257300
199880
504573
212744
1568795
2523218
8105048
11715439
2080388
24548
1084713
5118542
4880706
75894
30565935
6728150
629630
60791
14282825
95312
10223463
336457
413761
41013
87927
28497
70833
227543
851342
269717
64569
244400
17583
181930
113680
63992
25600797
130893
10084414
124275
3394291
1019367
3131568
1090224
6363
163821
166793
5134142
142709
19985053
73177
19260426
838352
124599
2963906
126984
206799
89733
83291
78680
157751
93643
1961817
5627329
9185900
23138522
210342
406
91125156
16663118
109072
31465
132126
4527333
8655850
83961
57294
4666488
317653
1074290
65702
219762
379619
536173
78600
71427
103609
3604238
274003
9267592
157113
3723176
10324417
6918
3902164
415595
3434844
513588
51824961
8599725
50008215
93325
133707
6762577
1979727
1615283
215941
212591
100594
2415778
655595
39179988
1035225
429681
178181
23994
150535
238445
1528874
1048232
286482
301054
20750634
7437
21753285
2160422
347304
5321505
166229
53833
54985
1606976
1955238
1209371
587918
1996196
9240436
197758
147288
292787
494231
74524
87252
344729
4973409
1764537
59826
37683916
26013
62060
159749
120751
201818
77311
75750
1211488
71940
196554
51376
14007930
4225028
73111971
630238
1780457
2858090
117232
1380412
97334
21207556
23743128
2549513
49975
796183
6202128
144313
4766726
226699
99275
79383
83499
131836
99905
8603060
492937
1285889
300189
1106950
75975
8736674
2497926
2347496
8018
96060
159732
10247973
363540
257146
4114828
263748
179911
70311
24870570
918782
7743607
86658
710363
40409226
932331
3062061
32186
17136603
15234028
3889466
251699
95654
65553
16042418
183486
24754464
552660
13984690
631755
946
60915
666397
505247
96690
941118
6303342
421149
17535916
180402
167399
52706885
63652
39088786
152435
250469
13704
545767
1090779
1267593
2424409
6499604
76170
6989323
1509398
41445
787640
42330
151040
94542
2560962
1152145
9694283
178412
75688
8474902
498904
8514630
52122944
20274900
2554267
1237088
20242601
11127554
444855
90299
23776
1882914
660939
44051
1078351
1702422
273480
7920
112836
293706
167562
6597
66339
108823
1107973
404345
354177
74078
174724
4710536
42723541
315178
2247875
143010
6601853
3025923
2176812
35953847
670382
5844409
140530
1903175
123641
919066
2276846
130355
151619
177814
4325472
795833
50652
929199
103222
137231
86630
19108148
1394039
273050
49540
2515332
112540
315098
1921971
30980144
5937
39906
35299
159677
5822125
161406
207313
632612
3896134
55346505
2442391
503871
240642
72705215
303291
1034507
2494770
1288778
7413160
117656
66144
234065
123025
596400
63941397
82701
607975
2303195
213537
18027983
170752
52320
846866
58941888
1405778
243919
1215464
5584366
2371249
2547127
74949954
124944
102787
458990
102144
52256
45319981
497724
