393364
18683753
94357
1892840
549179
13878168
85888
657034
10014693
1410910
851272
69335
55257731
8781826
2106634
1502286
497917
283991
18869880
3306633
5101278
1595897
87160
1241100
1382238
348957
241862
445147
5536
116964
2503180
151699
119232
15494361
324530
318348
11002381
936625
17266735
223040
1433475
87632
3773703
237403
1598866
1078738
550867
946041
696865
495015
1324307
1329988
3972950
730400
12445114
32775
441847
2917576
19472657
117364
214084
78016
2922001
54194
153965
633226
1020349
186162
142507
69870
175987
4246211
185926
7947942
47847363
21344104
80542
260192
29244342
39433149
1199071
356108
260414
65797057
7553756
132696
12921807
95964
72367449
169349
90944
112982
2757064
26086813
1077049
8934691
4019211
91162
961738
56610
553800
720433
854282
46095
388265
53447
315129
441261
1121642
30683216
13986527
845187
1857877
12681540
31620592
154353
3165988
88051
2120448
1110461
132986
41365994
20541113
97162
20308586
362235
1913879
379919
505404
1811099
105963
1287904
11303
1433112
160957
362732
7945528
4719905
298150
102527
52871
267313
859295
53732
12501930
1462220
69589
579866
60660
98778
30940447
2051586
10032511
170379
96317
58734707
284419
65526
241509
877462
3570174
7401997
2721514
3653808
508857
28722176
50814650
3866009
61416
44562352
8032498
6822750
64543
1550210
519363
145818
1553570
34865445
89770
5037210
1025856
770473
946137
203593
159114
1154828
1918161
2198780
1944897
6275926
33794553
90275
821105
458132
197639
397778
394429
54277541
261109
113940
489418
69874
5921500
102116
55352
77850
146176
142936
48928
18968
1275242
9401
90669
47478316
143980
102284
36444443
489048
89298
122949
405428
347229
106304
779775
99230
274862
1978386
61803
47725
181930
21304551
3385578
91428
185570
196055
3692610
12716
76410
257398
1292981
1186110
61512
616867
3171352
912065
548411
49185745
30132428
1927352
49295642
399687
275520
39698
4308639
21574
439070
344045
48516
107202
472
754275
32501591
280612
1527097
19522
1008064
1154256
4041308
9144223
8287259
74151
3005128
56760
936244
50040
8875069
882195
1561866
428698
139082
342592
75168
244412
6995001
58450
1949248
28435
352166
1525879
65190
1659167
82260
682509
1550864
58760047
8555
1009885
2360153
264350
49119
1242083
1509536
67944
838238
2722898
150331
1799146
3303
37347072
103853
804004
56579859
1303810
1310129
60948
117198
605412
161273
798337
7633
256308
350598
1265734
60705
411720
897625
44162488
365284
51759
489368
9459905
140413
114312
1357401
15402598
1845163
4083584
895804
36729
1872955
278595
5408873
39246214
156286
5601398
46306
245421
3094671
114125
822497
346063
3791970
55000
532239
8029199
687605
1196050
211668
2148973
776311
113408
15966683
439309
178315
1923845
149391
425113
4025542
76835
208828
293407
53635
54037179
2265955
78813
4682942
1676980
278684
1474355
59367
3794763
2228520
1647666
5181645
48422
106396
2718747
1016507
372229
2041
321724
50040
367396
34697
630695
12874666
39626676
24576
91851
678113
83079
6147924
9578980
20234424
2869
915585
1267520
15390
189326
37929
961013
275209
20081589
3031209
242585
236455
12160
66055
1160138
11152
80563
35632
2539504
1126460
1517741
67925
136741
3524321
449777
38703631
3806810
1531868
37380
43181
424783
98686
3522925
977773
46252717
81149
1704902
620596
5158065
376272
704364
1202906
19845
1924596
603779
113113
2453289
14415939
3884361
239438
77361
3493956
4972930
411514
136927
78415
12849117
2572731
147554
11645473
337512
109300
286047
24369014
2682031
1165827
951319
14102757
578069
10769014
4779193
13697401
3806154
1892
104210
98515
99997
2412920
292655
72135
219785
163523
72208
95524
202464
316566
24088593
1755525
7294
805895
10927766
435267
14972529
2082031
770085
1232081
83616
20799758
11955946
1217845
499150
1328347
1636126
1236134
1180110
100320
23022518
51718
2900075
68048
658360
67155
30978
4452
538316
209934
31028677
169740
10915
74905
701765
590419
285371
313519
706129
1340842
48608
28680
737701
369101
430945
218707
11357591
2268025
1663610
11384462
142120
21094378
729826
11352321
3668709
698498
4272421
637572
6964672
152633
359598
22000
41025
156651
10275536
952810
2204643
42442438
165074
621352
13539591
83691917
2059816
743846
9923871
536959
15306534
77580
154628
523085
91372
57967
6037575
377576
12402302
778085
241806
15777614
9567819
95046
404622
186923
1095874
5170074
324564
30560
352110
241449
69189091
88736
10198422
4280690
65884
6624692
411386
145176
1232452
851617
468785
18410
48732
3639966
177190
980346
224719
371255
2813279
292825
2251018
228718
580330
101403
205114
81579
2968633
238855
1278955
13911248
1719200
1681609
2925276
61842002
1141857
2831437
110940
75196
65583
592079
856741
93275
114470
132802
385084
804945
148150
7800
147252
909187
434299
2974715
4181433
372643
333236
326876
1153754
119016
2774001
90036
1445472
437991
147103
12398690
50255
516758
619974
19092
135784
3127521
61380
902
43797
1031338
520757
99130
33473358
124355
17112
6751108
5002
98753
4298756
2333596
2580451
859229
7851459
58116
411822
3055541
130641
4650850
8430220
9607276
1351346
71855
1269587
39735
60383837
140389
28752809
198354
54093
364481
15332299
2614597
3048510
47217236
555028
59884
619332
458437
15531
2355775
573136
128011
8354579
1575016
83376
41171861
3412628
71760
201228
29173851
121389
343429
584552
3036230
111756
731218
121539
103281
564075
260332
108756
39590
20734
1032992
1133684
1117840
152321
1123670
5731938
403209
2771677
33760
434974
19401419
1173582
41972
828579
93138
261440
219588
28739993
461228
332206
515572
57576
78315
3849003
76475
3601037
1002190
691542
1371908
926934
305491
1799366
19213466
1789189
1012020
74275
288563
97825
118378
233035
515755
7113639
384178
157063
173329
96285
84924047
1557346
40749
87210
299874
9789
52875
9845468
1005443
48128
84456
123032
108414
45970
214711
36260
42029065
238830
18577870
67209
4437133
41016
96753652
25498
43072855
191596
38820372
68012
266075
237688
173425
63440
93116
3583181
167198
2688743
52532
12723234
75753
1658380
414276
410174
55174
346245
1927923
8457548
57020
1440426
2250881
320758
14943761
160085
190068
1469948
644100
851951
358863
176948
340124
668170
624306
10160
227032
579416
28072
7083274
1352099
318526
36795
312443
13129079
134784
175760
1462326
8950671
9859003
4883754
134130
342370
314808
2219966
33845
16823291
96954
73096
251559
4061188
85563402
129344
73649
33709307
47036
51447174
168759
113435
556407
180251
27094
351132
127281
63600
426268
639734
3528040
183048
3706068
559261
167200
1165292
18693
10452789
32326
7651431
24237154
460009
151481
85007
476019
65088
7060926
773430
265080
12708293
1171353
114085
15240
916455
59525
40747
83006
44751
976543
2115882
39897105
512940
795927
771573
4343866
10067720
364270
6104559
1520657
1951876
437813
1152217
351549
158802
921068
13050
8228104
1157197
25991
138614
528138
3638708
10785659
7276239
329766
86108
2254482
72825
202458
24962
59559189
98793
146187
155365
161355
1839092
47040
47748
25461
104224
83798
95098
13505
155788
3264387
55083
4962509
7660142
772075
446093
2260676
122208
3978687
180024
1065765
61576
2147207
113390
69654
77
1690907
126005
292043
88943
63196
37472
12885514
22113
55055
772603
75481921
146998
1605569
7993036
122877
227606
79950
5038836
821967
212828
1024158
60450
123586
5170792
74150
166005
399832
91188
460759
995028
18648
1361482
95049
53361
68183059
71928
