174246706
18014019
1324227977
16396810
765411083
1379516
4284096
152765547
60812046
6658989544
154986783
15437415
4295696
89945287
1151765
9460601
2100527
4108167
12989567
417126040
1163136
2512228982
759536351
412880860
896070
764950
29632962
316353262
1245867360
622684936
2278472
3898853
38565197
8348805203
708544448
23099368
6629412
4105496
2571690
5449953236
19660076
3356677
7111704
91486452
207925932
36212545
157282268
3279725022
921562710
1751711
269712
5633611
19862727
16267018
12170194
1194075
4768511999
1575994
13169262
483092
265506
1301823
3109821
88165350
652780
11420432
731748
35500804
33319019
37868779
8551654
7456192
102190034
53246779
493672875
39263493
955661
1402517
33364226
3120975
394025588
112805630
341131144
172232
5823841
22633551
3063062
3252612
241364888
66478877
41593672
32970839
31672466
54256010
105511076
1699225
1266668
304033657
4183283
279400
12141749
2477912
415930669
2119005
584756225
19315073
477314302
10756276
71645386
63856103
629036819
4482894
4951184328
9297231
703870
37763092
1969207059
4958835
28601041
832501366
2142053815
142053221
745698
3337996
15898988
1159445
75646908
459690191
114980067
10905526
2767230
898177020
1225405
1113712
243120340
1251590470
734651
564488716
94191748
7489687
13992260
876770071
251508797
5990395
829664
906237
15142716
20712022
56395763
202620
561107006
50424282
100345927
2513135
33146110
1799160483
705042884
4356383
43624483
1494773803
2677532
72325621
3585348
5094479
623000
3217902
111166
2275994907
191225864
9451460248
82443496
456180148
2699014
2659490
20896927
3909836
2434927
2044884
615342818
3604812
4317087692
3341777
666164
77883582
373526012
387437183
1658400
371840670
234074882
2354392187
97661702
309056414
474375
5016816
346290583
3943783
35206273
193562484
1347795
2564137
1246347
6652514
44710496
647339
4892198753
6785298
1039829
1081600
1600293853
531693
2648212
3239491
67319133
126514425
5198898
219766370
45062595
1401321
785798
202327483
25689582
1419834
135211945
6274232920
6233948
818610
974321
5880991
64045372
182382561
47282724
1692686913
3940997
1703237775
1741820
1374863
179551262
148746089
2095730
431916
62355429
2199516
5272381
7709890300
1615848
20950462
5556478
308565
4443405
12699078
3943729
25100390
44718230
69430717
8862371
191775
47573166
2515247
1446817
917215519
2678208
5452896
845563
1217437
543294296
875247
4453759
372890499
1997548
511951471
246864393
5724269816
14685394
919650
7950993
4058324
3075921
1556477294
6132410466
408343315
35740280
8010858
12423853
6948761
4171930
20250804
1998938
21187767
3989579
1100629647
25530336
42700421
34621389
46684436
4274472487
5891483
5624830
383094465
44743315
3164816
3987316
468666
3243748
1053096
4144218
2448784
600033
37891873
343453700
468035087
39651681
280648535
1218055622
60273176
594452437
907362200
3828985
964548876
1591302231
60505014
170059005
17358200
249532
14917518
53499912
83974289
27500744
5167676
517447
386120622
1114048
415430493
69649764
659489
21893698
52826279
887493482
25696630
22996701
20260435
1675940
59604432
2252212
34837454
3311603126
340362
6347458
1216401
4181507
3105262412
2385405
35826200
266022297
1481243
684491221
917376
7842680
2809199
919825
32601393
22430364
871429
157279686
1008990150
6941540
146229015
9806598
612738
1063620
1503593
15525752
54702477
7384338
2339157
1037275
709522
2605590987
19768395
2745351
479146434
29170549
11166060
7764179
513660008
20420232
86277778
1036590
16010766
2209564842
1691570
35526312
195572207
1363060
513091062
18867286
630950
975325
307025
187091154
1203645
70232303
2034560
2374790
70405383
73197586
4685592
2505136
21702751
634214646
5415214
37111557
57819882
1076050
8452131896
616653
1494821
173994535
5501001
9971327
79828879
5857476
56033526
651423
4783961
6326158
275106372
85710898
675051801
165173868
4018037
41225262
2021138
1682620
109996995
1140035
24025922
1580904
619707
928739
6604076082
70206993
3014692
35629407
18046826
1083765755
5800149
276779416
9629140
935360
1055574
907298408
7992989
28957481
977163594
81352048
819875
1994355
5011839
370938087
1058319
864393
836645
3626502
1750875
39877037
1263762795
19440405
382106
400142591
842327746
19955002
27745342
69354796
7461866
494581
202520839
6724517
949417365
10122134
2288767
3786719
411977112
7127495
1777038
14583687
277503
20148262
669395661
20321770
45228213
103060216
3525006
31687693
1638587
828219
970307
3063313
71801282
7038923
10448846
4115039469
2655005895
828332
3504440
256992884
450432
88867129
44450161
1041620
340957141
36350800
3249865
569568
96110042
77129536
200917469
65209295
439348168
511446
867021261
20122342
86094556
44153194
692821055
12966990
906717542
233733359
4583617
2016759
33161649
10028361
324170
37144014
63115693
2748529
8694138
2555516
761484
100206145
11825277
5962072
1008200
260448
1240872799
1132308
339846010
2182856
149531967
2082825
199788574
901154
2681035
1460816
3024098
488481064
2973688
61579926
10727374
1407111
88616211
97111731
5810910
26196658
1619035
11041193
17100586
68138947
5743455
1538270471
10308
221250
560366408
23782121
19630783
333447
979879332
11008383
506744040
4657696993
716326
209125099
222466088
1840992
2280317024
136145031
2367924
5912576
23338267
12999957
29725455
138483150
93686292
2806970271
71653876
18171
358071525
519467
602975
468170301
183662245
43651642
7165700
7398631
43942854
7443458684
1676217
674839096
789744
136771829
24305004
4467221444
8532697
1519656558
8965652
463562
9155455
1088971
1239328
56107884
5029649508
4057145586
2187415
1557227
42608275
4272795793
946524
544635
1174600
13069937
10433202
19578618
1220635141
1336160
3696753
68782128
674334
167130637
1264942258
16953135
140377236
226971
1276380
5346533
59187909
430189107
1428656
962012044
1389529
25569452
1083084
4837691
845584
3488805
1841993724
353953041
16654191
485006765
7154354
7259234
138305153
582987
161571900
7626766
457381275
138383424
1066464
28334858
1087275
4718171
32003474
65402559
48943092
19197070
902041
39852106
161838421
14492911
30950624
86037129
958932
17476597
1811545038
4004743
1011976
5653743
18052296
1027754
1523624
7540525
5971190
43684777
665340
15136116
648143823
89963856
8646051
31077276
945686150
9858941
84381021
1055938
1598875
59649586
80251173
1148520
9825404
96120857
1428399
1080475
10350590
5624322
33514968
267878394
1948484
2498910306
393037151
1067895964
2541771262
357996036
7126309347
1493973
32162290
490239
16542718
90995734
2660481
66533096
1007969
735152587
19582122
7053571
113085076
9363009
481053152
13411754
3606433
1435820
1122476
1452027081
59510459
432897421
95204136
836764182
1226709
426649912
2109978
3724030
3104422
10220276
75321978
28636057
217253340
216229
1474182790
2166071
1439887452
8799593650
10298838
1180614374
28179408
71009463
775531649
48197264
152991938
1820807101
30876117
4150996
166912
1103482
39716986
1141474040
1361348857
5690927
37121837
1752876
2343506
9617865
245765087
28583235
3555983
68404982
1722711
3664844
4525026
206475
17269662
10827886
1331416047
788158
154155
311355863
29401433
1989320203
65887934
544886
14474222
59978340
2916030
3808822
696540
120544043
30544591
150817791
131893278
2245741976
1204305259
52151596
26825978
68160120
1528054998
1810376473
22274480
1717021
177970438
635049
153169587
1472599088
1259887
48703
776160
10694357
1491648
4161991
73779985
33647162
198616607
364356775
39986532
13872903
8128581
141300
36831241
6485163
59681188
1549667
6224838
1386575662
2903413
13773300
49723414
2899723604
491450
4574837
52030104
2662250421
259375125
281905395
420379876
1159437
136599
355687996
734955
128187754
50626403
8755698484
1492100
2853155
272398520
4396405
20990981
26245601
58667075
519285
11461
16100074
2136407209
496963686
3327718
83965353
1275674633
15225660
43070919
2967635
138180267
37684833
13671691
396765
684405
102985797
213530318
701337719
1385546
2230233
42126589
47452540
311080450
4017920
2323208304
1235934
6642012624
18807063
215848
3546493627
3564585
756371
287905
29399344
1422430
3255915
1072283477
373852
575314979
200171324
390218
224343840
23318780
885932476
997563
238954721
3447498589
2949011
859400
86261002
931822
2660724
956373
19800
2648396
886910
47896161
1530326
773928
928448551
10425635
449229681
1312296
175967658
67088142
4484913
6173729
2315703
41052131
25055607
9627307
1143420
53249346
2734943
113004
10600882
9981931
91070
519450904
794529
6632309
375573330
3930849
2853218
42883062
3450405
974155
21937356
92868443
311661485
2945470311
791415
167498
216362564
4027122
1157407
6507627
666888
41997648
36768684
749054652
73082313
5089491
28251862
7032112
2730704332
2448864
7036041
517235
1130006
2169405
91429867
99332558
686125096
7070273372
16359311
42396548
696702
149694141
21056906
174460
1272160750
85094376
5029022651
1041476424
38727214
9828266
44187054
7129557
2526161
34986873
5483134
1307608
1145726
690605407
13760448
1160690
5347406111
10475849
1843972
14115738
973106
1513627484
327960
18285293
19448510
477761935
428428587
87417492
669269066
221895
107697555
14544802
872530
292092021
201297728
574371
451242
1197006076
1161693
418970041
16572033
1500751
2731564
17168817
9553572
741490
333102
5711300862
400696
8264162
860368935
30109575
1220383
259733733
1777095
5679064657
4133422
11674654
608065342
49034006
547166145
57617641
633109279
13960554
18930920
1114624
834224
6051976
1143950
1924637
2871972630
2005756
23736500
755710
56325310
191019941
859154530
322833696
1047245
114561712
14141179
8051598041
526349731
863135
4959263
80104
73639704
359254749
207564
438073
125664130
81400785
164075667
142673621
17811941
1387912
3187836230
1944911093
2935944
165467998
9203050
435523709
11102055
2199120
171856046
177713453
423725347
15127511
43379862
74247305
2293049
641435
933153245
36930882
354042
10998454
1559745
1509250
1008540
6886432
3395366
935184
1309993092
28775005
6023013
36422548
27654411
74296250
3748279265
5148133435
24549856
18650577
4593921
1575650
7542476192
2510504
833034
114072112
1531321840
3707916
4611556
806184
97758832
2908042744
7694862735
1250268732
1758514231
1653704149
88377153
437470
338589288
3081715
23581643
162658890
61378852
5622765
1245800
1926067
6631176
418486
6515160945
4015478
82617194
1132918
755251294
414861348
2213773974
290962236
1790994
357754784
320926
7709289
8101937
3549683180
2248265898
1763947
14603838
1036335
5590687
16722993
263224944
3916102342
4992462
2268054
20045391
31022405
24114203
751768068
2259382
2197221
8560993
281993853
4405644
1275090
6514702
423995420
39732332
34413519
7343413023
5474445508
2343715
277908075
520908
97759840
1629924960
4170827
2874105
989937180
1329077
51693278
874046
866994
1086453
9822671528
725052668
535189
1942710
21247886
11694037
476092227
801389
766190764
5936510796
4213063941
14199676
404685
22050857
1081847116
444481
6672145
7716201518
499615
3710321
1644922533
1133336
81257623
553797
31879383
6165227972
1604953804
314423430
19024969
411102
13985318
13581285
100508484
1460914
1109776760
1814876
21582832
66720342
41333447
37193234
19278127
101911176
128182853
147385191
7380499
4391180
23977331
761218
139320910
1538379
1353928922
783297
3860380239
4660011
36119535
21588998
914748
13564794
5412026780
18933107
51610573
60758459
547733639
1759942
15934639
9485813
6158726
1252148747
18778677
1378383
563940
1084329
969750839
372262461
1962765
1337375
73562545
445566032
2601503
564975
4721040
3842028
823543
668122503
15411901
5388238377
12166011
1465123
42083222
171157857
231570548
16921533
934574966
1670396
542703
109779742
265625
2613196
2241978
686348563
247550029
43804896
313604205
741972
13495510
627774193
4605993
1946971
207584937
137487248
949788
21644779
1283262
1076650
1413954
323825146
43713252
2379655
55116241
1954960
58012481
10214205
542947759
3985964
125344005
1014500264
26932083
3350424
2623885850
470496
428305716
478288540
3621375
465286839
16551056
1198128
709616
5641160448
97156096
6378481
115004604
36553960
1052577589
1322551
4211962
35393558
31792227
920045179
5364929
186285004
683875
255900
1843487925
30625573
109018116
293814879
1001997
2734781
3794452
267472345
1335807
22126825
127145743
3695479
552508402
1126116
974663825
6607899
2225035
1145814
1510332
1433835
51690813
1163280
476616812
278922
148772
1869688
406962
312448
188707328
949869163
690130
138609328
290663809
8258040
5959428
1494426296
166803381
2611346978
2930598
1804032
5082627
106448541
225547516
1343958
8635806
3298345299
2365311
1084858
2191701562
2652440355
312080
663949
328127030
13882565
463218632
678797256
101182423
39809167
37182572
655397837
11952900
116062914
9267089
57493498
44241275
53730856
1150472
4797267
1324384
751008
14829123
2357397
461098516
235035621
31613865
1205467833
4887088
1055655
351606896
382635
9573850
53619824
6292877
5182916
1340217675
121607646
1940339183
240469383
111305
2216868
3666600075
2679303
1013978272
1324672
799511851
10897752
11176251
1892032819
35203845
61234284
40565745
26167869
102963947
1430719
26116368
8677516
425502997
189895780
1118930
2603439895
40909580
36797765
150522058
668819216
598286605
20606241
3053433
688818
23456970
96183
318238841
4526853106
278512
1251520715
1437782
412523661
88703162
1937934
2452836
632173256
10802563
305331796
759444852
6667295
31315008
1732313764
107540499
1298894
8157028
1023179579
6174173678
59921717
1359755979
490972925
837117
3713072
17352776
1024731
1720401158
1246644
429008745
1641948574
11745391
798479697
124142518
300223553
46154869
24590721
7421179
206742475
1623949
312081102
18740347
380344200
111393329
938975
1976247
18960193
1166242
19014229
899304448
4613949718
3657785
2495591
1422903171
476757155
139927790
1753899
1586998
4823150
162705
4901157
45838825
115593832
345723
169499329
42438638
238636942
8869379
695408427
61607907
33963836
18815959
602023000
290734686
5127325
1561491
1102365
70843532
1169450
21061553
2167079892
884872480
1515964
809082570
1200220
3313406
18974801
234630184
39120607
55660060
39499130
7294356820
11747168
4500742
4467052
148496920
260045714
270931620
27432020
213258409
1162940
25488363
167951612
1867554
15120538
3686746
10082383
127791006
653184854
401025
46442217
1166900593
283911579
3106129
1059930
5537019
119265937
4887830
31743165
201889739
704627413
437851439
164719474
2794433
11700510
48424399
23652527
393840
21027853
195688222
1294265
1154800023
953934
102128079
4282280175
240575
92074638
1393092
12485754
53329116
70703489
8029683
1858162776
5912482
1117603191
485448475
42584144
20143660
1073082
229346
46155486
1983910764
915528
3365262050
68940944
58628447
657589053
4130531000
5475613
67294865
1596686
1059264
26421144
1861999
632260505
5203158
59653039
130797
78989718
359073
3220227
2979428
353120168
1154781120
205640
1486822
3052112
5989238
1386107
26347609
5596079
6339326193
10086569
8290306
738452
1237842
3067181
1021364122
7836137651
1004874421
3102541
822581280
9086029
9681210
1378513
1026641
413810092
1624276536
3107936
24019125
297017897
14303235
1565473
20313890
1433080
106197279
22500433
9894280
6158813
12748398
4313613
19288157
18129629
444673253
61509
616170
563100087
200351943
718385059
1209550
3019964374
49995182
2954549987
5286615115
2008098
1124230
158699714
50788384
82275168
732264
30257856
53652489
1040988
4261535
25940916
3627741
584292562
1858843
1590306
363163834
1685763
1283484
266801548
1505340
39582091
317941465
14528358
1020580
12725792
323080
943134
51005903
116371175
13136187
431542973
64667945
137907284
14141227
2192970
6733132
44158679
5180669
939116
117982741
2280291
3781348
7098245
21422220
3227984
9524944
53081857
5494375
8489265
128844367
562697749
34246755
86768010
4261334
580658213
2425672
167536410
3438598837
7116308
36397218
1914628751
30428122
34693542
625625
1497275
30604108
55907754
2992051
154057344
8300051
1350178
1342099
35958335
708942
41440938
2751870
664874852
45092176
868245967
10681258
941940882
4752758
563193
86782281
20139165
5929777
1108588
1224136647
976549
41741315
1130071973
36692373
785569620
11604350
41181238
689243054
34279477
783108
394679
1644891
9969061
1071399
1887386744
55986261
63204515
773310
1513803692
34107937
39127896
68377126
7579251
1165131
818357192
11561421
30202911
50106434
871428
1306856
3495954
2474104
2503254
3483623
4602614
5004521
616294503
8443398
628248
1334772
533548078
2349111356
687456
9748908
2392327353
30800775
306475903
7558264
9236417
4822964
57947319
319937178
33174413
12933349
41635323
518258610
27307893
3560591
1026672
39290207
205640506
1061766
2883732
42193395
2592771
7993802
144148913
268554
1697175
68206765
2306801
2107430
177882860
205490154
228668895
97477243
4790977
551694
27853240
163586285
1041185
411241449
24206
486446900
1249632733
83951441
11271240
17848974
108185
6524326
21312519
167580494
744054
16559280
41750293
233398
1950699
1025816
20817333
264484145
3177135
4198104
16847225
979290
923630294
308871422
1092070
290368691
17303039
1020547
18392
1215019310
394267352
518960801
416225
33174501
91280
1758785
2730822
486234
5077193
661210574
849292790
1463832
4775290682
29264245
436415191
12596841
191646
1550680
2473889
668394504
1752600558
3059418
905409
5379110
12146108
4017170
33979366
1432430498
328967994
952856
772810745
4800659812
224300592
1291157177
18464117
5061085318
1966567
536644818
129444835
92927157
15932991
1055711780
3216366
250831599
698515
7128180
4703594
8135935
727590
4688730
31680126
1347324
25129756
300884
741906927
1292539939
44544011
10278947
11771756
5292131
289546642
14473413
40783978
1323453
72267708
130350
35414566
823669911
22404563
1179605
59359550
645219
2138109
4205100
6933113434
242793777
4928622
4635663
191012
4127653210
815659
131098670
50930213
2687151125
7663430
60254320
46262525
804060
115157306
505893395
38623099
54887766
1792519
4375898791
9168116
8206283
993577
293258513
1115611130
1555937
33299077
108216081
3997708
877041120
15625602
50024475
379567071
7019895722
164911589
251554
650442779
25721995
13351963
323570
49527178
507668
1014768
805480
5107982
2315894
8671932
688198694
3322320
54221766
35742311
377582880
1389714
7663620262
27869021
1783182
1968031824
3666951336
308902
5191403
115234153
531982487
1092988
171673516
830268747
1707328
644929822
464757507
1546249
304950798
817353
1000376
65136072
28316789
4983569
39515666
187084328
1906633
3371317
868751867
23682719
7734877
44045759
30939548
9282720
61190594
197768484
146609684
890747622
287917651
165140121
16844751
48332594
99345
409564881
20590856
507576
80704569
350179840
1357664
48066530
253661238
270268685
2815874677
8138872
64551840
1112958
4781556
4904952193
3017697
6011179454
50630249
2045849908
288474931
10726077
245351119
21081992
1452253
41246815
24420622
1077531
84780108
560672
124014068
428796
226330
99279261
51663
2995489
600984
1315365
1586178
27666
70516957
149845113
1608500
62103023
212519167
26035442
973656
417867680
61020065
708881589
126130001
905992
126453075
1228418772
23265229
7411218
1267035
597411302
138536211
9211190
1432252
1093760
782918251
4903395
47105097
113366857
2088853
15019719
33449578
31100904
1498150
2050644018
5514095
2430780
2918677613
1834903
1237856
376100
3687150926
8076232
10860949
5645916
21395739
1253349
474311319
1008188
546905
1833806
10273173
1639750
276770431
894400850
41283086
78193218
26430169
2736978
1453606
40394702
5211222915
2340980
1086670
2811598931
42251716
8550440
2081652
8601494
2603687
3503847
12245483
2009175
19718324
23332308
119111994
72127758
1484379
24653606
10464881
8304165
24046853
38603222
4337562
1166559
2277484991
74337550
163808858
282140453
317404429
3601878
506778684
13106951
87049174
2055202
521467173
3132633477
853370
858411
582602587
1007890
409649897
3353012
5835125683
4208293
695426886
3062860
15962516
6398180
1923875
2468906
4551597
5391649
20049123
20962754
22416709
85141642
69608866
1147020
501404
27625
1083639371
1541062
376112676
3249192
35200425
2758553
1048809888
5276365
41926978
2182246
48762829
3542641
380241637
8985534
331655458
992000760
2841150
3227848
3250795
368388055
54338573
3120117633
2463238754
33955760
7417389
529551565
69081869
116644170
19508965
134868005
2332238832
43460415
118967290
80000121
141049613
11126318
3772056
141775
10887150
4534046
34584514
3414154
1667775
5794154
320595
4779323
49894263
554560877
10135808
3923782
59653182
5563765
1556825
157744751
201297040
19403986
67151680
24661820
1220949495
1233673
1014543
1114600
215433841
1024380
84393001
461526
674694156
1085742
98508020
49603120
1146460939
561119071
14108334
123032341
166025993
171675
54805
4733413
1191266
1387651
102505028
634128832
2413004
2042918641
3403373606
3561335
10774970
1630990
2424297
2195188194
1028379001
777498049
2985567
34061499
113819400
6951384
133744474
1330626
78110365
5256454082
1257389518
176747705
273257383
7112828
6601694
3867487
763650
32021814
860504
986079
45949991
7917978
9941538
58567391
1162726228
5297240
668452904
578745247
76716288
759375
633780
11505461
1054044
1059194534
2592280255
1197267
230742471
9909422
134028
1908980
4132251
20539905
23119840
275479799
3472322
18515784
1416404419
14677371
135832983
3917803
911288
16315119
856222
616017
5090860
1382816549
2712249135
370056
1377663
44466528
1393441
22745468
2499868
14534830
19210912
659520
125673639
2628866258
1089490
47592707
632927
143098968
27693301
169909714
26301846
2466763
12740464
29296824
5289999
32208385
6883169
25949
1954530
155313889
5427694925
39980265
1021890
83605642
4062180
1149804
9435913
2576761
609435
2013284
3685958
951580
2539341
770890617
1939866
210034010
5850021
7940256
27659297
872970
2290229
75878629
119731367
707827220
1943627845
1745645
172527811
1692125320
1946699472
4705170
7297116
12381305
901557
1886115
380766006
22128787
862344
3293198
38549278
15397273
6109850
38132892
772164
579716432
130671901
425139
17748518
93507505
25059633
5919794189
309924811
100251
6011507749
1470522471
102103160
2130750062
40900284
996527110
633675
4353090
16891701
1002401755
240802860
1040405280
1212865
9943597
1053001101
247910
5502514
2576378982
298951813
65858424
32354415
3364132
1094476437
2027216
1522851
986832
24630610
219075115
852848
6824707
468870
116697079
5401210472
9883337
2038928
25468827
19105898
6393571
1381898
467621476
111217404
1133003
1164504
679540
34945771
6308083
267297
410739953
192942755
3474778
2130949493
1410350
1028105
5572423
102913852
1880691
1814135
35684990
962521
304524061
8033352
4953779
8127630
18597756
108537044
3384622
168697596
1831524
4588350
283627242
1099410
20339237
348696
1007961
1825719271
1200240467
10418518
665140782
9107009
1959965
9924142
14227334
834330
3107021
574705
183991
4605789
28461648
1297230
35748931
5555333
6105065
734954
818225
1319318
472855470
32393269
6410670
109641602
33385607
8828841092
273911258
777838379
13017374
195184812
3399028
404225
3874472
1145299468
29949185
915390
1105923
90887192
4313722
18802
19543385
18715363
662607
2159905
686395
58269669
319703419
2095572288
316221441
613273
431750
20472602
4447326
19868222
20105772
21918212
963819
2752354
21830261
173719111
32625199
7599403469
4526818
241983
380516914
178075442
16618003
2112030
17710817
120640196
955482
2344868
181702883
2725447
48423084
361607790
1523047
306434583
9286489
6919161972
607110
671208
1126245335
17153801
3393961887
2826801
6831617684
23807
1979218725
914880067
137471738
341982
50950536
1807942
236643689
106244440
36180874
3840373
2842514
100899727
37552816
89302776
443080
5447792
60239585
69537550
186003723
2459407
62941367
2544270028
2475725
1031812
817326807
222852744
653562
63315567
856772815
1153088
1091772
237526179
629434
137274037
350455847
8667646
48083998
6498602
277727792
1084684219
12107423
7133915
36119111
630934612
844202630
1470189
3908981
2409190
2657400
26319950
271520479
17043452
909211013
3949038
3939051
6992994319
1181275
118749542
7114026129
1877775
320985826
4526937
12550659
15515078
9654182
19111747
793683
1090604
13747517
101904862
5952381
8444709
33806762
230156008
67905732
5458965
78379043
83832976
729424
5016003
14693455
806062
593809
3413566
20930611
72884570
74273240
69565662
1070433
59045510
8327474
18293096
92820022
19561298
4685948
4985769
30711621
5927812
1095808
18861839
122841876
1625113
33534
90848664
68990615
145654
32634641
648795
421814022
7641644
806396
140593213
170293234
1011702
1709650335
1588756687
55962021
108820147
18729057
1032830
324765526
155762589
76964
13078414
86279282
26289763
810548
2978229780
7733851
11361062
148612744
1081619
52596135
7045931
5112140
29246962
39376591
25290256
269662
1366875
1449990541
1430615
170477419
7601458
26913305
17331491
11700140
44603204
35692464
40675662
184261330
2895699237
1318002
31831039
331605483
883252
5184760927
1134105821
55295202
22964430
134401237
11728623
8869742355
39314883
179343658
13234728
9487861
55182901
891504
3679788
1125264
15673676
4250273
3714598
145963051
48495814
2879020
104157022
582873
449932747
2457048
2478179
13071663
384188878
552955423
4043833
18208377
1164349423
29519645
1158638
32239069
5989285
1647437898
1086600
59366433
245465966
36408124
33484342
4729348
281595136
39148331
1145603835
71045297
1651751794
1671240
21645237
2381039876
277723
1628000
25704305
146738171
16118362
1413248
1942947
5442502865
32448750
2321248
1458561
795739956
5288042
2628223
314494601
1208800
1117275
6892298
148609061
98517869
3847941
1585495
1577863
34191729
1024695
386484
6290916606
83638284
23443906
94450518
25930789
895206
6425300
259827073
1955879
1130620421
150229
758922
56736536
24712521
235381382
577314
153251302
3133151
114935469
63008277
77988964
15593375
85165409
7557259
5525220
778632347
7725655
903772
17530596
59922972
286316570
209666842
3246586
6102692
130337888
18141593
1827706939
5967905
109252860
2586264749
474288218
101291834
830493
8236155
18672078
9803325
2091161
1001749532
30554488
3710538
239644181
196580793
9845238
5768265
19303313
848760461
1813461
187646
68867567
91745848
1113875
15609840
59859836
761983456
18307507
1139073
1359826
4276107
3873989
95020956
155260481
4216151
807475
1010212
309095
1019412
470725
2146225
12767400
364473
3585700
3415538279
1018641948
7575670
1672380
527374309
2874476
676809355
404397744
610776120
143565458
1117289
1834558
2655751
1603632170
170081819
1987566669
412462925
3547771
878925
9411605
21617430
2957947663
3368
1202572303
1232721
38481685
13885078
871606124
15106226
12163019
1303486
146669385
2777456
8579759013
841392
40427150
648340
42573785
214216415
597554827
1212331599
118510100
98536131
73235540
122689476
21852689
497882
6982944590
696840
1597845
21555629
320316700
1208742
6799047
270605674
5985743427
640868015
15200032
31409572
27793302
8654165
2734152
5671914917
4825283
2389145
22718570
306676945
63754086
2866380
2891586
1394860
4166643
7424961
940992803
2664262
1442727
691805
2732730
999518786
549802780
1206816834
4770798
4139948
479281241
886917503
4278751231
6232076657
36120432
1401750
5615076303
461339
1402418246
3415103
2389283
44116
198925
3104103
376696505
86101542
510366
1659674601
3451369
48631095
33486548
2703558
1043548660
63577455
146778717
3937896
3782857654
1228832
8484598
19800002
981475
610984
3772643
21554121
3604819
53767816
14994
714084
10109432
762316207
13351133
8418099
6641211
1846662
76674832
28815316
1941375
19613430
121496240
87862
870842653
996014
3565488
48446679
130531790
348200
2344932
471448
14533765
630531
917527
197107189
3331549
24541442
4407302
486420985
1618908107
747552
2698828
552953916
10015134
143395
2708140
829187819
6225423
747659
2255700
2151004
84043671
70503787
9030962
3693822
331323682
165771
1730673
51494919
772315
17938010
145778557
2509579
791450
4865004
3996039583
2008525251
1203045
291980982
2708178652
1656349290
3401716434
33934679
58750882
566987976
12613670
562357163
1130892
813490
249654236
322070
1589939
9089369
2352620685
113138189
17926028
3753726725
26172297
4587688
1046489777
1126675
24926454
885156
44983424
1857453796
3270877
7044263
1731213
812223
64436
1451793366
57687352
2486455315
179234449
1133860
2037940
15570200
708200325
13890862
1187782365
20411495
107541
1901466589
83003937
6480159
1046469
1169728
851352
13472158
239995383
15136297
158778505
114207
21440739
291537754
530145
286786
577062
11825438
14838552
15661670
757850308
44628949
12555194
237895741
4761875
44177276
21297051
198380
1064320906
8981230
283013424
1208655209
421277111
56005
214824523
1473287
18490194
10805797
422626358
1019949912
17445508
764771555
110211502
844875
117528984
32040786
2279854
49046633
37832348
3210430
510779353
7473382876
25631933
10301112
1406399
405892741
14073255
58833387
390747
876097776
59384249
4116293
3596554
115086501
161462082
902252345
26726196
85968698
53605664
311199
686751037
7542278
744442526
20535160
5906484850
1503617910
1151229
26439814
815291207
1056588
119034866
1155680
11126194
954499
52670710
5243153
410644114
807312734
15531340
30273673
51007801
1883755
102488361
585585
3575705
881505
125620
3136675
15025742
938050
156042573
6662293
5297023
12871972
8640076
10894197
374562238
2393753283
13111648
39435976
1491000
3063976111
243307982
1828807
3579922
884377
602940984
104392834
1108570
43551662
4496814
143191552
583866
24906
50881390
3750727
5773416981
12332080
4173749
41870111
110715888
1243748
235462956
1178502946
2255889
534790134
256442822
19791322
18450051
181692896
5800612
124997550
1132965
768710
49205671
31459620
28564785
20006313
16003777
6207072
299370
7575074470
3572826705
3475210620
6216954
18187325
306970
350400
280055339
851180841
336839768
1092073541
29144957
824238
766181
21803807
2182579
1328598
26188893
5977490
599400
1117142
525788
2996528377
21565384
2966815
24685686
2829014529
12134721
444389
13411582
517265
342622467
799975
15947851
3175513597
3519730093
21713810
155261
351040
32238526
54783688
24279954
530040
36796077
318111
197611047
873214091
6046062
2510855303
557817
78015281
10129059
3781984
556960
793612106
95877845
985299
335041
4375085506
490752
20945500
946704
1016743566
258777681
207531241
786445
3263915
30740901
3264599
21655307
17865115
2667654
463990995
1711029237
3289364
5078852578
330166547
845436915
942072
7644508
2209797621
54168858
87324077
10157724
1588235
11267872
2040164
667512
2606120133
2746436
3262903
1440523
46100881
7987725
9767360
5816203
1099475
1462884
4222763689
17971851
1407735533
1123802
149204
10812018
980325
35682991
130567132
27558300
696996331
25579795
316212353
22459222
63444690
6877513032
50592748
711680
4276188
148320385
282537
53377867
1239123
667450
16316757
159345839
14867113
9918739
31510176
1182027
6766070
1573263
1081594
4925413271
197835616
2924350922
712288129
702220670
9333953
187834271
18402183
108640454
5442950461
9415792
788096574
17882948
3942179
170906557
34401228
110044309
2890020
3534988
3429566
9794020
4258782
135559034
3007259831
2547320
190389061
31843370
1132274
192510154
757680
1297468529
21007034
23666169
3081097
18982126
609351
47273455
33415059
139910966
25655980
1141488
1881253421
49294574
580792
2873276
14467304
24787433
207279
901081484
4350454
603993
1359217843
732262278
707016908
32125115
29575029
21207
4707706
26566709
886138679
487599
17156354
4322025
4375943
18609981
3142637
562229
9243500
1121472
13503799
27197715
14916588
93789132
111880973
17231616
48823409
41168529
5466089
1144649
17887850
1611132
7574813
46426417
1579736
7948041
18435848
30491308
8270810
58182865
892183
1315035
67316973
1445612
5775472
130785977
522034766
1070221014
10742212
2249506
562749
13420454
1106734
708960
38247746
57514958
11744478
392669528
1094877
3595782
986575
35151998
159337323
2705560
13240091
364600589
334894371
9756767
53344876
166119939
261596008
715691261
63134728
56626998
10301690
3697491729
38502010
29174645
973920
1051774
1622873
988686521
24700469
985840
6283906
38631800
697970
337249356
2037980
743905
254433975
660539
1086756
1128525
221368
22100720
8506939
386898406
5511088
964271
2591915889
105849400
2156266088
855159
1526543
488054023
451000856
5930579
14547330
192256
94852942
2044920739
1832269518
261355303
299018479
845
403546
2317945
1751044
392243812
262827
753786
3866242
31861323
237065268
3257592
1388118
402732
40629
71460999
852543
9536929
15579841
32456216
5092103
1132216
1035375
5292325242
1035594
1058198
5067198
621005246
178355709
2172926
17038788
359261118
139049264
50774898
681648344
38396828
1087543721
364140
394552409
7095452
100477501
13824791
10115308
127665184
460319330
78687293
95824730
6979379
429852
19163232
1201395
1266070
55961314
15718348
258744864
45061302
68751968
12124050
21041361
13699363
95247211
129941085
2628197486
93199240
2769559
691262
8296524
796182432
424635
1447420
551290
37599051
542113471
376736
4486612809
836011189
949860
202548168
2788108
1131507
59443633
5497873463
13895322
4177619
3679627
1096740771
937196
2421321
685952468
3895485742
9802040
4654192
1134189
1283562
280605
163606481
2943035855
1313710
106889437
7571768
8701049
234900
926116
1605766
11323773
915495
1206215
25434434
4933314
514226093
2399115
3597529265
24559812
63106123
2078122282
1562040
3327590593
497166305
16408308
13987419
4234073
355613
349517
93062928
2955227
15527536
1963615
51245669
7808403
1038863
10829231
219788275
40910164
28100386
8891117
18841625
12801327
1009954
58522655
17318161
5684725794
12011201
37858442
1331478
1840607
2318134
37353361
62626871
1111455
44482879
69933917
615286051
6819043
3874886652
114879276
59696763
826306
1419411594
87418588
934676582
3590060
3161462623
6489955
21854447
23679522
2655696
56096243
73757288
3257873
1000719
12767468
6494063
2352561
9551198
117202404
1239513
948591
1190224
795564
1188805
135077517
740603830
2638988
90670038
26455562
1216233819
74904636
34469290
25758192
45408456
63597470
774035
191612150
643164
10018272
4193900
2792091
1499927
4261083
577020893
7959869179
158182897
2004509503
9855218
292277154
1093830
34387701
3723440
1508031
2760979
650500
237974
70064509
330888
1517195
3380613
16816859
14737416
1020936
19583164
3625853825
767808
5719482
23053462
5039308
2231430446
481093203
205249734
9777996
41390353
30680429
3211058
624645
1590539050
1570322
28006488
655036
44771927
85278199
342549563
2769370
10520839
12742756
2421993
82998528
1454290797
17804291
910521
3063965
1291860
686444176
3891414
142518676
25638497
65974158
160185517
6966331
865368
1231299472
417957566
16249954
7202970
798910
333327392
1603813
10220885
21812579
259642535
12604956
68050513
2051742
270069817
2568896
5354413
934071818
6158573
1586120
131782741
666012033
16506885
2834496
731877
745856
28853589
3702085
7783363
1312416
31286766
573544
2860866
16841893
195046274
18004322
32902159
1968831
85043767
151082518
4754636
3107374107
279433551
901651410
2064687
598875
483215672
350904790
22767383
1127175
1188005
821174176
2496467762
1934495
2745248
3901336
15532976
112590248
10328134
3259945
1040221
16416143
10661080
1182963803
2952600
656289
315625877
937608
21710342
547300180
48460600
703290
67913552
123397069
9617312
315564217
3814855
42497212
12148450
27409271
77634243
2502394
10402754
381692
77572185
421673
1491087
10844633
3115803294
4312661
469677
69064273
717660
125396400
7955855
1443861
64162386
809999673
160056008
22678692
1007815302
712963
32316561
2408172
273388
63635
3569232
41262018
946829869
147310476
199319297
272441471
5063823
1635694103
5475169472
536380862
17223421
8404843
23663559
14596411
3052133
68812704
1867712
2607541053
19873547
13744159
7880188
38704820
12395969
11925
548101466
1614750
6617722
772981063
127414911
30236511
132479115
731011558
57784589
242082102
6351907
6244889805
40581955
2120096
6075292
46890747
2441699528
4268775
495805
75085485
204917483
6053237
2944948
800166433
159723674
13484296
812858
5887140
431604
163637542
1689708
3235703
10738865
39016097
2743577161
4349863
211579770
7935166
168741250
334634660
1461594
36785752
4229069
258566465
2926175459
2747952319
2163425
29431072
3768108
18244473
3536401
657803961
2623927547
6342217
47482439
305050
48389528
111266354
6723161
8858984
710562864
369721
8981944
32955291
7890790
9396205
19407523
6306540
2867147
1778291
1040160
403626
1816893
1954558
4287777
6245539
730427682
212574206
4255116
31349332
4487648
743161960
424237
644916
4357707
12553100
3500148743
52587240
210250
5601006
569268393
765942
4141897
1099609
2837815
32055657
2840808
747617669
1336015
3710471
9398279
7454541
6628008
1616049
105373064
14100061
4134723
18372970
404304373
17832666
44345138
5312130
134493173
80524548
1227094039
816562345
53320230
1463115
906165
3878858
249121246
338548
1210300
1335181
8160918523
615240026
304056
77908449
1859447186
17393965
3654186092
29634637
1410450
6560948
1427671
5975588
3991860264
5484928359
4616724
780527254
866281
614915561
304313811
127233776
82066569
1065949865
39678148
502294371
6286175
2785921
22940459
562841406
199215794
170039045
5512991
150316295
123236061
14501816
6025131
3526116
3859085
3385175
594027
52365587
30732565
47752058
77994761
54266717
76697105
3363662
841252
742952773
861710
12956296
56325
213395
134183952
12660952
3840655
305660806
546309
965965771
1269627983
3371474
231561725
464971
189608080
257795637
1270185993
221673846
634684590
772708
17609958
2660866
943436
7266432
583380
649669
2373143
1086323
6581889258
2215566
1971468
1676332
41535293
2808439
452528
1172247405
8135916
7102466805
687910494
76444551
1084154312
8054848
153423791
728856
1192600
11411331
30780188
3859410
110381535
43117498
82158453
1052277
594912
1535916
244105840
10980781
6617520
20243580
47844428
2696816
8202160
44683454
58511693
906012
160728286
35145
67372694
236425972
151792282
2630232
2597372
111714347
1656277
40002876
38030626
22394731
9112631
478486027
43104459
265228961
50176167
902692
4810729855
2203933204
47311287
179328278
52598988
2109088
9971623
8880786
208398095
208506786
4179219972
9051079
57310596
40432876
117242
7474663336
25292832
16905028
513500
1079154
316800
132698780
39178120
2917550
1453098701
896269283
132726668
355896759
40216478
63041873
73758083
9880082
917832
5105333
4263141
26797182
1523533
185679552
985814
25049698
973539
1084277
143497623
944010
1165786
1057940
2199040
2726320
195405843
20431601
42062008
4596870
2070371487
8441379
4877934
16812637
1828970
1559419
144460
2186925
767088
774655
4742449691
4082813
75935609
1132075
2166481
12217683
261916977
771118
12286620
55121328
10430685
1184480716
21675637
8409083
1561096131
616188
2327502271
1404293573
1992186
336546522
2136524
6190675605
3585819
89194089
1065412057
220853407
58318614
7193684445
42060471
2380560
734019677
182463461
2353003
791192
38055874
6702422
522202293
2518348
109348233
670905
12707196
49413958
11753544
13584043
691632
762084618
23574245
288428002
104927648
479157323
923639006
1140275
204358046
1422621056
10465689
1920261
1208337
983960
4411749
804859765
760068143
23837230
1558950
19341893
1040650
3347482496
3109067
879048
104474046
230003463
199958673
5332238
5556468
560230673
4543624
910357
107393727
2558809
1211835
1162256
463226515
93731321
22698581
2223298
121074487
14611990
1260633
2589213
21614808
614512
7360084297
104988115
32243757
199166303
3566904
22453062
950035346
105284272
3137199
39741901
2653577894
7592174192
463334498
168329911
231010915
847873
2417576
8244960
298412703
242879758
625935320
1791059
250114778
357409510
10414080
24930909
45458651
37376619
5916381141
128725468
10038185
15391122
41848477
1784619003
27002886
2277409
65307654
19378089
619164
4025350
2212807
5915118
2648192
1103528
788460
2514395431
295640312
982073
17875573
164565491
2935606784
118743802
1660566664
2915212
3982670008
21593359
37349707
1183221
11734673
41053854
1692119
274635958
223116261
2285870726
96418737
2784174
5829165113
466229747
1720371711
127904403
6021519
37721228
1571266691
2031381795
5176678032
72561400
12055970
6432174
1490274176
1026456
73210707
1382212
130249853
2302617907
3893893
1110645
12309145
4454953
2661039
12195410
136266186
533241
6304836
342956
38538426
856566
906576
36394458
2099933075
816527
2802152
5384053
305004540
3824223350
12082869
2296606
31926012
63009290
182074151
7081538
740052
106251948
375257371
188764912
213343229
56347706
450911905
480682784
1631815
3478372
1089030
268503491
120482682
7310077
67916777
2008359655
661032
48819147
11760253
2323282
1541330
11549617
94388074
15485973
1056441544
2206828
193549814
44767007
2597362
8612242
113216
1493667
26057876
97335821
2105455018
144266914
1292934426
6831315
900731
43740456
512061208
1403541
90877
4812963
1826422
829128836
6247344
1026160
1124624349
98445328
13395992
14060135
2163590
29785720
217190450
50936406
6403319417
378826107
211386467
57555705
2226833
64128
3463148
2012073562
20713380
348587805
855775
4983735
32525773
2030237440
6020963
23673
636661013
2553234
3136864
1268764258
546488690
5493050
1085643
632390
565983593
138577790
103795055
1510307971
40468239
1485420
1360134
215631843
69318071
2992462
229261119
1292555826
30836760
22273748
157705
944978
3399541
40677505
2489564
611525
887849639
62297776
1594182
50129096
10361167
502050317
807295
2016024160
5999704
1690634020
15287388
1425522
4342320
24973540
1268440
58202716
786896
259913993
1304625
516404782
23199024
4087666
22473217
725403
2901962
4610788
201568272
517241437
2797157828
16705758
9512596
5219846
3162719078
1080840
1072008
64711877
1056178017
3436646
19339
5738523
25106060
1520475
4334032
633887171
79046385
451220836
1352933
528143825
47209537
3591928
37354648
83554456
13017848
12856068
3080155
1072175
118450595
3623637956
21380127
29863439
65376659
48120220
30945
4052267
9869549
1831608
28791568
31325903
14214446
22086225
96083603
114338
1162834
4849229
26520
843597463
4019283
60477723
516338189
3787208205
17400231
3689095695
45165829
1619631
1036840
2149365
3404866
430910
1124613
55759896
811563
29625944
4454693
569336
117946598
5442042
1012383
10663496
4533421
2710514
281795057
174537414
48944487
1009247906
956443160
6937084
2069104495
80871395
5342929
614054580
127263297
944075
5104958
546560
80948789
4685064418
86357014
744328
69613734
2139776
2664649
7959925
18507682
5523145
86162795
33869446
6305303
71971513
1008221
3889608
31057962
1064865
34732135
232934
36478
633858537
789882
1436734898
1621075
681375
596811209
978870
27969194
26468406
5966059
36705392
66853179
1187633
2788915
32223717
962215147
1276382
3215859
1260465
3655301
1345224
835465
443102713
254984809
574455
6254984
4737260
110277161
35136947
872208773
3253726539
707325
88319156
595292
230769
1182608
246363965
3394380
3749471
35641796
2549719
358526780
13948979
4943469
92039630
100711867
546879319
6548946
1408242
325040468
1873916
680130
15118819
2817069
199351111
99732690
27868482
3392627250
4516523
1594535163
38917061
541608
16636392
3737167
26073580
17975351
1031111
74144360
2148048
64993840
106879180
427909
1104510
8316325
324032960
481922263
1254253077
2277858
1761256
570698
410122420
14304534
4068901
1581347707
670464
9375392
139573532
2999675
83071065
2396887352
13130306
103246698
1053000
3014632
1863466
3980939
2877092085
34220
438571848
1495849
23851399
13879209
14921367
21047662
4598884467
4487933
335875
73727440
8394271
19084081
1201821514
4680322
973662
10763885
1166755
569217
127867376
70519
243081
177191
373429
235000
1741730
1353195
1264870929
9990423
2490589714
25222226
517079651
3989782
1150700
1340821547
7111616667
11869
4431757
8132909
56580343
199386306
211540299
2522208
1400854
13112000
36025743
2807533
1079935
6058635
2310360594
159987284
2559319319
10423832
1498644
5084440
7853194
89447625
813466
341764538
587861218
7184971
33707970
31798
278927898
143842121
29200312
55531246
356105
1323602331
8988933
1263195
27171113
2319694
2528996
999077
347462384
215538364
1025175982
630369
227120360
3579341
788675
36382921
3223996
5592787
3538315
2537623
629447
154673415
292011448
2250375
24699813
158629023
1184550
596104
1626863
507515893
1342819292
134640233
304254383
1293166
1179866283
5932637
76550689
68303865
24343377
126656405
306641532
15570632
3520790
1246854425
3213258
23915631
2735145
2506122
14426478
23093147
4508518149
457488
1238242
8066041
382982609
29974157
939382062
437740
36088045
32278831
23176590
619488
2235469095
652615
16601682
1045222
17466752
2707243
148506004
28442499
4844084857
9358889
690606
96357852
713941172
183346010
249637132
529102162
637593
1837018835
15620847
75764949
1401338
2278575874
1704534860
233615518
141608956
841752114
102259523
592459746
1059012
23263291
13726353
15612914
513480
87085915
69960958
23351454
6788383375
4667434
530606906
3268512
8900914
1120868
1174122
178620544
460120789
3268880758
43392356
26799461
58563652
54543364
687959810
2574618
130549
174246706
88479069
14178949
1315614
40306541
343370515
22592748
2898610
9727320
757767518
15181539
2949177
285550
338512114
109160514
229623666
296841845
2691796069
63103790
1201674160
2206381136
10114153
61337739
252084492
11200759
805647378
49766970
27543996
681506220
1199916
1706256
92317251
12751069
12042057
4697053
1546310
2771437560
33370503
150722403
10164683
3170534
2208822
2268448
3628645298
1105724875
70704338
1070350
312278298
1994694
640358728
599389254
13992157
19449810
1122976
25219401
1415369
370022697
139335160
257845
2740181
159335402
23520879
2477020
4511394604
1056384607
8699835
78752288
32500552
370577695
196070478
132848
814428923
837822368
3078004954
8412663
410898118
4832176
6197458068
1364195
1042169
972945025
16150530
1173500
113770400
5596622
59123054
992534909
17094475
396973663
540962064
937417
47534545
11457
517820
1566678
8426998
443156
1476695
16444864
74741948
85731997
81744433
43538893
270846566
887889
1158437620
15418275
1993824
1861795
7803439
23324
2014551
9837102
4802665537
15298044
95168138
2618725
673325
5263674
33166751
1793800
7266337482
2158772
7877798
2011506
270468
109375586
631479
16137236
21812344
3281631
4990109
1526644
20639961
1151940432
4167208
1034992
5097300
844910
78395413
85587892
528846
76888000
67401522
1673720
472498282
273338624
900328659
953909
24466653
150507165
2884483
99515484
916878
12401253
311220688
491118
867360
2783349654
811138
13852921
1373175286
4772722
1222195
2501470122
162445652
1934420
108077074
581511993
41553227
7395963
960144751
2974089
76841348
7445265
87024075
4510031734
4397312
22407345
566808
3759343579
342734
7149184
236438282
129453383
147496
1995113
1415932
20388112
535415089
5962932
1092234
18666564
133439124
36418820
14775993
3572870
202852217
43021354
386476
11896172
475116970
305422
159054444
1299674
773017851
81577094
32728002
5217932
38512526
3406347
2312268176
4784037
1413279
14202630
1513460285
1670975
99123514
3163680988
15895554
842855
537467476
71789577
132862108
1893286
89445327
127163500
103107999
1102475
3493828
206527137
44893112
507473595
208034702
4011764
1033843453
707250
867266653
18963697
311625979
245407585
39528
632220
6154450
3129870
8956688
18548965
1138194
20288079
130260523
26988042
663585
300559859
1964637
1089344
1326414903
263432862
17025968
2043350
21081451
5594902
10311159
10788788
270008
1245081
52988706
676956
2280486
61806605
4596387112
165000291
2935740012
1656621
1066186992
1212846
120729668
1421055
408030
220941452
33450195
11471284
7436179
3204563021
6148742
3257776
2047994
333695662
4212004265
1978015
98910471
7204247
7716878
435142465
1122321267
5006048
1638381358
3824321
1544358
32349090
9868997
323016
3486959
18211854
1566294
42890729
3314891
996682509
21270766
24840888
307732560
413122089
126883575
1615635
320380399
26737274
110162350
97625823
2772231
1412875
877404
151425086
1128222
624638593
1169595682
31823680
216786
2472131457
1787380
1790954
4772376
14144603
28813837
12397545
4058999
7327626
9484360
11167482
3688792
7254566
586143
949347559
946300
15644958
35730671
15822084
125741269
5784785
877008
9275212737
18168457
24672860
32796192
1171305
109145225
514155396
2427734572
223042618
2892578667
6977411
3546634
5951509
17300263
27391256
1251144
1689131698
887605933
2643649
8224020
1487300
13424202
1984495
21837057
20418504
1738009
3366798
341984754
440265
61690803
261283816
10039445
261203625
547411997
59931716
12567800
5472046
3562644
222972394
22359950
92723512
2870654
212572726
754562482
1200472
18245377
7719433
411425
257754
17467591
78363
1383075
7658926
914046
5590956
6466356
1898249856
1243056
53078647
12119367
11271570
15174835
2102243
110387732
445271915
44651916
9521428
870256515
1496150
7346664
38294336
206168
10362843
83830917
49064324
264606
124367134
4701361
1164956
5244690
24437920
28578315
236853674
380519675
1059282
32977162
1498523
31730364
2122403
1172028348
8536657
6484505
453681888
650607957
1082046625
1985764422
3351728
205500
60008427
1650615
1833436
5971509
11134396
1124856
1718322
2004590
1519164
829733092
68626304
460004502
11896180
3405196
719507148
20615673
6144704225
38977681
1259204
936090118
978265
5377116775
24568815
44109761
51024168
2856495
102977540
7295729
1140035
3239837
973590
23450026
2683076
106556025
606810
6923464
739548
29097346
14867730
8777142
1876689
2754569
1050088
1491958
36696010
12514621
52641836
31622653
1067271
774102069
361244
23828371
4403008
288696
6902217
124262982
9522616847
1046928
108987997
1855339
1826034
1095635
1433253
1076335
1695260067
27861818
1356891269
11048775
39931041
17078103
14115236
611454
10695095
1439187
427136
6022467
43980054
1451605
67409748
669280
85986946
31400724
219800207
1448915073
7648993
2956950261
173338992
5639309
2424085
316883347
23072946
5880658069
4598708
1183196
9408150
819390
1222869
17675935
58024058
366270
9048852
35179310
783882678
658798
90011781
1298666
1173760
4183950320
928644738
10420060
10810572
4377664
6328565387
20536185
118864220
6577379
176726727
19672107
35659
1523456
1202950
17434363
14657942
7928763226
11206032
35374110
978174
153369757
344576829
1636232
1159255
959052181
3006331
14312343
34400561
323190
6521090
17830626
381762
34810409
192622892
28079933
201169779
9425317392
761462356
4836431
1227948925
1262142
452686290
4984242
680914
750064
686566009
14116260
1078632709
47151018
8452095
14212906
371583735
1355712
8289115
122851036
545628
982696853
252485070
702372
2903634
60530280
276550382
2530816755
630084766
324191
934824837
550569764
7287625
754773
124538
1957306
1586472981
1532993643
5096014291
1019570
312687
49034485
1322121
472815788
125273445
228466
71838473
128502422
3930277
339921612
8655362
135037864
20242390
734677306
65073143
1354066
154101136
2074486
100235928
3196522503
554705114
3012127003
17904539
1536993
31614508
15097555
11202360
5028589
2473989824
202318670
2035605
138053196
594987164
1220474127
38154745
621136
9955295
2027313075
2171708
14673469
55381479
545222866
376562081
3017449
615918
55893514
3999075
8875706
42171017
3221474
7691018
7435061
2446781405
1130817
45820619
508592412
3967229527
68835630
5257757212
31037129
457056
521971802
40000296
9508279
11622659
3442401
26968347
7814237789
21533995
167521789
3213119
1009319227
26570475
24147978
15527706
200970
16271441
26689415
28469059
1978002
4941950872
249872916
119513962
6995293
17983348
7903341
168454805
99178314
5323083
12086124
6136397523
1043158842
41183776
111483251
60997741
46079335
1171104
13362480
45097592
49955738
608010
831456784
1962145037
143243510
1717525
1618602
7368620
30571577
1476699
632412
356891
33461540
54837859
1134384
13891618
267455198
876323819
45123976
1391676
994050
406507402
69629415
223014087
368806
200823402
5281878
66709779
30405305
113999
406890
3328816
949532
6630122
2153840
1894781
380745
6093734
868721
2782511
2133197
8912585
18435281
4349623
2433096737
410368
56358312
981828
546480
116177046
78162326
1440296937
7211774
4563686
5999396
464460230
1276544
5520647507
677787
31389914
68615501
124993507
537875
12549225
57586197
15433811
1105872
688452804
1590210
27554021
68209822
3033591
5261670
5910449
1898581
183776061
667650
104279769
2452384193
1894102
100678228
307693185
263678189
999432484
6014791
35960693
930087
50941032
67161119
1779464
2690483
839530556
1731715
172590583
154941809
928211
76874442
633750
514173
18231411
22428698
1640458
50812458
622460
1064390
5679871214
2997576
174230641
24803061
74645059
1165827
2216050
4197113
4700921
148709704
532030
664660
14100311
8685266
21988322
27702381
11229810
1154362425
1627632182
13635242
321807080
11679047
3145516
1785820
90303295
637472
1055841305
6005903389
404217911
1001044776
513948
116033896
2289639532
111967878
336600
915914209
611474223
3960980
166794470
42918786
234519671
1276812
12371834
661063
690355
718930
25683811
1376700
19630913
120540890
4196668
545128647
829760
1948751
4869361
5571740
16482210
349382185
353544968
3863582149
1099170
2351846566
15809795
71549596
56213341
30832371
1045338
93199454
628406873
327028387
30324235
185173775
8431682
598415605
151410201
150211413
10542618
4309305231
49026661
149050600
1902825
403085781
665127
1940685031
10903105
3195025084
2007703339
176001584
1607992
22356549
92233906
1094847
68315955
9797772
17609244
16530661
366170
169486
2000869
3569656
52940904
552783427
1686146
1817256
1234842
49285391
2651599106
38181074
32422053
977036309
2382274534
107026146
12817994
46453248
82726088
1014225331
48054917
2428335
143854081
2776902840
2436459
50578631
11913911
2262058594
1008098
514977792
5435648
684608
11815871
31269169
1908949
15980246
3291999
23508490
115657704
708308318
2431750
16177098
1363980
173736
21219776
5501718
1447275
2680304510
14904105
133374827
7342767
3599070
208313567
1615159175
24711738
1253392
45860081
719216423
170087083
1155605035
15890627
36610149
12073401
1657311065
141268
15794225
447421
1857576
2461753
618021790
49442894
164635924
29785729
26707567
1046403
24346501
11164384
367870
11546187
913280
27581871
516206778
32861572
1621885
1056477712
351638583
1164391
14733244
71001107
84569
216040981
8386565
4073117
9611184
3218664
1279165
707161
1795240886
1747668
7042303
24005138
167231507
53837877
1203774
29352519
64931285
1670147
22637734
172785
375724313
560864762
2133755
861764
1135545
2877658
6071113734
360956037
117088049
5796725741
45556761
7994959
1428355469
47290460
22386371
7911745
747914567
3245349931
2420804
1076085986
26444152
61067634
1144512
915626
211551
16270472
2157372267
4626173937
444530
298281302
394214
1246340
117839436
198952921
14528896
3145571
1845888
720096
332533672
3577541
954850129
7169038
4544542413
31449546
2344173
144245510
6350858970
1195162
35556476
1222185
71359957
30207741
37890045
35849207
659874469
1425875955
1245727
145922098
165597549
2609194
17388421
2023549
1405254
662060
1078250
5018964
1286927
585672
1488415
1129059974
8351512
4485923
119234660
97969910
1080475923
1258235558
2694319
5125277476
816340
5071165360
1504094
2178477729
169665802
10057752
1009496
662417010
56657945
3883893
8137859
743200676
1715271
6430237
5390028
411870984
1206815
178673055
1743375935
859962483
1472808
3425825
136596623
6462398
79023390
55060799
16273550
10026697
13448815
1624330
917308
265751504
9737367
41384593
2913342
1906160301
1566250
235599105
24098728
191010
5085322651
68402977
34165758
76718913
2286235
501466
1130589032
1344319842
16301086
4984540
636276
1923551
82052780
315470428
62257777
617472
975266910
2410777
1375265076
3911393
4096547
20536115
3099958
34835820
23497542
1935559
3696065
14554437
650675
3138591
3376245
4330010
1310314629
13399579
2625678
709104
734950723
425290445
468352453
26751731
68744840
704880
346680331
2866561
28075
19817152
398632547
10168491
90738702
1221650110
2045836
127130607
37152419
1246435
32307233
21757727
4663134
591219
809761
53045158
3791051
660545
9686699
6720510
1284136
12334234
3940118
1606794
4189105794
6352469
9130385
847095
2777320
12269683
2491721
5016652
364577357
46069594
13181310
9331447
2341305
11833869
11425159
4391984
2262660
20826223
3636051404
72286387
22824506
529775962
2540479358
934252531
1242187328
83698112
6117839
1080425
1232128
11924754
50625509
232521
19366533
24008426
9043795
27399016
3196061
2949814405
4503776
926744
122563686
627924141
2377746
35226618
3207654721
7989720
13507556
3460052353
5992035
740559477
1198310
11686751
80068777
10028863
230738029
1065969
943035
2271396
51682030
12351042
27448697
8360294
3371874779
2000292
1018960
4150467185
98498042
10378679
237919682
16753839
1355745
6023278
760351
904062
574744
1531966260
659561
3807193
2502186800
12265025
112902746
1088230828
2439892
3488513
667288
215218451
4441923
2802756
23718070
2503209
19011141
2744740157
21387234
3290746
300935424
5708515
326747910
542322
586705
332600044
4931450
3712638
994431
5476971
731884
631609
62910304
7122136
5144447
1540605
88051751
1179799094
6793883
59504135
1834215
9939649
1039700826
2058707
2898918
15925093
1165591
3342784
962639
1182171
1276821
19397589
1396536832
7836839805
15501952
273414326
18748188
25804398
1135089
10069021
721443843
13773917
827307682
3923458
2227519377
1693774
153012
169236313
278213640
875890255
21570010
69075777
133058098
49734519
3232527
10380726
145794466
134112635
1162833
3740553494
274949038
2267100
25550540
62798750
6270007
662232
777695401
1109369
6577486
6534449
7731222
11022835
22379627
24651463
34499133
3805718
2701105
201010645
22404455
230291778
195089840
730367
3104892
2898946
17890649
3445156
1754788
46778915
119761241
773168
1383358
20750259
43226611
82459346
2502712405
402125424
24007692
509607844
40275345
187006119
3925024818
793212
167058044
11337713
2210665843
1123041429
10659298
3643266
61342001
11144290
297005969
2223415
16499567
28912703
37985035
1651812
533872
981675
2063388172
619312269
29238905
93092
381107657
1474875
1047603
1222032
586979416
1179238
4068773
1580615885
1387435
834284
4409080
4196858
4956934
28095015
730286
2030093
737891
39675029
405106118
14044317
422265
76060
33886578
5231280
131837988
3493177115
4162790
746867358
2240519
45048975
2381104
1803430
1091584
664371538
20039936
1397148765
12189926
2437578
5342963
712375
17142826
220673984
175760
39828481
435768872
2517140858
7028932926
316325388
7018506195
905280
3105761
228749949
22024448
1473138
115373709
72951192
10076805
38035450
59147527
107013125
802132745
28691946
7529529
3067089
1163638
1125681278
15146038
688250
4132557
4385900
703542
35088578
268452300
1805300
1119922868
799966201
6863520
3283752
800848609
1631181254
5865040
750804
615745
2071373805
133089737
1703257
1144827
655375
131529313
1492466568
17826022
886102
1132256
5276717
696289393
163026402
1079550
1686617
1312689
24617409
298758841
1040604
45713573
17083224
53495937
16546989
17477560
2080295
2037971
4109880
4257373
6918372
11796907
216985056
434129227
1016720
150577936
6506078
7979291
8200263
596899678
7708155
5134731
80588703
742098350
482225
51167573
655152
119625463
1578024
933021
11676807
107056954
2011072190
7693436
14056944
1117025
2605427
45400271
2049701
18803025
1798263
159078594
41742875
2231003282
360416367
420310134
943040
2286866066
5328124
15073984
7198469
391637492
314700735
16170902
31020472
68618342
462537295
6521276
601374262
43085294
457266775
59265846
990353559
724612
4554542
12905010
175134
8078839
181547027
88662992
6946012
8016590
634985
3599799
15551168
527166281
2398136
93249061
1381334232
47618787
1337656568
7086081
59361359
72671400
2237687
20433408
9209887
1700543
360985858
2397508
1492848
20481103
4415064
511096
614403
135164859
3778599
1185274
72493523
146118732
336756589
689978
71492594
6288809369
63883179
1029304924
13102771
87068
1489870
3541879
267671447
80748745
117124284
50108459
2017353086
182715115
20742640
25082111
1180656
5863505
1692179
21315754
4700839
372935572
2328745394
1868750
21535774
39377749
831455
3383739344
24407804
33031555
9474020
77853465
75675
7455011
127526230
5171744
516356250
1608485
27723914
28637973
727073
4056157266
16254486
2896392
839165162
13369249
14083778
990657
18840813
4700920
12208501
116708648
9212276
306949249
4414425115
216234043
1670673
759768047
13938909
4854683596
1216600
5793325
54606790
3421795
3054276
4375753195
4293238422
1709257300
3234681
2496807
3971283
1024439
2736631
61326753
430122
4740301
1010382
2856099
483466022
369720
434527717
205764
52551468
2298085524
1860134
9297789
153654404
1417307
19494972
225829479
165116872
299669907
300713448
9434866
11090782
741020
507254357
7735020
9613711
4258747
1749292861
9654485
2366949
106637008
3187570423
791419796
1443320
32961371
6190485
1437601309
18498086
662721265
876248
1543892
646635
6683497126
172450
236142
1507681457
1783407404
354261868
5509732
3743142591
7643117
113550658
86748601
1646433
11322683
1391523
156048053
19362351
14415154
924378134
118432175
2511769754
8701966
244377434
5624854
2160400
5360776765
57476090
1595733457
2393599
27675773
4580946
533497032
7265002
16581492
11021530
29063900
74016
148848494
57898677
1380798
1106506484
1417168
184518022
128315229
951804057
300662983
660925
1033457193
618030
46940936
288354544
3391712
296145
5599690
8802944
415324946
348694719
3990392364
29059136
608468
34032520
1534099256
158906193
4817954
2136585
47814672
20834825
1144972
37692872
29801982
153888668
747111
59337932
3104034
3488443
13328987
355756409
4320651
97810230
16387092
8379776
290842287
312351280
3787655
1364944
1759000
1000340297
8895881692
386155434
8041512342
1795937
9464440
3575040
51677441
1250577
1752478
15385877
220381226
189493840
1161818
1710228325
979469
343242171
104794909
718648
324999418
1126188
20432915
1731793
60215647
84300851
304343
298809
6640372
2939872
3443687
7904118
679554
116800
23500
121109474
73735467
20217000
252004093
1305425
7641573826
1448452810
1589084
999985
487897509
92360262
131556280
9057666
24546433
8742236
4156302600
414162307
3695862020
2212826
1409985
1368206449
4323635
3222162
308644283
381040
12230739
448507000
585917755
12903956
260916790
1581040
17927774
19596910
5379974
12360852
20736724
2227659
1042678
569941032
855592
2307327
25247929
3952135
1553662
3368280986
817165
324671710
38887437
5285162
6191124
10706169
138758418
2734057354
1207004
131140961
1553277
155222329
1609581
139421261
3777126
21605475
228574709
12599071
2038501
18160959
9121686
2691064850
11775377
116640055
1694655
486925
6668533
341024432
58097432
1292944572
312933400
290781787
993664601
21250200
375479100
357761444
785837
5716187815
2367881956
4638871139
12302167
7467482
13362
6952711
410669347
7278749
2480005
788945
105978
32554397
1133136
3521458
9238280
1135145
3772169
11191592
3327660
62821921
52888984
1052557
1344913865
7839149
18778663
1862866
261902653
876850
1935982
791565082
1272126
797264
220987046
2286998
166465433
13278981
1766373
3915172
203631631
18832311
5799353319
372461552
134017
14206795
1074902
756769
28538309
479126000
9448932
1206593127
1120956895
1926
415008
26246351
845597
542396563
5523899
4306112
43699640
699882
1125195
491245855
14357247
632097
8133328
31639293
38446131
441363886
136329543
441572533
16365863
903771
290467875
1265362
5106606
69462834
3746990
15194734
18383460
102726472
590036725
9010170
107993951
585767826
3394300
117902057
528444
848967677
22515067
5092559605
1606935
1230446
918030
12240125
19705223
63590
2681247229
1322871
321673420
8858050
421863
920007
2201347
22710617
26284524
25203472
26393029
3603960
174558822
9094811
1130514
14305037
183670244
20456164
100546484
191330911
5956521
388299575
23499063
36509052
3670829
1314512
60135052
16731323
499529637
662167669
1738325
720191249
654804
14381046
372328167
14708056
1960128
2957130
1740805
2476407
37103937
1422739
2279988
11822696
421821270
5266649193
748498549
716060
2147621
2330394
473767526
19798853
68614343
29810905
1847279
1561300
52698761
3242384455
8559115
213090946
183861330
4469304071
38916978
9553709
30807925
25657063
11828537
1831740
8810064
3316051
165799164
531675
369369
33380889
2219180
567377003
17523222
258418813
1320460
15074104
889610
1046703
816845277
1134231
440656152
20936376
10125444
415785008
7291324
26603791
146754064
32697173
610445
5674462
3058540
45619667
23684465
819891
1835103
63592578
2259670
1447059280
1056716585
1057686238
67104045
11712418
258032610
138794836
290119226
6665062
8587364
131621463
53797519
48932862
2367591
19638495
710983
28479669
288835558
4166241
2268825
1323707
6023034
1993932
15697878
2084772925
2011009
1520376931
141086181
704616
48299844
45651883
61223507
517290026
892530502
241655
1061094
23896506
327316890
601089716
1174871
16026099
40342430
8982018
453934
254913408
1525006
863471573
121961940
402952
8763835
45650292
153462298
46870225
922800
803203767
14436776
1827917
645184
14423218
721213455
48613846
1313509945
2412960527
740828
14652070
16008811
713220148
49921784
637075
7484733
1027104
676355079
115995458
641340
25485433
34862158
279823831
7373395
237806079
9166861
83319972
534587379
622475
5282627
4241414
1500460
6518529
1093665
848749
828266
1660562
14723326
825312
457816573
247863499
27712657
3717512097
4160164
54832751
157471358
32932812
24870754
75452109
1547877
419724
4276900217
1567647
17171760
5390227858
3893505
252603
20211035
13418998
16781834
225296422
470308883
27122493
245051105
16053820
44202347
880012
700265
218773185
22036882
15916781
1888954
62737789
15421047
61989142
993396
1444125
62015072
1125722
227228022
34469081
1713308368
749178
535252233
938613
7209119362
19613969
2065349
269919818
596178226
785859148
11191864
11511711
160849494
460311733
10196623
2017268
1671817
81369535
10607117
1722214630
248624343
873385854
459847706
3779803
73554528
121733284
20453620
12567868
71005014
64592474
1901574
7431428
726260
66820
8071990088
57820499
2898184063
16591625
2501149
1792448108
988554
37587237
1799704
669883
95873292
2706697
1321326206
39041351
3967616125
1579115
772060
69920369
42104974
2641748
135483663
3677747
3670640
1913095
6963418
45985442
2024623390
1042986
2273141
2654159
32508804
5008215
2613895780
995358972
9757791
917105768
8368077
482375688
3475685
41570806
2579036
41016308
1805843
259744
1850838
29911640
98789436
3952692722
13059823
882570
44170002
955118918
6668932652
829953
53283835
22032418
7540891
2820334601
1219580
57151560
3583921
2098714
1492911
2307490
78320708
8038716
299884762
225948395
4384436
3325428699
1347036
1985906
837159351
1002050
24234580
15892818
58686114
120992102
226461
1168233
8720426737
988932307
226984750
1776593
832033765
1120924
16808734
24523704
1000454
1406997981
1522615034
87952523
111011703
171027861
1628123018
297918
3691165
9793034
576335181
2670290
7763364583
413561820
85585
663867
142049155
2584517
10698878
1965075
67878978
4203219
3364075
819574422
23599496
4983271805
567258841
9450027
32312749
1159996
13335531
726585770
1084549
3554409715
30808640
906661
823030
3268952738
22966889
50756190
243891726
324233764
37990657
11344098
18639795
565935867
671360
14591705
10018170
249395
365604
66588596
32658635
1323894
1792148124
348906215
517648
37383192
1273080
1067043088
2484966
250184252
3801311
79474203
1761224
55163303
233685798
20653033
71514
4403896
178323669
188672258
67739641
34283672
2218081
16391203
207299256
1530299
1006366
4103951
80612822
780800
5092768
23984847
927660
13442410
34017924
5349593801
3628265318
6423340
37381944
9383897
1275936
2196428
17382548
63510172
16935289
330434
13380831
2422498
15179660
17605166
446796
1548560
682812
513555
5493093
222758729
1466064489
2184914444
1467709951
832788714
43979871
16912566
1117046292
85073826
74254874
2374290
1150167900
17478269
52723789
16611724
13568966
793439748
54410335
206801
81597641
1296360
555551
869746
781340553
538240531
293916
603802034
2462531338
642693132
1391646
123667423
2416176
1221346
845549938
175253669
2567447222
65830121
19545396
174081406
118793495
56270078
181469
2292943
19083129
11392915
1044251015
151942888
34558455
613182564
1465884
12958766
1354893
1457055
60101671
62129752
56116738
279563714
572493
2732946515
5513372
503564
3522057
63611591
64047365
18848879
385463183
11251066
118714707
552325597
837340
1250230
16104343
48121461
23933125
57751973
68045
717120510
1374257241
411518681
703221694
111228
17659254
109552892
6933884
919700
8130915
237331389
5820436
23826099
1054045604
9140014
132279062
30032052
396419951
3774335
1139172
86195817
382761
2665852
376827770
4382991
41445361
171181397
214757507
286500417
140669270
17218726
146158922
20685143
1196412
213584686
957969
36922416
96600238
161605471
467181
3477114
4159268057
94814350
984026362
42428267
25652908
16188732
6620193621
4569233
58656389
3110281
782884
102443339
1661091
4119124
19424739
6512719869
265405133
19132757
69656442
39810116
613368
135511462
4513756
1191930
2723104
26400043
12496232
593312181
766395
3128179
433088624
100008919
21217540
207120114
19224371
2886235
895785724
7837098
17705758
130146058
9381827
126226
1244372
1625222
1447387535
1686877
5740236
1045152
1681485
69268144
626249
13847297
1277150
298568883
146324
6622731
1268027501
171890349
1046276
1196143922
14396612
10286746
1878530
12540894
3798967
289241723
17951123
629120
26116218
204924
2322583281
719282575
38999349
33282846
333129368
1911129
6705506
12860603
19984618
151161893
678886
1187056
7258201
5129111
656584
1247962573
1099845
805012
1090465
15705152
1816386
116637639
3505968
1046331
4263077
984616
713363323
4335255
18812258
27357829
50236944
306938783
984295
35423207
858724067
915495
33732791
287300525
9930090
1147543358
2267712
2094994142
11180840
128540716
17488326
798479058
89925692
89138565
200768270
991120
131298796
15671407
4272457
25166907
46130554
920535
613177788
354756
160898611
1027083
4992426
19765868
4230559
763436
4390046
2623162595
123867438
84318979
12814827
1066612319
809922
79295218
312977
3301031343
871581582
21019809
734805
2581520
5299174938
342866006
406016209
9974861
56381135
3441770851
174840950
1792634687
1649682
726150
1080767513
11646445
11273676
185136145
1294667803
16204498
621085
192418171
2694183
33990236
146885353
1289589
952300
5223996820
8248037
55017652
16708871
1420956
8574097
13802588
3838425
76027424
1273814073
4734145565
7987361
52751161
863352472
2362693176
22944716
349370
44598125
1004299803
10930529
5789703
7853657653
9371946
671119
53418128
723889725
1123484719
12810878
14181254
122221123
2268168
412146675
687423
71307935
336178170
16343537
54057845
142975903
5817466
87405351
31669085
268827084
10834870
103052392
4433593
1193510
29117648
12796344
6922725
248239500
359599362
7153371
54121389
1300751736
1368668
14004012
3120339097
1118016
813165
2155858325
842435
6696027335
1387750
1171521
1245804
921965382
898353665
196621867
50454882
89814383
9993946
1039646
2364470647
188032081
154444571
100500467
130484089
1124842
1397777686
1606127
94962372
84284813
1552376
8134729545
3804075
90936023
1461572
2331455
9934562
717758
54647230
1631190
2436196734
1300972464
233416828
557286705
16004223
1140588
602571011
2430722
46062453
177688371
1198998267
1367522891
1049695
242504978
2017325
1218798130
1644292
129695790
944118
29631178
4104995
38891505
1851813
553458614
5564376198
3814635
24636565
21719895
24865179
353652138
10681506
8539192
64594795
87101919
192802626
2374259
708022459
16161675
3060386916
1909460
13214311
1765186070
283460700
27024656
1370265015
37566745
45748246
36554086
63871362
1180438546
1259154930
100839017
1523506
50904447
993694467
842050
35467199
574739
695342250
8651972013
719920
48117482
8117533
1834072371
196703508
1703571970
4471714
181018
396922
6283930
8658341
1091736
3254435904
44107029
120845
2855993
940905226
72489610
30852670
812542757
724376
14435466
6477719
45287257
295445686
2116887831
6569044
5936658
11279340
2329224
8559048
384846
4696153
32348461
82665
53814597
1479842344
30955181
983440
918530
48553246
2343161237
39637494
472851
23064390
4637547543
58563964
684788
75632
25062849
7344715
95062434
5153328
5990688
228313894
15377909
41229326
1093672
1039986
134708972
16402219
4504405
539184
7576922
843072
465927
203706459
1139892
1505154
2895559079
5035978
17512995
294519651
62603265
1485768
822265
20405711
33621846
1198200
1353237359
50345690
10497587
945889
3395960
12845374
72652868
4263461
6803469
1174569407
801205
830886
721735
38703145
5538695
299755698
685257
1226890
1762698
233653
1540098
1324941
24800437
207723137
762739514
5834354
1673371
679752
11791630
4249676608
4084131
1283274
73368884
1918939
8325733
551772
1226380
73174253
602005
6467643
672401
1612516
191849115
87147164
74514284
12326399
267935941
27540751
315455932
8176
72040582
1490650
3136479369
728982
5582977
329114228
301314313
974752
1611935
8008290
1569366
4194673288
27347417
817630205
2589371
23232400
3900076
2735436
1166555
36594622
104946478
26523532
3455143962
10952737
13459536
1020399
3427761
667068
752838020
33381512
1038673
662753
19580945
2429209708
994392052
5089855
21745027
54663781
80193298
239924972
2261963
167304130
14794432
561141
5663036
4117012
776281243
976755
17027037
27875469
471816756
37615579
1161461173
9421627
92839853
3906067
7218268
1337795
895449026
8075499
9686099
17497451
7475770
305896968
746412
1495144809
79996865
2417925
306416
1104150
91064648
35957094
38604340
64251114
891054
3591678490
2019004621
7686152
2727723178
37351870
2480022
4295748
5897118
269139266
455748
618716575
2851471
12458976
24829707
9966560
492889785
1167615
630375
32857877
50881522
907386
289419365
6463030
414264607
3745956574
247727023
784026
1067764
1508616175
30225403
86925609
143707866
6165943
11959783
22576740
828237731
5703107
1561958
392780
1382526
135655146
498447
855832750
2132238834
22336428
314689
9659168
8074447
1332716
51579335
1151600
1137028228
1809283
383816379
86218365
3511768
1370192884
330193
31248075
1958311212
2782494
8209553
1509725141
48497726
672839908
142005829
1017933072
11924411
507325
71921196
12968311
939284080
2771142
31072517
187546400
667751
110787161
4374817
11987414
22944681
206304714
145937844
5872539
957250
1305541
2684024
1168625
42861517
10273966
2095420
3211230730
3382470
1712991101
5105123932
259794666
81330
225410508
51126231
134800288
2341328
12723458
21519045
15771160
4184351
1344816
275639
885531267
352585444
281169058
542592
1732811934
231800635
6330191
1169311165
4421294229
9942162
10534196
6737745
461730
4443188
26376338
7458413
15032934
3867483
3269471272
524380265
9099947
30187005
32691022
408140795
314871626
191029949
198647525
13927046
721880
911553673
7243063
756853382
4530075
30000249
1159732
48605326
1104615
1644984495
1175192519
7350045678
7316287112
478236
2840515
67568673
77377847
11340399
192831
1058924
17334682
748215
4027848
565109083
25705102
611962
1233837
464535072
1019130
694152
29958021
90116817
1250573438
1228556355
21179177
41727818
6189937
20355795
1407130
620082385
27052226
125106171
1088495
16532387
22615963
600384306
6233690303
4396746
1790622773
2825784
3300283
1840358
6785861
938885043
22687017
1830897
296698652
4224959
109611496
1821031
906032
15621464
101215793
24458444
15351506
2965589
1192065820
140137636
57192107
4647205749
1276834604
4183872984
106382189
272170629
934609917
3793310
3234505
2541554
1632512006
587550
13966461
127862522
810060
5986140
55284629
40242561
1151361
1101024
24160541
13971291
38149509
1011202
26959407
634864593
977275
516337
5237331
2343320
495147769
117501211
6024272
99441638
17642709
60674243
398840
54888871
7225577
4565362
45600720
1308976
1766690
73267617
85410419
1215026326
25668492
94999966
17646724
6512732583
29088842
32099387
28250637
614277166
432172
14972401
2198091
137071642
249402609
4449005258
74850
154154653
265342482
639360
309751
11329215
278831
9154640
30988754
3643346
1849223
32806784
14925215
702921
163758554
1700317930
3123044667
2391526947
32346356
152397
125510764
20963857
627843703
155182860
2910202
593730
70983679
106159974
853535
4402775
1028584
49822796
2976675
239302177
7568539
165045014
148828248
159894
433366578
11980369
17026660
1226465
916227
26706239
3986700
13939848
585400
50981842
29800613
2900478
9699757
575428895
3653175
1106829
3570757
12721988
1415322
619205
342925370
120671608
137523842
318788962
146986
1466133520
80120784
69477595
46795594
518870808
3710169
934044970
921061667
212088467
1243032
901048
201195761
2609573
112612093
15899374
1151180
140085
394000036
20587127
4500638
31509493
804530604
1409024
2789171
113999019
199363480
85508635
179636712
88011031
80329805
184342062
299720
198064
4203907
5471032
17142260
756597091
3049045423
792539429
253465
114478893
1980766848
10953397
113672147
2473537
360592
356480471
1072094
4250249
884001
4698780
3375796771
15464356
30356160
3173999
5334256611
358300513
1650294
1918369880
1133700
698999291
435867760
14551286
977872
632790
218861233
690982
5370050
896254523
2096562
33056034
2089274281
4499647
1000022
118577684
17405984
37811832
4203413
292637398
7134741
31658014
33833573
4473179889
1344547
1040121
504497
1190372
979290
931804
82102855
86824719
19975068
9843995
33953418
894515
29753995
12953688
38769823
1650766511
18671934
65173372
2524920
81427380
86515167
22428880
11388118
120113074
90175111
7678827
5058226
569954243
1053791389
589120
40375949
131983076
5964139
5009539771
816460101
12803290
741843
4188574
138187537
90761
1662516783
15231721
1168125
853177
284456035
1156407
126117644
251365709
135283593
548537
1162216
2607282
148702448
141189834
1218360
12391517
51786677
9515770
2972453
2228575
120052859
133680456
183825507
60178863
654485
11595078
904502779
2832076
1158400
1160854386
369855
1132799
1687361
263675366
4620017
216447860
17230795
200493395
24019991
188267239
559896
304830
2206158
1406588
90888425
429566953
952333
863808
75048411
1332086122
254584867
99202342
5920051
253279713
107388
1202516
1084135
4474212
18655145
52913263
19594555
2308845
523243854
32843103
1519953
18503348
1657997
101241160
29511111
1340125
934011
15882952
35136604
22510935
1994488816
1112202
1302957401
534399664
909351
244403174
205552
45599003
221628242
114535495
737369331
21710008
248478693
658926804
7140131
44395118
3093038
3780630086
419672
259417810
1171203
1554637
3695358
4632767195
2362789
1590486
2334941
866543726
7614812833
660724811
384792
16717079
42839321
10310747
183371544
49478295
4862165
33075996
657359
228888086
7172309
7144424754
1446615
946500
791820
1170036
14456852
4191855
1399104
40150231
32129044
15573439
224059432
15433676
5347443
52118837
7807325
3654585
552786151
3701467
15084096
382450627
382809750
398920289
2556519
345860504
626960
2139900232
31472118
34324843
123800988
4211735
1625813469
280175204
26419152
372831207
581916893
437760704
25664913
1076934973
61980901
95677188
778989
80601084
851052
31428283
263375
14983928
2169131
1564842601
844943
142841440
82001662
6195738140
3953180
22838472
9104517
377029065
5195851
1097339363
300323885
5099971924
3807017
11510243
253536137
2355381
3348371
118183725
798468
103106538
2380935
16072046
1040695255
1374159216
1149234
1739678
103715005
291218859
118066131
1240822964
170638573
7184534
52704
224076153
1054585
1766589
846103538
9035278
879340
12586728
5259466
3023727030
3386669
255012422
135653856
436755655
2461121
5554238261
975050
29183
13388804
670524
1397446720
255192325
36881145
1536288922
73922582
2527120179
56470855
2081620
196198541
30302620
23357992
388456612
405207
23633582
1533587
3696866
299019372
4429750
55017009
14660127
57584765
518460
363797897
1489410
423514116
178782497
979695
1778715
183817995
12232006
410501
630279
2614018
263730
9376362
1355614
3174088
490492
22192212
1118870020
1308594
793866067
42686311
927603919
41711744
6837180
341877749
2406711444
665355412
12283850
21167276
369498
8827091140
893849072
363040
528725
198999487
33975071
61930445
43361912
211351215
2132836
6385167
8167088
4586326802
31106203
2383170
5896512429
1692051307
1950663186
6217714
4084255668
164570401
7536851
4308423
54965657
9743496
45966378
104783130
2081956
32834723
1348560
276485485
7403704
2111049
1493339796
14637699
32930670
358721205
3348839
2918245762
21017838
2839421
10375363
6358769
3528525
4885525
3172671
4499385
1628585
1363341
295750
268563619
804128
640711647
22094376
4390694345
490438
52929203
990358792
1297314540
11980
5216955
407073049
769181
3234630
375874091
789868707
1363481
43652749
1310322
1108576
610866131
225646753
2336104
100702692
42925420
2907472281
77615
1788605
244545
39391790
3391443
1233053330
2121263
25591666
892020898
34287722
943553242
777780
42435972
2457637
1531153413
46696273
879485
1662297
1642598671
106817
15579981
141876703
2268611
10862934
231199580
46120692
8941453
400437
8303721
94336362
2071315430
4452031
13702592
2386855
260064
25605841
7090748143
1278468
64009028
1884504949
462607145
19594515
1020314699
3670
8683670799
790920
9849818
783707404
11080784
4030391
68768646
195151500
1330175247
1217184
727843941
1808730343
3640291
15887764
9665821
3712809
768360
250545948
1737865
712530
757060
5034710
12066939
91860003
6856607479
1670185
2235854
606536
439910581
285737363
9739124834
251114538
9279254
10543159
21912
177880703
1327139
375689452
281474483
26575466
1010688
6295566
819748
1151291
3539965
2147680833
11478895
406585
166581427
8233924
9122449
856109365
27462612
4955599
38760728
8535897
592229788
13474558
11884975
3793743
2861133
1846946
1819112
853546
1538364
6318034620
7904889
29796730
773991449
1667155
4906111
6627266591
120098699
1625785
62102163
193913013
4598296609
73405744
1373299
11550725
758436
277945469
4588362123
16982687
2163987
45971143
1127446
929453069
66369695
75325
10681366
65486110
781214
1120191438
173185
2502062
6464965
40527342
3943164
106040161
10919002
20718283
6390467
3788421382
5494593
34460704
93051273
316095
440717405
1459864666
1035463
27268315
8764982
400392905
2113934309
195089924
4291388
299903439
124188595
204562421
1067965055
3172269
298368809
6676420961
1764798
2309704
849825650
13173049
25251396
20264012
1930851
8001580279
45193252
14979792
690776
839638941
538104440
34820576
51411996
49247070
8654385
36128588
125352396
679623
285813713
19416732
1173916
1544325
3948203
2160282
3730455
2580853
10335799
1646074
154695272
1248337067
3234911007
3714942
141913413
487390153
2878748
3265549220
52163384
23448680
1065599574
65580496
1887396525
1636228
745058068
4690394
146516497
8737284
18736776
1524180
1357399
4343639
21122661
143852864
355155011
2019494781
60453339
5321446
246613383
964224963
1162668
16190269
11240824
24522233
3487653
57655132
9749723
19773069
7548346
1105165
124081203
1138979238
27079421
186088
106565762
1054153693
21257252
2097529
21439838
4139997
1447227240
48800983
5559924
16274881
8799099269
34541621
49898254
6068793
46416482
7069027
1198368
4851584830
223994104
171265035
1018056
250387823
7713258
455362
17568765
36682894
684189
38585214
103000
102268606
1477538
202449
1939236
1355886
15061010
1881078
20636455
2620046
377241209
2163011318
44336719
27844190
267383
2060604
290836
12764676
27229030
529858976
205720
455753
2871496
1523573
9991042
1018720
484695
212327148
264648668
1804096
518875
1835648833
813750453
4510972
7591031
132615324
79840833
845406
6058787
26818162
784345034
43006937
2511473719
4582124
4703527
1387114
6941570
17139329
5473201
14332975
29539882
1334817649
163874283
24388064
1248051
335088686
709731
61097366
27172783
119207409
12129981
14089142
789981
1088175
334198194
44140750
21846751
14081407
1194825911
2371113042
9842460
62049731
81795249
3788422
10158806
25265447
2866843
91719586
37082592
53315128
985695
17196068
471303090
272618229
247120382
19448757
1273859
723563844
4631849
6935343
31290375
3134280750
333189001
8507196
327142650
1947874797
370794088
273930014
8695856244
7808723
31661231
24220151
1529703583
35468510
4259273
422964
244984185
398557104
1211315038
186851302
1185609580
2285552032
434362142
2665933175
15945841
2475304670
16301071
3411875
48524415
160604997
153767903
174420681
30064370
1417790
184394
1194685
8017209
4682107
137184565
296530694
50300796
5095580
4639637
113067350
120520064
4918498552
1338379
346987282
831349
1391926
2896294831
16751865
706879
5011272
201697343
34554570
268104637
6862478
53354087
622620
155884169
412750875
3294888
83669577
667576
1110116746
4845923
51222421
715655
73816140
5493258
2604319
51344501
2962112
28119980
1308863049
266360918
49247875
7326630
1557693
335997
446606603
1757360
25170713
7248013
23046344
61873721
3031868
2925167632
233783040
550815739
792275
60559851
238915292
6861776
41773661
2625335
1037160
7105735
1655131586
42507315
950308
235029492
2276358
14391063
186347858
82525714
11276895
126518
23829362
275112934
1487689
534624
69559132
2375363
32342084
982014
372367955
1297560
12314475
14027565
3857552
460694766
3318294
9597180
10081424
6627953
951300
23610000
5287784406
206111870
351417256
62879120
264943011
4839646835
103936010
8552914
629902984
2496535040
2045015
8634762
1704707
1318962
660385
617150
1379329
225843316
15547572
31205803
15789897
2157524
3850414791
15596918
6556213
721510
1862646700
388721565
194689351
11095631
3832091
466542090
28502495
63892056
1328533
9040622
29268986
134885243
1731394695
21212614
18652780
2759256
9919541
553603880
421309
171786974
114233275
16365821
5753703
20258712
88473734
729483
1534106670
1611585
40893826
236731572
99521835
659029
15743561
23810111
1130525910
37015029
10168317
662789924
921876
429433455
1660714
51501195
261141929
1390284
23540172
2280694
1289688
12369542
4931336
101718460
7960861
1215554600
626340
26830774
3823968
830895969
732384
4306429
1528420
56195646
33541879
42310162
1453538
2391623804
333989563
1339172085
2035992
44672943
671213707
9707104
534630735
3269839
84291049
1376193550
573496
149318313
203469
3107104
1076752
1107491532
3523087107
2734526
445702
239631340
112568269
23254648
1043913
1691004
31565
672859406
375587201
1747320
5904952
1827833
152240512
17954362
32341188
24340339
3348325
97198482
266596837
13071549
9978115
4722344
20331193
52754
1164861
11964360
145949172
1047519
167143028
1369536
30751615
10251681
1517008
15705568
33849518
255897826
444143
1611690
65326886
118416773
1171572
6300895
301744172
5310944
853408
44265114
14903313
79767953
626379
875625
45006592
3717748034
774670
3465456540
403545956
1386758
3382681
1186895139
520354641
537856629
73786393
193217999
3300353
10626725
70983125
3511169
30587838
1066240
6932288
1041760187
88016435
1369599
1068864
570386207
13704442
21793040
18345431
1060144
1926102841
114274
1125873
795624
968066364
612117
17371592
31500750
10427067
13582038
191146
2922827
43373731
1711940
2399489
458174389
943824
865212
61182082
344901086
28537671
77165303
15295554
47755231
2030641
6456808
1079125
2174667
3780475
133294050
368263436
158281666
646652449
12489802
167873683
133353
1801527
2782395
3863799
4249014
1189045764
899200086
251493154
103587148
14206356
276576227
356271126
6019305419
16141981
4557755
1265598
454886
214422616
18412861
48019804
2484805
1402186
4636608
993880
1044677950
10046943
2391110
21786147
17690115
480552496
1480092309
2013780
26547994
1557905
30556643
637580
1117181
35018096
27248490
615088393
1052770581
314463265
1676581526
3115836
6517599
1888028282
4794654432
102362
1191699
1595760
3261445
941313
281715
669591728
750670
879062223
1602643
8351419
5205081
403936555
79805030
20779592
20449290
176604149
23854221
2500646
1454944
40103840
475879506
133945516
789295007
40716201
3580481
80012989
257103
21612834
1366171
376999973
1362969766
8310048
378081
237564517
1364671
47664142
1538561
542000
676154098
66822825
4139625
707695
90828104
153229056
45374260
477695082
677864
794576
28732283
776553
218323224
40788
945132
1579567
4224166
649735117
247138534
1574302
18022143
4127066
1396348
735735
6990133
2352053
30578478
15148391
933087
70445377
1596780189
3394155
14244
1513503
2644968
267408939
280762756
1072870
240083769
159261483
677232
240585406
5716624895
1772622850
51204916
2710310
12472899
5866989
6207810
1941949174
42279614
17312363
10059937
4056405
1190362
161984710
1578315
1373214
24811684
101100980
45131495
4207839
8626985
1538032
4013514380
8403898
19923000
1298824213
72640518
11117220
165384863
339229475
1419715
19992878
14773477
105830182
1852199
26941930
18751830
231099242
12459876
81024350
28635227
485745
9725232
2544082
178629872
3055186
1194034920
14474493
27112324
1720887
19916243
974080
1605575
905295
438294689
2099102
3180450
130437438
3335772194
34878602
51785347
407624
4714858
10927000
3516295
697120
6320096875
82870
5088925
27990649
9785721
1153496441
12495864
84018490
1138082
603634890
177743951
2494102
51627075
28541918
205437454
982148
45359273
37483444
567772096
534865995
17245909
1663948
7433849187
1431440
94505781
188209
57478154
368237
9148028
12859688
239582078
678784
1944757
453019259
40716674
2472488
3654099
95976602
5959496
4732921
116887822
104839025
3415024
2130257876
19123422
48225059
1439182
3920740
189215
8429228
1171175931
1947522062
113731084
631930
150159409
937342
1531276
4667964
353775
672273
67194811
2650411
137359767
12198851
1105743
1065358
150995390
73425645
6566496
7023159
743125
30956940
848227854
38931170
2958227
378938
3892586
997010
5379966
742391037
14995813
72305066
3532064
11103629
4285205
8719811
3576729
14042792
1170569
130363217
17313657
449670
126779321
1267985
198903192
5182562
42845849
7040430
16586659
968615
4295151
453411
428235368
950705
940582
119543411
1032739909
1133380
644996
136810008
1320969
1598342318
1141943072
14417862
83534295
4951048
1250588
70279448
1524561359
10367230
10617708
3244025
155070579
103541187
23318203
40182194
1499122671
41313829
51704621
244881
174015156
1583615370
29774710
736950
12144954
