16531128
7137745
533548561
5243753
6688519560
50177745
8422267733
1280429200
114675425
450596339
21886113
3294162
255898172
34544173
21463528
1322761
82061963
8166608
2041931021
1381943450
6945044520
677853
25686868
46063748
660483
13095527
92788592
9014518
2557448906
1021616
1316871
14037085
1090851314
48485811
164738208
1187384
683316
26666401
2727287
239150179
1634857
43867271
27468115
17653710
2849562
2085494
153185004
9729293
987405590
34192584
707744
10509231
116849695
80246616
166972
2109478
1178793
201236526
33245909
58931627
26734059
899790
459914
514440107
299573708
2078062
11840136
1977075
130253861
1522144236
146277781
34569900
162883137
1269638315
3154
2919516
13505995
27766664
98102033
259082
689532
90326280
35528976
40281540
54595956
1228439
96783755
2570791
875900
3585122
8257125
980221
774505
243570356
2546771372
542166880
17091166
35578625
1152726915
13398052
69158204
565820259
906605409
168037025
783874329
570392
778228
2349100
5164763
1140428
2778171
6192547
120495551
10877274
631951669
140501
912924
2086353
52974559
25750856
13113260
46283324
1541755
61262645
4811942597
110267114
1618553
155956317
1480139
542188
1635627
46545338
472648806
1045324
1904071
3977422
1154287436
50888173
6807542
197762616
4732885
376801636
130677591
2411266595
230797
29457844
2810694
178006259
132230306
194970165
60515
756977
135883108
1871168
5935366
722945016
1060780
926661445
7304957760
139185607
1431430
6613099
101601890
73513946
5184194
4839458306
906840
17194775
267023412
1541943
2381184
3863181
29594285
1021215
20959961
3545454710
128465861
1027976
578738110
18475303
13456805
2416248
15968408
10149547
933751
9272911
5386301
1180016
2531283107
1056030
1658514
1020130
1304398
51421020
3631290
2511995295
15755989
7641063
13530806
542841308
26539623
1235490
93247149
16783076
4093563611
6743041
1302115
73453892
22414991
9548078
1776021
1577971
6319739609
4565016
984285
6504386
1616547737
88189392
21980893
391820
50107021
11533108
34881265
3025222620
6274052
1678299
495379
1060706419
11976425
9200166
1708770572
30582172
45217945
24094772
83062371
2004826
1687565
92337210
689640845
338221995
790650
704130
35913676
3941091
2704998102
147871562
139898657
576548265
90564033
639756701
33040098
6372876813
16168730
910405
3919301
2633128
944160
23395961
19146170
17025793
175050
4117093577
2238390
1018297
956586
783800725
229348810
12751786
982861
19553463
33167725
311234
213150950
211680
3557742
1278826
11632315
402345624
1530260
1081614
107411150
5152616
189367500
1608560
18947917
3184454
391282187
45219395
71029614
797220
519826040
11720628
2376321741
975697
437893831
856116703
16023387
145790344
627594
3639334144
5455569
5504173
1170077
3847747
33115837
1004024251
469876
191211339
345086
399545471
12974408
148425014
54300282
4509353666
2126320
598974945
3230322
78133068
1395972
67288656
30652632
1966846
52504014
132157451
6639750
3838780
1705186551
6832362
17187573
92016915
1543155
490535
155911648
136801215
46497916
425467
475589181
7566048371
276143893
2610277
2287397
2056702
4710955
762676194
147632982
11252671
175795125
5672463
1444666
6810195
11964214
1229720
113147904
29591813
5434607
208221162
254512325
1167194
175559
34556920
17182551
173331351
844888
24932300
2926440
625141274
6813662
24643582
168141201
39484465
991840
1099128
3082718872
7626960
7253148
114925932
18281968
161004131
4162463
1502906534
224842428
4479609
35700986
43388656
3156244
14702446
497258690
18064211
4130440198
5495881832
7948607
4040237
819078793
245735974
4482437
1596315174
99695356
11200369
1296642709
769530
327209858
1849931020
651837
918470370
4064898
1399491846
808535
992976
1208493
571650288
18258339
118183193
528028746
34186342
1070581266
62231852
2762173846
17628364
13639931
677578242
14608386
29578942
56401226
108119867
1453834
86181242
49016469
1484735
26404810
8569368
340906
946016
1380433358
6527527
16380696
2283379
523882889
10195932
393345236
88320064
8354667
8743149
37289689
861672899
19884202
10680796
1273664
1284974115
68695906
246953241
8008448
4673317
360940
2162459930
8010116
1578365
62603817
4093379
2777732780
56229203
1219911
3163278
354216287
1277773
25645115
4554542
2723357
1360164
885040
29036545
2672846969
628512
2646050
485072793
1966025298
814350
906536
843134
201182595
88932241
3678478
2550418096
56688428
383892
117521158
3563632
3014251
651876333
344890096
2210131505
31231416
309584162
176634485
1297173808
7352506
783027
5701120
171810
391090
23877547
10316956
60633604
697272
128896561
13226637
156466758
114241732
682890
1521585
2016945
2134377
514047913
37704412
4455633
667698
4597263033
766234
4782449
1430748
34753713
219440830
7514450
46761876
7342401
1015970
747250
7012532
292655438
2381410
9391112
10241642
226038291
40020248
5821510
445023836
884871
29367835
6187650
2140861212
348386
687648
176087169
776584622
4664261613
24929149
30093918
3450745
4882751
45698352
1650903144
1490430
4643727
3247688270
4078742
7116956108
1703422835
19274789
6526530
4557705295
411177
10162495
19581401
6272228
3329997
1308958
2173275
32283694
374491
504725515
10148896
761917738
827982875
164604
122356386
478686
1343784
23725951
2159575
1103830
3425525
1080600
1163617
5089458
100855918
2905150
776832
197810755
93018518
262682255
64672496
505854
61364758
58820414
366340217
30379177
103840881
1044804
2996719560
1769873
9138253288
17096094
288896
594264
15380882
6316812757
2314867
1174324
41081601
236665366
515940095
1895902305
1352128460
75125184
5232273
1210965
811224676
7205041097
1951463868
1032746
2709681
2914046842
65056029
967677055
262312335
32651402
1045462628
17556351
139869236
772908
5544400
2030642945
14337456
232415782
10968954
1809408
5949661306
31314321
15170168
10724427
1455006
2034568
12022497
4399586
171228993
749285514
921560
77202687
2466275178
388548141
7188033
27141289
6142471773
15923612
1255387
873072239
74569672
12508997
871632
16878750
167362194
14233744
151824
3913573
1752759
2007160924
75270183
1537296
1284941
87916
18836080
636044
244444364
386325
207985304
4952773
783941
874192055
48494928
4457175
7910738
290560217
90695998
1093098
5200709
527813
22475155
8776573
208544451
52807067
87314319
1645137
16360745
2075391672
18709484
5484395
640608391
514000
866684
63373106
115627613
550530219
1510124
11145423
8213641
780070
9027053
756168
1090096
1585165
5774261
9340678
610540
690773962
14736845
1636880
912868727
618331829
3339116101
335418418
1525160895
59346659
1164615
1751458
4911175150
690014
25141692
327690419
2500152508
12427806
10566292
986725
597353018
342948220
9300653
761599982
805028722
1743636
5562589
131418853
38711168
1171189065
945994
1807167
6047608
1033762656
123095932
5243736
6822510055
45022120
9090258
3572624
414111
62542865
618435888
311228535
46234517
777925
3289319681
30771824
22360546
5066111
128082226
6973570
187169049
214292
43162468
18586736
26566000
23054103
562309
669174
3418005
39927387
6704742
85941575
1852897
2370302
105693593
1075710
5972379
4347552
720291
2548865
7504605
138860637
5751889
11139723
6517974
1648592
795188
666520
7891448
472501795
637140259
2919466
9728547
3735393
57389741
167308719
355732964
183286160
690229214
12150892
1709797
2260924150
861584
756736
416788
2281200734
12081695
4648867106
1644954498
477530608
1479055
982590101
1057341
84461501
5150889880
217448644
10288216
700102
70023458
7092758
275457980
222323998
1830486884
662487
50638118
622831
2842768706
3541255629
136962242
383914974
2539692
1156329
132729517
95903786
2015472761
3822
1104443216
810588613
1112123
39606053
10959067
81903894
2552099
12644906
1171590
1483319
1436800
46542229
5759554
76281849
1134328
58805094
2328900
280608
250905136
2491191
218710266
9723010
57249069
12415871
209482350
71446276
5769727
114366968
44945796
3690142
827048258
7204593
2139272
29405378
543270
211565411
1135119
4324085229
1051310
244637915
2002330477
1943380
645650
19460567
162254373
5516905
156759214
3685350213
2183877
133931116
21521200
1387610
761436
16095396
21405861
1208566
111453094
16246184
37488608
4101546225
2321660
1571336446
24968311
27057093
32238766
4417994
1541109978
6048463
2660282219
10248071
2856275
1218888
874454487
2820720996
2476687
1068872
10485865
296692813
1578671
29937013
1572459
1095858
15271332
3418745663
2505837797
7607142
181179739
262946808
805905933
10698770
1256906126
1064779
11632347
6400618
675621205
1375985383
4648502873
1761580
7617003
729913090
2013236
171914761
139900374
1501078673
1578843770
6018138115
1331463
58680119
55333919
61474156
1217128
3171024
18129393
3110035
27263448
663253
579075
1737350642
5118123
901692
124369908
254785567
1049562376
1532468
3407285
368100
2665130
1495781
227330640
6106603
17242058
850700097
9743991
1418949081
466470942
1871105
607495501
81757282
707826
30546497
3937189
910788
1505465
2872203
4194517
227200083
17956540
1997997661
477754214
1518019
1069952
2007489653
36089385
411523
42802430
15095430
6546570
1219122
54761778
2411569
5643476
1522396528
1404533
991760
1235216
1629691
130194
33145688
8827566
76670840
875017517
65575724
24099
800223
2450351732
4154344
1248660
1103023
65727968
4569727
123277193
245604584
1463858
38265532
702550
46819464
52913795
1654478
1256908886
254760525
6521981
118303285
272611
2822890
13266627
1724471
29927797
5520516
12295239
46666697
1248192
2970064
51396
2056459156
175556104
22522620
102805919
28006
20215539
2606714
1092045
1336650
8079475
127232217
1778362
2870793
64006639
9039774
1812418
6239745859
2350140
67051292
20185975
547270752
17762686
795371590
2809000
10682847
1816821
5426195332
9889929
1335495
657510583
9682724
423488876
6616263
628617414
8523451
17904160
39891987
3445403852
1351200366
20991341
59031487
861624
389107
86319395
229920406
436191837
199512881
9990450
32786161
1269435
340379866
1325100
261154
99331517
948815
38720
12507727
3169843
5074452519
43899654
217095383
152475
13934480
11377496
28836071
3370441
33558810
90088425
1352581714
4830483
6326472
2412330
2427644
1477314
42856747
684662990
75248071
502736068
40058358
448626184
19496186
738207
2893802780
346660124
102117610
1277380
1182587322
112924858
9201187
34783801
1653359
33295199
528084154
1923559
5270495
194524859
5158915095
17030021
38280819
2974714
538406526
3275458176
828575
89903459
7690413
505698547
222426960
774879997
365413275
8110880
1846635227
178496436
2526535
981717974
112921709
197407376
109296270
120450410
12787739
6794475
45145927
8089315
3638397
3488507
1544818
16162780
33956950
969304
569475
535980427
447070
424655755
296086183
186089853
1115372
1260352
3206938
35939613
5811161
1967439957
2215010
502010901
915680
707366
10948384
10735167
362935982
721198247
2580
14194153
8590339
1520682126
34273931
604049775
7530281
3113380129
40332049
134029359
1808229678
92691474
727440
521572500
6228046121
1125863
380320
3071483
436624135
229603852
57398963
5516914
39466378
18986944
3093016
53657245
2791081
254013827
63859624
4121667
105151110
3782130
18813998
8695389
275625
54899696
3553222
7503839623
8129443
39372731
304048002
25810103
115336232
2241306
1130331
5254878632
30808108
920006837
2408866
4737254
4397478
3114787707
544515
5243389
1512033077
805940
23922935
2793931
227420012
62259127
18718620
197374122
2464331
20840179
754661
1052110245
2537851311
204586899
3826268
207499717
15305606
3363627
194294040
27232344
40327561
358035751
584064
799814061
133051384
1779962242
395915738
8343597476
2359243894
581625323
691866
1099145
30851158
748823570
850415
13986979
5351723580
27247169
14426925
18017329
240276427
534832713
1433816
4979564
843380799
6602917
26984184
624770
4585159
1141809873
878625
12108841
20213243
1794865
20436396
1178493899
3496129
437782060
436479435
6157696
115193407
2403499
8349178
1210306
16218196
82979314
4228533188
19568665
978372
296483236
1100448
904389787
425420091
9128175
7506434
892350
21393379
2950989
1749215361
189225
16798552
410657
1294188
80703413
997993158
4117711
2429181291
6536638
10242757
9882758
2082456
8138271
427981436
952993965
4224600878
39611055
1511870591
4268097
197494060
65125462
7236874
3054035
513325
621108
21999709
7747969
818017034
30578137
1564112
1535859
5286500
7785321452
7585027
507200624
9067701
22865369
26571432
186255403
5279084
171570417
47975439
601050
5675441
429133
744662
4829541
454454
14846622
11146843
3940054918
38510688
748341932
9166730
4004463226
1167730
2111749
359451
47481008
44322503
8996775
2815400
1154581127
16099521
577529415
96692934
4064499
851664904
981924
2674245962
4259933
60373936
781812835
2719709004
543014
685950
4891
1699192
48691121
1140209
27943550
40629851
197215061
624234
42463773
980349
1381968
225862494
2257641
93771608
212321127
983099
2400446
37802180
1489583
1458839
7927704
13073610
16477375
4250196824
4076174
74827903
787050
1187634
4198980
761976
3889162
1935953
14154381
2489083
42471
319830290
97554
578339433
880512
1303020
8949266
4921236
919795
14546767
1309727
48794375
25291482
4851653
1488612
94384447
142404353
36963622
45595
112897576
110366006
5035030
1541313090
1475043
4241804823
679536
114047149
114786803
321322214
966910
5285036121
44637052
273892031
44158845
52131080
53274951
8141120
5394267
1466880
1668621
24172547
24305303
20408274
3167874043
470101845
88770
10295028
1093616
4211656
1567950
22270683
2728115
363926499
615024
975857816
2047950
8502120
4148575
483483
5395138470
278627821
80917714
1480666131
1851787
22714005
229121803
26838490
7615916
3914040
38139496
36479585
6314806
7489932
6719534
5127242
4240617
27707090
8784870
251598949
1212694
851562499
63508861
203542386
1339623363
45730841
1086948980
47957168
671915
29135625
30600295
37949733
6433474
167239
313923
131976439
22491595
14503929
2359314897
415455385
10786400
9378456
8064666
3334672562
955004
3967977
428746167
993460
420236172
81561864
185601521
1080282
882779667
5941175
2502801
204119
30729866
1371370
162405509
870320
652784
846163839
220641135
4984118
22585233
3792322278
5606697
69233850
1188741238
2192777090
798786
186163364
46488
548764
26018092
13201779
14891586
54624863
494906880
2250137807
207064807
51737544
373638989
964814849
747659
112298363
1795493
1087801
6140373
3348505994
5671453
169073057
42071573
1552345
79348829
2558791541
444262438
7832890
9790757
2464881
55905493
120107725
7642951
15952893
1256119591
1768045
1668730
1199412632
12516483
1919769349
388447404
3544432375
314007
139860
4988541
1348076
127663677
75481119
7179165
389574513
40861735
25193898
2986157
1739208293
2006639
19521866
276489708
11569804
4535944
2721826
40104253
192326955
3476479481
103979073
727896
12394357
5086352
75036836
142630584
8194680
1234142
55432977
989284
345407331
3739669308
10409500
805354
1578110
1045668
4250425
680922685
753812596
62884755
207124
41281167
56202515
5337378
3296323
75446698
10500383
54552377
4941131
129730658
5148695782
3087465176
1532345
844304
74972107
3434800444
1196526
22366310
3110670
30070917
51809685
762146
29355813
896140
774571382
2557338
769529495
13830635
2873131
4658189252
12655101
14637678
1820713
574556
257216055
1087099
817378
1929875320
27496020
101419226
868540798
420317283
5886154
612795
38412569
167580
1179577
2257971689
3101932
278518203
32827588
1651873998
233040775
107752689
21203569
73998123
12636811
1046448
27610519
408376022
687166
19578347
6175398
1119748
320365546
54729156
3547323
60628551
2775552
14671819
105924287
3578155883
1007896
1805714
11556901
915831620
2930001252
4810070
414239
1470178043
1371260
64380428
271250
530674483
1522883083
126918292
1231996339
6016974
606517735
6754622
639445
1285081
1177733002
945301912
1114767
167903411
644700
2996734
37361401
2576886
213717920
19134579
3735213
1283786151
4753791158
19690013
471112
3284082
1610901
58440346
16821783
1137750
1198743
11927098
2684429
11506469
80143132
404396487
29403250
776638411
9387384
961812
1427164
168008232
3379024
62481250
299840
1206130784
153181635
2169852797
1861684
6370997
1363474213
1409222866
69213108
4102328
573132185
197730
34599527
715653613
69944196
260880
1290435
3128216
12108735
748583
105012146
1122274355
357663
6350997
1644027
3474900
4160050
78679126
1870261916
6707188
178511884
94831197
10046181
231609
11103302
283577
4588541
385452
35974718
170073691
38110847
226446
2383365809
3085940
138568734
6514172
16584389
222264371
502926631
121874922
2292361822
14259134
9944856
461180481
1821138
1067093046
648516
22564479
25627720
3693624
1051956
972937230
3510602
2987611
1054818
6849084
1753195
818255
23763410
672365
23877595
429704217
6870301470
277984281
309453579
81426348
345562
1244828
136130
609402859
445558276
4965754016
47461571
5572861
33944650
111164941
962941
914760
629826674
17636515
164294
6227762735
4948659
907133626
1220976
3789375578
33543424
2893627
1819699
2812884
838004
510850780
31751582
163227848
4949678143
819201243
2899845
18120502
1497604123
5216089
570974589
731455
16911775
9984099
485064493
72971427
217830484
1194131177
135078477
36349548
53472814
321122612
29530624
536506222
14091702
1125659066
1304310570
3682066
4139712275
231851161
103476298
228346
912411
35274916
1773208
1342347342
5805621362
1032184
117137165
382877203
128341671
53560602
95289031
2159148
1836255944
55095044
1315086
3459952
1357974
1995315
141395058
3802862
6328
8499645
17071946
443485
27751698
31012596
133489465
940491
1043711732
5401889
14168861
967520
1652590
770175
868686
57927981
1375640
109868966
220537057
9309539
89914021
357983342
98130255
145961835
953487
28562686
1790768570
4798361166
20285335
11506463
6365094
1341512
9378900
4070147
2701344
423029381
8886225
1267281
16507721
2394888997
425082659
111783369
640120
35999162
309587018
1554225
393643778
674215366
4958058
37572777
84429799
6425432
201066099
81469769
40668430
1548058013
4002956
778383
1263454766
3197503
41747847
249681479
222953188
1548822780
3274785
135825
1395273
1157897308
971418
18325397
1324295
132117816
17123722
242531409
63210663
8391715
15379012
689558702
582978
564990456
10014042
63648647
366979303
11881260
1493174872
1777692755
125244725
3023059
6367448954
285310
29753268
823543
119644408
850514
34953409
76677298
1034580406
9230744
2424289
301052855
2744965
34169020
75537606
32294727
374168705
2315157
218096298
833079
723591
11841191
24325852
30187171
2057395872
446890
876642
194488824
2127506244
592735
5746598685
16186689
16881637
856845990
127958844
35835570
10782523
183903005
1224092
9902825
887407520
220006580
1701059737
292707094
6728400
10191204
146287892
2288858
2301143
64680868
55541873
1565546493
133897621
1619001420
45684204
323916433
1498126502
2895519
8773578
3759638
457208959
6717608107
22670108
118463768
3443655
1186575
283158892
2205537990
6683514
766298
16944139
938770921
8157158079
6835720
1325184
6117501195
143574263
849016
4127914
1169088923
3083873292
994865
281367548
426006574
1835596
80081114
727525
116120878
61406195
782234
21169871
191530762
1182131589
15496888
14301729
422608933
4751026
1405580
19943402
81798480
522997171
36981628
27430058
6758991
1855145384
73835391
705855032
2377759
26217433
5682200113
845038
87798203
26858814
9819662
293210
24573927
1403321686
5655009
2117726998
21001691
718896
330642166
13530164
3445073
91112212
14193849
4367359
52446467
10000473
4160961360
56474689
198478560
155224432
9995363
6062023862
27754393
482636
15731908
53910747
4402966
10645394
17316559
1401915
14626434
7968799
9048009
3503045219
23496821
7712023
19575163
4790328
13252284
97171094
80457605
32141512
1682758
124552535
2740568
55692806
1029920729
20503411
933634
4356491
472376
494118381
2103095834
886950
5800184900
3704540
472575308
1805825073
47308798
41013398
1557497047
27128895
2904049140
110214607
6994394
29566230
31577697
343069474
6563749
6434455
126747153
1863760
3614468
57275525
12444083
580773
943620
7797273
54775614
810245
525499611
36202846
925126908
481052
546885
15126763
7871921
12199787
12361138
1194723875
55200893
5824249
38952537
808080
2259324
25869252
1966875
150691801
3274055
76772724
771964684
721466220
30402245
3909576673
2474019
357602133
1571808499
2203877
1709092
129471509
1657829954
715585
1224736672
3061067242
1032126
46179962
67349433
204682933
43121149
233480636
665860
43491517
83518958
36414428
1891422
1187022259
158130331
20372998
64570835
3544573
601816036
59833790
404676233
8083858892
531187493
2952576
183368338
1654692
314591035
1937570688
4311489
884940
1060132
384102
7044424753
27147916
6679508
8069432
3925984
1060111
45257881
35527877
2502651949
1530678
241388
207780919
63969185
234348284
13556931
1774721115
739587084
928540
75328488
64692
12967375
884356
1490097
4752037
482501035
95361456
439756
63809146
2158130
759676775
7704153
8900388
10688701
12252798
283958625
150023
11359534
180450
43247916
786855
942848
9191981
234497930
590415
269319569
74702119
6423437
4620172
942381
3446904
139672
6962413
11664385
86585827
1432816
524692784
24672225
1385969
424195138
5305998337
4324961
1792560
1660120
6645330351
17275398
2107111
2217625343
8833311
90379040
4271966
28634723
257515
783144
4068187
17414731
213632270
363276810
7904823108
29639706
1385376655
16089452
44821309
26384656
54390246
1628922585
20897600
39612917
804576
203672928
315015983
11403732
1508947
32158034
40226950
21326661
3480852
101168352
46292979
480086204
1190171324
31514330
146771051
20196622
731578326
36249418
713360
21950034
121894066
4307146
6155700
119420260
5625435206
1669061126
8544739
530860212
7979288
807977066
20848795
3003862
2908501
2217404826
1125237
2114883
595653835
8983848
83424600
514803399
531897789
3010527
6990106061
26219981
4871939638
4282264
380884441
731448
8259055
942913
1835086
2320877
31334717
34545
9442562
691092
58645714
12321908
33525097
429844448
1093919
196149761
29839217
2685517
1036924215
2581528172
3273550
532292046
5281409
40298366
2253111
5344094
42363322
32891170
20651206
54540942
6272464
54303438
457394679
294414186
441257755
1063658
602688024
15659085
715671
312368
5382233211
1232828172
53099700
670585658
402791886
9914803
3777689843
1853082
22721684
654570
5650887
161669127
688998
468342
353523318
98766601
6134765
19526058
1032720
414352811
487939073
3220174
38291451
1322784
3487287
3663775
79859077
226445018
1668503634
35720
18562968
5887391
777892
2351601
149931527
1506576
3815084
135408614
7932149
525705
14125783
65203695
55112
3218043
17088130
41734439
570392
1561300
45153644
44239175
840420
1754592
1162992
1860093
69306195
1576988
340226683
1478764
1408775
16014323
42448315
2450099427
34097795
50583403
1222285
2380224
643690
798915
62062948
633828306
41268994
954784
61096639
69054217
32270778
799401668
1591020230
21293554
1111660827
83010082
4536635
48322575
840753170
89792593
2362650
1675247
432934
229551
4883797690
5815223571
4529243751
3933749
50285062
41812831
29115362
1204945
464131726
34124929
466232
1400142
30043359
810222982
1133805
1184703
1547420
195284
7802904
20209920
37195
213603944
886355097
133637086
892331
28799594
599291317
12688158
184086
175598449
860832
75592116
2214576
6575160
31598310
858326
565473738
5665206
884838
13962191
51670549
1339310
120159702
155775
138404012
1010944
50417853
576234205
715850
1306601270
14254218
96439
4994617
39543426
32364
402554281
1560180
1150722784
44919906
15683367
285220951
883491
304179480
1722500
480927308
7401389
736630
5504857
3008592
10752034
37520694
3422241
54784657
15850170
12836495
1542410
601487665
632785
1421237
35101635
36605355
80295445
781662218
1405755626
565391300
70868972
159494462
898935
331222038
17916432
394699205
10450238
391393291
2271533
175966650
15153974
40768721
68670926
1576545
7181741
55936696
2648555876
3776858
7742377
12096428
6706483
9144393
44128312
17853159
1269980
31716426
1541528400
2548907
448519701
3301730
23803130
59685536
2651838
4954550746
346850987
258266940
81872
820941
384722616
447236775
1025685
31022757
75836875
922175
1035438662
32243970
55501151
32261212
1818003
2545444
1171500
23229165
4841750
4648905
529737126
13175701
3647858
221151543
222597
2157352
494041755
7139984
6687197471
850213
1272906
11287358
1028261
1310895
57934226
4431639
30997642
692855036
110585431
205292657
50679
5968213
42185370
564915
983214
197562078
355535119
4191726
957810
508176
130534937
27989411
96053997
42045493
2443580813
2215508
1714889
58729779
6129226
1181035
365629
925195
178178302
28193884
5193121
15155053
4337295
773197708
6900571
33819166
718894752
6450760
2468561
37160
2133042550
3880467211
407875662
447604033
26269156
739206
14485982
15660991
239987498
820911
1646074
1527215
272705897
3050276
117771680
346644609
27603529
1583088
2689434
15504913
58816153
60987338
315893655
1716660
27196
1139601
2502874
22204527
10789403
2676664437
49220424
1084950
5900276
16333285
120220502
1138410
2181343
363756905
776448
968560
12395047
2295805452
22821495
41598924
1529175
1121840
21548
3762968
4679658
53761479
236108996
189575
27186432
241890920
2151043498
162966200
514263
84829214
8016875
68881437
14841
363512304
87871608
533766
4381847176
372809058
4054361
1237497128
1725504
243264
2612119
1941708
869167
1524000
179828
29581005
110290189
1057630
4925090
6444367
54777495
11077405
58938547
42609890
19777669
32277492
895066
2782129
6746116921
101876056
10856927
782525
15762909
1562463
16334527
264416205
5798694
34684570
7331559986
520389360
1486925
65586
416134950
52880891
817878986
874480
9449228
77117675
3694438
193614159
5871480
86551967
17995557
778479
1091806232
7939423
606235592
11649121
614608377
30747948
4887498
41082094
360639
34591833
65668
2378573
81699263
371070
223993
1560022
6423243
45079435
5296807
4970213
44478864
1307330
2642094
62433398
16731600
292073
13939811
93341078
148074587
5338490
849065
75023287
5826216
134917809
129057814
240555506
680494
1962730
914821
36549411
313280
904636520
285081480
2126377654
4283195
28923385
3193318389
643237365
2628193892
565682616
2613564
110982835
143949018
4425528
5082606
229005
4831035101
83106274
4794289
9619002
143185841
2811612
1965717344
49217309
7275679
421385059
2916088
353024381
68786714
123112
134861
248186069
485585572
6375616
582968
27639111
2365008
11622168
2036922
2486425606
565456
908558
5338029
10854598
360275
1277696
3884979896
811360
19283743
170500
10350123
1916397363
8718132
416848736
331047
1268594
193584454
8959308
7724146
2410821237
25926482
35888953
15687980
24978174
11578927
9898827
177044858
12917912
4961822572
5685200
401807
604713645
753156
434887123
645771230
67884028
26367951
216485955
14270212
22411174
959150
194177214
156397315
1508324
271159
20620307
3191076
159448434
1168791
120133372
1116224
36475044
85671950
13980229
1473736827
10915024
15440062
41159931
144365
22336490
118776096
657183
1524484
531171
637011253
2077698
1243150
40066936
614531924
12655158
81511566
10463293
2710179648
1727747
622221
870708298
1390103
230960428
1352484
24731642
93669290
229885345
92260260
50294462
4596266
802782
6195408
90560966
2410219
13670181
66093961
988699184
17463824
15485648
805902
57278906
3989579
20129686
4680004
461464888
548384
154222160
25091424
556919152
63875531
116189849
4976516
154709472
1093219780
513154126
31425510
22642534
308982506
744030
1592306
2521869
58170453
152099
806256
78052797
88405619
241165
3232907
3059760
316795
2610716
33867766
431388
2334873
254605930
8035882
3241666
9664292
599084
181488216
4595114
1248253482
37780103
844912
226125335
1920756
5576729813
56876214
826432
577842559
58516537
14467473
974883
5706658
4165822
1764847
2540499040
5131810
1524560
535650127
1133249
18522826
47873772
50255747
1241808930
405934180
1757238
1045910700
27649218
585750
488184083
2703738
53972688
27286194
256995826
47070440
113068365
11296669
359394152
1916310
1919799
302147772
991814
23905723
2903566
1025490
385203427
1797928
1568124818
3289679
776868
375445676
14568273
680511564
6664198
661660
50207758
6413669
9475724
338584599
32996184
58956156
3055844
1251528
540764090
794598
262314
92389772
1480809
4295742
3059962056
6206161
707256768
37829660
3553748
4266849
18120549
71530956
3200112
22536330
609249
55190003
3016793
78754532
986403006
9815076
1481256641
826362
34982407
2243349
17694702
1795150
603051
4419421245
11171032
2462501
98280689
38997850
1391170
495427147
2098374510
3875682
17766049
822838
143840
901344
9765703
103267864
62835240
11337290
975507
109762133
2787617
3395157
6993215
2532280
22376219
5725321876
6950987
22705607
347246
2975513891
1964315
1896147
15862834
89187306
20954086
24867683
113010493
1003525547
2635558
365672
62483572
1302992
235008813
36895704
241836
333883
69209249
2017084
2915432
3034752886
27235121
773798845
52290702
10700178
3179188281
1171262
15892567
1579676
7361950
645975
1115475
1937814459
12075366
1345808
16140383
10304317
358580
131841060
1034526
28251002
59476615
1172073976
1546834531
695145
1206252
8604796
19195693
2923534015
151492591
15063720
136274006
353224958
8539028
1307813511
107926633
25683212
1601362523
452304
353717
197444885
651942830
43732359
510628570
14940655
3843183
3489981840
3606363
27275815
3085657
579925091
1512376518
10185258
59615491
611561418
3667320
134292680
5406537
4896793
1638769
1148454236
58183042
26771219
85315440
1155622
2506581
16995001
39384780
107447227
4562528
9920754
155071584
44508
64760257
211960
2837422
122571415
979668
795036
478392
67793227
5313588
143839522
629469
45019779
1162108489
51077007
2921796
7649332204
30163646
26640096
3181467421
722020287
934660
13905324
319310
1575904
59950132
1717287830
3386397
1157182
2866481264
710600
119514016
386868447
1552650
105181038
1120037049
9793171
2589990
61478666
157795786
44919717
623470
3555995
86036113
10891206
1431470
1047267
2484401
566379
1292925956
3884388668
2605603
3237191
10723924
4172712
47433408
1016832
615666320
690620778
835965
259013626
6258202
845496
3101156405
55744565
11333087
3113220
17517203
4135426
597519073
7884371
67672
4234401327
16917069
124096728
1192604
11487504
563714338
1184237
14021131
962133
29438593
2619345
7760963
11546517
18242082
1999810
2375070
18994018
6485875
32759674
5221136
1095893417
15767305
22617185
6549970
672870
4195875
46132051
297804442
68701112
755184
3286115226
21278585
148635316
35456274
793710
766527
1393485
19074868
4363509
1279629
143144990
2946727
322830711
179868906
155031942
793253596
96996
378289177
557928
37148932
209453181
9362241
25264289
156573150
841430
2718957788
259763753
6827324
163067391
1251225
910020
1236510555
7591357
67337288
4569157
9925885
17155659
4595746
46944558
759737496
26822004
3690509
3454332
7258271
33301547
602576
42405679
64701278
2652980
4272644
291312640
18242026
1188914716
2168540
109544970
2802469
485934752
1413765
45579867
928353
1263864760
1239616
1378948
87179421
1283425
130772212
2082101
1973463
2002
1223250085
122358547
1870076
41566512
106011561
595428864
68332507
356105944
5279368
170768803
35067752
7778861
3211247
118206040
57777863
592960
382152
806079
6945684971
2006356
13476024
85774081
2959877
1072665
1237209
4526284
34411981
2845139
918354
2171900620
2130108
19761893
15983413
366635485
34371257
22489861
11380418
2839531
21886528
2544689
749020081
1224449
473670
971433
130111893
65722101
17869712
2428040
6857978
1375869
628603
1153316
431912
1466304
1710234
18147802
198779
14730111
4274600
2760116
4956991368
468617952
753592937
48836112
1077775
14354656
734043571
187016
121723531
233488661
10015187
3233740
87147639
1674750
2918551
8005507
1416846
20668907
2436820
473609874
5875841
128784173
10085071
64951515
4294399482
350485684
915518587
975051
1104689012
336179052
4721488
483175070
31254827
65537409
21984083
8898437
375550
1760356
2596011
1477020
24573981
61863086
751279
612804
655400997
16008364
6798112
15575882
183648392
693923595
11139693
341243190
175001839
965232
1176350
14166
871275753
1327735
22293101
399843157
161731700
145490743
17026719
4766702
1562528
27759888
922695
18206394
2457683951
2838236
342318943
7692191
2648270604
634372249
3399638
292548427
571068
119070123
83674739
2732216
11711369
17852206
9636177
2415232041
8370114
4178361
223727116
118352247
1289142820
4272963845
72378114
46230062
23625375
4780812
993000
3101590
4408908652
36135968
412398
19874259
391768112
860153
1014942
13374840
137926141
16200001
194025
47603667
128032268
14591636
26592055
94069703
1213246525
498721531
4951476
1939798
346292506
6603417
546030974
55729468
1227254
2352812
6979784500
48794
5741691
29489185
7331811
3893664883
521514
172279229
526722856
777407472
7745185
41857170
2246487453
2115984
6369849
80762686
20415036
1577814
354197006
310329
1809655
11784408
581626713
976428
748436
732193345
10782709
217716
22302218
652851
19020941
7089899
599845
28672242
949308
183602559
316593711
1179840
6686662
3079212016
69054734
69199236
1140930
150106952
34587550
521838
18392819
673035
4029463
179632
101495139
23822230
193661349
347739213
2032275
4200682
12210832
26221177
794792500
4083411533
6667119
62574302
12633687
7931465
1999806
4188743
1354449616
2148692809
240615
107366615
476989885
26199738
44347321
12859897
13904885
128177951
1459060
288068
1154321717
15881199
3471560
15849690
24774277
105859560
1769342416
3350530
106632101
21025816
1923680
16840339
1742565
667068
3030781583
2491809
5522542
260198384
1963227
2439242
277298
388015
84990088
435068
67185565
11020657
957013208
930405
4608684
7386276
8473498294
187472198
1550416
1101717
6113752
30886811
30305771
46438053
388565814
27101680
2990068415
7335966
1391187
3169775
1199092
3148944593
22027422
4611844
138666200
14752859
175101495
13620378
7176338
740190
8548705
4952844
3467728
2206323
61659118
6362037549
3415359
6221957358
105794939
20229993
39361234
1208479063
21139810
102944991
1813006
817495
434177776
21043987
1183507
3176197130
32321039
1998469
2319933
846691
83683330
1023049
2651033
69734456
252092960
4159369
936258
178441841
11998801
1915231008
18473381
46720702
842002
708736378
1559835
65033734
1654455
5805737
5275927
79766308
78676882
79308832
65955261
424655167
30047396
1573758
242584399
43353899
424592742
2770834
9953595
119220052
5267215378
3395292
1153824
7970124626
1185175
136859174
187020701
152640743
60098111
3497859758
136338361
604100
1117098
261779476
18385170
90853408
4663267
32789983
35248490
1392255
126110841
1192678026
879866
1319394244
71982382
4060444
12035536
2426169
45393297
2032878
79009200
879548946
77780660
206137673
63054603
3015891
102358118
74605758
894474
2118175
12312428
42014529
130059691
654990
12779660
599314000
2348970
308549288
7102163
641163560
9261599
153972323
961603493
8511047
1214800
1469302930
86751
166602
3847918
772208
776171737
15323252
259083886
1262219704
48400929
2583324
12589642
748875
1172938
52626194
153863545
709416
1190687192
3788675
379224232
19842733
945408
12879588
31280521
275296
3867441
325864
868075
520940
1013247
201601037
50841620
797022
2213344
22373493
1396960
617956971
568867
649476511
594852
85794595
868680
5143593
326775
834813
956125
2296142
137758
5368820
6841634715
1089540700
5804522
2019681
229339
129233623
39265986
3264748
622127462
711480
20883922
1933234404
4662999
677165
3095500
873372
60067013
2698773
68410274
7598655
34170882
334155877
283807435
783632
59834691
899256
761406
24775652
2443571
1166815631
3108457
189400432
2314460
224398
1577600
1159695
41544492
43228111
3514909727
15219266
799275
10544556
1288495
3827726
25653784
240700239
530506
4650841404
3859714
357393
1122543
188521988
662089589
26816941
858194
20952126
169688842
27044756
22624747
321346753
36575722
7095504
151811001
3579528
3020964
2424766
9537935
4006169
61326759
2432803614
328376620
5309877
1188810
67566427
35570020
123826307
2569162
5061296
68568303
24102109
9976872
3178990
16269333
2539953
459480086
25650200
18042885
3097087
588283817
1138725702
4697157
269658554
293141843
724112
363242
46939
69207350
23733218
58997540
22020919
3373788
2712776211
6740614
2321186398
193898152
1069170760
45691765
40105589
22895873
8686738
65271347
1452115
8386787
2673606
1229178206
4074245
826098
167239439
61849965
65868548
2994511
29152348
505108495
2055683573
12801058
396144727
295226603
1428221
304112590
6624691
1563485
15166326
853564
15724937
288834
92121436
1270398
54957481
28016623
46304019
3287407908
10910335
7664552
240125997
8681523
217143465
566020
434294
844464
1037327693
28744486
1205718688
5319779461
268012508
287942427
10275019
982799139
1008223812
3632367
25827941
1256836
83610837
40481479
322529160
14975514
251703489
857094
8405984288
1425839
11338124
192853428
2806308667
1325042
255296460
2947982
16540553
1004532203
10579631
7868732
265020492
47312683
24379663
581904
1272940
606271
37893062
1132191
16659247
83550064
15908814
3535922
9974219
164390
1157891
60828374
27000764
5296238
438998714
7110632
2781966
721970
236894337
776432738
673061658
17983848
744005204
35183860
14375954
133533692
19471720
8428233
128604765
362112
82131299
31850627
1159760
377980
742227436
4248761
1931447
248501
14134945
58519
3940868
2757160
2030941
6612611
166734644
1018540
170506908
1058768
69534160
2625660109
8343623
1537285
18270210
3056873305
2021923
334943425
6041072
132682919
87611337
269769
108152920
108496300
20085590
1925997
1045460
32199379
2771049
4428156708
16333259
38037938
12321820
1365603595
9786236
172380165
47480367
1086420
123103083
2885445
5715954
187144581
1062358
96228446
112480
455516
1750515
271004175
1219864
718068
361716297
732040
23743083
87225393
4687585
513518898
17335421
4849811
245684808
1504643
1578700
753548
711666
3516311
31934993
4559627027
6895726
212716124
20142589
6408890
5900413
868944590
1227824
2625921
2581954
699688302
2174216949
1415556
26019662
851136
53800001
84397298
792792
572691027
246257714
97505
2071133260
129020
2813158740
11644141
11073852
14517964
5551487
1745272646
4084627
578627
16370146
67837221
545884797
38072544
84939638
1726755
6510561
4201718699
900210
1578700
118683620
278744565
260795
4510496
2943105
6118839
340001565
5076076
938872
729733
31440741
14178590
157944214
575800879
15620505
167149247
9983087
30750
73950634
6312740
212025743
351453512
3842977
15653383
849648
967147
9129007
1150945511
690941348
917580
9519958
3090906
182637408
934672
1138644969
15957860
4386272
108964405
9828401
4586163
1321624
15893478
4577794
442035
3701502078
58945378
502633059
964249
21724986
4128466
24407610
1517577
98284076
36861209
989553405
331293142
848205479
24563037
23608542
1655673089
961628
701439
288474881
29714024
127598156
454596544
39279557
17654925
3498651
236532911
1457757
27841093
1468832
2860463
148651395
322733303
578887079
15923317
144402337
1295940
15848681
44926746
67140324
641518543
28953006
198671603
243068848
36285853
2071209629
24708850
1391360326
10348105
81152861
40371968
1686896
26139149
7201668
1360326473
513883285
10842888
98336212
92884233
1471315
2660918
905919
39256448
6168373
461547
1043375992
2568922
1706815
3359963544
62400452
1040222191
2788793535
1314048251
12119991
903178131
435237
1222147
1791532645
22208530
1252916091
3066792
342191335
1437093
41743869
34903270
12708234
269128845
4952415
6249919851
4064786
30781225
2042557
1812188
38929966
712334894
885957
576780167
984390
4932319005
512786819
4171392
1026100
451455
1455176
160775609
442525444
20151368
944856542
64167198
322369
541989
502187
1559126550
4441618
1310001
691955876
2748635
7501024
9332855
15391388
1459205039
687976220
297711588
7715054
516273626
1498672
2022982
5921613
3064012
2018010956
611156579
1026942
2064965463
2739553
586788667
2641928455
940595
1490043582
152867295
495618347
34396485
91423497
125688
11780356
77680695
103792152
84816348
76445654
1380061594
2515108
61548207
120752400
5274436935
362690036
1034400
8265287
184669871
54801044
151745343
61792190
5390049836
1537221
4934211479
2582980
26407461
314106537
5974251
393709112
945801
212413
13761385
185126627
1049570
130397686
88644956
425892710
19133248
144240649
3115432
6357142
252692968
923013974
4602303
566426982
8993776
548276272
2788175
1394102635
7267337
3569337
414009205
2158107487
57370784
25254258
2778724
1019920
23637421
2141965
664704
1744068
195133639
1594685
1188775
34857012
274783860
5965857
25696607
355395078
938951
34323709
1883375
61337
2133638
53879216
22431754
29369386
11135019
31577047
81697621
3190319
1084322
498981976
31353919
269796424
2146072
510322160
118093222
18084317
1164264
1599516654
362211080
44773108
2255779
2425254
17085643
1077245
4610558566
1237416
20119317
3975684402
1920235
668650
359174245
1844254
862757
104204002
178797464
206954828
973778
1466964
3536936
8466589
34155904
1481694794
4737324554
13724506
48687326
961263
9620921
603024
244919557
2329005
1468383
243072915
1228788732
988272
135501370
1170535279
11861956
364598
522295249
52177300
21011248
4000963337
19661854
11930587
274268155
450425
5799727
162137451
1035054
60418800
5583060
5073173
57948364
4494613
81586909
23322051
745826789
518324021
401644
813285
48982089
132828295
469890
225356135
1759495
1092260
2179583
1351741
14552
38384890
7693577570
2426019560
1078868513
1431068
527475916
3810408679
37653059
63154125
413677838
4185771947
4990878944
4613679
22961684
9526397
1559680479
2745258118
1407149
88771019
38211470
7830900
3815564
647548472
8226784
2400550
51406433
1461813
561699397
71407802
258567795
6625269
454148699
2750963367
91103716
708513
162293362
516015388
914238
87234573
15133295
108470551
56923561
5605096
2673013958
7985648
4428150762
1852393252
3193206
196176608
3023535
1114130
2921154127
12439110
996608
2921295
53956175
994259234
2022584171
827563
46908344
681505
2412466925
748907490
138657089
4038046607
14091378
1122860
102855610
763432125
21189347
5523004266
4554073
15771332
505072222
930627
1553790
1701427
75974602
9447320
11234920
12717885
10076436
305163292
462212
3288714
234404175
15569241
917892
27825492
201386334
33023835
136495141
148153656
1560243
19680375
31417615
70544544
332141142
674132
8147392
154306287
36220248
46098277
1472037408
860814
125475830
1412016
364099000
308718310
121446918
90398
79980302
100855864
3838593
232760821
19085995
177879712
6128289
118208063
2146664
2173856418
13461725
293535143
914142
4133625
297906325
443721754
1614845163
10999889
19950472
1471105362
14570597
416840045
10922516
1622106
294888911
132999928
30825051
3672759
11097203
448366909
10194248
12383372
2383563
1000649
171008
8504945
66794951
5522984
1026818
3186534
43256536
9717889
1157665
207669233
4386612695
220241466
33785587
4428568315
24002415
159845296
4536235137
859360323
20697856
271913007
3986996434
235308
769986156
8534206
10315071
1532293
397854829
159256572
62785092
44425114
1206600
1570452345
57422208
14907366
648834710
386163871
725533827
422578
29623018
84971425
8036040
50822160
148244643
1141780
36169371
148307670
70397866
952837
828124652
399659
9753799
652968
8894874
2929069
2935303315
7853377
488446025
12112768
94047284
1006213
10095563
140099508
349452
3471619
1526936136
1630848
59915668
26825238
344616
13968604
338655675
962814
804175
1802497
204697541
147320614
557124
11583426
533728878
2155802021
1743722538
131232112
1782498627
841808
4739941
18484700
10900757
15625279
1270912834
146238989
17183323
229132754
61525103
1925216775
572355
8341075
724594
747862
1604575
886600
39963182
58231935
423642
313072
934671
24197153
352635612
947583
11367174
21412377
34721078
3285216
1472966627
541413444
24827439
862420
27492162
861730
4768055
5156209
155006417
19372206
25423278
70429612
332533882
508572074
67806898
45542903
69311075
165453041
4703026248
394179569
12453405
8872231
59844130
7939242
34454756
9759751
224950
89247356
86091216
638195
118460266
5514029
2794929
1634213239
768819292
5810800
6343295949
1273854
1069884
1585262
48225
8769003
533096571
5009572
12648461
514197
3728663
1946085
4459783
118222605
350263893
11255476
112512238
1097259
107690090
30607998
275149160
3718426
59382514
6085048
3672028
1377266
2151539
665902043
8171311
821244
1091369180
221194552
1010305
4392788681
20733859
1105594
14437342
44717073
967371
42535457
196308576
15196714
73375301
6032125
4137460
1175010757
964984948
65472977
1730254
898515838
1014150
27580723
6957722
13555242
22511889
611250
11805230
55406804
145395802
50979295
27642729
997562158
7769544
435105785
29830900
8425809
432510018
4155127230
79912
13658398
3923093
32272500
787167
16084427
1475631
19096578
6303699
3371696183
1631032
7732939
133307205
6217321
53753608
16933759
10065062
3911503
1096970
1304491
126285730
140884566
887235
7135148
3702416668
6616416
8158034
2180891666
51619111
2292270507
346448631
4174408
1256448697
770889278
6440712
1267455
3018534513
262664646
616178668
16852759
4081309
7435057763
16094017
804417857
4065464289
29011688
82008945
1125271993
7896281
1084151
144587280
9824466
40011373
68176884
4237332469
218709
6579
3248054
32298595
1998539
8880461
153947786
159841
11692724
15924112
50116032
5598890
23710838
14869530
1190095242
1018575
124268962
23316217
14770748
1745320
90853548
466620
25897971
25988068
62881958
5146585
17063291
103217743
707055247
14295792
6595269194
914823
5801525
5168474
861550
2107626
7346437
4368796
1175624
934185
2224706487
31671
2237634
47680376
73109751
4519228
10858964
3668900
33666650
22909055
8034831
9962225
3822184
656644922
2269071
1449686111
7790811
3105632
51569824
10033635
25526244
1718425162
164905
5151157443
60013485
519710
67619519
16039627
2680199916
2551816
9112021
110081689
6147853
89084071
5096132
851376096
316906
3976224
1560550
516343990
56215988
67015651
6217101
2025942
2401535
1414690
128727250
1068807
44392208
889977930
780754
4408106
744907529
17892886
4639416
1551942
1868240
1027312
326876939
89184064
7860332
30037924
752632
5209495
49285263
3928224962
502229
61503831
556298590
317786422
11233582
1943615814
9604018
174762919
454858306
21155765
240111
1780425
360808756
980234667
35954103
1299792279
248900
113898949
4289744
67886
58772076
19393707
239251257
1755862446
12602531
736223604
352635430
2754014
94089812
600538
571550
3779621
734758118
80707560
22804875
9629648
65113123
784045
2938452722
49248506
685803006
84122717
130620
161765728
49595750
289535004
24652703
702585
1268955
165216730
302873141
4266158
7668329
510082
40379149
1029070
383379497
479544
1206543392
312424468
4186763794
228129124
1328596
764014852
288372
924920
95523469
3090116400
355433132
159817156
922792
109730851
5245102
908572
2248950
26081165
2552241
1115541
13595415
19081951
1896891308
8341616
1318078
6073641
77513908
232994056
16405109
1063935
1033941727
161892017
1150882
11795159
2590683256
5912428172
12065042
46265834
4082730
2789204361
4903781
70138928
4659152
282227147
2112762
304271566
125572613
60814751
609324589
712430
254149182
1026960
1977675
472370333
30746288
89876159
5076560
364500357
244769708
1470508
1157513
33361002
3141688
468780119
1328652
163464310
2574785
1736487
1485753
824444
13432192
1099704
4132868
113330861
8218082
4661165251
546706621
7290017
18141180
1192999871
148642323
46043485
20698861
1493040
4132124
112508943
3078923
24352032
782784
1224663
9522144
606954
15239833
4120867
12146787
210238458
1583982
15194954
57980738
55299603
316280
2408611
2515243874
770895
267852883
277914384
24801561
232747426
1389801379
1123255
34492669
258449372
21064580
2233555
62321295
506601
3483106
506679031
42665983
19812830
2704544
11372
161830484
1139266
3865950
1217612224
33705294
3839165
4922057
23193572
5701873214
786020
3152811
137985
1423366
2497147530
8338806
77672347
3194765
179720727
113034601
1552950207
502123203
16347843
2088900
5920519099
2428494
1328570192
242046
12738461
866301
6477239
1022040
7524903
93593719
1135212
14943196
3077301032
3281584363
1342318764
4524660
20179862
1219751421
14786897
2101096
100275324
8163141
2894954784
231828320
8524177
66200563
339246
294655
13854577
51539536
75653617
624866596
3045396
245464181
766979751
66837533
8549813
86985916
10346845
31920185
527517839
19704383
138493919
514338
3313111
631179
433972979
150024
6261485
264976323
84037297
1160391
1264871276
770922145
319311033
1038128173
127465594
54662576
1701634380
142594581
21886784
18208819
277970
1633230
1809913698
642390
603612
17479889
88522608
8772
5124323
1575072
3703363
181853
16875804
18633286
12551122
231517909
252694
296790
3012825
113905721
82734788
3218951
2903566
1114992
28407638
2700568
581501966
1607319915
2993753
1688162
202770
72451691
3216991177
371264994
28627882
155261416
4717765
38524848
108912286
374012094
993478
2628109994
21875514
1214662
1279539565
1559895
14457913
3141156
34429876
27952288
1415244
378015146
814306
5535096570
710921571
50932408
530331616
3677371007
2903472
1050159
2585342985
45167049
2430962
135307680
25572179
87016912
40512717
1189206186
304421791
20983883
67053868
4083181
279074310
2626501
1189106980
554178142
3106232
80350
822734209
3320027
22066848
99496969
4746703
981172429
433908217
935850
683680
565586957
1631334152
92269592
3927835
1697137
18930922
245780257
1019507560
1765610
60695582
131691698
16062021
34522745
456388298
2526373706
2036411
1124
3712663
391470087
1850671
564821592
3675696
204410318
303895057
1004218650
6284921
2715880
2069584
698414308
245617
54101264
322844514
25573556
7010273
93580200
1594483
1075983
12041656
2121211588
14907173
71299940
2229744
1297219
15034664
34127842
165942694
48802407
8355743
203403151
11274933
1328955
880038
951959317
6044943
774765
83204024
8480789448
5844433
1267434
110663800
193007415
9990775
3727164360
2360283694
95332630
22267537
4104701504
4314565625
1027769
256030983
644462
280115
88309698
949075799
28493929
2191436
239615593
510479140
184410838
709866780
14098364
62809047
52433775
40783725
1227652
694962566
73894254
2611726
27008993
758705581
163238801
101413203
893813046
11296150
628751
22492376
264853812
941187
220429363
4793322648
2893114737
3725894
340789946
1057315
72328859
2326406
1037829505
384646256
6210602
132064863
4972604654
33573097
95582327
2467030
13417360
2723478978
997551
2258087
10086449
2708010
1599080
66649942
275268
305973490
162861144
7047448956
28084792
102571013
320621807
33148263
1627570
40928974
2911662164
2084481
174047728
1509151
182273593
1236633
95961395
408858
307354
599053
30925126
31293817
1162599
7401676
35407363
7408672
617154301
492092
1206334
6297210
113778579
341821586
3065491553
836226979
3703811131
1717335950
524606970
86101580
638732676
143606068
780197
1364450
43936761
4135712351
1111625
713529
753999
4288020
93088612
1983538
643785
35314612
2024961214
1261350
947702
62148449
2579234079
1377930
7936047
3955501
1293992
135890925
62012140
94082408
69104339
18807521
25859802
375201
12915030
57907541
74388421
1730254629
930441290
204196299
1508839289
459384269
695537
2808573
92509104
54568618
584667
1705158504
1009575
178419942
86339316
6507329
588890
268128470
6373424421
62005176
26432537
18877297
28124073
1283112
828756
2151217
3592181
69104418
183394709
37964635
1703673
433445403
115862307
144749469
1238578
20211274
996188
96117325
11576408
760743
34989986
38208929
118710
19280669
36137762
40611307
1365741264
200999577
91771765
139617023
236616017
2790242
19291730
7999214
975546
361595754
43154484
871915
5784655
1171614682
852966017
9495368
3621814
13906821
5803156
4539513
7144657774
350912794
5330822
2061190
15976810
2320746763
3609353
14513169
6222253
2887548
372974
3092885793
47763527
15006478
348153041
455310431
1484865
39610366
2062170169
2937578
12767704
4577029
3473384
704078676
444930410
1354971753
129145
1948751
1317596
197701
77846529
35328502
10628263
146802871
1386651436
15189122
703179
1157960
53025830
125244759
86590165
2369081
180826076
2130049585
5371181787
376260292
136365023
68386893
709888
770410600
41307535
6771529
52354734
11698698
10461017
93700
1171229
312557999
383680
6554811
268991271
84582490
39396759
2203601
89852965
1622827303
23216443
1304490
1406206858
17414373
2726325
477050
189156
146726195
934241428
5353808
123081062
5326575
26474773
4806068
548265
141835815
203145
382191
2885344
6950320
1916193
44653758
35565238
281701
4740166
677065512
17769303
3828826
33992382
691006221
36029263
101745008
809031
66123857
13945669
27864491
854513197
9614457
1602097
26503142
512762439
106870156
11150293
298836102
13354349
1437770
4623349
4962655
1253563
1280828
1002609
1891641
575054
22868737
371070
179592012
9148479
8756643
399830
1373150
1793961
4872478937
654636
1188525
109178594
133363116
15336090
260700
212612271
109396094
63957209
188930
76786774
70038732
13328730
1835389
380486922
1350700
6590384
8900515
10813648
1495240
486097302
851858855
25790707
3741887
2780637371
504597794
607040
68950611
274286656
23304717
26553910
457217697
32479716
3778076600
3880527
3607599373
3204806
2508233
103278217
1782788
34238837
1241807
1441754725
6355488
11968377
878106217
15219192
16874563
990400
2368797761
41798788
9121676
4125489
929636
948005
6852024
6585966
122693599
5221542
527595
24585644
49907915
4709229
4915991381
13651885
3348837192
85765633
1359683
848584549
40166750
9005206
401245851
1032957
1002102
14490369
1128752
15288904
2774485
319500
1064352
388983
539420285
35559662
658604488
17852197
120579004
21517728
1499173
79250292
45966810
869322
1362159
40423945
1036925
163701837
344256749
2537077948
3508670969
5665855
1577000
13021176
216144845
1872081098
731520
1296358
488052
47692712
522232
905292
12115436
13307906
434544156
1163925506
405026589
62236604
618488
2378861
53972075
8546554
869142
40536052
4159029
132763404
1003104
1037193613
437967915
18348958
6486980
1199588
2448556
75437401
17095073
21997662
8596691
1976733299
13494283
133114958
4163604
69483589
254851557
7562263
2572504
46197665
1489006490
918294
1374843936
2745762
1530919213
19050929
450208169
41959668
9294396988
991128
15078711
16371467
9494990
23443418
34595296
1026165233
15256118
14794109
1447643
361575903
639954
32822952
33691806
5499478265
202221
2739501278
15144581
1050738
35487961
15929827
815166
2578132
138386107
2603783
2133353
2632846422
32362257
49926276
2952250959
40449938
75846338
8470548
3805784
122998525
4154187
1004213673
844795632
1081774068
56855834
258208622
223617
17789248
1431375
1091741
1297824118
757510
4465089152
4665513589
4667453
12069500
3821797
128656678
131155037
45035082
432972
3367566
981827543
105641
1154101
473289
869948096
113040268
536703
815370
469657183
2683428896
32264404
44600502
1550225
949584
5990714
133140
5076204
7573269
964430
241772851
196608
631071
5935766
253595600
312528722
3180126538
2698364
379292335
5812656
87422155
865515
18299307
1152765
102810150
700665669
9906065
22582076
527133534
2227187589
30556386
33582546
7063055
92613525
142967505
659796279
54354983
790899
1797742380
846835
447695
14723374
345278215
130864840
10956078
5179872
637189
22331851
7405562
918176
9643533
980457
475410
4788750078
80218432
515319229
37364100
8314118
326330968
22531284
1095395
19344743
161232397
2156687
1642722794
59355146
84904269
3151846
189378350
8491757
50101912
3034230323
5842083
304784314
1515997618
1659061
508407
139629020
19885327
55690572
929146095
826844675
1509095
311078458
11936857
783156
32980127
1935455714
70575841
618125
3299370
2024438
2455353458
859285
7300266254
1239560
2354140
185284413
2273832
4234371
599433
577636749
149940
189714093
12143652
3937724
421770
3779508
30548656
1622611838
27356818
527250
36645131
8059882
429867
5462502
1166275
13439354
111570827
1036644
505421164
3334181830
2105688
196854
802912
7090161
108419531
1386446610
12078879
1186915812
215474573
44392296
34428152
433207344
3952313
1371703692
1455795
4934229
5046115997
67101811
4649023
5961232
3232048
8753312131
549310
20259074
2863319
6994659
744276
1012795
2668514
7295626
35510490
11497725
2036867630
13435203
262365465
17835238
1048441
14993935
1150461
2140457
802087909
340210526
558891945
2069803
5228171
2629650
975455
2288783
2655373960
21839711
6303410
920840
26102721
19233258
2270686715
6999031
588100941
12964447
239602441
1108251
4643850
3018640
8454207
1425282460
225669958
60648660
25132634
12921960
550968
2235813
555423526
27713431
156250279
930200
1253890
190897726
221465934
3248309
107602378
20462939
25580712
3142569888
784874
331084740
260449449
3359628161
1231500
50856
2596539
226237288
7749031
188857676
3180059
2631475
211624985
2864060
5104774624
996611259
1717371
3567304
579955
12168301
967916
563792160
922851488
23427092
669282215
69287162
1771009
546375
74590265
28083475
74668793
13452875
740694
27790368
2691323
3400564627
245493944
4833508867
361249571
99974687
646184506
3397219
50370640
938182
2359926
12678111
76801439
1133740
784473
1838487
4110198
34262257
782386
1018761
80986509
10761885
1184005
29315
830212
713385
686938
2141438
1059059178
1231998
3150696
976374
313336213
848958
4167259
42316085
125324133
413114015
1177755181
1127906
3790472
1434597
194124
3905053
8158495
2313808
1585749
6913525
1167255
71419261
4971042975
733822530
810798
49345691
194132317
1134555
2535862
23907501
734520
10592620
92871389
886944
1153110
726510
1131840
2398310639
265882670
842592
4069239
13148532
2274792
1271005
1210009
208200403
4033363
277690475
2227230
1461066
2946442955
421618161
434848
3034166
76044493
3629647701
1634311
63823731
40535172
21328380
1356372
2038596
39172860
867452
19147897
101152778
4305773
1968547
118232008
1275862179
1002498
1127320
345180
33263413
129916836
43135596
76022079
2418663
48195652
3129438
3896189
4580229764
4904234112
807519202
488277346
169748102
3655970
3112953
6951052
80110242
33667865
4229808779
643504601
1518006292
3851381
318442553
8414677
120232021
174411286
2354507
1015833
6335080
3580145
8926193
2413970
2011583
17153469
1203932
687491598
102344022
371592699
61541
2985255
8969275
1250265
22428912
3301974
4313872010
12307473
283368676
1664102
92263385
10386228
3647733
1817569
1117818
468053704
1024433955
16654646
5652967
1516494
93558128
4034336
386889924
645760063
806886
25082341
2346715283
63724803
73381231
490640740
2326516342
2245611366
96395975
5740584680
1517665
470159
3097296331
40034326
2573857
140372444
6262271
2072021
199814036
185944981
666239
6748232
15088
36473062
1204899539
110535134
147242702
596820
17032462
1243350
28067657
7007105
27685528
2298981
3732044
6063026482
373825469
2367248
27411663
913902
1073657
2159677
5755214
292864400
1246224
2457572
44521536
13250416
53714389
1097937
1145208
725803263
820539
884454038
1278651768
11775424
4753742
187591010
46836730
4399435
14357464
1052960
378359
599326433
235243785
193444727
1709734
91290880
1124487039
208017
2405462
1618973067
1645430246
86997716
261603089
29620895
12814211
343710638
28242831
1481906
13148348
1528911520
1684141318
13334965
157705616
173754666
194983457
4934783
1557147
25698615
21999402
3119587109
972928915
558466686
1460836
3353028349
3605537681
11841750
816843955
4622254204
533355
41210
1314714
25093129
1902432097
4389301
5235779
1084420
5919229172
5905410
2401245
32558290
9172871
900340
1116733
9878060
1679965
27582299
7562711
31056704
45144347
8059901
2740639
335898077
6445606321
1299336
616276752
1969365345
28837903
216233308
5280979
1264555419
997353
244367161
1958088
521908723
2729675
897404
2951191
921861
680198009
17079180
12747649
18851020
72027234
3655754
2468780592
147250175
7008241
128526350
1117592
445656101
43847563
337535729
65414248
17144962
4702998
24004267
3187821
3395395
11195346
8662613
452404874
8191896
9144287
22852563
1018043
1679634
2683772
178031055
2026268
693959965
271299684
183396808
1406092633
8255096
13613447
1906006
2631409
16509707
50545089
32228364
66918088
658882449
933849544
2367500
213766
3265794659
40781689
844815399
3479437
1628673300
467495
3519400399
17747558
12873235
159276001
27420319
93048248
16344429
136712
52709282
16748711
854880
33500952
18799376
9560559
1114978046
1559597996
1049200
725764710
1134002
3856873449
1421865
972517
1508879457
130586276
23537859
28069364
821348764
123424
1226015
2757233
3119260717
882776
461371287
14820126
8890686388
2964329
2197109140
78982780
725620922
175580
1490586005
20123497
2357250
33759732
26573011
654081
1545800
9650748
34793718
2754946
258149670
1129010
433499186
158065537
842700
16189560
23008115
2750302
902549123
209927683
3199194
820024
36139634
24060580
1210752767
16742943
33139089
8810503733
156416180
898752
23025744
2816691
2929219
127051922
16605632
2476383
447121013
17022471
251802
786864
3884483
3208973
156683102
75374893
4756940
1423391536
971386
9892132
15405916
115959347
8922060
10322418
665964
124393134
11968553
271989652
12936882
407084889
642260
115260815
189120122
341320555
5003033761
81328595
59585771
3001419703
139534723
3148306
3011842
76238919
18040179
34878992
12626017
28468037
2600422
3449260
312686783
276831653
145013613
535455
237107797
7056245
491488798
223760
417525918
5635649
286372606
5092864
12764059
907011
258469288
178525457
2265537469
764964422
6532152
32140025
1803828
15500309
2239144442
812187555
25125
4649958174
8831958
46767475
137885566
626175
5425483
8637223
4750912
788615589
3012206871
2066324
1204651
930856
2429691
231213135
249104073
23787544
41229059
238463093
2814952
22606475
7347552698
3275503
87283423
326550
828776
102330025
14759646
4730848329
4662052376
11373497
761394218
2965796
232602123
738490293
12775053
1414712
1459713616
3260421
55943851
80096
4360428545
43177984
97093829
1204096404
30186057
1484210
35369839
278213
2023630
11201679
6212411418
7597323
531681
167090
112778173
17699859
7657741
3536505
358731764
29968218
446431623
1002001
1488859
424102608
1092462
630126372
3180627
48426695
14311327
983038
14082272
564011
6011191
87780392
2698928
207933935
4311012
919974
1761310
1593172
5724641
2108925
30330612
1309222
761214031
2224315
47861407
2983058
1309725
16463436
28647881
6857961
28647705
49330039
7196048
6225153
137032494
19745193
2399199852
3166125616
70836435
363835
1772865638
177167793
750771
1724421
229740651
1521727
148313196
7559486
1815525
190739497
870628
54661728
2679859481
3488002970
2811666
17970877
6252331
6464898
129765906
15578423
19922383
26543793
3301132157
991211663
8008303
83018278
11133868
2964350
790318
961332
368156622
252905860
1763398
62209428
4550367
12572753
1289872
2501328
113010018
30225960
34682401
476777
3203550
355872205
24313622
210544
412451672
13036181
75550346
1544985
899104
29925180
12458221
3189590046
705530
567122473
38601709
1491917
3162697
4514058
3109203
6898322
69493759
182251615
396740143
27737217
362768499
7672067
1132845
74033079
290128961
9218566
6077988
1484805030
1037875756
552145
4976594
704342
2049425
96169067
712458476
122293182
140460733
68976392
727953685
34548262
23059854
62304010
15986401
26448080
50393382
21108916
911693523
1142526881
4102250056
1123945404
2163425
17640972
13809618
1660855
249613443
1037943
224245680
10213548
17545631
675567
1847849
1949202908
1969774
127209
889220
291779576
1396928
441565
1493350063
32393489
6855700
3507117
3679428690
470697039
1469644
2076150264
5132192
847095
3510985
14821218
5611372
1483152174
186660653
4153581942
958918
281404636
143748916
930990211
4676845
27606365
495254
22930137
332225
2872739593
411416358
311102704
1684633
2800879
1568703
284124410
487855020
9147071
15912468
74553
3662611
159817386
12641939
623558962
1026976645
138718056
2193095738
63407598
899416965
5609264
1021535
4262401
12618963
2777968
886140
11638407
1040975
3797170
1017783
18510823
311451
1671693
6518564
961870
624793
1420029
730858463
92328404
51449549
13370827
1172400
107824436
1893164
1420167
30612682
3267036476
1106424
773254
455016
8562754
1521387
943167737
134285232
93925
703892
747395220
669246
97313927
3301214
223026109
438048
577338788
155090350
80795625
1179676460
1852062905
100287875
15407511
3655974
1379680540
226590
3444151
28361906
270292408
7979721
86846044
11917278
263059
1435005
1024170
104348055
1153581
585877774
6606545
40984667
37939249
28429161
556919288
115947573
4827953
686287
90683762
2976845
920452
1155392
57943335
1445900
229075034
48962859
46453209
2060860574
970875044
20280821
228691502
188203742
74064989
727052265
266912114
330837
17800627
1152156
1313775
37877936
213640
472764030
1491195
548973758
3825622
269846859
37218
1349840664
15657838
2473050263
4338587
6473292
913740
695413601
520587288
85958776
597329
932618
14684612
924966
1421121
138368871
9237330
986743205
979143640
4790442
1454135102
685484008
258074844
825205
12322808
4196442
1548705
24976929
151698275
1700420
23479382
59935123
12178355
1621512381
9772015
3518182
1039416
5862612
6403776553
243246912
4577825
971865
9466521
19107488
893992
536330769
12564368
1641930461
5899005
2364749
615823
1702337
736605
195326
13482958
48565945
154844039
107405427
8434124745
553785214
249406155
71176520
82577559
714620
7846155
283804519
10271288
531780624
1152040
957168
38955529
176270997
376700
652376
974945405
2372775612
74825207
688758
1344541100
1162215617
8358229
249221467
41930
14349283
918407424
1172243
688677
49455702
6774878
89000294
6987431541
1304869
1172511
2932817
648837
4880823
2847647
539963637
919296
414455953
16168316
2077375409
2393774882
120314
43999894
157020077
959983445
2454055
1019386490
3835308
553464887
2767500
10023947
899259169
1403774
362534
1307395
1028876815
3142779
1023555
1210072
974052
43280177
228184680
29224151
25399134
205255725
10605373
4478756
8503603
7168047
19526332
1204512
109907448
1412675
841046
1156106222
28011071
21054113
9081278
1062531
11535138
2862441
1089800584
126976
24814907
9072640
1725315286
5599412431
68112722
7613060
35606935
1239373073
42576903
68991648
7607222
1117125
403943687
949464
29715303
36743777
170349394
11706376
8280875391
235956622
79350499
2130736
365168569
19376756
9129714
1582302727
90701275
641732
8857294
102874227
11444429
3411852
723128343
1803855756
4293026
1552666
810877248
684019807
18668235
1096275
111722442
1054936552
6457290
893614686
83214990
6226865
925718
31104371
10726373
75722542
33779361
40144107
690611748
754287113
174948482
1617980
2136113
1877351596
60611660
143005054
1037220
1432415731
47176115
200676015
10251002
21391217
3372291
127167899
141233905
2448859632
3871770
17482039
25249527
5101552
1081360
291390787
12386696
45423234
1341932
84735820
3633879
3282250
33021908
1202187
2836568
5139032
13066835
333312
550969970
5195176
256363752
28705548
33108260
1248735
44020024
23999091
5698556
129094524
215353174
199034931
1588894
5894630
9838232
3619188
60339220
556509241
359701822
1599175296
336294269
751138
2001726
619902809
1663717
55961326
20077923
740367
3192311
3395863
66243338
355303792
72147041
17983628
1929915
40056405
321604692
131318685
457358080
1813753
25737236
35805877
44614378
1237415449
3448110
291095196
450718730
311474
1683723145
12708667
554883796
852137468
23577312
972777
108054322
306406267
1051134
805983
659778
378276
4702261
1917280
176458
90940978
346677
2600314
6142115
42453764
27723973
472553152
1365999508
122617
4510318762
140338658
4645810147
2087288268
674066000
1824274
17521928
2469176
1687220
6343103
1279224
957744
5882708
377279455
317408276
96414436
28647439
2402598
3868076805
702831920
34165086
33588
113503840
200112268
80781962
1400634
792960
4238746
2125700
9828857
1177719
573926252
34974017
759120
2868151531
212254729
631758
11898432
577221
282098350
1091662
1144712
25007350
1256467
30194587
329504539
264168
594020
4952903
8693509
4027055
6954200
48319750
1005453
982210659
77401996
453661840
31247017
160948037
15368343
358574564
537748476
5012492
84998070
37779553
1097002
2545143
25953934
9504757
108446503
981036
9030712
9978371
364002738
39598417
943580030
73955
384400
1813890852
82161968
4330611
13386617
291864
5585729
36282049
79438008
52450346
2645019
232843040
2089193132
237326360
2460194
11378020
297145
10270997
7315644
669266
40427765
55156542
1007244
492326881
1269098
95762199
1936005
916491
10550001
1255263
444875877
93641015
7417561
3720486798
61135055
8868240
1480281
12763389
3339868
5485466
3991732596
1577152
230342384
24757453
14874
1780597
3402218
191881101
2978625
1689116
936547
282753474
487035546
5372040
8169773881
9310498
282238605
15688718
598081
109860
346351997
1593767
14293029
1648856580
597873878
439257801
30764408
140141933
474981
1105635
1324050
274047
661427
3459946902
30139032
2194335
231715533
53330384
7008920
12638991
825324
8258898
41311880
112484381
3578403
1474980
1201888
36074444
2197773
300782560
7667593
192568866
12061733
10009143
7991019
574493174
9307434
3082766
236691648
42151617
198016901
159296536
408035263
855908365
952632
22359750
633246854
789755323
5975006
2233930998
361033594
46836020
8374888
344906269
462296857
7213272
30994323
173733
755769450
1130109
1577823
372297176
644888
591670634
1094505799
72984490
872326
8533859
1290104
854841
1194033738
121185071
124262507
130060891
732860
473186
221846427
30021727
38462105
950814
14417933
1620053151
14633885
2279882
73260
2758338
294543224
109320830
18537318
526468045
4600708213
262835061
468978393
2891161
1005468
697794
171148875
1283462
4272982
113582
13842612
3236081
313999602
783316
434534754
5467181
2676730415
8258190
44905233
222496749
327764
12445
1544450
2445950
437210505
3568025
18533286
19123334
134567711
128164511
652500193
88884320
34975107
394561435
2339552339
8210367
8715450
1044888
256324530
138257886
789380
67273556
724807248
588823549
36964249
196694855
13166
33622544
14304505
9297710
283478196
17424585
1854219223
36675245
825328
262152409
15258830
5650000
17729747
41895188
1276534
45100567
20895382
5733199
316751135
276405081
4107386442
9962812
81978151
44869458
2171960
466812
501063943
645710
104723754
51448006
53792527
6280088
73656869
6764709
3246914
3728781403
247752397
85976126
36733660
11298662
31952715
3126474972
91216999
3196356
109174376
87676434
7689093
10497334
1030494
355470
8540610
199317399
49809678
10438289
19016294
3215165
2177875
4600204
2048560
603913252
9622401
6152714
11573889
87133362
19728390
43221817
1843641688
172844
284336541
62760187
1881031955
1569190
911660
54318944
12782748
1784678
491846294
36915334
405473528
4137166
6577307
6918246
114183726
1140627
1093982523
30671483
11205527
4473448
2226048
3556530
1273760
18115503
803420
27516764
3529460
44637950
1424132
22615353
1089657
8905149
21267167
225330693
3823866852
82724565
369917629
626010
18555406
830601
3499057
1825650647
75454874
18201727
44329457
403360599
13138126
380573994
88338257
109670397
1722347
41480673
153704017
32585283
1086525
6584308
183378025
2162041770
44317435
35702452
1841442
2366509
918296
731475
26509948
34989943
63987405
2245059
435354391
182713731
231907997
56970291
1441719
495004
410821373
2221389333
14967319
42699945
2224913514
54492179
640001
293806231
424835995
589930587
939890
3104997979
2742366
2972774
1998735089
93639763
6289740034
54548922
138160733
54729445
19365124
1330595
115948430
1178307
235807304
35768238
515968999
20663940
159586438
52155083
1216015
1993005
21992509
5857220
722178
778436142
361357224
31794471
488195
249847352
3210051
68129351
1964315
11728868
5164862
3209063
32306272
590927006
6380127
4040129385
247428119
18879884
100652487
600985020
119960292
2026453
72530933
116546224
898710
56955568
104245818
904704
46275869
3834784116
62321160
136485838
13162275
1584242
80328290
1919264619
660810967
1261778110
25809536
93021097
797909417
133638604
8747279751
2396150
766360
1059955
701529
1062925
25752409
2466073
2806204
867053
5007925
1656826035
1007431765
4293507
89591425
111726881
43391916
21524446
516741008
1891820
121883160
851496
71277719
89246144
75991435
2302440
185623
605300
245072
319289870
718827
13550
2277496
2406426396
844781
91255244
27420612
86621939
457360375
56030
970881
9153244
1220995
708819
49840930
778005
634148274
693045
132248695
4510893830
1254285
53595222
4189591
1513807760
1126905445
101584931
21357841
34760209
4040108
84490656
643436902
13483
13623146
599646243
475504099
80196
12577011
732900
61817177
22230297
2355003
83241402
319017
2542817735
709212140
92550078
505096211
34830031
5810433
16876178
496892183
992288739
3659731523
33961709
41303081
6424803
207116
25453052
217014
3030755
1034938718
1282746027
1123995
119608208
19918689
2276036080
1870843570
117457660
36765990
551932
802128
274622
1813548
1797395
4765017
85914
15794194
4808395375
1307621809
666440
52938990
26308441
948672
15545957
398148110
1072640
336800418
1160580731
31756474
38926
227235720
958056
608404214
4701764
8159091
4808425
95838637
4695810
5129426
237513
1529671
15611979
10999551
1394201
14064388
31298944
795534
1968220426
20272378
875516487
59159429
32622862
292013153
186358101
8392218
986510
45472692
913016
1137718
26218590
727531794
1585665491
15410620
409428650
118361880
6046599
196460340
67787605
15456754
38207206
779228864
1684555460
2254948
2755786
12908003
3605167
11872142
152680283
215619025
900543
709703368
20638996
4720399
176320414
353207062
41052519
2258446
1463538893
3806804
8896064
6663170
1635410
72246985
134021
12660025
30547409
730042776
1102893847
1147538
62913193
572176203
503338642
4070055
426291
1079822
302792
1114590
12156447
395467629
10057001
54877138
2169782498
801251851
76762358
417354824
153645
182357166
173333915
49076167
452106379
6076663
250667
4161625
6613456
9063101
1658462
182749464
54863523
326049119
112616193
35130542
264419945
3965454
199785512
11613141
3546181034
927844
18270538
1471924
16401315
2406917
335102825
907368
1751106
1622140
15943801
2644224
348758929
248803984
771743
1894501
3337613
664636410
284164
768367282
2696400
12739243
36989030
532026
432311
2731720
7567992
59237201
11885824
4110405950
16169035
402546864
387677777
34510212
10047511
764655
4223000
8263611
14928155
339372
1161033
11223226
1277754
1197654
27184989
16074836
3214906
39522192
41245216
32247506
1175874
607328
1207122721
13355487
382053
451968531
101494188
139997
13563546
57911019
3822994
15504735
26681031
140866857
1613129
1115430
16145417
17324482
1319539592
5896260
3681558
22619266
826386
644067093
43800350
918434936
426382
91219724
215082
194314764
1372883
21316347
911245
45052098
445105
1572820
1287685
3663580
49723545
28149650
865892700
426517150
109602645
186315805
351499906
1004130
1675515
192283142
105734992
12140990
2945727
109345576
6083198
584542
289596117
3860235
82082715
299682582
106152642
549895573
1234745
1097411
5054464263
6517381768
15704881
1085384
444650
13582318
20887230
1080057132
182197483
1508546823
76121311
143305585
3688278
561912203
33759804
11386935
782433
797643
3811305
20735315
9462331
14451881
231248
1647072
1207395
11572028
282902025
1199175233
3068993
4779328
6041146
8686310
1587080231
94192088
347868
688294
63762744
17192000
193697819
2491056064
15436518
5242146310
778485
1283331
26512945
6545503287
281743079
12934089
8770553
741192
111677
2721953
35807167
88305653
64544970
122981022
668856017
119850705
968751252
23168676
7652754
18252647
771650240
940774
1625030
2397045927
54787071
2623671
7796791
230304575
18929021
1640046
1345648
1973928180
178200971
2889543704
52395562
328978375
19264582
952480
491576101
472054233
10319951
10747102
4984862
1127172726
389383431
730395
25896244
305612384
8657271
5002636
1847169
356733665
127952451
920129
121175293
1057217
14557645
1629667
476033
2968238
5759993
28268495
4224202
3454958
178154365
89023699
2699892
1403616
1825057
15342654
3296345
13993253
1152762
8385800
358275341
5241282
10097418
2242866555
1010275
2119026
9173077
141823302
1324926
121719644
438219
13808185
924139489
6125869
1175610
308937708
3040710
7880605
774658217
559320
6603433
6535557
4820827
1345063
18812952
435279852
323893332
33686005
4829452849
114653961
4384818
38498029
40480495
1144731
10418148
1197294
171472536
1176204
1326384871
16865761
802299
307062352
684510391
8174863
245928
7704445289
30296602
174488437
70658869
70019555
1370915
2657666
5552578067
863136
150935452
38477730
205210164
391119
2108315
9312388
63533346
1930861459
3600891974
22482328
1003241303
1224
4380448209
12844098
13328921
80403328
10783799
10395875
6515765
14325743
155159029
2194465
1113500
1813382731
7711121356
471982976
339055
120531994
1084666
1217488
5587110
1069648
29416916
2826131
386077037
2309772
1148329
258984
31132576
10913012
102412447
4481403
412325
367328758
33692047
4165964
9961383
5663741
1139984149
1215755
327076237
16803519
112246836
33064936
1301871
6626144041
1800256
648533810
3806775
7848020
14019152
1962961
23362551
591279750
184024930
2428980901
5037332
58790570
2782343
34413010
15358941
7601600904
32932918
1322370
1011873842
3508356457
1866100
18570755
405773
2045892
4558181
498917364
642125
175200446
1695612
794758
359924221
61780722
23883016
365895875
9990750
5996000665
2149897147
110206709
8744279
893610
331661858
196388
331185841
91198651
61250635
80294621
961110
17237676
13109525
1119532120
39228
9744731
67830
365802
80972402
5270786
2489878
12209238
1587642
26821573
722760
7330105
46591713
106990659
1071825
80093841
2139144
918981
4026319751
3595689
5302127659
27698661
2958670
4622581
5231123257
1320175
15701697
12469927
116411635
416555999
7114794
4749012
256222598
23709408
97694599
12623290
97305557
172919640
141185966
96351476
619136
19500249
3911340
798910
1410296
222077646
842803
11254961
385062892
948226
700284
1055105
2473874
8270083
249880765
3225586
1580270
643292
1211146
981760
55941415
32189149
23283858
876197250
3481434
304610
802525
1648995
11694761
14409612
1119424
16398920
6159889
888145
14778680
876372
2068418998
352000
1397039
4741181
14289588
26433554
86548712
81411661
2540466
2056483
67120976
18488328
1139588
39467691
2613830808
80309176
655368151
953124007
960253344
75801273
3231784
4915754
12381380
1840184
9936480
5371252868
1176139769
4076685
1557635
7829953191
188611854
607343
1840854833
1874310808
958412
1049477
3350350
50705342
111290985
288990
766030858
8265052
5426901
130402426
73181457
7589342
1107813
987006216
18028117
270455
871035
1819553
2027854
8558403552
1118367
44569992
6076029
79612614
608941913
6023099
1741055371
20622097
897412
1118156836
3636224
376935137
56916040
941355
12141759
170319757
591989644
427544228
12487343
2749453
1327925517
7378984
119664576
3580621
12603045
143637770
98766429
1527673
2614001
56635617
1816540
311860228
8541241
567474
2817807
2647767
11338334
3427238
22947760
3552457
45983377
1044946
4003619
337104113
9645641
6294614
3064216
5194984
306552
67950033
6871687
2242137160
9359301
8454453816
6420672
2719079092
3499276
658398
707472
45425965
51426950
1405600
830515
519338402
363756
59369574
1621025
2968342
19808669
39596389
405691168
2563345
41880052
232996895
732326
78060410
1233282164
909208
874191314
2349363226
11840687
7951108
832759252
113985917
3379261
108770738
8468301
12856573
8302604511
729764
38427
1002042
9959453
21709246
5073291
92016905
2839452825
20850569
2887733314
220139133
4430214
1336104
97163548
18813833
2236494
2707177
15196499
50559089
105351066
4976894
555140
2308493911
712904
1828799
201560214
12478693
1128993
52948888
981704
11982466
207160055
5637446
43160318
40097755
6437249
778899
144902970
1791020
643435
208457509
477571399
1689775415
181963
336005481
9430474
2853877
1442869098
6885157
986828
744114
1316326340
3518319
92316196
29719941
9561143
537502504
498728388
42256470
32858689
3597053
607781999
58919721
751706
1033326
517512
37353387
1947400
18388589
79157505
292716679
1184159985
41751163
1359900
43734968
17826667
3651230
2196411
103138104
98365809
4355619
813403357
1084136
14310041
37466449
9600666
3021109
80435647
2999271768
56165
21391109
9326483
48363126
9405070
2359537824
226412514
334132143
51389510
223539453
13660
110194284
851602611
251288488
6824886524
6206082
65912982
135144799
1209074
757376
34272970
980501
755603563
39481461
990815
5028939
120096543
9631360
24046179
2519772
5108876
6154704870
1334755
7141327
33780000
1109665
21208034
38314725
711412334
15854167
15106082
634230
924243
891710
365910748
2723688
48481157
1842726902
744508
707135
15794381
1317666
8073821
9448956
703458567
15985373
56327975
7068705362
571470
2666452349
132881888
1217349
111471532
149350765
347501668
5257497
1756487
144040566
23558977
1514668
856549192
1668600
4502358
1613660833
10857987
20760087
1764910
737503501
702368988
1984070328
7879356
332810552
23263739
419773
717273
48119521
24402845
15094654
3968572
1408326683
374136
56695266
21307089
1769584
13929637
3581731795
4443145
2385995
119722876
402571055
3956599
82014569
121245
3489999879
72669682
869367
9537313
625458966
99195713
2484604
888576
98832
2427021
9875635
61037114
22479384
1020220
23994973
22806544
5325994
25210415
1118575
946231
171450257
171962775
39835745
5616872
2445686
9570053
575787
22852773
1725350
1236975
1501655
24503624
7270588633
569737757
764388
4372106
49476150
4947919
1379416
217625434
3373316634
1416375
955142581
3749690859
2746320575
21535154
13164136
1128120
2066688
22269563
40563677
65090724
2060413106
516622175
463029
54674550
961856
978481608
31846376
1352650
614520469
13210765
512975
23009716
161142140
4150664
84048382
2301787493
656727
30534555
4711223
15654990
676848287
4852123
10382458
214918386
7469157525
45915987
266049941
10512449
119346982
5052586
219006
1142016
5553959
183427371
5927849455
1399408
2997991
449183002
4959680575
20125951
315544835
30845546
1129612330
202039196
221503
8171682
12275139
136536800
73080780
21133253
93520480
1647987
784128
25166117
30035273
1203800
4646382
84380220
44973119
45804387
47606743
1747145
367709
377258356
7674048
2891938
52493019
13216692
94511872
50584606
444017763
10245091
30878492
160089958
906694
1181866
448180563
1074810
40841236
1787769
5721594
534288
1468835
605199548
12707298
276508
38803570
982278147
276411
1245552
1597580249
861296
586594634
1129279493
11840362
50898410
712636
5328190
1358215
7396541
4879756
31354278
27430697
71639681
2792984
17505234
31527552
6501477
316798
68605468
1562547
20502381
28138255
810792
1185294
2216961631
7190770439
7522807
7866575363
579079081
15687145
812779885
1056264
6680992
991520
71413503
921255
1337921253
1399987
665196400
62798309
2847110
801681
1308592
749183458
4742082992
91539577
1608965068
1180797
287508599
2050441035
673986338
3303202
630449894
6615881
223439211
3427409828
4608064
26598787
77849395
25998667
6490868
630435
131237781
556698
137541734
5982377
335051921
69093448
34954497
562532010
448708870
3596243499
957203
1443805
917736
1470098
2437950790
581608
56784053
770796
571404540
907605
32759905
650875639
1116465
89081239
1251354
3788819
156731
11998588
29510268
924430
6810748
380804437
11934
601579972
1333508
56481163
29622949
4207574
629641787
44096290
2616971
308092
91631928
6508038659
22250659
43473496
1504132583
893890
732403
16791823
11581236
189754260
56947381
14004465
5730784691
2660508720
13714001
19483243
3164070
24705645
10778363
43286454
2166310115
4414746383
1497318
3263422
155732202
13909083
4918595439
31621397
3465646942
1517416
10569229
3052973
1461353301
3505426
455712
57839112
14335220
11758335
83658368
4695927
386672
577291378
42484235
1825200
139549069
22247385
17276900
4966056
177434384
12902069
23834419
2565955
41646411
1168915
907686
342436
17300449
170552
19340491
3405318
2443526779
145045495
51783233
3544958
16210
816672
1184386
1149368
873601079
610156031
77850976
16325099
3150894
824648
3810465
57259391
652122
2413455283
892440
815928
19334174
344896694
3392277
805779
5091943
289048955
4784045
933464
9543323
2027555
142895591
276012
464873527
12488897
892683560
719361
78886282
2197076964
941536577
393236170
16923400
1773254
58848314
59051324
7401645
1271672585
2643615
10533591
2514821412
567329927
520526991
4110685
2326364
10634390
142933115
13385839
298180509
40975869
1169350
3554660075
125194391
7138053094
3752105
3005740126
304562986
165949932
620680
312553358
1264949788
18281579
264571569
63948438
4645089
427404026
15777139
2342002
1511343
1706970
2247792010
162111784
9111557972
2348464
281491939
3252867575
470880042
10746623
671000
6156058
273000
9426229
1572144
164451593
16506636
2048008
37440073
570037
18995697
695358
6876763
4621765
4983276395
1720816
9993268
13960294
1514777834
99179198
2619733
3916305
26729540
1611309306
4603214
41771046
3003653
5309407
3672529
58329137
101962213
1428837219
74417009
10140467
8984962
54838367
1262736
1542839983
7685296
48413746
358163544
200010718
120354160
574510
1766455
109856256
845208
51268378
1330080
2045225
85216302
36981251
8464456
1170655
2458729
1162295
1536574
1939784
3098529513
4358629300
9835715
1895723411
168512514
316342758
183971470
1191428
293632
11834659
24493254
3892150
4716687
346853
93145711
282865372
99114444
38459875
194376113
457668
8897668038
1909969
626340
3847379
3298785
1532713
7335700208
1731433
2767540533
1356588
256053
1426492039
3070324
3831469546
4362634
6351741
41917505
380929473
5646245
42878532
1278091983
1237224188
1782314
4239377
323693086
18632165
206819058
8240509
51575792
760239
122380910
274585907
564661
704572
16687613
3138173
864725
1179482
165929237
37897517
16484320
1820864
186812059
33458766
612165
37544235
3851080
3990640
902671
14724895
77617200
5871953
401634237
1676510079
1461193461
728465
826758
33881581
5828345
16123341
82797995
6704
1336868
6533769
47665298
204754
571804907
610575
5929810
357125396
34513989
446419598
61785349
234859857
25817431
51818603
704740452
230723846
241998
6166863
7591806
15480530
3852821
1200507132
85810872
12218370
7783722
610508
929531548
6996023
56958121
59206173
35281713
13744230
740985
446762024
9010314
30262006
1029843
1837794018
18934378
841281641
254375531
2190359
27932397
5659267
8068672
10841101
3425897
346270541
1878383
43170916
774984
50611361
1166155
537111
839362
6884930
6733739
39359030
218443607
1001448
743670030
4206881088
669802496
1198215
187574801
680452191
1737945273
1914427827
1870424
50750351
4434086
108327604
139150
22419237
289226666
765289
10004892
65969
290216778
103227425
831479276
5823405
2691274
1109060
12474008
690624740
476162096
891448308
39041374
810040306
2147
4611070289
12826795
96711
686166
13873320
3894118
18264595
74518604
6743297
50141664
640098
1007502
4085189
73209574
776565522
1113830
22783607
188182079
1496441009
848188
189233851
1222078
18303024
19685445
809129782
1989372
6956153
2908783
4025488
11426524
1070726
1478247
127571
2522216
60983959
14699714
541206
1568702397
42308435
40248635
17677546
6636763
2240076
106987853
2702452
11914579
340898439
1949825
342812721
1048336
2104207417
9257743
174115044
8493126
1835262
2521502099
55391
614694201
1862418
3807879340
1357050
18114750
351309667
46375441
4363174165
3254407
3394692
7658483
197105124
9040143
109896317
2221739
1676362593
50558122
67791768
11751691
86052406
2620430
40033123
6740358194
877778
1859803
958560
160404205
4557758
109745935
138705629
1416621
1714491650
4089479
12737089
621107
37462141
470727
3169091483
109728152
616870995
132871757
20653185
14171392
4856284
4856454644
6338033
17454729
9695056
561826298
74999992
18539111
3849455473
497086627
12025763
475200985
466180903
614098480
25221733
2473450
8830950
1696334
3687459
768549
18519736
47629820
135820614
48692795
7518146
217458064
185744611
1217989677
35082651
2206146
74172073
43394259
303513
268692335
94624866
1366557
3836105719
7529093309
951153253
845628
2331407
43261296
363241933
83843076
1757783
1631830
33994375
474442618
4279066
567559575
133985425
1109485
37259125
117167441
2693577
5196620
497309277
157955970
49222006
592995509
4800955303
35904562
1924225
17357493
1711677
2071312254
346647594
519245362
686842
510148
362658
6539228
537094674
67737705
1494953759
90640211
1308400
3730888
2113598
242424689
4122320123
896382
3599244
341514
989360
5280057
23575111
782202530
251628
363769621
9016635
370182542
1926634734
631816623
22066228
679846802
38165640
216789504
1198285
1036423
1532419
1165939
2204171814
62334554
117410921
1050510670
68058
63736991
6320691
875906
44734165
1324167
100526184
31194023
887264018
1080828622
1525498
16114196
6600876231
2839914309
50638374
1588026
652336
85928044
285734744
2818328641
31179
13990802
295241440
1135763
6148451
475931
187193856
2705595173
4789447
755201628
26548050
514980
10742235
5561359
1702337458
22903131
1046038
35460073
26527927
15141551
2624479592
75793864
314131316
28247894
677360
3697088
18109000
131440899
734344
5006039
36670880
1181531
128787971
11103737
1539901
1218348
92964143
3533669
104250221
346038
1476017
1611652
11160445
33689319
1141525
3095972
1935472
2650861
3185164732
7137563
9407242
104883822
3632
707541
33627227
1941705
11082701
3591369
305892
11544254
787582738
17129141
7975023
17629479
68909332
7291267303
1361589878
466542026
1041935
2707727673
6421385784
7505181
15308623
9134137
79471324
2089056
441647008
3280647
50022763
3574282
114366807
64744916
8117858
1153103
1100679
72237250
919727
1809384295
5470261
3643156114
6706653
726672
367389933
711708
8367167
53740
813042
684500
1932788
792723965
5722034
113102
818725
418273823
3205211
9966218
4346611
37745386
922279721
1149310
62923511
1668354546
35411441
12688512
1612188
2382329
241642921
163298962
1393440
2094275
2756152
19007789
241383485
565421
23764339
1623947
1571647
299893999
1626167930
14553271
89554
1152932222
15218483
3061963
2451423
1167055
3005133838
787568
589850070
1951432961
5297148
423853481
1584332
48949927
1034917
288843010
71212989
148166841
1132899155
366131995
349744944
27920249
178313185
1224911
37564605
20842610
2926322
11094836
272479323
1325927
1756231403
14990506
5456083
18035105
275981840
83318449
62307470
521831122
38652178
7260708
18101751
138811699
5402557
1187153663
2292685
