227525
3417492
22626285
193869076
2862975
29995639
1436121951
266467747
244554496
22501428
51604373
46168852
1456812
61935361
1043252
8874708691
39851082
3582951
3229749693
2376222424
21608217
6400802852
25758220
3581798
7074505
965702
992028
622953450
259259160
16300995
262339211
45226303
693888
1028115
33086
1180738554
61386647
9899747
1076001
6378269
453100584
9310887
121542921
270995106
426971132
20160344
6966200
794208
1790800
859494540
6863665201
2803826
5571252
9019545
2209398261
189222
66449062
54157399
4775601
128451255
1796850
841902189
960384852
4068346506
42786512
32399563
477994
2256488
5362216249
13153024
42364028
3639598
2324540
15198387
16155676
694166496
285183772
2082475624
49462321
1289700
809860
582048961
157345
782374
244066125
118855390
9107212
315495519
351662
1127491
2396495981
5854819399
419927410
311513263
12421087
172772521
3092007863
95157523
503164310
1123249319
6181047
85709708
2723039
11823940
825695
527719799
12592598
6004237
38742036
2174322
604385230
8503122
182141380
640593
3802126
30492562
49014036
437274904
1331695
1650250
3675434
56635405
2345497
1478713735
126383453
1812056
63533716
507609259
2421701
1295268
37401671
1704857
19726578
6808626
1139910428
706100
1062423
2300935
565567767
26170869
32755151
50778107
30627979
209065497
6098217
5416082
13759605
2338659
3517228
16855781
470340167
998979911
2386991
905020
223653538
10301954
859761
115070154
214213716
4901318
6964186
47181492
648696
992470162
2415677
32338
16899211
14699385
1030098
9451383
14819688
1011324
1048707
619398802
31682917
22360553
768342
1257476719
96396919
46263088
7133941
952731
713007
1385571
75716410
264231
1058421
1116041777
389721214
374054103
233112930
9239414
92169102
1364258
377793
15485067
4876221
55598672
775256581
9046983
15945098
2468267
1361612
2649532558
719110
239712
3840825495
3956645532
1762645
928950
120362616
292099898
123514859
2218321152
3858018
209111559
82748926
1096357
207680
1850175
145461148
2508862
7579438
953952
37497120
842993887
184749
190599221
165867107
71502650
1747810
6245169
1071478892
253669210
4636797950
570483
1986402883
14975614
6388797573
1793946
222626127
293452345
746624
128960197
89865835
13738331
1901297
114660193
3115426
292072335
1787567664
57713896
98674735
1899645658
17194011
954218
23426988
1487381
1025882
296173367
3160444
135300365
16644218
131455930
14674573
56546849
1455597
773257526
21317570
1822005029
305748158
46709631
96715709
218437332
29883397
7024705
13764707
601465813
8063296
8026932193
39784782
1005346
585200
7763609
145939050
1750707
3949239
308005599
1228564
3106148
859860
940190446
1162097
14918966
922090
110060019
24860396
581506
19649146
1687818
45542760
856492108
211487244
607653172
7098518
10092117
235483699
2085195279
8419091
3991433
9667973
73149458
533974064
241606383
72896021
15942534
114291378
20578975
1014104
23241534
280323126
43212680
413575
126869604
201045331
14710357
3526489
5906224811
9452178
4228008
215292
167272875
456020090
3053590
281155
1129297
4210295
283306868
132525902
1539237554
416724
382780019
4040178
7480334
3321292
4282241681
610655695
134838235
1084144773
1132820
5781142
782435
7574520
66613753
21848683
160849466
5639786
42921360
9770521
1015427
15525169
51949580
342160
1469157
115700692
1029282
104996573
471679
59246301
4503746
401432
1431716
895787328
276476615
2801751
5438773
310874664
23087161
3522262
1494454
4932524
5820878
384341522
24656288
22605314
2493989937
3077811
3312726
2848180
818502810
2200692
1202700
740736
1159525
166526235
850720
7818009
849314
142480211
265957566
9022409
1770386
418615
469560
318169816
24905766
186417
5397995
126769547
2509667560
251295463
628920071
884454779
89562141
208413581
1422679
1948545
53127218
2593756
80656608
85502769
60737021
7557014
10442152
4230655
25544294
1553792
700830
29463987
1014840
669916
1700856145
22409713
5777544
4804689770
299583589
15094307
58170282
440599219
256092616
3320815
3829050
5787680
968534834
1321858522
278016619
891244592
49261175
31461918
18723668
95982015
2262590
5508727
1267372216
1915704
74347360
2426639497
934886
1344098
14979213
15109680
422209266
6891615
3398043518
218819769
209547
3788807
1884558
24810515
1029059
1144449369
19844787
1904180572
123062908
2598167
34603828
14780608
2124043186
3562101622
184820269
45023310
11609171
7607437
637608
23857080
3629548514
3133005
25906390
24591479
1033391
1968304
270065877
188422358
18843497
1001492
51003206
26537402
10078176
66821218
25733129
39331844
6638100
232424449
1125267373
266560371
19250251
822860601
6303123072
456239385
8941776
21842150
1369758
5865992
821511
3427341
73493944
32270159
5308562
1782029435
2307939357
9970716
55849606
3315984
6292508
5489319356
940030
1722328608
1008155487
891336
8698860
2788756059
21904287
2423905659
21560018
269933093
1605317
28239830
834940
3757761554
27490425
76640344
314987635
711261
11549653
2570152
262251344
52523429
2571205041
9119455
864235
38885211
2818698518
1135694106
815065
118412725
38400996
258972
2891477436
6445543078
742360
130386120
3918432
4893846
58079830
732801
465668
1366239
27171217
70577105
38046732
501913
589840
5654626
14219048
4874925
1430695
32525927
1009896
13603096
10235427
1143951
13175876
129254531
69443918
4623283
87991632
11043151
1667685103
180085828
188538861
18874752
148925
2235320
6985151
676132
412259600
12457958
95610728
3348449
904762
2384861
2690199
2734258508
14583943
5556246
27619361
1394535628
15756327
67590399
8432601
49687627
2373140
11615420
22262344
1534554
12237314
179580292
1160695
13997060
8093444
3451679181
104889738
508032
809204632
457215
30632064
1293720
146789672
4308010856
10815795
217655277
971650
16998204
465544357
1652214
587393
38122031
3115955
9681599
233640619
53403
9271854
54499541
3300364422
747788315
444636
12939794
294007106
314868
906231
47068743
44667326
6253403
165845947
25547414
9156388
10854650
464856
1326778
8980450
1360153
1187949
613353274
4230370
3147255
589083217
7060074
1591114
527720828
25962420
76815133
96229139
13221893
740712008
16775649
158286801
927177
4963434
4795434807
882860
7311174637
1205835
3535546
892226887
251934984
1628346
252781658
71701508
859715
22372131
8592101190
120871492
68144474
916981
9702433
12071943
500777574
67946459
14728927
844544
4138744484
102017957
4474743
1603795
226707512
5423325
10020059
14087175
33288861
1855598
66768641
435750600
9694668
898316
46338241
1134376
4591768
3390277
3270242
18659163
1169073
857186
1362076248
906905938
8876953
2619487
1617017072
16636889
10007892
15407672
1251247309
784030
961664
4533520
2972970
2126419
3548793
133568914
1272267
31100555
643535
155326900
30112187
13349970
2574676
135594
8235249
790088
384672
473074877
249250
371652745
32867259
110523
28570292
65448433
569621791
602976
11987647
82669
5590611
23136761
15409
125344187
480776
4812208
1479754
1006252
36015699
3052064133
20790243
962986
77363855
121742282
4378928
427958597
1014684150
3734600
464020
16610022
1350633
3068784
59801585
1199235550
3688495
14895121
3395194
4921906
34866687
73426725
16482168
384970287
9169155114
8684283
112008
18145156
1792274
1381484228
4352333
1159197
579629410
2901053351
1692311
615257569
294582406
2781185
293317331
8444653
1236465
1067066
1381356
268352464
1065788
15715687
3705731
5866075860
25696761
471030070
43611
1255563
51756974
145628595
1306435
127596025
756684
411554207
9070204
23664731
641700
466888478
916950
920076271
48043573
1542715
283210010
1529575
788701641
390166359
1619683485
3415130
162321581
2652641857
234711322
29953330
562759257
1310384579
1106666277
6008898
3026523
44281682
420607585
1215011
104656817
2308035
931080299
4824166
375271988
1432182016
11343632
1702537
461864
44855312
3623696
3111406
64434111
43683907
3880478802
319371
689161057
283186694
639108
9132105
463780799
66669627
1893540
433661426
30262294
5575204
36686331
646624
4176347
163061951
243398476
14589932
3450870523
8895054
75481957
14617176
26565269
119661817
9222444
1995522
7138522
2203341
329093900
398622131
2538486
19624736
74287418
1701229
297688314
1185970
1821056709
278135
1042925
2200669262
2766121
3097099
1026856
3061300
6652166718
1338165
870479316
229758205
67367521
21301617
392469
80202525
743421
829361
2134970314
1115185223
1425774
13545133
654624
458081675
25814105
658926
10800919
20702478
310585961
33712890
66375607
18302498
142198635
44576866
1458896
2403575
32210973
10760391
52124695
20200340
71752466
1069364155
52079482
807817415
4767334
553939396
4843673
179558502
2387754
1256736872
6367804459
49230915
4682132144
213283914
22988348
1841664
1767570
136355380
2406115
49253538
11863324
1739431
102543172
153283139
689746056
736360
1420225
308748546
1376216
145996511
254466794
152928391
1253408
656994299
29243285
638565592
1533105
510675
2337972
14678426
3124668
643307
2471599
27471824
265124
794043
75375841
14208581
886556
918731
2224299
23685020
64357144
4220842555
32505673
3150316
328171797
649998760
938163
100626371
18974252
569853
21302832
540150
1103198
3486483
14281138
1493552
3783371
88008
3978552
5532413
930293817
1136365406
878952
6940020
4353513
15167925
1659265921
11782843
2248432022
43564967
47006704
159733394
6925127
5413238
1227850
827085185
2809378
19463841
975243
16821267
158136966
1513422850
889681619
2825453
4272853
69407411
755961
429388
2903266348
3788306
24556088
979710
2849825
34116391
1679200
687218038
120717518
2425717
1286957621
1550326720
2774980
316244012
22873973
826616032
854477
657134
24515177
309002910
1069123483
399119
10522808
1154267026
955383
1664073
654962
965760
157217254
6337824
953912
150576460
578225
74696345
2340374245
305156
306297178
7562811
7947892
2083455
5959729
21126597
54344850
50282948
605382
1728447395
151250
776060
29067111
2998975711
3180639443
1257575
327334455
203823500
718524665
1143696
321868743
3590298
5127649
194469
997527116
62589577
69331075
2614498
13877862
4223091
230812837
327366
3618211190
1047057
5630108
2029286
1564238
33236962
5471427
50130610
43552967
223868057
2904077306
45776973
948503445
739496
3252806
161843381
534735086
18180372
40541757
532485355
183300
128849739
437550725
906395
2795962155
1514481
2489318433
1579721
1499375
279022755
638803
3129361330
56277369
80763973
3147625
195356
85135328
4231385
8499589
8822980
3050494
15440480
817840
4654806
5067199
51134233
243799339
3683809
871148
190325042
1844358940
4462855716
617507
3543419
1633830
362612058
3355321
6706656
636258955
54907796
1646084
8859987
1089738
2351848
4051884
2340674
2756558
4578
28234962
18200616
27034879
390244364
56721729
1246134
771525
3792852
3683296
63087945
97632428
76717567
721540
1470075
1688571972
2820002077
203259351
90770042
3539811
434745744
1150548
1529898
698035766
145945850
8824160
197534134
530022144
2708312
1336832
9362899
80239159
72099175
1135046
6534405
2426757620
754456
16704527
1681974867
18390221
164673716
8482056
873620
23002098
1304535349
743084
481653
1740676
131947458
356076982
290807147
274194160
1160693
28129832
18356456
1878742118
6021061
1275622
1089428
209544709
6323473
550476
5755220
22784274
2079569683
499602446
24468430
641761125
221764491
226282832
2109588
73505509
148315107
6832567
1338455
111438767
1426873
267162609
221867358
851665462
2169167
8395335
4619148
17795457
15785277
3436948
2749605454
5039374
56674070
1674258359
25093625
18381121
83229369
394560103
514577
12436190
78179725
14703925
81509369
13552127
795702
53042049
1970087
148119
38848199
3533195
1558832
67705956
3114386976
38660866
1940363
33333769
1938109569
3788771
1523499
77936493
119078897
64415650
11633775
17411957
793068
1159887525
586132
48159
269507492
90873191
148624805
4271977022
77736706
4133052250
2293774
1369690499
24718413
7236090
9561775
91856132
249774
1958868696
1260081
642816
685530
579243531
1962311
438243
35115079
4035621154
107412432
1055912
33630217
934920870
1238781
624908449
62266815
90977494
70753985
793701
281453290
1077529241
3237426
987652
656691
20916417
13852438
5185669600
683486
37496310
835130
9413073
998032
5270659018
1482240404
11495250
438000
3641498931
783651
96039598
584424
9134201
2446376
82819695
571230
1060724
435655739
3658211171
1063810
146564399
27119338
40219487
17253235
17269808
925696
610885
2785673
270569001
53521290
858045
3135949
1519588
177712920
144357765
32535
915743070
106020107
10605848
2473544367
40112965
397950599
315178908
16668249
401975989
1799340041
1473184
2204733104
4091375
59530742
516943188
10697183
553592106
984828
1844041886
141296671
5637231
2752946
161154316
37516765
1163807
5980684
6598579
2140425247
941596
1847317520
3302151
10199403
1302691
800384
39004110
606850
3980935211
15778811
953110
808605
3111074
1441458
956115
998751463
211441832
2408015242
33928610
297492325
1366497992
459689425
228921
208103228
10263154
732713603
741018
5737481032
103338981
316967963
317760055
3402352
106529095
31871880
108638507
141558870
1023597
7903661
55202115
1083872
5526134
2652918
21764734
3156318
2172716
92996
208231306
416952104
20774813
234886443
365037105
1163655
833754
111414315
39690579
13421049
33232244
441875
9649581
19107664
1089816
6910401347
32770009
4372688
1288727
299669263
1493022
1273386
5853542
47723551
572953076
1688587
892350
3951375
130592394
1230498
3943021267
40340534
68230749
8100944
1381500
1144166017
1761969
137082756
1033735
265075121
2501084
99527136
199004
1982149
86293952
6705872
2107867874
173581975
413326878
4700705
6205445
8929171
876706457
6008838
2594108
3000296397
8547959
5192015958
1084104
12221738
752106
14457344
2428850
1361112277
64202038
23361820
1027359
864000
568284062
57644228
1939520
3091593447
245594071
56386590
3575081987
930663409
2568851407
19483624
275814
1352043670
21403486
26383556
1973815
6415560
470010703
7674530
58687546
53702
6838984
1043455
116622119
346754860
219550838
229357230
290910
56026978
3694916
18496314
831885
1989777
6997407093
136627854
2005653522
14948120
1501455
23611987
19192953
1749560171
2987769
24097381
1922969709
1479625
524322274
10066499
524722725
26010658
985089
3251274
13296535
1258484
14395188
3008120
2374462
1004300
377347146
991991576
20501887
1019383
1422255360
690960
45378058
15008
5322570
1465729739
96935152
507400277
1032955
3323889
98350
543300045
69164272
84504987
1520045575
40018583
131888592
17577132
1509582719
1057783
4692134023
14336545
538431198
2602717220
1210610
3746087
474614022
36642890
3088604
8074568835
21461299
27381106
2894399
35219214
748753729
7753104
952896
117537436
16404935
10216817
288651731
11558416
1486484
996229
1117046
1640768
944107880
912184
5184609466
4974599
10315228
4226273387
11249518
9169365
30363460
289389256
440627572
93778327
948342
39227060
7092446
1682612
21617128
7723304
1508971
317319
951774
84068923
3291816
64813889
1266010
816156
85034903
963855
1164800
13695066
531129861
283135
1264491
66648986
69959015
753419708
2761141
23994865
59911553
1452388
61963793
1020407857
717188557
8505644
18916498
1419129
65031729
7177432
1630878
26534121
82608472
75963735
3067584093
26855605
966996
1212896033
4953821142
4517297
6658175
11575923
12018727
32219972
4560046
744704
865750
4469705868
16969921
802604757
18275315
94396616
9640448
419383623
431190351
15715417
58401913
715659434
4156633
14624386
1676100
38105008
170073529
550206
1522301
15340855
944578033
43720879
1068755
43658105
2207491
105080082
8087070
2404517
49975692
1857086
6626780956
1243747851
1350102
9159820
492698810
792654
268312557
1988216177
75850466
803034
19429100
194937527
241787032
12127650
1016100
4348568
1507392637
114420952
5994237
1012700664
319198527
3829165
31241989
37689821
2571248574
552296
64272
2310350
2138605
15515168
17883857
35607540
3923954
197100727
663864440
3057730
119863941
382975254
8995769799
30233922
2963763
20192095
40195830
1379126
94228625
390636
1941875
1124992
9869462
1594865
698026579
5465587
742600
8209757
1146204
1734832
7121157
418991433
1549482
3973980962
4369532
15246598
41258826
9494956
373917031
2229780
1015479
10372668
1143248196
201468476
162955591
1920161297
13026406
4671
1108251
56317327
21261505
4196495
1842286398
1531332895
97724595
78481546
36342259
31719168
242292487
606642
2792199
2775957
3878874
730182973
28709344
370989
1076023
4118471
4224595
2830204
7944215
4319569
10495747
456583717
935022
185335920
2563172570
28696740
777464718
4777654
7652136
1189856
3069594950
34342882
2500806
1183310
1884524928
262850872
69126840
2834249268
5787684909
1947742
606571
236466242
1821967235
30179307
5046068
1027404
2247094
2753377
728950027
429782759
785044
793008
293625950
1833701356
4694757881
41262596
911518787
2800129
8039672915
365151
1034373156
10271700
1242392601
455613303
291740435
645660
1324530
849988
4416105
23949887
49761102
126728657
2536604
1006407554
5180930
314925362
659562
2126373933
1664745
54843060
3374229
829939
1253648
7491787986
15476627
2668201
4739683705
4544352
814824524
756603
12699271
26725002
11385169
644067085
104700379
83456668
3569745
1233126
641888524
2737634
1936814
64149950
48433997
286219276
2787694
126550
218375
41054329
193677659
18476294
67232233
37207736
1364714712
436420550
2022867
2229617
26287813
133554500
1614418
3531681
26473895
2171059
381850910
1083440732
627161978
119740637
5829600
15547874
84942109
129377127
1498302068
1396969
729152946
5534293
937250
545775
242762200
3911611
9214225
72807226
3929493288
1724723
234333
12081057
1248514352
1722669966
432540
234246510
1331625
1034030
10825025
4389494
8364888988
28131641
13345714
32815038
841935081
3475556
568898
16563341
679760
23416362
4296774
2953503875
1009815043
36416016
71104090
25955958
273534919
2557835348
427329
9396963
1643335456
1385995234
230519084
10334754
51783185
1683187
69372692
792727
3356746
247047
159895852
2746161
170119804
3679540968
48160314
1712893
25115955
100200473
897008
4429562
806760
133147505
170523431
58808897
1340532
3928339
1858458
3072517
4553467
702536
124440498
162824612
29381878
2549809
768781
2894190
319988570
94419003
1086125
6645893
4271524379
623483
939663
287154
8537241
818510
5734004
10510394
1755117
9839319
3224590550
36204733
1725041
484127
3414458
17752686
1423104
68179116
1728734
2899723
7045378
172393119
486287919
4176739193
10919930
94298603
909332
1657375
13833413
363002469
535468992
36839910
825858
1027740
12011809
210089602
117260780
206262557
5051373
513122697
4081835279
3192085
21992706
2001267
51147764
1613974
8430001
1386509
43720003
506104035
2349386
416220
1062500290
1091544
49960
104723901
944192
1501389
25199797
789739968
8776939
21450928
404397842
1613270
57835448
57099043
2115004
102324876
780118
295911368
13173550
4149165515
4511514
2650729
1014233356
3790396045
719850
338272404
3561385153
119194742
445753
110044104
5363585
31284158
76839740
1627045773
58050549
79331698
1265344
764064
45861735
400808798
81229738
1618556
27320752
456356
38742431
14927074
1743428670
3456432
1282291
2343286
370050187
9160222
12989192
4489135
9994376
1651223
24222755
7320202
5174587435
7336930
936200069
603985
746715815
1004202
3531086524
651275
83043640
374345771
1817674
202776327
3091840020
1285413
1250700
18192
1760906
894045
74466104
25694979
39779827
23301899
73417067
6616352
11857129
175232
63671015
30922703
156057425
552490501
7615198
119137995
46304410
244517569
4216229
51693505
80411423
2062540
24577257
1137519
59582097
10400052
97455316
167827103
3282235
29357441
26253030
51650058
2034676
3160703
47029671
569745137
16579956
5432874
2356267454
631188513
36546650
12534542
30308505
172354405
1112703
4696587
52836424
1899971
8075233
19304314
922649
692217330
37693384
207111140
23270967
1280169966
244512504
1280411
1370803355
2142896514
10538689
60995724
5924921
772900
989940
1628017006
54192657
454081655
411372
1282554
2313241
311741682
1331715
565041497
2538032
410150552
301660762
1937852316
2702894
4478836
267346343
1492876
114959902
438333169
7060502
4431236704
8049448314
1470909
65705
660610149
2593219
2737373
2476460012
1314214132
218368312
8490148
895143576
668680
360118443
410031918
3014518
3453318
254095
5611853
502980957
584984960
3429375
413977455
255287086
4029806
4196055464
22015774
256305
16555879
428973934
174644753
3344520
522368859
17080114
331401
1333700
392615504
4079389669
7514164
563300113
1046265091
165427585
4023326
3165316
1398561514
948855
1966750181
1013582
139024952
197086578
1735239
281550629
28354351
1229250
34608078
2715477
410990889
1162410147
8240824
314648500
1707765
50772162
293693377
1781267
407703353
30460038
209680801
170811519
143882098
20979960
4342590
17238941
116939653
47143822
269898
340885210
677871
38957107
81365207
9780040
13968601
47257029
10857966
856408
4163260
1645107
834568551
196601187
773947207
980076952
32341797
3636372690
84811799
11120417
1588310
1142479
970961908
67414536
1322875
2460777
421097
13558992
7043406
10217460
38641748
24787622
1813198
96644146
8610718
5656446
174567533
1685846966
883078
1627608
1930889871
3099723
90152062
771379844
15904177
175799
4528596
1512248
3904713
161178374
393435864
4551980
392975
1790300
129221034
26399452
9993720
3805026
13021103
30025897
852228
1929450968
1578593115
1470530
7711998
12565838
186888622
6922298
203556
407610
25685931
10324948
4035732
18778435
243004683
500708
23556268
33006441
2702744245
5518338
616600
7532398917
990159
158616134
22539721
12573787
4671197
16061617
9299428
57451887
8051619
4715147
145487555
2881733487
16603650
62291284
1107176
442951211
254518576
9785183
2443849559
215221002
1695445233
77259622
5207126278
1425724
40073903
1734476
9402049
88514791
30153396
1517069
740415
21681446
695664
904785
3203844
76845146
25811015
1486657403
228581969
5417594
3400386749
808197506
1978581
3056796
530916905
30524664
68394158
1205452
354769403
877911
13621350
2892481
63217776
17538
93276666
17480879
13788105
17658193
37485840
3811470
155052047
62711180
40012999
13470824
1881375
2768347569
2158785611
1171768
334375947
6010196
27408039
3455270
53304603
59815645
23249545
1231903
23077310
2934693
446425
4573737
789548
477600
2185072766
14407322
4762141
1104460
496192307
9701858
20039895
5718053
4740192
1143801
7994111
1280254968
2272024305
748011
1418107218
80099381
58522714
502167722
8077329
40806444
3568735753
543596243
1135394
1056377
4291758
172752847
974453
10708676
5035008
3575854
577675580
27651647
869802236
490896
461208242
2036066
3213476
17821079
8388748173
646164
4275911874
55011072
14337554
188608136
23932293
48836456
767256
1128500602
36096753
23320615
1145358
3648627
1354873629
189466368
138122030
567993
107561191
2844111362
237264646
108475589
89209638
1752166899
84984216
8910302509
976011221
15716987
28697565
4305660911
1471356
199152338
3746665
686622
2295048051
1258320
118410704
668616264
332840877
1150600
22381098
8342473
515463
35479730
354352921
211588
1104960
104260530
820728
905216
46145947
10991001
646215453
2873485
75393
2294849467
259858402
31663702
97073136
682308700
1388520
38406399
516432
30003435
2779290
1235630
44498873
1994478
1031936113
43433542
332380
5988988
13789087
346830196
40609345
900100640
8557470810
51457551
588743074
48595304
36393253
3977247
9427143
13431704
209777069
3950253
24028469
159398803
696206538
13730900
46826785
7417876
4099676970
14682410
6350493
520260456
1845326
24704318
1498567
5533510081
4371501
1596565916
1722287
62018196
23222522
49815014
1247025
554127
48834524
17565366
568445
82341155
6690957171
92650878
1425342
40968555
51178586
22043969
7374181
1061025204
24956329
5889367
676348
6560287
636271886
67085996
268350
1136448
1719914
6935112
44241860
22973528
691725099
2110010
83936865
353766
165921477
8661688
1354458
2968505
739926
111869041
6893596
684997474
82081914
102419477
1965652
29284626
230214335
6201164
4133280639
1472414
2191614
2205562533
2420904
4561694470
4570376
35536177
2091102
162825778
624090
661068
761720
47987579
11900702
1007748
6654347
67282994
346343
16857278
34581324
771682071
4423910
1425627
7577033
986309
11642941
9598255
3494225
1041165869
805473
16538207
2414621
71807392
2503461242
25106349
1647514
2038188
12545790
1517075
758242
216925
422702905
1045034240
29577375
1731996
2166242
775008
760695
52375267
1188156
1994354
451275594
60636762
498377
93256256
51929107
6961365
46575382
14426739
3984376
430496047
8888354
5873745
72435
9258979
3140585691
481068
584428
139551369
6704494763
4910140
40498617
58668908
1701545
1527190
6381033
1031520
24490331
1083104
127655832
2616482
651369176
181017
813657
303586
627597
849942
837691
940730
1059150
16598389
68950417
4527825
45614335
18469666
1918639104
12846524
340555
683853
900830
607604329
4444873
14998963
1091858650
626077813
47787267
78872078
119619275
3362639
8609474
30594487
8122779
225875664
19764376
5149017
197372
1066169
315216174
16192021
9567940
3197987
411179046
2108777
20545492
6985865624
32638911
2551277
2618787
69635064
94393823
14362633
4636632
967136
13383920
12215051
8707439
62691376
2067378
114265483
72746482
971580
16192699
34842890
32542425
363127495
707150
9646568
210494504
455772053
5471848818
183772723
7931108
83132315
507429718
839727
1947796651
1772453419
15812148
9737815
866156
202898473
717118764
4643585
24455711
5166185
308318204
113530512
53381267
7826673
41557418
1391526
20075595
386992
452215
16049813
15885119
384595831
1534459039
30484297
10753921
12120118
8758245
1024415586
9597180
1279809
5178558677
178923129
27206845
366688442
3347527
31653253
607187057
5144521750
33482733
32041320
608804
145763
20761427
165509259
230919
2654003125
866350
748773
3841964
896532
13179646
1156515
59040557
1199883
1454131
76910867
16529024
1856899
3562342
834954
406120045
177404514
161301461
10782683
11060461
35295303
106439205
243792354
11417987
709042
6602506
37220417
18360080
67926715
1542045
4029995
101928389
61146189
2492989
44345485
2811838365
98690741
226404
316846
2876915
235276469
244000027
111334325
10778871
2198122
701494
3213584
83399686
685243
32297912
4061383
104703517
505798294
24352774
1441488
4812125
2780910
2084080
36427472
820661312
300433
6338267
286654409
2515307542
20726536
977055
684863331
27246
2268460638
286296143
10149105
79309423
612502710
32411852
42544368
270331545
104429214
373240466
1860792
2867402
641576
2331686
801818081
32136240
4092713
273574000
1056922816
1939729
145914847
415570787
2935605
1566495
3013929
895346
208461051
38593133
459837908
24355119
64879325
728575
4916661
2092938908
30218212
5085583998
1785473634
17526427
170589068
31345482
5813213
7794613
36319159
1371006
792632
229763137
7054311
30135342
47867553
3817059
401516024
12126190
970375
264767945
78143167
17175491
2604331408
5824746975
1050951528
6132013
602050771
1810698
359045120
252156156
5396890
719823
1579320952
2272556
233946750
2956062178
173873601
3364843
11439987
195147
18319988
613233
394720736
186289352
91489537
30117666
64610197
2565833
1262792
32030092
18750006
1799082
5817944
6132455
1000865
1941425426
105157701
125773194
20433477
94691113
6415167
37753744
32083942
756148256
9121774
1707207
10745812
10621360
1990952190
107305663
23569437
889272
348583182
386760938
424595194
2687199
17041660
817530
3210247
24462555
5302621831
192336103
40355271
7541569
102763480
1551998
3689197
95257337
1698208769
23983558
151714847
25270392
7386256
343264389
259721079
232722977
98542758
308428607
4409915349
36159536
51440210
6128918861
1492988
12166913
1424394
33007273
1003491
744842
146186282
1975444741
4000640
4078380077
559963
70650765
219184744
362639129
294444494
5385623860
19446442
3969306597
926032
13233808
32582699
215757646
1139606
630032
13755851
2525842
5158925
321920146
2988912096
36997683
11503793
1295478896
613836
4632041
1713515
6579323582
101993674
1058252
583601399
6190692
57751596
2361590
2339838
55580179
394618
384715
1052597561
9040179
2707137
303852472
413976
423764303
7183220
11618871
13009876
41053874
2939072
512118649
21650950
3057138
7336807600
32216905
670713394
11445831
1918306016
4483723537
112511093
110589646
25736228
466110174
226068165
10532117
960414
14150758
220616626
166331805
1523283629
12612601
254546985
9660509
1554660
24732782
2663672
3671907
910347
31730837
6274259
1181315
2648728289
333103216
1604547457
4065736
97177555
3958040
45146645
134174128
34898316
756042
6311927
3511165
3412628
983089
654105392
303113495
10500035
965498
2184959
10746937
15831330
1688220767
6157723
962752
307415958
6019604
11311475
4617262
2035755091
189959028
2857244
4945568002
11861593
1756404
3041868
363670890
177946363
91396291
14027317
7801536
1196355
6020658
7702337
1288320
1980400
4631650
3546337
633984566
48957872
5376306831
29744586
232704
2412943
11435636
6084930
31772328
16887374
1157453
2757843
187664243
32920516
3372344
1997315
1058280
853604
106843
1385829
962477834
14769780
613483649
261342277
71331578
697386248
31497152
326808928
1945242
43605141
5812853
72904717
721145781
5950517
32224854
5043274
9399397
1070354547
28637502
8010563
17629924
904430488
7557852912
886624046
5635986
3345572
2799962155
28213914
122028992
1423492
13985697
2000115
6621956
498982
4473496694
2390833402
8456210
22367888
1589259
222000106
9086667
1978419309
2873595
1884421
4989747014
12279260
3119046
1171444
525035
554676
46232357
69751
1591231
4145042
1429750
9799940
308631564
49316542
1860940
865788
1769572738
17125062
2184737020
48753058
42129221
579070225
2772469
683965
214608499
873875
486333917
1164871
306415115
3100658956
6791071
72577185
1518975
2497600349
463504683
2200849
6102590
607569
2341506233
336848
2252424974
711976329
212907727
371298822
2138760
1909245
16001195
247786506
5169039
844116
1320348
8896002
4123855
24977088
178780723
13288714
40656598
2493392
85662761
16544263
5173179
1386814482
283190
1415085
432675
144283839
309309
976195
1387134
17548958
45669916
681134656
26588498
3962003
1038015
69663139
502275033
3018309837
379719
77301265
1291482816
1835119
241126207
550681
1513985
2144865
3864567
24783332
942865
6627421
133427764
20033946
1216969
17381966
50748908
12269628
44813
5485677
5401783
151894889
13296211
248040
1964851
1348610
10875751
1259442798
96137205
13401623
63176084
18387731
74068656
370827923
2644568
189217840
783232
4870289
701826
33522629
83067812
2246118
4245241602
1084187
825390011
1375605
79348418
2144833
69193309
483063
3638679
3275654
12233689
19580854
60376639
428469
654885
778498
2217059
47354381
531216
28845363
16086152
1502965031
149382938
27204364
14968886
1536183
1749683542
584666906
2947285
11198165
440994195
175972625
228566435
1991975
307168991
12819480
8530803
4237290281
990267386
84110172
273568436
943715
4756511
495841763
6795784
34028073
1062770920
19700616
52515038
4958550498
205582883
6127217
34331522
293325334
968990
2277735785
5764327
42762047
1860612
525896
820414
105579720
20260235
829191547
435830
19561985
907148
127005511
42832407
1799860
50469281
78334074
1332246
100375423
1438294
268888810
467176
848810
101792372
2675857582
113780
171088
569591426
29271009
3958747
4927433
5927999
979288
14278819
582753925
102275378
33357854
326528274
3100804710
2466398
6148248
1362728
12193740
836061643
742640
57674919
19008217
15397960
3954449671
1694103974
954061262
278772169
1547532
978376280
77345548
384066
205401983
576746071
958475
1456100
83949499
11404598
3899715
32801563
1028395
1877995692
13234885
2283230504
484138
486890
969204
3257156
8533456
5539694
2827073
470992676
1309917
965408
3340517
26446210
304725179
249172796
24237686
2192025
384764161
2240794
294776348
313362238
10283083
3338290
22326577
1610801
602745
476813921
51598578
58764123
1404680
4538855
8967863
5153720
469811358
594021386
319698405
671839773
114255505
1003447963
1213140
240056221
345154653
2774630
5750568
216062
215262412
928297
1817034515
4470260
833444
852796
4681271
1353076911
1388370372
8788542
1096126431
112309008
1634183509
1510235
49064372
5051695
3156109
2670581
625792
4248207246
19367604
1046418
5904532
25597067
3080986
26525036
2283760546
1208748
2461869
655861532
1196586
4681006259
1984472300
1046513226
29696417
14462261
2532752764
39533331
9164201
59992
1765127
126691271
524067007
55614704
1124217
1273871336
91727883
963216
1285998
18480391
1171332
65719476
30740383
204431318
1075927292
1231839
12287097
3281972
9078479
3461798544
8250335
73312
240463215
3037034
6362133
48822198
3746698192
45899264
3459935278
1069042
18846911
460773
1675095
1114025
14788622
12017914
5718576
134195656
163480835
11543030
147036784
828090
3992798
64575184
4372347768
104516906
548063
19689533
1458942
707993
1577209
3431740
3830362
115309625
115259189
1925024059
148932
226226
97696667
5302375
497543045
34727078
119171811
78293802
128393184
70964285
1726750
1002620
2522300
1031947
472709548
4348141
154255930
410265
841120
61791823
30668480
3379155
30638361
22640008
2486828
2608789861
10007722
1027350
406644838
15366765
34141078
313650321
2038863
762215869
1141511859
505888747
687800088
293282463
1192614
1734752
9422985
80969918
550807091
27230058
34217525
1839748501
188849
197660206
80066161
85027049
69709059
61378102
453450
1762874608
6097689
80002180
759253618
262559683
994239
3833038
15794431
1119365
2168906633
7632743
22209683
12859963
96281877
139075128
15766095
10500993
988963433
575298323
117336504
62577518
5727595
69074031
16469322
215033672
4036274748
734046
3411252
186381435
1528684
45160446
272276
4331842873
488479868
1130160794
3544129
8809189
12660471
9559913
536301
178200
31637585
1840415629
878298356
96523185
2659701
1378014489
520790
229975201
38293568
1679350
5573433
122444
16796595
169616739
156247985
5524056498
587315553
50617813
2711152
1011564637
212290
34967781
2902933
1651403043
879525
16143126
13579166
1506945
1631929
8504555
296252
3381589
627642
2494563
116752258
373411210
1785625
78808426
13662002
711725803
789450
44233723
1209368168
2781809
982396
97375644
66860286
1980346
1636979
51890
10555330
756374
917152818
2611150984
2628475872
9928316
124526
160151971
93408636
1146057791
20254839
4523598
41366897
1743225541
39728586
72472007
565138808
50238498
479960
1084118988
17770497
59709775
28954465
23952255
1578878
110148889
18190434
13263513
9140522
7705767
3684560
141439618
658366513
1311817
12424500
1596833
56022790
18940918
388666354
1145952
56542479
1666015002
45533434
563880
21358916
21546354
319382055
10134044
3665765
1172598
161578510
358681036
838713497
30671174
1337752116
963308
1274036
13724469
108133097
2854254
29362933
1629509132
745736
1724259
124575366
1716650
18788036
286859282
3566056
5880550
3886540
9535621
3722225107
650100223
133155165
3803153893
5602184
2383621
507211191
19407830
111027
3375584
188613628
887757
854551086
23226879
56967548
8670787
2599312887
7253841
13504876
589420
36022304
584404650
1055103098
256480918
165981066
1821330
9080597
41410175
5819544
44835394
16504145
133218265
4379053
44159708
585448
847242
1991250
5626324
4315337
3132879
32076321
4866096071
682425
14357022
856130
33005977
2459134
1698754543
31202088
1525357107
12661178
6780092
19711862
959360
952128
17567048
717880
757725
221240855
16347739
4523471942
539046373
57837388
1037072
909164
5607932154
1628786009
12334026
935782
8961515
55811339
15674655
96444
2634778787
3135967
323376
92966735
6351720324
240072170
1355183
1358362936
69246663
942552
2985489
72333
1540182885
65178
6906028
361198078
4806801
173043
1418276
2478578188
2364820
3786795474
107471
882768
2456013217
6342565
214610887
905512
1269114429
1561851
457341952
57230
161324713
1210971604
2369850
1181169
148090835
2705468
935500
22482929
8804375591
296771906
3229780
10781889
217824837
814368
74484145
523245373
152446970
223260714
29041622
508067
1064765
786220
8739931415
7420707
1159839
9205852
3339236500
6214542
9322906
2158976
12527473
2857426
54803554
3033111654
195632066
17034902
2521696389
629655
10530340
15122716
152189515
28287936
1652400
918496
1199328
19562552
1765215955
399681680
5542757
179687420
2711828764
7439360
378435293
848501756
169398578
19655807
142296007
235095665
50279513
2030349
2479960
9284425
46024746
64724743
3714949
1202370
24154333
5700785631
769032
6869938
2677214
54665888
8911937
15930757
49547883
12554431
66730074
3289310797
4267647
81595932
1798594
1200608
4065007161
3759184
2339140
396677
59554638
16549007
9885682
1275120
563598
3523114318
95735988
4078470077
367917895
801885305
87354913
9795579
10816287
3551297
3443474
7956422
40019423
873846
1900329
159640140
6319710
2101990603
2600285
154735315
373351854
295849067
274648793
207363894
325580971
1044472
97319794
19416009
4642156
4574510
4344320259
519180
321202387
363353375
1647426
933968
331041490
20883438
1383632
4622167
678921777
310732259
4416066
88344051
39103636
24338860
14007494
68778135
377574883
4972943
694458
470862
2930341822
3722455069
142659922
142079497
862951
2265317852
1982822072
6526801
288464
1174244
216289608
5056237
3929004718
2118131
239079398
24739
125267043
69645436
1166289
27201677
7081038
55617141
45981829
30241155
961932
282268054
110748335
1275644467
43776
15729114
365612
33208866
340438
20962552
1290240
3981793
46475180
22411921
455580887
44152520
299539685
4154670
2729065
5772640
19664560
1899050
40786344
41532056
43669095
522177590
962229301
1106650
1647582
761325
170302547
3557047
32480687
60738727
2073191379
2596614311
2020825998
9611995
15056716
1720198557
145169266
2683971
83167
51727221
996125
29083443
47905009
2370972
3672988647
2149032
592874878
314879959
15426959
1447058
100224018
1123819
1305288606
873416
328431914
713611824
3028275
301267383
21401050
7863684
1522038
1127673334
39582278
33736933
3265802
10842432
17093067
850450
3197952070
982674717
1537276
946512
267695
32336531
22753388
159568904
2101969
840200
347886
2533222724
10620571
1125568598
943834889
1755880
40140600
480635968
686361
1101961
100026330
19095115
9012113
1065748
1507877
64944202
1130266
1389178378
216715548
38471539
3092771
14008958
723417
166622774
3349192750
11529285
14514336
622216
58966176
9346770
1063929318
1270620
1089060
14445264
2179226
7338729
517831473
1155599173
4850320
9119327
887040283
3917601
103880326
8481988
80018089
26832067
132835491
57700703
3360890
1582504
1162805
75501960
739886
19936885
8518222
13826771
2408395
30403674
3820787045
1714999
46558516
2686081241
58620485
2088668381
121240254
60846380
32924226
2154271468
97313553
2044053
1441595050
962544
12133207
222446130
3352681
88101425
29327921
222028344
23185636
83369817
3756524
8428896
509599942
11616706
459765
15541756
33123049
1307225
9795545
53983127
34329880
110755617
86899505
3966989
776510830
40216481
130377314
1821561
5231610550
3518762
3331878
2004586
761124
19428261
72389620
1474780752
171123
13250994
897754
1393056293
5853663
256705
11146187
4464639
49672554
80256024
804118776
390089
2608226218
70722545
371563630
3638847813
255156521
2072658
8059751
1683924
37028803
16837044
42043105
452096
2428570567
201382267
6411079
99022395
103905013
1131665
13518568
912485
580284
729040
688742552
627918271
1858638
19576369
6333315
25109282
2297218
35635674
1446246008
50681987
517443289
35887638
117054
3942557
44284096
39481
800719907
20579322
18611677
69108635
14071925
39664820
543342304
7854014
1894283201
97031211
15714830
781661319
35093151
7372575
109258812
25309584
1873714483
25518889
449831938
22788819
2900912
2230904
19595182
660339
2134104
56747144
1871955752
59336040
39107500
57917091
827957154
3200273
595572
29325993
45328665
565368272
29661298
3002982
76483971
21559354
2566778588
1891554
3512639
65880161
40679654
156465
5788378
26034043
1788455
12763317
20975708
29757532
11825841
2364476
5985692268
69975956
11220961
7268124
9828284
894959
194351090
768074589
346495
22849950
1316440
3760896
2788389684
12414630
39978
1548625
3080837
2658355
202093497
8028026
747456
636175140
120803887
36714100
1008279031
891681
6770499319
4481397
5564554
727852
1726150
17141715
1005880335
6994124
33095332
75992606
83212067
742479
917806217
128428974
1815908811
21250219
2115261
174333940
443763872
38036423
19890304
3303519
1435517734
227406946
22836968
18834573
1937408
8559342
1189496
1303680
720369
1135548814
18733707
11615373
1204438422
1014323242
856093565
27413792
1581859111
316608
1650701
44059549
4886561409
1459550
8730682
238453364
150992085
391479
20430313
11809906
9265981
10341182
362402777
1277741193
3466608416
2136112
30655566
2102181
4194908
115372618
8219507
402524479
215776
375490262
10854215
699885730
2246083
28588794
31712142
11985318
1538788479
5237779
33839842
88894548
32848415
392987182
4848828
4107029810
607118919
9983233
1046106790
78426
26600484
373424443
48316600
4196076
1598033
36581617
409215791
2706814
287779927
1586563
134206830
663600352
609096
1501627
599575885
3805963132
46835176
3853639
1477741613
273130
1188878
26552954
809237
4582063
220349852
279028
10105480
110486632
93348337
1775990044
193774230
1483575
90932423
130967009
642696078
563108
58416837
83832
1973103206
3402846830
56872617
36682636
62364941
27146759
9695091
44849581
1631902
213453055
23555128
3043658
968292522
890508
53510460
2716972076
1234375
202404
2922845
8519889987
446400
2458291275
242661132
113565334
4613305
1977280
67725591
2094355160
1435564
33471107
3026959
97624542
15232631
464019113
16625406
8427641
802729467
62250700
944573423
653450
51399667
19369557
19571714
118349326
838431
2271096902
4213092
1543820074
628549
528194
502034265
85783273
1674526
13883378
5703683
52950258
42475278
13559187
2627952622
819463824
37454830
288850060
17211965
70025096
1338956
6540601
172877208
69503842
1084014
3614574
4492502
4845976
17533557
578493
2332365390
16137267
18935857
3519608
24845415
1681826406
5378552
105009635
50850128
1405781
63743107
3903454
1992651
283336
1288835327
121103164
156829421
1217758
716823
2693310
519222
1855704585
92972985
272430630
465935
19059003
12438781
25635795
1181555
84551771
4537595
198409973
36067446
15301331
1213806
5812454
52151041
28428367
166734055
130312687
4488189
48943768
2482899637
4928162
610572691
19112492
135812
208869803
18790673
13787186
482505243
1945900
1396627381
172345
296908445
80191996
2965911
27761222
3614438
1002835
286020013
399160961
1036118113
27805457
1055279656
786188
199002
889092
26487856
511692
1584429
7656318002
14370084
21224696
966315
1172062746
9835351
53104412
13635878
52473225
14664850
764514
5551305
2310935458
3617966
9874703
1277708
62684948
26131464
174934
9445328
24313358
4079616179
12205653
781195114
1508304893
3337178
40843162
66151022
828118
53564064
73205702
34567092
2228424
23274702
10325227
25013296
897936
1130044
212546082
326545059
7038721
2230677972
2728022
1668060
815076
8735723
3862874933
755885
284349046
12228573
1736022
25436827
25139581
11252376
1322922
5525821588
235697
214742948
864101914
4105910
273176050
7682464
2625154
1639852
281636508
620480
426132706
8276199
5206168
122090265
5824617
950322
37903257
371940399
923541484
2984047
91078362
1505875
8987474
38134785
33313954
885568
25945147
32177551
450011068
31642089
1062359407
79288362
403603413
9001532483
1137609860
32112745
4254931
1234186
380912
64564297
1170348
1347114
1093006915
53272333
16058389
1117926
2891705
476041907
5629411
1501957482
6279039
1766247
1770249
1096452
63288650
395617093
52938918
560622759
1507721995
7083469455
2079445
29747364
18876566
773233
5461646635
8731222710
3687496028
16814615
32764692
760660
2139533
2494983088
7145763
2598113
959749455
344990343
3850290
2637818
714069973
64369713
108393835
17785513
16901393
12183821
232960658
7802747
572520
11322526
457616383
921986
448124216
17874006
32917990
1133089497
1434346424
2044250241
2013047
469875
467552489
278626676
12800550
580295
18881687
935247156
267062305
1236300
5315933
917864562
30411757
129806
12344903
799369203
162092
1915012
2371152113
875000134
210713075
2784798
2460589
29357951
361320613
71924439
5551375
2206409242
1335171
1104569434
81823081
260517755
1849491
79616409
4069683434
155035083
1033466
243130613
659480
142216608
18786914
428074250
7692546
382361756
4293654
401952
473993998
1882708
97427022
946547643
5412246
82748717
2437449
30847333
10076902
140230
6646327
5080659792
200124655
2520328
509980
102396340
3804296653
3519074
42892243
53136022
1118750
434792288
1443435
53629661
68711264
537648
2034406707
27090
1866553
8631009
122840886
3673445
1085546
1179062074
18194829
259411429
3659406
469820844
2699587
1984340
576771928
17037873
189980
59717
1403480
13712
36505368
374712340
6337386
476580306
3138876
76742633
726219
142741747
1609476
217186287
578653925
1003700
835199
587780
5763942391
391359178
1995278564
945866250
1046983
11602002
123722545
89212446
1131990
11011466
3962018
4240598
1874837211
93275335
48241474
149300814
2327522
1903168
38888355
121739
904044481
50460883
606659232
2729282
5753385
183474955
1464767
5181979283
611280
11303919
436990492
22585417
2092024522
943007
1421922
1685502
112926507
7916910
6822331380
463879024
3742197700
22869737
7045157
15546254
13869045
374967939
548028454
1039167
380287896
1401013
2629384
911573433
686450
15021892
2776438
18679675
38651316
27293481
43149748
14445552
83296810
73994042
448225
1126308
1125254
631400
1708385
979940
849255
85702217
5996299
9966958
929389619
3458038
1204971
141622580
246753
689865
7737220
2651847
11097387
4372962
476175
137288710
20273599
9241137
1228998
132529898
983286898
3089240
1215331
26868437
7065303930
230680877
80965373
11933913
26373349
391363
771800
521176495
1002630
13913284
6643088
1258542
4633176
2131922554
4158051
19063139
14976059
2752841
510612038
56246034
6166009
5018014
677670519
5022273
48954540
7023633
47370490
97104030
1608804
1986322
653953970
2765182
1723050
769648
498056008
91259211
4088407
22857127
1587091
104235
1736875
4669867
41281543
719921091
1246170485
25071829
63136238
7202090637
1229194
8941418
603221543
1979417
56583318
4147468
132231
263306956
120214235
73320528
41908313
11544426
987717920
1362780
437581097
3973065536
2080236
4275612
1723861106
385306678
20134140
3868237
9005653
961362
356440
83680
7715099
32537437
13881430
63313995
9186131
805948
1105364
478563739
1321104
28255663
5465271
37957657
149714606
12002389
437330896
288066583
13164330
518348
34171056
239433823
6895231
2388451
610982767
18489488
12258681
1238926
270514035
2261551107
21078661
15469001
13028700
5054094
260135683
392726
304397040
378486621
16076203
8738672
445636610
113871911
9560975
1392811252
84613698
646214
39935157
39311314
1358632
67575020
13686946
3935503
27125061
482508861
327560
80627413
1323693
859158592
1268830
634785115
5960864
3478196202
53318895
1020432
2913383214
39779173
10717745
13051551
85728
950394
3326884762
70064942
4596669
4833190
26518299
10966450
308991709
4630772
486680
983667382
270133093
1083000984
314937453
112079813
78104771
472066066
668691817
435759768
24649492
215888
31158240
1070820356
28249397
2744465873
1072824
257425440
95417232
44508921
1536225
1909858464
4058410
1855159777
1505448
19529219
1155380626
15927066
2580999132
772666
113993663
57439455
2456505819
22393721
1598701
335158302
2555318
826625
2168747
2493547
1981942
2987167044
1530846
3455060
394957347
258721475
1277007
164738
167744002
155500201
8839978
1456637
6170349
8289677
179550584
2303035
514925
2467987
149292715
47783447
115823095
4967877658
7605417
1125725
322796
1216043079
10505955
115029265
82557625
94209187
92734563
1171028
9930638
360116266
12804356
1512589102
1412528
1018170
12720218
204981785
876418
368702777
9249949
210903541
1145478553
13589441
68211077
162228962
53331200
598750
1318540
11936982
2384762872
4138412
954304
51437979
1297948
968375769
4473601
191698198
6308519
77432762
623670841
101432598
135841941
1442882
8933075404
229656
4392401
18715254
3381029
705680
51617459
350845753
39207252
720743097
61089606
19468126
1631965
2373427
1138070
357258687
3541005
13802155
15454609
134430801
4554870
1179828
8174838
412622722
74017993
1467365
424278
2128110583
2511629
1886965363
9540817
281186467
1608483
72997894
1381219
28830883
190030616
879288947
12334582
1168946087
219257
6731295
571000
506752
1159915
56767429
202618569
3272472
2445926
1608866
3053011
14769513
66527262
1068375
1061939184
144386405
53500826
6124671
2615965
6696593
142343976
37805941
292258548
5836715
5244780
4916518234
1294810
1570238330
1282521989
738009
5649536
206450358
65209994
43843636
7981264
1560107
1425213
1752163
166901457
78056242
8230861
9190010
103171036
1973009
701323557
21208505
3815905
620168
2240076
1768815
165136881
19658505
803500
153770
1038825604
9568354
995509675
3289099
18549538
134073730
334396067
566975227
5262598765
202064650
1928866983
55305935
925947
151971118
838214
2447127588
115398
13502304
28789101
1455634882
1070310
5247891
3932960
1460589
18907150
4939745
2896711
157152130
531438
726408
10615549
2064004249
208832388
222980619
3959431
6915712
8841064
333152403
3122633
179815
17579922
9497093
33078741
1604303
20854350
18089626
166270
911209
152163
40511551
1498681
2031293
152491925
49385546
3356278
37400147
842256
586108201
4707804
325445
2940231
119324000
5338298
1139816
983087
5497885297
9722255
566060
7161337479
319661846
2005018
25278467
741441
651885
22616505
126546157
9757016
3403446586
375153666
201222
1053777
2330635
566009
2372954
68758530
1242505
64182481
6827458
2188334
253331
7217517
5087634
6097032
126277320
25973627
642265
95285753
22447258
6045066630
1485629
1591992
11658358
188344341
1639353455
1993192
22741171
1526375
134397309
499890
178620
1974030
1066554
3360850629
378177863
10291877
8675475
2982951
56953571
111906653
4025731
28350594
119193021
162454016
5141057203
5309196
1224390
1650036
170640468
35030650
15162885
2312165
434653400
13485507
3548468
9432086
10063061
775582943
26008954
4796995
4368208288
700475
84423680
9470304
1227884
3035866711
8818372
12969088
13194450
41393349
8360333
5063609124
6927408
4724825
56676127
47886045
9345126
2224498980
278046935
5612913
19983132
9870324
9075090
409014177
28446321
22786378
1733558726
3632618645
824144530
40748169
9718750
4323092637
1776994
1334293109
19332664
4159909698
321318979
886192330
38820
55472601
500209509
1277484
788961
10450702
63026858
45940376
1114605
72983447
64158459
34132643
64214656
1084568
157454
49640829
147663905
16942362
72216965
36847075
13657130
217075
28744733
291981519
316852522
399513196
106796071
1211437
5002313537
1666295008
44336802
11488157
215645098
41157328
12944626
1791548
4710411
20010647
3130977
24118897
1279100754
2276415
429032760
1573587
850044
1082929474
3762661
714082
40264678
128130912
4250338
1545100
921528
226798
1445754
972051690
6750804
2659967
783492
111844861
48661702
547410481
115768832
4066893
28258540
5142849
8284188
18201314
100805510
37243197
874032
83270260
31452989
1650892
3416836
283851445
1289064
16960429
376779744
169933811
71952194
814708
45691626
7426712
201717669
1029070
12911255
6222014
4063017317
1765113
2888405
12498514
17194145
331843491
509260516
7460147
741567494
846121420
1257883075
867184536
2701686
777745
621808
1189971
6519046
126041560
566310
2119563
4862487475
1349220
4452939
756656
1084003906
438974248
782533200
35451787
942858
733124770
3046617
2553144
884153
2178565148
170889980
1796096313
9771159
1303893
9150765
780092282
118063241
583908519
5064673
18009619
314592
694325
865891
4108832
18398802
378879369
33315623
219406317
3696503
1590146
7401240
1360681
49366977
4945643
113125425
5172132
3854162
191469189
299323228
5743264
16963342
4068864
6201240535
4705764
367491679
4488604
5875691
1531104747
15745428
10998792
487621135
9167276
155645850
312576158
1144250
88241640
8127364504
476727
2905259
4320747
102213396
18545135
1203312
1723354
242466091
941556
540004
224257
7020854
118368905
413599737
3123042621
14889858
2052050
2669558279
46363104
511743478
93199005
621803810
62265376
4204669
5762886501
1056910
49623215
58477524
358508234
16284208
5407436
1865433130
7362028
7868997
63548025
8013711
39006130
33945503
173126280
177102422
4141132128
17682324
149520178
629823739
95099543
1709667459
1276775
795720
96690221
21051641
1756778
5566141314
745009080
144892
5114306
469685729
237990583
1017885
265901732
6159375
72694834
21866180
1715234
169962156
6301093
243616250
493072
3387240
7838592
29759575
761120
2717185
2310509711
1475027
263945
764600
8207458307
58047711
297163971
1606172
1184602
35521033
1420231
124480
21883189
377464
3269542
136307372
7948716
481242
5184375
25439723
2099067
30220181
1916628
23062795
1226922
58432552
595987
302118195
481525
29883080
43244370
177897400
3585907
24775566
1468159709
4197712
659767
561339433
2447010
1484925492
9063453
915975
2382044
3317221
1795409
54552996
112236014
9626696
218861
1679360
168100181
20529397
2079492572
1362234694
33527610
606371539
3288596
499433544
2345291
4632859627
38852860
901256722
2260749979
81331600
1233809755
62673294
9983172
1243606975
13035496
608136
14776997
75307189
1974320
6848161
4454513863
6963053895
493855421
1131915
1374835
1106028
90005
381057429
18702858
74646950
9190168
105218810
24593978
62907218
33673785
50851475
132550512
28072398
40283957
20299123
4615517
2313780980
107398424
2541236521
1806879
12285799
15365853
10247788
497703946
1455744
315626515
1902130
4895095
2719655739
81868418
941156
58593299
2703558967
207423071
2973475
28011836
203057740
10391724
214583043
16849978
2519154
150876
16342679
2076284
169127301
22932533
180268076
133328971
88316
2671966210
9418526
30913822
828575047
175559406
4324168
53392030
1650922
19231062
1360810
8221652
10553766
11619359
1005510
10231819
3179225
50547772
24110959
1320877
27743480
333231
2670886228
1725420
525756592
6444234
2715826
2846170
125273285
1864785
24708191
3514483
6090797602
1071984
2211917
5337648
701074434
4005106
5663789
3386820
2658487
14432778
1854966859
885746519
4106299
25041838
1660594
107443591
1643425
5775097
37308756
131875239
14392078
140765368
3853628132
274332273
76540
7359633
2988244
129932482
37037443
6581611
3178838
23383513
2172144
13473883
13866408
1943178
55106187
276187295
17153184
25774300
36333965
45132483
3825023
23142194
7601008
6871578
60205105
24523061
1717401
6735841
7351790
79566063
33351496
956795916
74585638
9303581
2741607
637740
1171464
61852792
133537893
11420023
393265415
119555347
8498903
13930547
5829648
1743816
15270364
4361313
1191255
59109273
97202205
6895439
1558877157
3776389
457041308
790525
6800566
40394000
15359287
1165945
7082692
40153430
1414798
146925869
381795
1250989968
37799268
93094
1473600
1219467
252440075
3849723
720266782
6372400
218751251
391041017
38499348
2677280
82823892
384061133
234226
247704798
5266697578
6088133
30956029
469450
17983239
20896838
12036876
4111098192
78329055
140488977
44607739
2485927
1057374
7186413
3127018
4777112
37823362
521408
173090373
1275760
3723666
1778707
246542845
587048895
2428279635
137048
1186951055
22685112
13038956
162773
4778764
591395
1043914
7528307
15202073
343912192
810075
14400013
967368
2822545
44912927
751784
4152573
52448713
242182
46263347
137288227
215019873
1210695
687463
3764613
16148247
11656221
46595855
3531357867
487300
3630427
721872
1182076
2938626878
16271828
26484990
322174824
3611548
277968
411982744
2144053
53509694
607329527
1481326486
21909661
796285462
3554700
1341102
925623412
875364
5179166
1222840
545968
1991041
98926419
10039445
14109446
624785901
15181961
992537
48933007
62265369
4647199
2060448
764541
6739746
50709
4564217
74618195
1177101
1707513
9752634
103981939
1295183584
6874292776
3936787
431465168
23838132
756274329
867249776
16487580
14583669
337747826
1100494573
6483767
79354871
213212
165430
17068502
35793404
24951847
1551515432
4632232094
16689580
2679201
2489906283
189560457
18762157
274563
1077285
1621048
35216488
31604438
2386087252
6606556949
891677786
11538410
210613397
13670785
247821533
43000
20265832
461004
7824908
205253087
35766491
6993924
7554859141
2770787
372115
24705390
6973506
5692766
971124
22044080
508114183
446305789
1533145
508734
6662366
1222991
32795988
3791010
42901907
8211066532
315518593
2945670
1481772
17572222
5981258792
10624213
234854697
10707662
1344626
320002835
112995047
2024082632
190609486
55434826
6951584
13347494
1233979
335646339
128242535
105777
4522011
2249107
50739249
629296512
175752906
309445327
1463481
481143
22148506
32677771
1045840
16633752
2924075
760803200
1218546
480356
201465932
1030716
109803334
5835809
18407434
78106803
962842
20183250
40602017
3883825
107673253
1298522228
35418308
67649360
46709740
1028525
161616266
962438
16149272
19535885
4811732
124016465
462175
2635151
113697940
108963
45387044
2244643
912509191
2708807
1849448
92871
14010058
434919136
2947425
44923135
543226485
242531
2281239099
26454918
4335543
28353618
240562270
1351682544
1413291206
32328629
5064743
1651885
125742
3642842
6608415
490069
66140194
16523695
6547374
524630
5925670
625976
1063097655
7850568
255073675
5369310295
1836995241
4102730
370278939
25095749
206455894
6919476504
1109550
580986
17828583
14373770
107958059
3284736
340798478
49249803
19934193
8760411
57102137
59228894
1110292561
1346637359
3766905
625583561
1323477409
133240156
1475725168
3767180838
1447496
1422846
484789460
3930049
3692998
529549629
327536033
3956397
890283
67228
37002856
53413202
54143954
14429863
2438634
30571060
698225
370994660
257314
85352458
675057490
17209313
1014689
23710589
22554261
32515517
1208970440
33445019
324963
5522238
115827821
368177
122194415
608860
3337719
1068733261
90729570
1320297
2689137
148724520
34726213
3176624398
19324153
31820257
670368
61551010
2279360
209521
4994608
1192738
1950345
8772181
67387329
223698310
2940834
1089616
1384157908
817761
8450732940
4261520421
5126982
378480471
235279
3018322
1161450873
2634040827
122005826
19624619
630223
326705898
4288278
8845484
270643693
15812733
136967336
155580
6801161
23568486
7880908
52340339
49708959
9602636
4315806
756225621
65102293
3009183
1229297407
989437972
1264260
297132
1749424
12576269
2170202784
10060264
171297057
3935261857
3520314
37434248
3943276241
6995729
1105678604
3887906
1145832
1055645
11106657
2155071587
9195827
1023325
5384427
832016
125159895
829884
141530516
3519072
125808853
492614
97407
38405121
1529461540
15172792
13083952
356821278
2438226
62366795
9393617
62889295
2202295
997836
19971931
2288931
810717
3376219525
69965496
970619532
1215344102
64736238
1935141
8462876
2289291
1135739
8063668
41318935
17469870
21534059
1529555
7326410
15023541
446781
264492501
11981635
220047
128225020
47532325
23383415
541977878
5717914
1439060
110241483
23513442
25635349
908457484
2170922
1578675
2862510
1705865
6960328
308728
6977524
3216656
126791683
221083656
2273112764
1797343
746580
2988307
2830266308
104197466
242932817
879670616
60564768
1303940
568171201
1050617
295471061
899548
357443822
26430843
13630134
12601908
2199036
57690441
94157262
8297071
43289520
205570322
1135635
845223
2971617
582016978
200987223
81948962
13679586
2432123
2028817
271683583
176914230
332804547
1137201842
1463624726
467748
379220516
7657921
97592530
99372091
27763362
228063922
3432882751
6476562
42470410
166066216
46813190
4640834
1171725
2073081
12176589
6764239868
21855330
1884425791
1281357
856256
53746471
9253909
56887221
671947495
727525
199495
2787146936
4826869
233406674
5315104
19798559
58565572
1100794405
364811736
2242034423
48666476
9177960931
23591216
140848086
496023366
2345233985
1766300473
62548839
1591015049
1373415742
1100064
89597352
7883752
31221326
432514313
4242003605
59748978
2946857
835991326
33572404
714852
56023730
129027927
1227574
680604
1376155527
76138192
51917298
95650944
102259685
121779520
919126
4789174799
4593361814
604755524
1983607
5603113186
3884635
36652426
425275558
1247820
1156755129
7252011
1483027
83951281
4730909239
904664
79080562
23975
443288877
5930309482
6423562
92847991
881460
59605949
960076
31622244
1860582
3676258067
8576045
1389192
12035587
82025541
3930422
1486635
4136729
64287536
388998
962079
4012607
648399
30871386
23323016
3928938923
1535391
212280359
4737794
5712366657
1770202181
87327092
898280
106444076
3366454
131615
50913864
24194274
1102555
5403898
12474733
56371856
230855778
133449
325248
64396230
4925171537
13075261
54054
238433866
26169249
33835747
2250913
1064516110
58714780
382048208
9314053
676033378
1819097
1188346
12047889
868113639
1242815
40552387
41377205
2403177
2170090
7122073032
86134497
535153806
118023579
1642039
832959
22253745
266773201
152689001
1051260
187057966
98268843
3396270649
2431138413
94094760
105187652
441967006
67028485
3612865
1111162133
950848
6771407
75513736
18019793
126133680
3981347
1713215
5486300
6138497
301338
121814448
1708366
7967694
8357685
2049866
1143776
22908776
265931803
9881600
109167290
77319895
32541679
355584
250863009
8772
6067578416
2590133
840090
744716
129691606
77770878
136740
462853478
865102
2010024052
1699643
3475270
71836453
173738510
6748117875
587175485
23030077
6084432164
504988878
11161141
3042029
15201645
2610276
15403903
2209947
583232298
22836207
9876556
3676655032
6892039
59447915
1067412397
3635637
175527506
11356054
530327
5899413
97511598
6612106121
37740197
793845
1420678
7243514
182760
210217296
18688236
1085035
225861262
4379293
211165549
1061375
125321381
6618184
32448030
40221905
23604022
62358092
139764805
32332287
126966379
37142127
118740717
1087507
1103513
2622802
588052
11140960
17043554
35156264
5915249
1258944
1465452
84477667
1789325493
863951364
6007776790
50742098
8807871566
13769227
2945160
17059045
1889545938
14142152
2080047879
648200
2110199
385594
1515365934
724216
1919700
1084745923
11683085
266045927
32496333
7116111623
112267714
19474606
445624
4786516871
4972975223
98687692
463612013
5709070
7127459
2189882
979073102
6318900522
2315011
924776635
1646778
1544300
469682559
266990
13987130
16883996
5846442367
11791590
8933764
58268470
15105157
7041134
111585247
328228486
32787480
132795048
47549380
17074684
46542056
51838
4263452673
4161026
2367712367
212916
758704
4935188
5462034
85892287
6792471
313769227
334062305
4019717
854284231
11787874
15715128
61215477
430202015
7523861
222192723
65768991
1882570792
22214734
3647243874
86305294
2090424
8211408
25738232
19309280
62390426
7084393
141400112
963600
306585767
707772
501028759
8169534
279074291
25978450
1057706
266342904
1579792816
54369708
1888303
942192
1131266378
479489692
848610
61877151
145393869
24031473
1509994259
12259854
1058000
4176853
12008607
1464471
186620206
3005566680
258244649
39922579
23887072
139517961
36444201
56688373
1855111
1678740
995564
3883849
2577827
51094225
956226
1922137057
1458305
1688739
960381
20336738
5019556
927634077
780930
1571328
335562697
2742571
1696871
422841825
1376474
2183244
71616
5161438
1990156
1825396850
97557124
11484025
244031637
40350753
25734502
2107586
144110937
620275
19742581
1640765987
39024117
370440
523611
1143882
1475103
896733912
14068827
18109170
4392183
10400191
4541799
61741803
1178934
6604164
4965617
196196
186786083
24784200
129146379
2141204510
32987067
21240895
26113573
6477033
192214683
1446825
3002142
141763085
1888084
3508949
1777874
6610920
13296583
98450277
1305074
1217966
287858038
879840
1383300
203883139
924662589
149719125
40370440
3873327
468457500
2698540
3833321
160188456
241646601
4581185
1321648
2142614872
3146353
26960377
32967028
2672274
1755358
425334
2822442
5470089
5561560
619188
4662218796
4503036109
3944076
204610
1804523
5847448
391676603
473152
202775255
563695
4993505
21849596
1353504
3719335
95065654
652860
6402987
5683335
2841701
136714016
842124
7635566323
1593090
44427
4310129869
5230891
19444139
1050738
4396674
38722079
14322562
62583055
73775177
2390784
684912
1314652191
91373976
35712923
694956378
1949878
443796490
42005437
50687644
9693941
3854818
850725
2404622
3313617041
1045121
208565261
1137431680
941394
60013926
94796238
5175116
439720914
1305960
5474302
926149329
556131
3427370
42606720
255635171
3336060
679600722
2713851
213286517
1090990
1745123847
104280259
200966430
41022466
1351167
80178
102589332
754697
38450878
1559867486
13755957
164935
11767806
726245
3277588
382230529
4436486484
151668045
2128114486
7887364
1575742
2783609
138490473
2214923
2508703
1573112
2853605
1187658
1024338180
407887395
1307067
311839435
851836
1491586910
12927737
1164823
39778642
2118785
8071056
30902085
4884363
343982182
5707671
10610635
702186922
1221111
1661193
69969646
1669472
1485933
131288594
1665462
2065816
46456391
2238450
8113003
1952016
13055614
1249611
669887341
64990734
32711868
43177723
3230427
1981303989
9753090
6478906
2644075
782277551
213269677
66312470
15496727
1286663
1765060
29211013
3930770872
10577835
19835837
1623154650
644639507
6682203
1409583707
1421092
191391146
38628996
170675719
4894274
5072624
117917236
563382
1698600
21159600
9924669
2814512293
1710199341
1356520
1132976
1669772
187416334
12420831
3692180707
843030
789942512
61652663
502467
735474
211764045
181030426
8520810
3334769
64751287
51256353
14044130
525882
1954931830
2446121
2124458270
521940
1295648
2539623
763334598
422178295
55400412
14781649
2208273514
3159793
30850442
869199
13456786
880152
1626436
1076575
9940728
12806487
1246905
30255450
549678
1112650
3123111925
9982157
9582081
76857148
1173820
21780874
387242
5568081620
4596069
13650003
226170597
4797347
2156724
1340741
14775883
213495124
11259458
828954
1471175
469183618
4171156
2976840571
4732008
622319255
950835
4758128
47723861
717632094
120835579
471618433
3834941
1404472
300923
264444552
49566728
125006110
2792207
103690337
882324127
2641705
31735946
171950765
237547755
49197053
949897819
225342810
571916949
5520925
2618474570
25889373
13619445
13900151
2799332077
440644825
220218956
4758531
2494070
121827299
511949
15929148
1055842
10893061
3328962
594316
576796189
55527548
941235
87256302
1179390
153602504
2471978418
17512201
821412808
298675
31842483
15156676
8965927
91834102
19226412
3882562
49366113
22808603
7757484
12467412
5266585
19256611
1044928
1927371285
4953244
181816735
3517190710
39458943
1213701
1685268
3508358961
5974988
352563107
33525673
878664
2077872
810036
77771206
8787024
517762416
390825593
918168
1521825
1527500
51114770
19481527
434042884
58320577
849732
28166516
65914964
6142636
10446893
386824
3862659729
3117727
20170143
3722803
3737431907
35172590
78097235
20121575
12824557
57456496
181025192
3066308758
6916368
4940699
65817179
19572699
3482211
3332544
437727640
398713618
15090245
4517773
3490814068
71072040
1269396
852976874
682601147
7938189
484994916
1479988007
15388677
2991071426
33903058
1375980
59991063
97357775
17988049
5951362
1063906575
3931180922
22528218
10112247
116212382
1635384
37701632
9653431
24147274
30605393
4042647860
148449014
1417589
58082731
1433729
35736263
14780515
563949
13989742
9116565
3224552
80495905
16596233
37129614
94754580
7635824
10767206
5833182770
280400525
2915802
1364111
33640374
1316847
61461640
2679150
62938454
8241993
2969754530
37857870
1835125662
305894053
2799305
251339647
1787225
3962579
1034805035
475950939
3268363466
148453936
874284
72858979
46469907
5630852
31698931
1626534
397280
54829978
31347923
11825763
1966613
2801859231
206775
51948579
7368904980
3825935
12359894
1481986
42942686
3381526
606894165
32005346
27113
489995
122690105
33589761
3367871
62166794
2004050
1890945
7395737
3432275
14309562
44700108
1530036
13988875
7732571
7728991508
3530504
1551407
985497
1170248
1180436406
18797257
1885795416
2730558411
10365490
5895343
56463126
238202730
10716387
602509
2339603
426193695
7052691
5050058
10439175
10755792
36133416
132241842
1466648
146259355
1727901
597425804
284722108
1990598
3803737459
1069903027
72823846
94836312
1383963795
11713513
7839901428
33403278
1126819
973298
1321659
15702322
9450366315
6298871
8163967
24618558
4169897442
1475698
3499770
18566899
562258529
2773394
2178242
13134707
3109779437
646155
626115
10811331
16650914
114586
1001832
92583691
1252416
356626
4061393844
55571956
1982642844
7656709
4794417
2920003423
8915877
144821
13335115
1092840
1819857633
2949836
45656202
963072
2743199891
27604680
40539879
5035873671
48480435
2951391
71422620
1740400
2707144
892856
38929053
1495930392
237823081
1501716563
10118344
93460172
15891349
1264511
911388138
690384338
139085
295374226
1208134
394641462
20532071
40087473
12656853
1432157709
11808069
378719189
13291499
188416
19578434
1472459983
6252213775
17345147
1165648
193879458
8313749
3275169
46414291
1053537
17149065
919932025
3816589
5198602
54333756
82596
8592024
102956972
246299212
1185641087
74427391
2686075582
6399632
3362338
810026
12097715
190011797
1422751
210086
21845580
1829465
806250
1087452
1077992
33867673
12900550
1961871
189236243
520659
4513233582
282346956
5094002780
38458197
37918029
12580716
6582359
4956006
3324958
4307564
690282516
137283471
1741943
2419573243
15473466
1695484
724655123
46088331
3550633152
24239572
2539172245
136969880
47982037
4608
792528618
2258515
12951980
24481256
280827198
2464850150
1515861
1784961
68085440
1782711
21110488
661650
10668375
861453
1589070
433658594
18226869
1544520
702768
72554404
370826
551809744
11836668
136028736
37330694
4654561133
30867299
197050
1099872
240402216
955278269
907424
52495931
2031428711
686701
494340
646780
957174
277943596
66393139
985436
6431772
6171142
521730
15116181
339829608
604303
89444996
665977048
742244
2382525882
888106
1138800
8762931
4835
489483327
100689035
1048985
217338
59972
836101036
1730731
602464599
156275106
2947490
11501559
3190837
12622200
48374272
816748
3999347
105578716
10731495
458398665
18770557
3647593863
960685
637670
81327110
1205520498
3650471
12531428
8577322
1372990
24006727
20493611
43131076
1020285
2779966017
427026
55650694
1039950
1591135
332453981
492076651
26660862
933076
12904006
85702442
801724
265374721
304019442
779994641
1092759
3467944185
74746411
13465520
85790970
644036520
925400623
940421557
2724131909
42046263
1045885
10614623
2975720057
14751503
3563742
45659212
8995279
70372833
5039117
1356742328
1156953
37134011
7430326
2428443
4648505
708153494
1459416
424800501
123826898
1202304
21239971
2904796
10882564
42677516
5969100
6062428
2185518
1643373
1583766
1275153
80891979
15448488
2295398
2212031064
278501803
889933
54448985
34816541
760632
1475175
2059770428
4388786
391683588
15036762
68895703
70641969
1117485
763990692
6199051
1985457507
1141139906
453750065
6426527
3380351
2767666
1615915
114286404
7803059
1317018493
168480952
531136
43234359
97784233
238776115
160280494
7673746033
1225024444
829413
459864
1213750
3676063
115856487
479579198
4222805238
3531449
9819099
8530335
770217940
20088555
2910762
10118812
1042959
1880986
3890296
6709707
8625510
1391654175
34224952
27946
2920610
8670104
29778
1520050
19164802
1518005
1584160
4714246960
1721014952
1532412
22627263
1861244520
10831651
3743367
838851
180541267
286654205
912684
105423959
321505760
172461404
902926
365381710
238929211
9096686
43874559
1451103
77775458
524349114
23990229
856985
3235506
41837139
43872575
4227764154
3332247
1581731240
15808101
343993436
1373183
8843319
15426306
76600719
1033906
1624779916
1104829764
4305441
16883636
130938334
10741187
78256747
132697370
10212138
4119940
104315080
11975719
10067625
1176507
429564
1958390
1742862369
8113513
936105
8922932
1375568
3454469823
86546942
3624142959
1530612
59749133
744753578
2570953
335645074
6256616070
2717
3623788
22790437
747666
1063307109
85134393
1697593
199674049
116843628
11381021
253092918
1874521
516698
22454311
5321512945
242532
933850
1273910296
1063433
2022960149
314286054
35877871
3524367
12725254
231187730
1225595
74940745
1503139207
1584101247
305511940
7213502
26129783
254328
2757854
3290332
1470664
2224273064
458160
17813134
1611473757
1158755
4064621514
184768946
5784696
1183765
3214522064
49386104
9955546
285490724
19321706
366063056
202569191
152898102
225055484
194948148
48165974
51296100
5285101
36022399
2389316
84869214
59939977
3115952
2437443
143259
2970776014
147918869
825032656
1264982
7274612
4923201
7314734
467359597
685368
184129477
102325360
22942776
844341322
16755242
8244485
480288
1195285
2745496
104324986
116115
1350124
807258371
655411665
2965463
4957480
1529700
330713348
33959670
51528990
9990058
4734800
13784584
4365611
2625669
2100013
2056303
726957
270677
18390532
866554
2154087
5334039777
1724389178
3613338242
422980021
55848011
2439668639
997912614
80250
25694359
1740760
1637117
4449707
1943949
5833505
1142150145
659087
2487210
492923949
41621127
593825596
873603
976680
863800
8808884817
105332437
12629094
1344516
26188075
897492
808108
2525027478
960156
816468
2906967557
136573236
284013635
1321019
3171508
1104071
16014172
773096
2338595
10001333
2898077610
56464279
52269236
3094156
17495777
13929473
55076810
904640
272201363
4465769
119913299
122460486
20391539
117253789
1766795558
2773313400
39638492
2817474
1492780372
22887630
2716181
5456123
286287460
4249394
425424945
16413441
865310
471111
1339775
3014991000
654792
4880568
115124
18089311
5454887
451178776
6347474
873912
59225260
89223505
2432098173
46250075
7236360167
3664511
477245824
3150295450
83706944
5132093
5301917
102765846
5426702
2327957226
4843086834
1009128
530919499
1850496536
174678073
2320024541
92844
1861847
102182533
3342371318
931588
1275981417
1267269
203265
7138476
1334560
5187897
51744767
224486277
6235414
18074625
1161413
2953527
587312
1324720
22833219
27249413
34476655
2048640737
24035340
1304932
7571791
2019007
1992209969
33866455
3657975
404397
8097448
370573469
9324250
3495765
96474190
1609101
4561473
3969944
2173913
2160319
537797029
17828138
4671173
65348961
5585120
5589295
721975208
2528647
4894073
3492617
906189
25246132
9235567
508011537
388762784
420703690
5818571
20752400
812897932
156539382
227127790
2159905
150035132
144505534
97964147
44218198
246181800
46200906
10186082
1752200
18737919
2179068570
34587022
1177017913
91968147
13089561
764307584
13051044
1403378
213746135
5921176
5551546
172508071
1112700
13708834
259855947
56965460
1881837263
24001095
17194077
164697879
2602704
8739947
3565634785
1221568
113215041
12179309
5143842
80119
1230494
246926596
1600937
9815068
13097097
758716938
21704759
66406912
193225744
2715837
1234850821
583016365
8262160
5443783635
3548960
411887259
6099243
8214614
910865656
64556715
1478667312
886647
1269260
76933435
17024326
875007
1025301
5035394
4878170
641401539
25964419
39015782
1184164
63139514
921420
585893889
724731675
509756812
5748842
2651594
948108
10185097
4574088
34737126
720614136
481207200
413563291
10175294
7628969
8004975
96999943
3000114862
1533480
128394
2726582377
67584096
7322571
129145188
18752769
392685
11296286
5457636
164935095
306092176
4635732
1749440
5036489
964531112
16160514
6568440
183881770
1169141
508317
291034986
1452682
94793114
4846543
43241829
741748197
3794072
408300
10956709
1513060
1283774933
190064158
782225557
70363684
5617014
40836137
242374503
1512273339
1066716
37333841
67722274
8072225
5532533
993379805
199773
6148523
63378678
2144727487
1695460
27622893
134067384
60770357
38005673
1276413850
1591132
5109278
2645593417
336649614
13935572
6237558
476821086
229644156
1123380
2972134
353055652
649733
30873764
1965680
581690099
1858995
1905293944
36181582
972814
985992842
28557747
146789535
8576691
1715625
78333533
1257366
36516528
683750979
678654614
3609177701
545419454
49844094
4552916
14062173
5373896
51227498
425475670
1191575
979781
1890158
105403427
144063833
35145931
70514718
4087941329
287631782
1086784
2173799
611716
1087515
51781071
196576
1123635
242269157
947056
3694059
2177686
3030817110
214254
1070309142
195894904
13742573
8843137
295275009
2899729
23275243
4608077
73615561
5529711
1137095
1956620
691575
1560337
125456441
1024075
3239883574
7972891
1111125334
206183456
733899
2615935
4077039
62746991
10110737
518434135
3463631
737182688
83681265
769483
195344042
786106
198182648
713050
2030548
8771557
45344265
1125336
5794685118
3994663
5670289
5231924171
15051684
598823893
2685023
9120400
14450510
311960
704775
30551671
35921380
347004562
60200555
4359087
47204192
31689496
4822498779
2823730
5051533
38176747
1540254
1629859
18424
742939541
1693965
11839881
734168
111690
1840707
16937519
1286505860
496859650
1675856
29315893
5572302
889924
6667452
283118186
7362948
916275
63655438
7020994
2568155155
431220
122544124
36154441
6082595
7301552
5756630
852319
204762
2047294060
29187411
149888703
1173480
601546
415481944
74025119
3568658396
1039508912
85140037
49278827
2918695838
12033423
2568269
28088019
25284320
1149196539
32488485
1796757
42538922
5100335
184524532
118274
26426162
661114
2773355
1125999807
7132742
3957434
7070432
4019640
3524353215
13875346
6980359
450150264
100514537
69107409
605784725
17038616
9724523
6443745
30679046
42280968
6589627
4056679948
1176222
2783033
5059486
28489779
35801486
19698036
1095816
914900
593738344
1356228
83318254
13201393
69849780
77780925
798837320
551344
6834844
919542
24759292
351571
18747605
29244727
10035216
18710346
2748101
319479339
2925160
89346606
8648539
920936149
12619516
2623202432
328944428
780722
173096796
3510364
96354655
17637120
1703269237
16030838
386805
65018822
8488730
23147782
21917590
2260608
5553332
2910303
1130974
15094942
35373207
212698086
2335553
2320062909
776195
1028008
74289880
80776
1391693706
1314803458
10218774
1189152435
382525
1035712
1179797827
7802274
558948
1940244625
372250
5201872
26271788
11873054
13601110
4050131
3439049
5012351
72824
3974482511
5065820
5278632843
1394991
12137242
21503695
6337617
1305506624
4189427952
936454160
1589653
1414037
1062295232
1938375419
2616612
28668115
1467084159
204572633
37430527
3512561
1635118069
4409869
934422
56557864
62866530
4956993
47003056
50526840
2173041
7824007
1177597585
2411976045
400324894
21934740
69454432
788619220
1782228
411943
816066029
1746765
84553069
4848182475
1366884
91767358
27615
649762
5387886
47810
2244480
22616997
12924722
4505363
7148043
235840
465258815
123546
128079891
43931350
171790993
819182
19453149
138566682
1300534
2955641
3454178606
232912
8086303882
55567940
2727009
644864
1570608
3055820304
76782298
792909
1166970
2537828199
311669
12963242
5065479524
912673291
23393121
4683534
83921597
654996
4977122
1893793
1028300
2720751
19557919
54948269
6337768254
556917283
676576600
5152609
1262730
14773795
80571534
6995870
18970556
4123827
608592
64413379
732282179
6132367
8437
234673014
54449172
27402062
20871421
2196419693
5687128
991546
7627747
36727493
123163440
1066905
2719249
769296
792468
3228709
31033501
3173310
17462080
1417555
423527314
115125370
1087476
29665
815646
4167474
144689985
119209
9299905
1044090
901171754
20420506
71811146
1057004
65193649
30469326
585564
4717846797
1054521
3674463
1202818
120296922
2156364
1898807844
1586156
1860234
12177367
3918445857
1662270
1650600478
2357973
1467936
985520
3037634
35652145
2918300
39455146
4718141
1124780
97210
16176982
1715210
805563
3811434
496435
89825791
86911706
108003
169484741
158734972
622895
1132060
112728956
62908807
120028641
9137904
4918461
4971288
110836167
4652078
158874
554634
866650
1281949
236494603
19480994
970756385
11002264
2866527560
30055351
7541712
33593517
3844622
7650992
106436081
2289657
2250577
1778661
308293406
815202
98141432
120577082
102801640
2035796
151013544
8229787357
450146153
2270006067
971776
5472646
310011547
40922830
129298785
4067406
449630605
2242110
17732832
1195374
54422120
1934443
1749219
15665550
92186188
1681032
75080142
1147740
188154198
19405761
6382086
785874
1286475
1429199
21157794
484435
35007048
1989224
436562002
35605086
30933639
2399881
147946480
1076500
767107
9470058
28192630
27021212
588794
567626858
67996518
1217292
633221382
460630
179093422
279324134
970455306
1282103681
928121
1614753
51530341
678300417
117816751
857822960
28955604
162750099
1675827251
1924789843
1139112889
2223902
1151742940
15908187
378691021
134355391
2565028
59626209
9680777
5892783
2688786760
58113184
1583885
178277095
785429718
62312197
618693986
1695939
17284100
520041493
29488128
602199180
115002668
54397157
77745724
8009074
16116272
239080719
1119076
2007419
80108556
49351781
51686895
39844563
401960407
1547647
289997048
253680
54015
12776922
5203247584
19767116
219068439
727085
8029373343
8147974
9084466
693877823
664696
30626299
291083999
1870727451
189091447
747937
1165371
5953600
164996449
2889719
69924
1434137
784059753
27754101
116852919
2438506509
167722409
75438984
237432171
4360613
81467469
10642716
272454
1540502
1199714931
4621776
1271397406
22321411
1221363
76803594
6431111
12370162
738036
2904245
158652024
3415997
12748362
1259645
3983184
555789
116704462
14498237
787702
292264
1708701005
17943977
137229762
2291737
23680653
7240642
11008202
24104677
36476505
4284297
3492922
4571477
353222617
5301903
722506
2822155
16509618
48051620
335275
36240799
1366000
186380374
19946087
68015100
114120181
9530508
48279904
1104340902
86355236
1445197
4355338
106336166
2393664
501956
1340212
536451997
757665
3571333434
36961671
33277973
926298
4925806984
2575126
3160607934
1206498367
1634797764
248472721
2846523
655253785
2744775
381883
62403793
4249609
55114885
7000878
27476421
1856745
153092271
5446284
9183067
950814
4365404
356131833
74947633
4276907
181934605
800560
724973091
19732796
197317594
1726853
180009
7859991536
2076478883
31613536
4685676045
102848165
39627965
5372480
479221974
13002401
21228268
959673
67919063
70394981
1184385
5358794
1420155516
2333035
106825784
6624626
2522520
115865445
769958
29502062
2867663
9067911
1063003300
14265710
1283874964
57997258
2302509552
44263911
192228994
13125399
545567
405145
2507593
1157150
821019
333680170
1048914
244751999
18595480
4419786
56712721
80243855
246235
4267761
10139265
7925161
3271009491
30913794
821100
21642371
2167802
407544989
4381754
3724273
3089725
335462686
8286447
1418000
15073974
9415024
13961635
713210
497962
31920136
9800230683
950992
7835781
15985666
511772761
18476848
513444
173162255
14471051
10581587
258437180
1358334
91987174
3776798642
41608022
1219674906
434766
1724688
1323269429
599830735
1462944
3264942
62388258
280093297
42951760
3016080
16130124
1874431
77441473
772786
63057534
3285152
265499
4697169
2692309907
2773136891
1248946
1725694
3896292
219748748
1105845
4126307
34720595
10562605
432375
8284496
6273418
98606404
245363071
1615760769
194338038
856235751
626314022
22765989
42146975
15752274
10315656
192819696
35193904
50185511
9519710
521373
4311996
45111285
53553001
23654023
11830224
28525307
51851163
2715152
1012330
9132847
84440746
2790532
1339528
63570997
23880931
877342833
1415006
1821324
21953592
1352064
122388359
56975926
1965454
5461424158
2055699
4104558314
182598568
161528989
4572646
1060240
241674823
140686748
1083817
1501069
10835855
4199561
97382399
2070336006
1081138
33725808
829595
7500162
1989823
1396028
2842637255
5778761997
64464606
485028302
100670899
911042
618498
109500
4660956
1754601
22185502
13144547
981730
65628706
1658148559
1097306
2904694
1296736953
47803416
1493528
910780
429036341
1257664
630556534
510543
12911258
6042796
1107700
145955436
1821031892
313983
491148518
394753074
5503397
2246778
948684
39069735
6309256
874170353
45243528
2412172
59223755
172770712
10104866
1342198
250
636522991
8002030
119168
2714855
1239056
15203268
53569204
2934629617
956557
23982428
99150895
2367629
671074
11440914
603375
869356
12247059
248314268
1512762
476471
1350121
190290245
2763473
158462786
2956790938
46400551
9025452
329613194
1280106
1214152836
107676331
85367315
302860821
5940079
196013436
204476630
146497558
9598632
8012156
155090691
1389740562
5467163070
7655716
1977962
328282451
22911818
552848337
3766355
37927801
1723288
82386649
62185227
487488
286340458
206351972
945004357
7257575
927733688
628398
262485156
2267381580
9405333
33769027
2669004
1206986
10777083
22449270
2428129
9561480
1232638987
93005122
56294368
5270381
28354883
26804633
84370949
341859410
1283320199
1587823
2820265
16345386
64033798
345924187
252138672
5640342
11547383
514881125
23702554
3565216
4668169
204821627
1378465
26914465
1511856
1388634
10514584
104797981
102418114
67172368
122619169
1662766
69247359
89906883
39387113
65468815
1053108
2641143004
1164124
129182872
717519
293242378
828565
1531684
827028056
1169459006
1270138
2134630
238742745
865902
30257951
348162577
62837709
1965292
32279434
42676956
96356557
48925263
52335917
1025766425
6204758597
2645704
5323630
26569158
2552482
1132190382
30133434
1132168
49529047
5742418
345020264
38437795
1324804
2800999
1451916
2460327592
202070716
766592
1124056
259122
209497103
1188335
9307697
434140
32448154
1032077860
113478576
13092467
3216410966
804742824
1028984
114189235
6767703161
669690
1504306
1223920
61846716
190608
116108647
4957328
1337509
34489796
501673
5739307
9736126
13855921
16073281
29466625
3819824
4450072
5234557
53048687
3242813
5525356
54403160
3051785762
1155390
60502790
6291639
230496631
8963951
6743886
1229733
304423999
20877678
8695141
6613590
205884
24520267
1351660308
566613
34469852
283892722
36564567
1182390282
19792846
979373726
894470
1122524
223220795
1445935
1236022
21555427
248384
362947
643240
22124535
665599962
54095
16375637
2312756
2022965
34821553
207765320
3940102
18229320
24175058
1293314
11337728
640574585
177980252
161475
182430108
106029925
817480
280282841
33745420
96606038
430163377
1371425
3469088
1869951
2937608001
119244924
17198932
10845189
82984914
71064283
106869706
92663215
8503397
6077822
507130
657188815
457917821
308356838
4205004
2242251
1313490
47869359
18108202
420032738
1934474603
30504313
5911374
1133940
12999130
451921306
472210949
1073485
1219275
641232
2038932
5268206
331117100
61266650
44158201
26617212
18135533
23636
3075921
66454851
235969005
1130864
143242345
2899609
772721097
2178764896
339097890
7063177
5614734352
1544679
114783436
906340612
4683379
1122310556
1587477
5887306422
598698
555841
488586479
11447914
531712
1951371673
8707667
658933935
34547105
558983
491703
3060187
3957787
13576098
123428472
4188170
4638982
27357203
870697
1444213072
10615559
103651942
215972400
3425549738
10110517
98706732
122244455
445436
4800796
2933377
38273899
38331
41097916
2793812151
629550
3573110
459297969
555058
417257
2080254
105314279
1319318
4182831
1334084
6337050
241483043
1017695
1438551649
79669571
3129171443
3926669
6873221
2349054
34492630
42612007
1960279728
39616280
221097076
121986441
64594870
41742348
896884126
15335760
782854
671708110
2114591
8141309
3385308247
1017180
23621444
250601885
1526107588
5795358291
576737111
1424821
100172432
1323543
37339264
321285
9395424
4312802775
3370655020
423396
6198023
15758919
1268317
14239381
12172771
1806077
89007308
62990
66433333
42997446
12791119
9509795
409200
7554180
1097775
1575444
1503418
35169770
3126560991
1678005
9535662
291160
383587107
1000692
3923484
266750694
4429581
5778008
7082907984
13253556
11555956
249804
864160
1645014
757503
706819
6046897
706851
714560
6967889
2519819
3070828037
61460171
12073470
982191
16067694
324008698
6467946
150905252
614730
676779668
109504025
35005457
1790678
85697572
246289875
903605
4593391272
10539370
126931110
326657461
263552
274182558
245099658
9150097
1094703
26415551
42387486
23177024
4689084
5766254
7281009
31687130
114698736
6579199
820391
27348541
1803886
36234170
2649786015
128551345
197629444
290234
12560126
526873015
23630526
1113925
2055671
549699979
1157102
242412
693500
236928187
824517
2253306
822924
242190
30387964
11019646
1103949499
14482621
6985031
4252948
1109258708
15456866
65525854
2783840
88477732
1073052
2975938
1894899
1463694
10938433
1501790610
850842170
3688201
26072322
612295
53473829
806325998
3163811
674646
36145342
1509724
67788337
1565699665
727750
18442960
2628420
248594210
2299812
337976847
11096617
3316142
7677065
699359653
1105704
329586512
102597013
424676077
285169775
88025
5128309
98051095
25134306
22151628
1237962
2972551225
1084092
1779831
125612094
10689609
42832804
523086
42704011
7005545
1824900
9600335
892092
194028994
829483
237992410
15743029
2236843
505146
1919129553
61310093
1210596558
6276369
39792966
5527523
19042301
2736614
295738258
2870703
6436798512
2611940
4047824
876712648
19404345
553918173
19869857
12512573
3478604
14676517
602083770
130302860
4940658
4746839
1818606192
244585664
56175900
168904627
1185300
6340726
143756154
2708647332
401595100
338848913
2153919750
666569870
170402252
143477511
5121887880
53595488
1373556638
8443584
976836436
7095812
209324813
54131
9345802
28556712
14647206
635034222
35937024
11560881
286954689
419955208
3843973843
2071115
833286640
88760
324345585
147277
910585
1738052
834596212
1883145
1001142
932750452
29394871
127606737
29376206
992574
2888853
204448803
1214938
382441794
732736
1783100
62456647
6100091923
4694402573
2625022
702725
1021241
552697827
580981629
1956630
6512987
2496500197
3329351
5319266
425190312
3400151629
4333919
1210060
1476060
1964614
152983673
8426027
8883390
150808927
18316134
1230904
2119088
2217895316
1856572400
2139371
1859504
492290
1171850
17766503
9953904
53966350
468582144
2680938993
504388
58094076
853168
40598720
251530
123553658
11943882
210613
2108896
28831181
1096576
3588328
196574793
740175
20950640
44336
819926410
225302
2491124782
15602699
3290424
67863270
34723520
1401466565
1631833
1208400
198287689
1736431
108856595
1915210755
41432850
166041450
1330147763
3965803
140568340
2432448
1044835
109799045
3712073494
1426330
9106974
