806147
77975
736043
596731
6301083
114430
1973376
86996
6637962
3858270
8620263
267356
41699
308195
238021
587805
66914923
235433
224347
10216
18635
4423491
8545954
31812521
41930553
24916
10526278
11839651
156032
3179918
149084
78459
9526768
1804860
29903
416081
1564
8987666
230679
83019
65781
893037
192984
925089
94900
682402
797534
2062590
7830179
33728469
57778
4268719
212667
2327
5992979
318190
22887
4817829
17588
809079
612868
65748873
39259
55917
254600
380562
2057039
150130
31201683
253270
81200
9512236
193395
82688
564408
84284
38836
14455613
250985
19578
10711675
54554902
79027
14260
511325
2557541
27591689
202168
287280
1575916
3210695
1083507
477203
1733912
98995
70134
117059
691803
3138211
1324392
402270
1150277
76254
236816
3216324
70773
4170852
9861768
25592528
1006370
223758
9915813
6591201
107184
680287
4538956
1194467
3939981
396050
3373337
271715
1596147
97863
106875
562237
3830255
37863
23230
28260681
733207
21633029
5593929
1229399
450537
2816783
34461
744419
26521
773355
755692
2281914
467725
43840
504778
3484298
141376
168099
1006104
726851
225964
27447438
115325
174686
144495
2434070
440774
1621658
321382
108810
92872
271898
12295736
1855357
47450705
54575
12998922
514736
2647196
110124
1636962
3730914
149155
975192
1852046
2082297
47769424
17163015
4562192
5048000
4791256
77469
3683185
9920
310370
16708
429207
122357
63625
429709
218550
144552
1458667
1927277
30068985
667436
3616564
1148264
10964863
63486
425444
1062834
108868
656995
3589629
82702509
67464193
565573
65011766
2053933
52503
78215
8562774
1941397
4890638
67270
1402831
549137
1430251
18432
888
1927199
8887588
2679027
7480877
432883
695960
458537
134185
18241
5520547
388143
97699
201035
61358
47360140
7015091
50150
335153
71793
78919457
258457
276845
58840
81884
111619
22273030
276148
1721404
6162683
43776
5089899
160805
339660
56784
14649429
122140
105392
169295
24752011
134886
77987
153228
1198000
92101733
1327650
7450869
7401582
21415420
146642
3750993
38612
943633
1901387
1277102
76258
538210
3618671
334552
893316
1739112
569619
72840
109620
178024
27237
226696
19131
54138
86134252
83213
117645
71253
5598200
44317
1566250
3699779
11076311
1964926
40131
67625
92636
1300187
76351
13272720
12817951
1690851
28402435
26373755
2132453
6633875
197899
34894648
11265934
115311
79995532
5066447
1588781
90924
60170
136488
191113
7519949
112925
1287236
10170666
109187
588821
54671824
90461
262922
835554
1595503
286491
4006938
786141
45465
156417
110105
4228085
5358126
5160964
74090
173831
7072095
790548
192863
16458
3133446
220398
273869
61332052
169062
19167598
959584
326163
104835
162849
800452
13794525
12782043
145044
853767
261099
143380
324023
7331181
37674
553316
101920
1886719
64444
271405
114257
518988
6005620
11691
3871708
2099034
61824840
68962
115587
139587
18430
2625210
656310
2539207
1958197
2882939
943696
79476
413755
10546074
2043044
185687
14910
143695
1108444
102265
990600
2257858
62868
79211
541879
347758
54823
92291
48508393
243423
7168766
3245233
62780
109472
323790
536783
1023931
380418
484
402393
53220
188790
105366
467990
896336
629330
48309030
184120
34986
74544
277264
4396292
2034333
166341
1194398
53289
23076674
812646
233577
42455
18687043
91839
2222549
1059477
32095
1942466
37736196
91171
354497
510072
174887
80755
28050
374383
3901730
2319240
89016
7039276
551978
101933
64515
997881
173321
57468
181244
36211
412002
1243203
69387
11109609
6595892
40057538
176020
7517327
99902
260121
2655530
70520
61344
68370
20959729
74607
47385
62036
38207
10485
11712261
12773990
103818
47373
66042
12307
28877474
71786
101192
30947666
1422339
70437715
82555
13788033
21362
75072
42955
21683686
2892361
456104
52822
6847371
220762
2936963
727080
1086955
2435453
531809
13079563
13959
1151236
289974
919948
487932
71024
897823
132396
1433976
225680
168758
12144050
476254
295988
3638324
158593
21933138
2228925
119244
599842
9708396
879752
18592705
44530
2260333
3598133
74630
124407
235664
285102
70010
957728
39046104
2729047
161058
44142
9061023
931148
7299990
857444
6283819
4778061
62024
22258738
9614834
720783
4149851
320724
9030670
1117186
176527
6368483
119071
1093459
162734
134078
78232
137189
64664
18006054
350238
94843
1171403
266793
686566
40409932
58506905
532957
22249679
43913640
113932
364353
17220
109972
649522
265880
2777234
3523944
3899928
166058
225615
86858
33278
39973208
1271616
1806682
7218169
333764
530707
19688113
70928
1212681
8209758
4497256
68575
3213170
68793
117520
128078
1973044
1540187
751591
9265765
603639
84528
378068
47300
426205
6072974
820487
48600332
2141115
6429
4504937
223224
152490
69380733
51972
366909
172767
392042
1492754
3495642
2794143
181577
706932
55128
78360
1784671
232027
93841
22539892
2928077
229679
3349335
8341629
1469688
3721558
787744
3857253
23324
6812078
10004088
860681
69258
4127492
189566
26725960
7271935
84144
1504592
1436294
354380
1952669
20618
43423
868553
641651
1219200
160485
412128
128991
249674
902355
3256474
11795944
158083
19488723
10817763
1179008
124344
1545403
15083176
37905893
28775351
25688152
50139
96776
277898
15983
583270
626899
8773633
30413547
26492600
325503
14787821
9110451
52932
2653417
2872701
36551201
1716431
1880185
201637
68140
69648
7439711
593489
451400
978488
333938
5346
2442271
3907257
76500
29416423
903846
157534
81819835
587264
30870
5924106
404926
68784
229543
316305
163285
208917
8437544
5220082
51057
4040523
32711808
6866450
105854
1893180
9097
223332
9749845
151156
7545199
634111
28925
54236
416262
281607
1374712
608932
9466023
299431
340517
1782250
53550
62247
40049
54763399
66079
1811623
1410535
263839
346283
74055
13090718
12127642
295583
2145652
906611
667039
52020
78624
26944
41650
33825
203060
79209
2448511
8821388
4712887
33894
121601
52864
1840904
710973
1959413
2915
60633
2724981
153748
6299236
883282
1183351
2023647
72256
49995
96360
964030
4358421
50791092
168130
135520
719482
43483
7207186
14074111
344945
42552
4554179
75231
120883
3672361
830834
40655
61623
409310
99880
179170
9661907
1063870
6632861
233604
22437847
57244395
197736
3561718
281723
171874
508266
748935
1825769
1944709
222365
6165626
91712
1049648
621090
2254001
180180
2166045
2120707
367220
778540
11308275
127320
244663
332592
319335
27731743
49274982
15455696
955712
5827296
67002
1407298
297073
13346262
552549
616564
91428
182580
58600
682169
210036
23597663
1116624
33160507
9412874
21764700
2279343
1412987
14282
159392
811324
96613
377739
602176
3547431
103453
19070031
1870357
20777455
958596
2341791
15331148
285935
270766
56783355
1117219
53276
16380
53712
125409
414915
22260093
11645731
89926541
544350
2014223
365966
1030077
31446315
68976
57081
7281825
33669
90899
1279318
3567415
39959
2867982
770773
1142013
41159969
50609
21920
996999
14775
60049
107016
2425
353358
48111
723444
3935557
9214
130515
128547
247972
26450
80063691
184885
584648
8901286
62106
150467
17242957
113098
22571335
73530
333521
71082
319923
63478911
106457
7206
59829
45383
386879
176506
27531
4526665
4113048
1500697
3011249
196199
144837
1845
63365
539618
248993
801000
179397
152515
197230
216172
1312677
233877
467915
115676
103324
26302429
1538181
406926
3941857
75762
1457568
3779689
17328
5256620
605772
74693
878786
939369
292529
58254072
2126400
369753
24599
8461653
754727
108849
139365
31670792
1223919
4750
14517564
367141
