737026
1498574
5323417
40220
14325289
1454157328
12204319
65129944
718095074
149698058
277873168
2218827723
23146350
881595
13168444
14351084
11900
652077
3225142
66441808
3132792
134498192
305751418
30355476
952600
39204614
1438321442
8019703
6841569
17729907
385073012
7244845536
174425968
21507677
768550936
3936469
1531717
9535107
3272644
121231318
4169022
547955
103661380
15110423
26279170
2352808
30942386
20515426
32356437
19117333
264111659
995095
80192116
288478193
9971383
4466216984
31449826
4927728
396954653
1890291
8041521
53038888
191241424
1328480
1399741
863316621
148641991
34438680
705110
120301649
201266289
284185155
518180
84672292
1392193
3767194
1644650109
10836974
90280481
65499567
696712
481114817
14490629
38623511
1408148
108658111
1419013251
7105916
1137231
38764269
1212143371
1549583
25311671
356595693
1115151
1696673741
1871486
268183808
31891566
16246158
922532871
353531118
3946496
420960
16886530
21004479
712052
88887568
314055
3785558
30310353
1153022
39600
1622389315
4204567
14551345
2547843791
1689706187
147588753
353892804
163415847
30303288
9269679
10677527
15949362
432419025
7394342
4999011
4036719264
55090814
1005687
16318920
2129853
108657675
65128417
24469072
843775
62892523
19851302
1546567
157785626
177280480
2403468156
4086498
19585028
380459887
3020901
1462344
18060999
2040951
34008789
7886570
12355060
2642633
1147932
617009961
667245755
314622363
926967960
83481044
389157611
56931436
6205282
616892
420820
44070083
740802
217199158
47121136
1563699
2810879
16065443
35591293
97396617
1262032610
87492946
12667692
4545934663
2102578
1173725
4565996
6162912
32433287
59107052
16453569
1459764032
276548450
31058677
1114100
7272813
12075486
6973924
913328
557134774
1242764
8726276163
248364336
85316
433664
162239617
45874709
633736624
4812443
1897203
453977774
1079528266
23006496
2355395
420413028
12584565
5429047884
1537860
3942552440
341816735
54018230
111993796
30664196
15583491
3513880
75128289
34582112
2989156
3166628744
558838
2071335715
6673544
26101424
55027271
742340204
7561302612
546875
3292661970
71695
20248002
893789900
841449185
5541089
59024792
4345517644
158583629
41212375
582021
1790294
596462620
223056
1730560
91651175
132916
57305262
354178735
395899
149157815
1136876666
43863202
12331775
2056437
8419578
5384183419
421258342
1865369
17092640
39766692
215578113
28282582
299571121
55478020
5004916959
60530586
31716012
2652023
10283507
92202108
95589333
1010443
291696
137643949
4787213083
204147037
19114175
2687477
270116
58835814
2207665446
406170
3591334646
258338068
2391505
51358260
273361974
10864385
96503
2140160
113693717
957713
3640662
1544394
55509232
201581969
3451445655
465950
2233669346
2953955039
52532133
260311160
659300
7828779272
1304394
1623861
2331758879
8653197
125833534
28149985
16064365
815099314
1847950
65534
1558620
937794
826565
3076458493
15705534
3545147
34144047
94005381
2138404649
1691877
66576386
22672526
6778999
1307900
2100129388
1409863
12191438
775571942
286732767
3470037
1175870
13555286
6989286205
3184090
8620134
165744501
23333136
199234047
6190306920
113892563
115290291
1448115
4184921120
4164385
27330759
23271287
104753
47650515
238694211
331344422
11408859
753039
671796
1716783
314324938
378370851
14055388
17228485
9037177
707570916
11454762
1787825249
3058849831
286356248
27951070
1033448
1291328
51892090
232619
198597080
140255103
35895955
134115674
32848535
361958191
676413
15370771
281422052
4185540617
629925
555599
7194090157
33072045
121485
29206670
2485505
3068253
1077355758
1007524
570854400
5088403
2775677
171973053
2772748
6484957
2573920607
2532390
3561718
217661596
1730920
1562917957
7973619
414802767
1004690
10503155
132676752
4560504
1290335483
261287099
5523902
136271046
1316957020
8966477
49421537
14832889
42436134
2147075
532020
36569448
1622038688
6948423
1543662854
275351669
90786490
901900
37746665
453641794
109697946
5422033792
39634784
51309326
10131223
578405842
7395355601
23033386
136566
1578898800
138181727
63495
1089280
5494638
299691
19342368
4503380
296667755
3744684669
1639072
2411467
9520831
136539562
3532139
1087065696
896382776
203402
39234380
439581997
191478181
411804
3088981
958905
2993815
19625589
1511468
830465
909989065
583051
2125236
221522794
294173228
1228554874
223209775
1812169
309356648
66258668
61465832
2298764
2040850
481740
1014432
642035
188912700
15640502
2296853
489745979
34258252
5627134
737495
785769840
953148572
279736796
1147676211
927548657
940500
276639218
7867861
505215
3973174
1003100
38554992
628602
1198175
45357332
1400872
66381994
22736839
650148205
5803357
39887741
3842663
3046228
9880042
162794774
6882048
222893307
2109612917
9631939
28368250
260927
1756620
4515366
49391488
469257800
719601
1371152
850330
876375552
591142516
85534411
27454105
957604812
625930
1368736
68234249
1233841
39596149
203112135
3905717498
140072972
8397595
44641931
24216275
127253096
1822672232
402135
326418129
33487016
1174570
95810065
1148553568
29624632
29682602
17388170
965952
421130
479190856
403695827
7793851
988636
10374455
78098052
8791220
2886470204
215640442
163775084
4496146
120273110
1471648392
485070
305040796
1475403655
27993383
15229933
1378879
5594815
6577995001
2721563
1189085
44608545
1286373
13530006
68411585
68901505
68090152
4009645
1004419681
2606392418
1094382
4023269787
9550092
2298191
11278432
3303724
1317330
10163814
4430374
66661217
92771865
25460848
575394061
3029285566
131664649
87047397
319384645
25473105
2168474
231810
2327271293
1385624
7170819
14759450
114342159
45190573
84939416
1518088
24196204
3002626
2537350
15255283
5411974
14361249
4824060
8177803
1463595
972230
1163761
8541522
14273140
668494
119688226
72665387
2474189000
13365798
1689982
40907425
404780884
641570
1042055995
74879061
51926053
31112842
60056134
2616796
114053211
2962400
505367001
7914817
3549262
309061246
140706
4725343645
435219539
46119186
191967155
9949705
1197752
3447444235
10495
11078228
5710744
1003429699
2320026
55599762
6729278
546921862
29173678
4493138
626173706
65396469
9030612
20943051
2176766
23828168
955056
566099
8926454
50041620
1814087
1273395
66662296
82971216
3016344
154528818
45937000
1585744388
63998190
375700892
1839125
8194293
1539708
337800234
16790963
522558
1798661
1078344
11362965
106579660
49339820
39421394
14377746
292801720
338862
7518034
3645826
2270389
718415381
943120
9557385
416526773
31256032
69064184
212331030
3925300
621400
23814019
2045574
723916426
29492347
78376201
977246
28845415
246552258
954980091
27253581
1454762
2410980
1162348074
3239040
27197130
1458745
242574401
1422825362
258241684
8376464
2096231524
38567211
2579896
3213795
347493952
1570210220
498062148
4463183
1141879109
2015941739
5354541
6612048
4385517
26496128
69939022
904323
215393891
121480
21381629
36475145
1313341756
726484
122581140
653079993
55028664
6905017
3418288
112840510
2409925
7942722
2949243
55194757
1082560
14850159
25498680
44383909
3338154
365372421
1407650286
2684445911
765455
10280288
36944567
68714
321860
973119
41675297
54250518
774610
968229343
3024676
4417077
6506884712
2521540
799143
486887568
5353697392
203402952
157496222
6087397
314356508
29787246
1246904
8289913
3710620708
194958565
627275
189557694
542555147
32836879
566312
7980897
5640974
33106262
929883
1471750
50085293
1025199
3534761526
11315926
855128
560973
65089330
938446984
621026717
210513595
37512530
9948806
70843496
5000135
2893252
20734920
1586797
111499860
2662695
864625
665925
787400947
5154805
26490432
1075505
1772
3090277810
144731666
98098526
9612666
6586309
51107155
19533804
217281148
67615495
3570294
992979
6538610
47215874
1676500
28402469
134190363
6742640
1971970
1926073
113690418
13625747
43169045
130321765
2157230132
1120785
1290385
2145743
3519237
13300785
45151379
47691
6836827
509849388
3901304
1264440
76400398
230303241
1373605486
370383841
411689
1234361
1492486712
331502730
183727848
12614087
6497738
16554768
3488198
36510560
3747541
1137411
27159941
676089
2180085085
1035592926
5969767
1420602
203475152
2222364
8838293879
2384382
41186321
154403223
96940
649167720
1369394849
265045324
16784164
171939165
50685648
511136
76958011
8176033
1784629
1325856503
107614195
75311604
6710418
3466036183
388027308
215004
5763969
1373224710
34241071
99174599
72945352
168290492
6205392638
22325936
618300595
3240221944
2657446100
156037746
20400338
1525995346
28441720
21251697
1253604
203620231
487554552
2099977
389402
754083
260775
129645591
4199836
98461861
457724189
22835194
146818935
321571150
38751
27116842
374232
110145757
28764561
2050140030
148366279
29279354
19219515
49740551
45383836
88662427
27998736
18674339
22759584
676099602
878142
30900838
1960896
305860
85534382
55260183
3144388
8150126
2063382978
62021440
549675554
838488
5192124
781873959
4457526
7062553
11390435
711735983
2271048
15525386
15336410
138843440
647186425
25805006
6232675
338632320
864645851
82392514
1518559
111581402
881734999
6094143
459641552
1272395588
149802931
5361743
368750871
2485461
100548275
895662218
1199896
899208
161791208
1958565
86036976
1280610
541001742
1205610
100099678
4203464329
329231559
3422211
32649371
137395
1655689673
13089920
19700304
892344
1906285
1683830584
3261261
53825395
579420
30418908
2285517
42701546
4882457
904004
578670
2234694478
438750
2552876888
3903217
9946710
21860946
4684922
1669649515
12349935
5545809
18931876
218955567
763808410
2787217
175546281
1339082
1684483
3954411
5644999245
8574398
11169746
2974273454
6579357
61930340
1293788
855505
2535645
3567636
15570387
14522348
520572
16488384
10966085
3923385847
3081059
3201135
23888622
762000
2584191
182075771
119554772
17500692
117916794
12062003
21497404
214567
4577971
685675
127878084
21094927
1215661
33038729
380328992
12524266
47745868
1882861080
17240828
13105440
4445259
2132039
34082273
6663075
3043292072
38776219
426650
572465026
24219117
423024448
988068
1616210
927785
15779676
7422179
1184945
42424529
6386664275
1515882567
10572367
1322001
617082
19686457
1489026
11423366
514722
18006094
3019917
28030644
1436673896
61517247
26377814
731408
1672285
13094768
158785142
1674518
1394618
2769749806
604422
123023411
10947429
3517128
17915174
255269301
1752515
59876935
211589557
2380091
2620303
36913365
954585
29491050
793646
1225778537
8429474
1696652722
12007067
369669583
19994662
1279047
16251605
240781
3367561801
2276724057
115997349
1561968
20494430
1928181312
11617925
68858675
2911925931
137754818
1046217332
21501263
1674940
26487379
128338994
411654079
742608945
724827
23915267
10023766
4266279
9858578
1959892209
20926899
61289067
139028230
35054914
64694665
1800145645
980573
37849316
5739022
73924674
102097593
210047780
549322003
5275137908
21041997
1330556
964287027
769137228
267243807
181939684
1151958
798460
164976680
4129193809
38264269
915273249
4037911
1120125
1566911428
10597051
1134516579
581551132
18728360
2759988
317959619
1668742
14671393
123580542
20874649
1037136
989840
16422756
2565836
12582089
23875140
142624792
4975416
541216
65069927
15586960
3748516
113439116
1115598192
3690137
1824505712
870960
3294606
4632621
46908882
44627744
9387640982
2197222840
905151
21285254
275971984
6320984
1945246708
1199099374
28319036
1296687440
20484927
13763764
18304547
2707968
3570154
2145023157
4662276
368062093
13095819
700108
44993560
1755635
720222
13836705
1480654
545008788
127750
372916945
8328791596
59497049
12107101
20837016
2439201
224443878
40961029
502609810
3051367221
128234396
59950167
81359120
1035126
8651333
263955
14861561
13142180
462260070
143365375
1155198308
1656294
51143406
587552639
5150979
973648
178742846
1288506
7810584
24694200
12375439
1299228
214024369
1293615
551764
54800154
449080
980030
3289812
4698116
75701478
12861139
487350022
10100419
5023019836
694060
10094341
2034455840
27329774
5684780
64068520
1572475
594700
591588375
1001152
62105706
77981139
143797961
31517895
3095642
1708992
1364254
6410835
1011219
394461
2024975758
471687
944692448
328969333
17620128
69104392
48983252
3326111242
1495516
16022088
1350406
5657137
1377215
1385544
95691011
4982156
39748705
755748
33495892
8486604
27818017
73319518
384484359
4502669
11118887
22790732
71064
21813217
105729561
1142839
43272620
488682562
9425571
56023
7870480
36200108
4276037
4069859
365874405
717415
1921260
420444221
1045488
87567931
67242279
470802196
325152
2624123
55927167
8572472
140576
1090280
4806804
910273365
140688166
6654268
1466382
63141082
915998
3311473
3374898
6695329
642219
44616270
49630532
64679298
2584306
3266855
527802
17427880
2975191
35914663
183144702
3989288
35424308
247042
30546121
737890436
6577379
3356968
27470550
269102050
881783
2793241
26676274
45347876
286717294
48951509
210982584
739728
728514
15262485
1356638137
5696330
140332054
139900449
939617452
938576
167779536
253740290
481191
403760
1504823
127552995
32648366
335952
2193892
54408463
2908507
1434899647
785470
51791121
439836978
17979008
844095
2132647501
6324720
4379486225
283736
8094403
6019706809
1168819340
6633437
286197506
242350883
32352421
6623382
1997812
21615512
1131676
10416803
11324335
1354886
450883288
941484
125296786
4272440
2699710
4891834
1442412349
1870610
78121082
58846327
15180486
3928825
17810224
859400
753855
181219098
1753485
1073648
18899593
34183678
11898507
9227865
39703626
451940631
1726242
16046857
599298
816030
830500
518429159
6867570
9757808
94481835
28982568
47501898
5071993
3950440
8689668
40787471
4145292531
5711616
78966369
114404866
852003
140763406
1951047
1548152340
1225024102
102052
1528790049
651875
51981984
912740615
793856442
73144847
582202097
1605206917
929088
1814135
555220
4045515465
4148498
64163888
63021593
92559986
81837060
55818105
37993999
9647683312
39327495
638191435
15931397
1166230
47043387
28980594
226495849
2214861
406493610
13123968
22147468
2265445
4182439
1685983357
83163646
1199900
617235083
8697514
2324454
8264323
955944
345736290
373140892
81784705
172345763
793848
1012467
26716003
369538446
588462
128894909
323160089
203759113
19680080
1292172
5501230
5234893
4054799952
2893941686
365823154
1574862
3917701
28463092
990945
33834685
609958
48448656
12674400
21823262
46716
3442770
8033176
38253123
21722765
3280046
24821168
3440048
2887895
8748691
980750
3205187500
41221623
230603296
3620388
3221988525
184801249
765136
104321
21859590
28531157
188962980
22025160
5401499
14948733
23208907
469721921
1086723286
1131332
10309225
4061607151
6198583
1716470
2114174058
542642
20527898
6156276
1865708303
3264911
363159
87023615
224655
651400
1165282
9999345
368220476
23915397
1313991
109681153
1375605
2183307924
204045542
7633510
17826899
89240348
69045371
225082443
27944860
42504190
74261306
5171528841
18948049
1030911
22481607
1161045
64373789
97677356
352868085
98390235
12436195
1426684
4251289134
1132616
14706054
55262377
1322885192
119081993
2734229
15966792
23652008
43530592
640166534
54598446
94909550
190564597
15777445
927160
564862265
38895523
26642197
6214083372
611230
26565710
1494617603
9910433
8805
313690
20928530
1584242
1373677862
551736
357153
13967589
11206737
132371204
10138822
52238648
7063004
659673847
2390681
2956499253
83303422
107262279
187526540
40261
9238488
165789375
78001093
4366110
37691189
1303844
197429841
84326547
4710029
9838917
8686707
3010961
856139223
8923508
349628926
1836135
143771370
50392005
19071531
4580141071
84280487
44388605
334438474
4421615
163058153
4818565
42270061
10017902
761417865
495597466
3174958
9023735
4542691
39316599
8209968
2590682
961961014
81667344
87497454
55361126
1598144854
30294986
5183802989
6804435
152466547
517482
17531235
7254967
697026
2012773
229359637
1176960
184860011
25075650
2820718
54414552
7340809
3635841
17248576
7105056
58043680
45214473
52859345
134454247
4735850531
6901140860
204070806
553785
1502866
12880305
241094622
2224684
103762130
468499624
3909368
2222407
1519947
971384
4115816
1553608
28267106
110522258
1092414414
78803015
3684043348
3676075
6333469
43122367
3278567
289193262
54686394
34287767
272935377
4235018
124600
1126415092
1412462
107715566
246548200
36735947
1931567
3396501
213512147
4275670
273302362
275541948
795851
282453
848080
2652931
6253043
1028500
74794909
823276
1914462782
133531229
41846852
40449398
1187705
246010
44369290
47947354
63932011
2921099
3487945
2569539986
72956658
31707469
4357696
180247188
2614054
331291658
539770
928395
72380181
1836464
45321832
1947443287
12246174
1758204133
4556187
526743
23685962
1441678581
5895135
4726979
6765626
41343826
2318995357
94132006
36979499
9750597
104672177
247405
226371299
655350
6490692
951336573
12894078
5077978
427917
27946175
15488666
32589073
716037083
2036617
1642187286
1370166
15778327
1901543
3138895
1029125
44130376
91004086
371180
14281120
842231
15341566
8059964
181149010
2672602
37678829
48581
2129853
197924314
2328708
1319832
10742676
50414374
1335852
46983377
165568
2713761
2748050
15998507
1103645
1425548654
286860350
24608442
75219486
148191007
1109356
1332666405
693576
6323330
578719906
88051500
15430993
10057525
715497
1993101
2002129
215589276
7186548
652993
718795
3824966
113979093
679055
28464952
6409086
328440391
2102872754
224465
366071444
2216029
543010618
12909148
178847095
642880152
11345941
5023243
616194549
257556899
3417745
28702439
6030000
944876117
1804197032
719353023
159496579
19864184
3756073238
2164803
1125660
59293650
68302168
878283604
69703803
20939083
95171553
703948
56104427
1687795
4767200
32569224
2382988
2810451
1388499
250579271
519557181
287740
8899621
2169440014
2365082
20871441
634509
18828215
1885492303
3564298
7423903157
20247932
922075
3255320
2333673806
308081976
6347224143
2425288
127681238
81641642
82884584
27569940
3247959
36928854
53108151
23237154
3765307
181916825
551438
44565615
40363311
6680674
11998734
545514595
5565067
2753626034
1721353
638316
80645955
573644
168198981
621128
283448521
90841571
185172286
19313981
13836432
435200
1083335
23675766
1066335
6815900
27387677
198957967
7583738
23069953
1248816
109347037
6254172
26282210
296448
101541130
7635832
475693514
2985111062
415520368
43029476
693896858
19623554
114928033
1083271
42591632
111339
1375027494
50082791
5817792063
571727118
674819717
16813805
4124850
317042471
328825267
1469825
2745075
134138058
3389607
105697414
24376491
145086427
7261487
898452
3041776
1243773448
78800711
986575
1480081
5262120276
281760
8980322
151428832
2031449
193054627
156846515
288354667
7433158
7311439
40602721
535006132
145930814
206772062
7257703
227533729
135044
5063408
11097821
23806808
6484547
1428796601
54795850
1605057708
15236965
17017055
932399
17168460
18881822
1756938
95675769
1043778339
1901235894
978464
1861691
2982570562
71890849
1963858
967890
32872142
3636155
1149236
815265697
4284633
4606240704
1052268
50913595
48869740
401549376
1752146822
1268200
9441436
233134610
1225823
418094
793190
933504
655140
128230047
51688607
1886200
1343901271
503139
2784617
2128122672
715052
132181196
1603033404
166684
4511013
284940415
23107941
260542221
12553217
71699246
19948938
485875
2660576
3654880
39336956
232137937
596148
42841891
557963
1874983954
39476641
1800747
343790746
9637657
1528915
3326016
26642560
2197316296
16670468
33723994
3544762243
6512988
1399302449
4636204
227307547
709965
965816
152099803
73008083
824796
23594015
772770
1647772
2087364931
601578
1443654
368625683
12588649
5427546
600783
16402406
2418712811
944262211
3217524
3237030
20712379
10034781
163680117
804980
138198629
2686589
15572694
20135814
35553868
13688581
7464232134
230297589
2147124
118097692
612544
661635785
5487170825
298262
991206
1245006
6152530830
405274690
225582076
188881681
729927
58294891
19994320
2105710
3099508
233718203
3133841
208995622
4072049923
397715
46453844
96504571
3515838
1284890306
122507679
1607931
4057843
1141620
28826148
14795678
2326409
56630163
14704512
83217250
591453
414644698
1238625
649309162
213962
1154035
6208026
2428866
806546
1453614
10912056
155725679
2063750
22436441
270280
40551712
755898298
653312
1660125
14745125
9724838
157815532
2744157
1677156
11241
2651634
1343069
2025859680
1149124512
4818396
747802
3879497449
2102540
111235929
36968490
941650
5700302
809324310
622896
670707
50015424
1433984
34058935
337389
873992
15436065
16534781
3441666
47547726
41781700
564787391
3318837613
467544
9287649444
21852216
374022433
21778976
978180
1008761
1539407
802999
1237116
2208914835
10031013
2181325509
790500
2621107
8778686
2169046
10698805
113286333
46512842
143305
154745472
893556595
6803243
293460771
267877528
120078011
277059
1000800
1927200
6844400
2154624
20655042
1314680
18463564
59731587
2343789185
155685
22748
1384575
119385770
14873448
11106150
4099243
251488687
537773307
6880145
751089427
7568034
1678365
974062542
6122258041
1358576588
75428790
3822009860
1326105
136059683
1388919
8066671
104942311
108900318
10026478
1256810591
687495
4591666
21535557
582681697
3663962492
12743044
282808
258177
870606615
5087960
977531
3042697
507437859
35150789
2887553
52214824
2176945670
277907
12588813
3684437968
87750529
1333480164
775800
391483799
1262651722
1420705
3013628
1088422
341525107
4483732
16902874
13211896
608936
14500870
946029
84664188
4454986
533503446
1386702
12032325
2640931
5770724
5503762
1203865
269272282
619236376
1598869
725000
2941517188
425052
51108791
2686802
23307857
43854529
828960
6129724
69324828
128422830
10825297
852824
33379397
12312982
7022386
894531
411670096
2899221
834780
840135
13548084
6730673
2442169
12289848
141649947
3427828
1783000
1504399
2336323
597257903
31256834
3445640714
1351033
10939578
1249578
25957351
5713
2922507920
252532
241346103
434092941
87358683
25511982
377645
1032288
235340425
64406269
24720778
2113703578
3309946
1275379
68475205
4610576
602445988
435007859
9620240
5885245
19458066
865035103
415966722
13645032
35169881
2460329364
389366598
32909128
1486921
510400
86418658
3829072
1699885
266201757
152760
431683754
1550484
84566832
29244711
2259166
981356107
2292073
146520768
966254444
1234557
419345
215375
4207493
7071884999
142139963
1209485133
5643579
172547930
13801612
477488
10130790
2886577438
2129144
337238299
12458362
2922001611
962653506
148118750
2050737
4272898
2758685
970311865
55700104
788168
1275560
13473096
63097273
2878133
4306792482
834412
10748705
3663660
35879120
52761908
1279210
8331655
488339477
63158917
218506613
14364196
1731779
661048
1066683
3792523
900236499
228045748
4301901563
42169482
3786903
237606472
3088059927
693212
7747372
73418044
4050834
832960
1893144
19457376
52907417
647144211
287171
1387567
207763622
58841522
3583488948
124974
35563231
279642020
491008
1490111
15933602
779718281
95164827
28618525
27738017
9267379517
1725211849
24492681
879299434
745272
140077539
134898517
94818
44641039
108591209
4911324
4877641
356126636
49247
59424
18186843
3937514413
12652335
30918498
22160553
1199002
66833
489303985
50264742
4764486
51854789
2291340162
13679267
2059554934
297242293
221336189
1269244
10893298
222179043
43451659
81806850
3281119
1635873
239604497
391596
4769388
36265396
13716447
288539935
401350491
33898237
55677172
11190191
59682326
8189137767
5244539
71408930
13632544
1857240
4128989
119713703
113729575
25807154
18955745
1592154270
37591550
10107810
34578578
8851941
3862864608
28536264
2461822
3568174
1286109577
399879810
2908322
281327103
53714366
8356706
483112345
1664149
35224826
3167779
12117909
10449775
430822
53771354
5330954
13746334
305030
441519533
2868775
61650
819533432
29923823
697640435
757632
1905119015
3383408
2457694037
688866
459936
553317
119875
172228819
16950405
11289380
46941237
7888131
152504
1158677
998172
69578622
52179476
81058488
126391616
165900277
2718444
43608263
3707949188
64215756
1728156
434257483
120826692
508115343
33265664
125782868
1130711679
1087242
33683068
97502158
35506318
1943500
27449762
691795
196726648
2189774862
12885905
89555525
146437557
97691606
5271560
436239
13668148
98238
7597442
1065040
4639498
4648323744
2776953
3551708
126763959
10729475
2176161
1264156844
322577860
1327854
10155911
7363822
772786
21387220
125724896
1522732
49994176
1418305
5988009
2838645
5953795
3118274341
962918746
15457154
205470
87520965
3291146315
996437
3380178
78034996
5761115
26125139
13186862
124098791
396030
63362751
10766476
821516307
385451677
452404370
59280397
336681304
190521219
835125655
1326683214
7511209576
12671239
27272778
2274890628
482980226
12812031
86810379
571153975
1822570550
46043365
331415
21570841
59703778
840459
398705106
1684487
2358129
1556865
1131987815
31887273
187306080
164680772
1194478
33004305
1001510
4622838
24701587
43538705
2577225120
956707
180011315
1818664959
17930224
181197845
2081586342
3088840
546960
7081956
16380997
3011573
341028350
160929982
57594850
8386814
329679528
718715
4157150
3837605132
383245711
14524907
22440738
14570625
51311215
8245938295
558857733
159872724
15681829
43482153
69768463
3385175
104047949
18617220
400707329
2652436667
1028884153
431060126
1258206
24679087
346031649
25773257
22517385
2750459
2887138226
126902633
480717
922287566
255829312
1101142
1682629588
6922366
3149969141
157398361
181665414
195830581
499679663
45894279
3329335
791240
696307317
676006913
3224371
1459044860
344865
1145296010
1100775
612192291
333233664
1235747
1347031955
1087048594
1114214
18784690
6753710
26750015
685278918
588708
2771924
75754988
3777766
3994654
1319540
7370322
2251009219
18623030
2456097
950710
281835072
5649719764
465267442
7913155
229537
2835682815
154953177
58579770
2159739
3418800
2309243
1313505
3581212
33345356
1779828
662932
23711141
81652231
1159311
616212022
6103957
267810415
2000586
273371206
866781
2267241
133229622
241810683
6649685
145946583
116339129
1899198
564616840
2943404
345265819
912569
48016028
156676264
41458037
1440369007
1404912072
1874520
4597061
27027508
126403352
15100560
37206
981232
122821657
816285
411145
1344288
2571916618
17002315
24300834
784319844
1159515
152741572
833127
2105255
19503545
1086240
1581265
1665350639
297330998
19801845
51829388
256515
96946052
9575709
431132467
1156735
4103460
28994841
1032937964
22254007
1180458438
2000947
1417441972
37626312
1643252998
53633069
16535932
689653078
237061587
8882193
4271675715
3060306
398403880
5414753
13135840
1653548
10732044
2634526742
26017238
28159046
57854657
47360962
56745657
172496427
48850753
4843428
1709432345
9590274
2014838
5710120
677824332
796171104
662376919
19913530
10401761
4079224
31380348
3524524
7243720
87878229
2261575881
3183073
1162105
5036811
32158560
23266526
1617683
15436589
642477763
2560635769
1242048
21710062
67014151
25124139
3049356
32764330
13955786
48528556
16643124
1206394
647856785
597195373
3982021
6021173
1307487
130927708
2435986364
3529124
2434812
3577287464
4776666
1185881856
3114839
35162474
732065
111575472
11706794
153088909
870204
1683608415
156851490
3794812
158802729
43475
1794024989
444150
713787455
81754677
520248
1460965
19808831
1757129
196164
387540116
23615635
5123009
716813
653413268
312358530
15569911
1199754156
63442393
286198790
32313202
33436968
11273552
201886183
2285149
224027678
37769880
1474403379
3923923409
27499983
424411683
90384202
3340176087
64573442
84532576
36237827
8704022
624351
60741680
682232511
301679164
127439451
43402454
28623029
40710956
4063396
618570
8964012
20746665
68918633
3714092
14855485
1434729723
5265507
1522326763
781212
175353698
79169537
1932336
55486928
81254251
37081081
840336
1587089
4963791
1308228
16554427
650208588
24651123
38962818
22425551
104908759
1316190
28337929
4861797
35130023
1948285159
136167572
82179726
1642624870
139156503
5372104615
1268694637
12817423
739127156
22825579
2614156357
5714548
5146872
22393514
67271325
707057
418652060
799119
7170425
361612040
346704
44800648
16873704
1587459303
158828547
4869801814
8084144
625135
65615616
1335904
5823722
19819113
25693070
834872
120098645
3217293170
851976
2163247428
2402853
759072
6987555723
133554556
2990661961
101566842
16625819
340742548
1810077
29644587
505705
18544279
874491
2700239893
2105434
18956063
5827672
302921375
29104569
365629757
32618773
66639810
1578950453
176437945
24354990
1066808
82665206
826295791
4409971
8651109
10206623
1486569927
2196796599
100066798
286335985
1531628
90615999
3190918521
150731501
471077
7730998
196489704
8205701
9968052
1440443148
198289255
644065965
93609
2809012
437869
312679910
2155141
716351757
1211962
4262327
1711862
4596595627
5109231
75839453
29424540
91937
2387709
2999048042
44934218
3031050564
4455975
6704904
2041939
35134487
1915823
1047678
111105951
5640960
57953902
739875
391416263
860096897
175814764
72560596
762544008
23607154
136307747
4641654785
1408205
9922752
220418682
479834086
896279375
21702216
7662410
5318965
1221747
15100261
110922180
793699873
1365015
8747379
801934128
467011
335946700
3693179
12073529
623111151
98355
66893928
397350524
22999147
59923533
149878227
1115784
528486
2668130
34857799
179837526
47170416
47796200
4068640719
12079161
120580143
59083808
771180
5775382
3601724
54223277
20475834
65931825
805519
54620651
2512500
1133084
150555791
1030692925
2831562
1578937388
18391381
4154723
22666901
465912
41092315
34162590
1978375
42139156
240432
1435876
39041031
766584
48920808
8648671
1101405
10246908
56847599
3596894
412205
7352846
3237908
3764417
17675130
84230934
2816102
229228
312476280
2118760
292725996
17944120
1845773
31713411
62307745
254086670
90201495
7992319
16501511
1528606319
791445
804080
41834278
4878385
805703100
2624432
877149
8924647
995449
658707504
149450454
1269210
9122132
5072264
5088163
612720
1035342
201056
3066953209
24815547
7220634
4026328
1177104
51856183
866972
3973587
944418
76205307
18754037
461825
14363400
240334576
1201526
278282151
94883295
26621244
1432148
1621109337
2425852
165627084
5744111
22192203
180577117
959112
3207507
17002497
995844
1271509
46120361
1088713
336951
380377184
12011543
1041862
10315963
821664
129964791
5514201
28985437
504380
486927457
1818196
6277389
1368311
397204
15266514
24173639
2032930
50829084
51260755
794092
8824861973
1070290
12402844
5557259900
15981766
1051503
4573191167
829448384
929537215
1908005790
310876
8747187
766491
224540676
482356
23042774
1030860
66422660
960512
1653540993
1290670
872158
839742386
574515202
4101866
25036598
811345
945768
6061336
1429655
5954151
1570522
11130571
695688
3469233864
113403087
1848095
1069521875
1110612
1337849548
305703928
2468011
10622850
34194623
7766050
1944610428
26662142
328701936
1246071197
31481573
91655499
30306106
69176927
22177410
9369348
72216177
25145607
1064964
3001692
2022038
63758472
895525
10663301
1926815
34257137
316734981
1955890
5298620681
1969046399
11451357
168975
1139988496
3053974
951694
2694941357
768565739
28263146
10773684
36217900
7845869
1012586
786075
564509
88381755
191696866
7161092356
10367812
3151086806
12819992
1766225
134835
10446309
6806024671
2570263
117051184
695632
2301425
464750600
714858176
1653652
9103449
18091246
91811692
2223049
4168153
5409964
90470080
492993579
408223984
1320040
590072
116051
780970
14945293
33696223
39507184
37340884
69346988
5358054
394231285
1019340
3350501
460231636
792180
96950310
21313132
446313
3331689
366431
2750392111
399556321
7854684
16044224
370948231
319529757
76506606
1789956
305158
399603870
1469624
1009560
11476037
32201557
58678309
18624400
82091781
2394458127
27076884
245830
2950248
51125078
7430245
548997632
1688856840
4414441
51692183
3453134678
2730377
5562232
106198370
44140360
21846528
6946693066
9566276
9878507
645450
19251352
7766081
1026430830
46077818
648242819
75540582
531339
413554610
711690
4684260993
3709311
1905959
829497
948573
1087152
2559257
85995667
436718035
842463
2662595
1595844207
280940
267911407
17067861
16540778
1502907180
81407631
54071291
4260391
4500196
15410895
557785701
8700598
129973198
5665384
194607053
356309631
2252347971
9131355
503223980
971912082
3334419
128953581
3685494
1158363001
72150
3608522
6265642
39750888
2091510
5815985
63140051
9793384
666145
87297320
559663163
95367500
2742245432
1125369
10503472
2995634
299297692
33242948
92672185
106817495
22853893
4983288
1539160
118379231
18665608
241259552
614480975
108199608
933914491
195975
4165645
213425
1113835
54417102
84727730
937333098
10528888
378765193
205988010
2535729641
10500896
693440046
2158561
2668137
4625421
1904248565
667607
174072646
126894426
91773970
383812
27751888
125514
3485276
20587692
83989428
1225835747
812891035
26665344
158956355
3552079
2585282749
3105759
8863274186
72127568
418715
18112662
29185165
487765415
685620
2882977
59174611
4975796
1473328617
93609704
369357828
45179355
439104
3343960
1004876
4854008
2461301553
849320
1313964
770630
63531640
2176489
729997654
95570054
11978606
4276116272
221628062
775953
2258360
607010
2592824
51787239
1735649
2987940
26669843
576021
636528399
503113
273815236
13119268
1513917
912284
15433235
203506625
1950778284
7452251
2166646
22492845
942077843
4633385
434060
1593477
7690401
4449104
3987265
1204082764
5146448
654574
12982168
841591936
23692548
3442777
5708777
56232469
37559612
457222970
327733
3521196
4615852
3677080
718000
4798824
1139650
3260999
642219
49093499
11879514
83958263
457360
385620
312942
10754013
37975963
227810847
9625028
89693405
163475591
242614687
366360240
7331192
147245
600864477
5151760
19115798
20900738
193329
78405581
226269583
97853414
5483030
3552139
920718
2631052
62253622
2804758
18704541
122054806
49125540
2658223342
749100
8456335
12096003
288162
697626
2141162
120324
1576050
356007
7102827
12872720
3030858
2693474174
2367981
23706421
2563855
316197
1924174
75713
45407007
477233380
202110724
6370714
7517664
1636860095
125891865
39107514
1670967703
6252848501
1135896
281587697
769177057
2898008
390740
1171355
47009526
1275717
913740
1994907
442131092
6557729
3264714
4930959977
164832850
17351312
1978206751
236767972
55718582
4578138
6955486878
13535558
904046
2570073
5247120987
769000
240017817
4861866
1300815
50753698
47778196
2757867171
337087102
981228
20022855
1585965033
35843296
665412171
406844
3108805731
197737300
14358807
291721607
2458664898
2179208
14344814
1873693789
63961948
3442474
206273173
2798660157
547503
1188872
122254275
424448103
41514637
10279497
24700
11509005
1357018
64242230
1079364
950560
1056286
162361
17744565
24570050
737349
11756709
495796952
43229327
2385675
373152
6092279301
353664780
3969056
3543659
156720651
3589745830
13645661
42452809
134875530
71112325
941613
757500
5784228
379210908
720200261
38178525
145731
1105373484
89397942
1376572924
4679175
930800
9732115
11685380
184504445
126582131
34101994
3780283152
47979945
595613233
25885096
5661071
4964604
845854891
150615003
408940
5387722486
77737302
386339710
1112244611
1044578068
49427253
645979508
15952801
74935308
103401280
7872540019
496090
856631340
38571747
1176224
468712656
874666
2622648
282704117
45912469
238035520
2934088
753912
71053851
5955079
31751987
1729161
3065669
7088154
303771720
1375880784
913205124
45141933
671021
224280
462976748
7890113493
9255837
1205779863
1066885
1137583
14368866
11604448
2191049
468674207
6521981
934237
5183700198
39734552
26454589
707591
4229090
1441310
331170507
293105
1820118
313998
3203668000
3309016
8637005
1916208985
3484186
9864830
178696748
1898442
3831675
6920919
754886
139745628
34455600
94316937
8352547
34611024
174526682
1339177
250912
7165849
14345072
2561468
814983507
7710597603
82937013
14163119
5580323
7462472
35497972
28838118
5831930
4700129
1445530
1763368116
440072818
1334284
143024921
14718
11376691
3758390618
1175890142
14804191
132377111
1594516
1713774519
1402415
54656103
28612408
3390823
71531868
35865
121235581
3443311699
6001086
4033468
6516710
120432845
198570874
1447838
4070289998
3865174
5873617
32696181
255025560
15308472
7665752988
53849998
75286638
52036264
31323955
342911170
208272437
231786228
550515
2325090
400208526
1414883262
12229616
1425551798
116537584
1571750447
9787509
1524910033
16359471
458655
152078108
56424650
455874559
930103
131942920
249278367
18040263
11333209
57828084
7629806076
57106
29239316
2155011384
586464
34039250
3292554
988089
175713418
73821342
77052684
4820536
650952
3322243
952925
2042150
2165657
2683252
2466542
59238124
1619839
1142426
1677531724
3927338
311838
55339066
5673730
5418830
42238485
1572750
476889408
1567750
2216947
515280
77640731
33326019
1163200
1968159
3478884
599620995
119726107
1040880
3576285
1148835
97247251
3829726
750148
25942321
518674552
21880504
9634340
56150017
213496
27838710
1652978
1792987
2671109
242736
205816410
8704725
8006704
957766129
7436634
511389128
9121563
1167844993
374542347
72791369
32363990
9725492
88701319
32102456
1386183744
123395113
181827914
12201286
33725655
92431731
6307143
203372
4006100
816311411
1839642830
200115947
3164421
260554932
88373883
971625
11004593
54604
9011042
1073550
6539851
2619681
868875
5992862
694712
130031454
2143904
836066837
126956495
10071354
52201906
6998409
2978653
468245
91297112
9670790
30147934
9466962
120047807
5164523
1324657
337017027
655047
21302323
8984198
2512016
385987
4946673051
8139472
6501572
45137189
177448302
18922039
20612866
26242020
939441239
2295255
2570067
3380665
4531001
543697
1050186
4817781
79914635
27628875
6734078274
425247034
150281364
19795663
2484204771
22330431
6396698
111095
941016
60741736
1875409678
59129356
564824017
49776152
24926399
40396539
484704
67809901
33096525
3058865100
355481260
1076388
181857133
3372988
26352110
44491985
721760
18887799
273003
6731024
44010681
7338884950
5602911
1250059
5181473
864599364
2681172
5622065
1330259993
77740541
933961
41702924
1686150
1489221328
89511279
74304
8147527
1557264
3803128
59512104
131239881
40051884
7500255
328305312
15434413
5797536592
153564055
47098364
323729849
474400
9471896
3412243
6369417
405901810
16956489
681677230
812058
406180210
355167525
2390794320
5000870
706486477
4660926
69330597
2218558
55931426
1007880
8255777
870819
222312756
4169323
3196617
51377922
48702237
283404
4246218115
1167736
976988
40583197
40722304
302345917
161652
4714515016
1240254289
1453100
4954364
3274875
14549123
244666135
335777652
938976062
95018
676539
267698943
744393
213504
17895696
1305850
4677227
71480
2745993
77233905
32809602
123510
16487505
5063578
225031160
11874728
17220361
28837985
1846830
2250244
29280739
824269250
224788240
4647843
969374
52668890
526880072
155068477
971400
4907165
74572303
52145381
2855016563
22584610
3552320
209496895
4414311
3817134849
21807933
5740989
752694
17627098
1914934
141608246
15154320
1521742228
118551088
2649046
165282048
2392500
772450
1562806
1890647
12292457
549654
43925553
98287148
20009032
5607625
15551850
109062134
1346719532
2075315695
4539958
587574
652343480
19829322
17620177
43248676
99789
311008901
1091445
10543706
1150605
6933990
201586470
39013300
6303159
1511601622
2381639
3240770
30583329
10129195
12261657
704476
111806949
2959771845
4745091
2723272019
4622487
1475292
3221980
76579145
2773183
164318813
110524785
26407999
691839
986447939
303801282
43600125
24043637
393456353
16999573
5255246075
2490802972
184728
769338
562499679
286122277
519384224
11617997
116953322
909813
554195
16585848
8984317
11214350
35510092
739128
80825764
225637374
3089025806
141164588
1473134851
5089901
74256650
45667257
5560939
5306244
3888427
896048
114587518
38736591
17000063
47192343
1264241
26318605
21733134
496426522
2824198
5603215
2035575
3416179
164874035
2139127
9468354
1160187
773007
41366531
1371072526
634180052
534482457
118500742
1439350
27307708
350921541
861959698
82282502
2298884
1439529
3199096193
6554966609
1003728
12757720
134136868
1633450983
1303348539
599080
77649505
511292580
26039178
23531088
1034852
7024921
274843050
18073454
81442379
1472075
1301432
1625141431
190954832
2628744
14709327
856302689
765700
329325716
1662913
529139
128042270
39032983
638600
526260378
3103099
2223669
125056442
1085580
54668515
1601218332
465922395
40543834
549167290
7300773
6386775
2298867
43068508
20515649
1572847500
1265330
451017353
770476588
703896
65800723
19705423
26591327
117007399
6194124
906565
19162601
470197925
6016202270
39491759
81163601
1686706
9287024
478033
4657374549
1166126
718098762
11933005
21369442
169745884
730832
273772068
32461403
784260
281487835
1705319
56893849
521417
1531014984
1782933231
1319430
2463890
5917470235
855873
569210
44045323
25414467
4156144
52903121
23852853
844545482
1823486
121915088
618397
2472830
1503693
11493365
998188215
4529786
24058
1792953
32981612
514580
1244838
1650042
113930588
3583028228
1977959204
21021006
1764215
177967502
8958043
525559
73865792
4247807
4617095
14838868
1144104
18137705
1194468126
9563566657
1831733456
3589781628
842044681
3771931
657272
161573100
2150793
55315573
17952327
1262331
6291727
75523984
614948703
7551683
4992907
2515643067
1536267
19849941
663488
22146435
1566114
26054316
19740877
319949
868964
296906550
20426205
556836
5850232560
381142
665015104
902152
870399
47421144
1492543
1493080
13186445
1389283
138986774
121434711
722919
868246298
114902305
1057890
96359021
23255587
7485771697
735203587
1631250
5984321
870568
4350719268
3000497
386367627
295232385
142471334
5830951
535145865
16047416
4054370613
428971596
135373707
5757557066
1597711
358892
1734399791
1110325205
17515485
207259
7711095
470393845
1360377294
1722476
319300861
1920767
280837010
368466
139013654
5171612
109761358
58873481
53366518
2042175
129160995
87549
4447152
317696
2627407
5323475224
88815676
8413601
1549575
38760552
2944157
75980133
3464791
41253825
2137616
27569430
644348619
13209405
438315942
10587422
909045
168954899
777488
226991220
9074150
2893108
3008892912
4853117263
13320340
3207391
4004729
2388969
98759033
2300586
24811057
1765901306
5237033
947767
1377032
3411981
3321593
20821361
9102483378
136321165
888324174
24716807
6954105436
904501
4475105964
3851029
930535
132612694
19828936
104356109
145926587
1201263
564507657
1104968
273361110
44357736
4293654
13041597
5071845
2805801865
1479170
646019
16516689
1196665530
256090
6691295
527137
52003
640350
13258615
74756779
58246022
4637617
679953201
11400139
112198651
6702482
2630573
226791
1569950
56451930
12135949
26944386
22894939
1014090
824692
452978569
13360129
254595014
4691109140
62049923
152938949
3807693
2007959421
14220022
1153095
57845032
2936418
1180452
39864431
107640207
122099460
276565176
4037899
223572128
256585679
23053919
32109772
8122539
766701
234532141
606256515
89236402
540175220
1834168
913865
1241529
2665005
6105740
1453742
25144244
66969946
142063021
32914968
5386487
6705673679
75882
184402447
2379480
5512030
142504901
1302943
68311839
1581457
6722979
436505769
368943801
2216432
942481172
129767702
225822727
27655468
491833053
9597846
12377893
1630607
10107385
132892856
16862798
864949856
1819207
2740386180
165268721
5471899
19420205
3143183
154543232
133634306
1085380
264188187
9219331
6182701
108927
8683631085
1004271
42898292
3424282255
462069
2975856
9027784
1558095
6487299
13912980
20611370
433040282
22595382
2196467804
198398
10293673
848757
22552305
771125313
4491982780
323156821
2929748
119946
205514504
80095088
987384
183407
129124653
37061472
1510955
1733825
1515014452
39968
152389420
211723975
568630746
1477948
701890
612223567
1030597424
950074579
3289486
38746455
27856274
779622
1553167
566832
61417266
1062945
1463388314
9460367
901102
896896
25968429
6923451
8597138
804735
66951078
681534
1218599
6220434
7698739
25607141
3796378
31827955
230468722
884564
75289670
793623097
1046423043
3579250581
3359080
20985068
507564273
75060
2165459
1299771
721412
10516645
6366656
242900871
31783534
16503776
4144955342
1718374
694944
805296138
1116512
96796890
1635596
741175
13479942
39264217
98917
31050254
4423362
2010106
21846713
17055004
1128547065
383778608
234134304
15694413
826432
101862800
780503
45799700
117952470
420255
21660741
4049438
520759285
36602526
113225003
2638910
30900027
5635725
7623688
5564984
642212101
291237358
32841142
502689
762156
2045052443
36162641
222412963
73512084
315896695
595133155
39081260
23020052
4209846
120463105
674590
1883051866
5015658
436504669
1825764391
648483
371279192
1212896
46922522
15324322
375096483
17936523
666090
20536792
14488164
1379539553
1897845621
1870636
949365
826785
55682388
40689848
14329330
12555418
657072
95010498
30275780
5396258
1126535
21452681
957200
10438595
201646436
2072590
2482663561
180677121
5707410418
13957199
22838865
35186759
89982366
509269
109536377
1996002
15986441
23008187
3202656
120703286
71659655
6523929
7640502327
984235
19056769
3863212
13255649
37081995
151554611
2708287
59325510
73364004
77738286
33661056
5951661
101441041
31108470
97606050
152757362
8018239
504999190
682986
158158873
43691004
5310746
3311652
1540881
1040151
5376233
50543766
27983476
2519038
102410714
3959149246
30274140
250540
9751130
27296688
64319062
2520198
889218
389397071
1170950
2116443
874800
3323840
38152097
1082670
670986
3410837
471632572
346666
94911755
713028
9924890
7435480
2741622
4725110
3975884
8149996
22242244
5215193
385368
3990529
294564696
4905603
213552979
204223788
2629456794
2930968931
2770185
9483517
46662332
6312263775
5346198132
8289500
305998
2398503
8455787
817344
1941589872
155280206
3581083
2605140
252783401
433796710
126414607
3468443
214270291
26328211
900618
936264
5110949
273258261
269850
30429256
92592234
31214138
3865184
60225344
293302394
3709971166
72700537
718668
452655
3676302
9212760
1316415
100060906
775825463
1198540129
594225
19822295
58462652
18165902
112642524
13458236
11098136
937432784
1363915
1956470
23867748
964768
16477570
5228414
163284094
99389464
342062387
27308203
13241730
15946649
1745304
2584053668
577696172
4153109538
4666890
1357784
3143934291
163572946
237196
26946266
122491220
241045092
6926446011
15964
475104
647631
2743205
489294
251052068
118617339
820265
41200055
3112475
884466
120609960
97970
2498354
8005108
1480875
448838673
2508359
24710784
4594257
1116063
1187602351
1771275
9348376
782683
1544163
192865851
22836755
16322842
89063854
16076169
2745721251
2380778
3409335
661117372
8834814
4667756
11845978
322696031
532683442
18194793
1511951954
211018031
2973164
273106
1824169983
922737288
4449960
3174439996
9509378
8281785
2332642
2367695
3562451158
854448
4834799
6095754
54652548
272706
1186160
4737251
4688379
9714474
2642519
56789984
1211700
673635
21120433
513898
1116015
1856851
1011351
3340007
959161
399055091
20018162
131825317
3704521
633465
2419116
149303
1053990
8222440
5666828
225570
108506285
7365889
103299458
4320724
50928179
2928199
193842301
2664959974
1911973
1325945393
21736033
1139965
978250
2855284320
172360063
21071276
831573
859262
1427550
1340393
19633154
70783318
14542500
7392073
8608556314
83356892
1212392271
13542358
126417701
1235848380
5744375
40756584
13741217
830187
5614907
20183914
121943697
604094
83331265
742102
336902944
310976292
22013435
40250537
65803795
6499766
3607494
825942
737748919
414312613
1490382
1708287
163910271
290080360
2824577188
1216048
19822223
57285484
1965955099
3347375090
891955025
20119940
5346131
2887794
89226178
31929450
1011241
85052349
111483558
1260926
4613371
12576177
6474265
75203479
729721017
5304739
327069587
886484672
90489
257704569
521911413
2680069816
368101
4284851
71175944
125778389
222802244
3229270167
10571861
4318219
86793001
29860421
123541763
4577579904
8030578
27966949
940563
949483
73161555
1340712
212507906
1116243
28318727
2321931
509334
91946378
1341235
42930218
227963618
60246073
890965
175508348
62362574
1695338651
282491213
506500985
26222464
76739985
16618961
21501173
1024820
76394133
5231175347
1720172
5121814
101265
1588263340
1966454
68124720
20156056
862962850
26247668
10889445
22277202
20988263
700968
191494578
147614502
2618064009
1375875
1466182
105316299
7027011
877588
1639939
4746557
2866605
181454
12923019
1369575
21406781
1800480
1671802
340398400
754093772
5920579
144348265
94450
27494246
11348138
39773517
201280906
11936720
7982715868
16487863
8233820
505671224
1780667020
33098253
53899301
297493200
986142
476032060
69746501
61095865
544943
2093908
2757546
53390800
619400
45278114
9683966
1436823
235583830
18945490
171200
199255611
2652286
4784723
722133
26879781
7820
2253937789
1072264716
96014268
4913757
5588629
5687185
12909410
33130662
119659789
140298471
768962
99239288
195658181
18704036
28828943
6436569
26986148
32808216
726641783
100055
954340345
6444740710
4910500
2336581
2296005109
605020
152910156
4941239
1330183377
63908019
69125261
3637639
25330523
27745564
17213102
249081042
25308903
8546449
25842644
2076551972
14324790
293584450
146995766
215820
4492609
217931702
2016834703
438243
1416780
678125
2570370
1313377113
7683754
22052358
436189
43517203
6815134
9988869
108766753
677040
1091376
20903954
52089053
334889290
2243026
671951054
381458738
148375698
10908720
518215
50758428
63910
67474381
5450763
3830948
5123053
730355444
747021
3357868
110262220
185580136
6398876042
55498969
2738075823
38627952
51243252
20641582
1545146706
4014766
8358403
183293892
914556500
1423599
7125603
350775261
17672377
1636988288
1754977
188518650
2474409
1135573
4959541
1289290
45747909
64619780
67054291
925490
41903142
104394656
264258227
31291452
35566062
87015626
681857920
987908
5536805
503978353
26566171
734600085
900480
4141930
50696961
3517584
279139618
2685474
73990866
5282350334
8442787
1558268881
1542618
143105791
936785
176937724
1134665847
4722783
2525731
2245385
1121040
31691484
401941975
1658967
327060910
1755047
406037602
530056
1252317
143841226
467186490
6528778
133217161
1021788066
35705010
125531
230154436
37109024
11438
4033761
668554800
224350
4128358
23002160
727312545
739084606
24560501
5489652747
720044
4195789
1667275
2631782248
334081067
69395228
1124952
7212203
96713
1344019194
60606
4275185
6165683667
1167621457
924281934
1150080
14826841
220950
7486827
205878234
1321630
617455
26518012
2126631
40400537
2581522
8648443
2355235
109274792
3452581
3890708730
1162170
791366851
3425789610
1519677
108929529
717882
119305573
152307699
1044344
49783414
235035727
52148681
1176240
1072655
1831525744
1160312
542469225
3331620
21916169
553760
29047231
77799954
726160
8075929
1474150
14820803
668025
1857795736
1538798
2295683
14377218
15870570
37751313
2904239
1783698
14916082
6520459
3734703249
629655
9555276
149379
195055257
48794302
87331235
5499067
6455920
5291050
2608118923
3168804632
355998
10237903
3908865466
1248492
917932864
85177318
19233549
1385081881
38298
427987
2272302
1686228
1132268
282805712
186962826
122734411
939447795
1611150273
66062364
893616
4320507
1891925
19110714
41938953
83972035
1520071545
35541803
20974046
2315941
391637956
20874562
2638100
84687676
6668197
6669714746
93467
49857863
712894682
741498032
1319183
7403022
3976091
87988060
3154294
4209093
17874384
7543011
5157898
1385810966
240276378
326836178
3490826
413752233
3232551
1454579501
28773534
86455537
1348225
186138
8064290
9243116
218446243
203675539
25603090
683156620
9470891
8307980
36134090
498511556
322487836
1266559
868736
305829351
4793172
589913
1081702
1156092
1751002
12955693
350868
5825138513
6844041
6795343
9709989
22697469
90187447
267355517
20619866
4784015
522704
34661451
245290779
58513
4152037
299842736
235806
85310295
8105678
28024924
19540915
948138
1331818118
657482
1065760142
5499670456
605412
139316260
242425039
1188828
71044758
2092672340
2320099669
241991545
2454335
468606218
861315
24287020
11337405
53983713
2078686100
10100489
2197867191
497683885
2514156
15231646
4759979
5116656
8358453
1495137
1354156082
1392657463
15438448
29375246
470439622
679662128
3284270
500777762
687915
31034803
372720
239624004
1422414
409814
5266462670
1149089443
18019521
778326
27720391
269470460
262154457
18284522
13032055
232896
582282625
577936215
4053634
5632214
1233403
268804
31195957
1145952
1322804960
2587151
2302118
1321673
7284118
415188
2999320
1425280
3367902
952170
1068053
2254754
1125771
30711294
88070661
293991841
851758443
42008796
9795779
7783051374
23140541
5572121667
2641253774
10689079
1225248
938011378
893097
343960420
877675
2456387
818083
6282808
33108470
21899378
2606571
633136
89782841
9118535
68860072
34729895
3005451
94442452
4883846
1214242
8514307
35216936
13272145
12577086
11447498
35328128
4859262
2258036
6684654
67882881
1557768
1767294
1762067
7685551
2503073
256297621
224131990
1054328
6763263
1170533
711878
131874216
26589844
35917604
2257727018
118496699
3642899
7119677
177090358
27483107
150864284
196979765
3305554585
1020187
249309520
132990286
1326732
4498207
1368261
1028928
177418
5977660
5420813
29800261
1091764782
87928521
9330609
1608677
553498
67290491
3397969
6221694
5196519
5680542
269680
3062774
222835772
24668064
44017249
3949560229
2354119804
78439036
1041877
62303186
50779030
432644185
107936089
1912239
8206149
2580684
93487225
537680110
43003152
157007829
916852
75126451
2048503
192425783
5584762326
34702640
29952079
1269433063
15288708
1319320
108938113
263042852
441963419
308349428
6922598
2515200
1066932
1619682880
171655404
2270324
2300741494
289447853
31513287
3279475
10680575
45720102
6040183
1981380126
8296099
247227472
455535
1465050
5667128
1000008
1205435
157677736
16647272
805801381
683885
282975845
3417357
3552405
1410314
323906350
291109972
33995220
139400533
82964770
16276633
34019511
114044
117792400
124050873
1532916
1590701
1045263
1514974
450408899
1698459
3534499
1184726287
44654673
918952
3531784
914374197
10034692
1712701
1453311
73260345
1171700
498574302
420703320
167366947
311169143
1428277590
14454657
12623285
1120845
766778
7571105
36257199
9723567
324066019
350390
292283352
788766
17614303
7364165
3713877
239046504
7572817
2641975
1563300619
1231482
1053020
16794244
21032056
7707613
33343307
158118097
17306740
1963960
30029927
40482790
14308195
5166990626
1022714
5922036
344733334
2008955
16780712
1977836
1619332
1031523
1293069
2884964
1518411
2318721728
9556902016
90275784
908888
7110294
89845372
1590656
3407751102
89984
13265671
78686264
1167888
2241971
1061948
17589849
3132531
1145443849
13163758
7692184
12954293
285833925
238597166
931024
11625129
2933429
1120908344
1413153
1401072
461939037
46067584
87498555
426363958
28285337
870935236
1314450
21342661
41057027
156020938
26724253
55066614
8191920
14756430
43810320
128918623
9068607
559497
121937700
1725739
2993287
5319105304
2704967
2554864
2197811286
507042656
930436352
17196686
35425302
709104
1938894710
873210
265853214
5275480
2592886
458458
3041899531
54144052
132071543
174164984
41753498
86630513
6085649481
8417219
612920
537810
3398577
1059666
24371824
59680157
417746
1132159679
250678860
533020097
1253631
60214123
783214
70478653
1822237
874795681
1599579
333000964
1501752
6918473234
79419562
5646460
37131334
9966600
60657786
6335960
77815355
10168939
16886006
1737200155
3153934305
84160031
2550929
898771378
1756204
5646607
35367157
635130
1219897131
222360
3445805
623660
36873257
22569830
43183956
449480606
405374208
1700697
2004765
79201461
10732389
463200
1147455227
670088106
612715359
580772796
3884069
9790049
82480441
49620272
1923540
5130224
27226262
18339516
1187950
15051941
3001503862
5108723
1421262
267772290
37377338
3123540
25898198
54251113
106609
66563855
28157007
410611
328357671
4307718
3503850
5444842
2019951
6746514
17674096
2739890
36227274
516980
1180800
189910763
5534790
2796325
397530820
797083218
133178
6188854943
1229797
629061174
10036175
6748408
2809675849
1499179
408006544
773016
405612
1550309273
1001016951
669682
2299468
21112083
194887440
27845841
5571877
1554619
1219349308
138813060
1864352
2288153
29105203
146457725
8419937
9381932
4324052040
131024397
798445
6956465
421468
516759
51685937
22451067
28575194
39424472
440222
2057740
548970499
8170520
2545435474
1700735
11642668
582179014
1611253409
1215968
16073826
1201962180
17997955
424942397
3719668
128577065
3544918
3054216
3360565
4096157
33978295
253360120
127724
14828608
673406
5611328399
789972
7843570
16937487
2515724696
23705264
14904416
57407
25643026
107234052
815455
7262277564
91043873
3582133
1731000
20589353
336694518
1163253
467951
789883478
1304663
60230867
344284073
3094599890
1895245
1373427
11908313
555930
241376575
251436756
215694
4699139
929403
75851479
195546388
201306736
1891148
245880091
839725906
39739238
60753543
548101326
7601297
1182077
1459857275
1214049570
2789996
4870223
206214139
25484120
5377577
937890
1333204
108044
1742167
25522021
3540541699
7546105
33312187
546612985
59687170
84875133
340839968
62573975
1457645346
399584641
18311465
5588604
6077408954
360225
491721566
2682933
400435334
127916571
47333479
54136098
467171609
366714
105625097
66055780
267882098
491679306
17689110
89048287
65528906
273335
129173519
145347135
36762632
676125
1394379032
4937837
629572560
276765580
96013167
108408767
16310637
2726681
9290275
1104089
1342948
29743772
2874624
389410159
286927411
863190
884697
1069094
870864
4505306
242374377
717168
31572103
1813022
57077693
3332992
348736768
2706595
666915
66315348
914832
798000
2026402
359780074
4968438
13070086
28994454
28836917
1013661
1653996300
48337017
113503007
3027458
9789732
3758713
9445485
752510016
5013641
8527531
404559
4074789814
36730627
9427083
1096635108
26379273
145691782
971156
511973253
85379180
5025522
1474582
22348984
112944659
2195141
108123555
57716577
2359907
55145686
767290697
373126288
9753974
207639053
2501478993
971555657
1101084513
71522414
1790839
341991762
251747529
787292
106915797
455069694
24858103
26712422
94817835
6046683
3122277
3735396
148874904
2118182000
630025
6653260
1034588477
633294670
7998432027
1582921518
4961435
507979652
1131812
2602163914
19102010
15718945
1199289
17675018
2944465892
135973198
31045763
14490223
33497936
73168428
1058969723
683639989
8132497
82315311
954130
532056324
155226616
31794
167873707
194044821
2103918
1059480
45602349
798588196
68350051
1382228
815465
621140
1387523108
936195
12528031
21001768
1858256858
1208832238
1626577
764742
21920502
42717705
2704549461
112976792
858940514
900839370
344337371
1061610
2835904
12463591
3543330
1746689
31928297
3112096
4758680516
140265736
35665289
276534
22657311
16616189
109701810
375850591
1086776
12688832
3622688923
133223252
203271738
2555101
3086278
3761145
2274415768
23651098
55585363
51847315
471991248
669755
6586644
342932457
659154
990700
12029400
11424816
85603760
194264025
2185136
706173
488315
34297275
2880015
44406914
22864688
19552376
72401841
374613997
8824814
9624524
6880775
29390074
1173936
547842444
144650284
335612104
37481113
4078657
856674
16659927
986902352
79831264
3794694
170853379
1853286
354464
1367800
94527
229851440
1071875
16174
7189515
2165722
1315522334
1576820601
4333976
41152000
6608034
749568
215468889
7715895
150678623
46881038
918463
1142854
23040979
203580068
8513687927
1252719
2557310
2998453
5813551
13071472
73860942
6075160946
9632067
40123837
407606808
2673264
267428673
89766296
21421554
60707203
101459000
275080
30653065
875654
111074559
4536191
770777
1704208
7816850
209143
15159125
2157813
314234
153101251
620291
343988191
1850676
7715851
1160160
1243710
164890740
3260816
5314925
27145249
1745814
550715
194005937
226693392
40766023
39142412
10291143
10543680
47658836
13275095
738250
619748210
185077463
6194342
1381966976
2292673
968488
622845
4840506357
799237
732010578
8576011
1424778851
259480
730048
761008
17904616
10303256
559147
23293519
1319836
49054246
54655549
331086115
913320
9132925
1104516
8154157
43921629
132730009
478558860
1078800
2745453
2602459
1248310038
370144817
53802450
1648767660
1051563
219615861
5069405
25958979
33430084
566514133
31124534
602721
17806780
2877624
1167822
3112758
36185273
27329613
46521268
2143618
512435
2115545
178482508
1086876179
1185767
569479743
75466388
3552924
3522140
30610148
1693622
14462995
123774576
27174600
128936314
844373
570610
1010698
735752
1121260752
1415605
23076714
1980050
2109054
16314165
923520
3918823
460928226
11151562
2321130
14827484
1998933
1228878
2649046
4757272
2064494982
1187658
5301703
47281669
538098
1128391
3298932
961946453
102344279
1091434
4321487513
71982070
642168742
2583542
4368674
248407125
761990
1439685
1184240
20619881
63250121
8763150
920293040
154009758
339974384
2986934
1570446503
94416975
153663898
38602455
123459756
50144815
667376
8965956
126237836
63188730
2077147919
800184685
21649576
100300403
457713951
1419900
299927507
732425
1942725
40895576
1357762446
398154392
78891785
4548761
2403919
166834992
2040987
1812181
577132339
364077892
1003734906
4974801
11345973
3954780520
2527110
2340905
143283093
5415610
55775042
880108
24889165
456974360
4271726
950948
4001003943
10556570
4011045335
1293602052
475524
18568557
10616697
765909
3921219
3781815836
1068998673
1996750
360077582
1231095
792324
2763951818
4770265
12731529
70170439
14619144
802000
669268062
59911378
32525101
78376556
272267720
3258986
9101876
13746017
4098855
28484014
31502254
712278
1685148
36494487
53299020
74076140
33879916
568080
5478212
1182895
14906786
57332877
39511327
806322198
1325304222
1092945
6095480
616148
22334445
459715576
178311
847629
1462909
652411478
1429868759
878520
11870690
868908651
1536216
4209019
6367075855
60265861
111859306
170767730
1030071686
1191488166
1373476519
6886065
1090093298
9973827
51856496
10335087
1084858
192301613
21864203
6935470
25196474
3494080
1569224728
415198
12945678
122038
36780784
198450
2799204123
3139849
5488487165
791758678
151415193
2839940
10173970
54032821
3145272
1130818
389550557
1875531
2988345006
96623420
318164426
65234434
16686394
102340715
1236641282
13244012
16990127
3028633220
6437695
32667428
1657851896
500423481
545633
2539356
1411072
377145
1128657
1521040
310660
1746165
129275884
1461864
1626128685
51106946
632150
121016302
91795073
1169184
205527044
32731596
7719541
1944039207
431609889
395750667
2131273768
10370199
9755388
85264249
48116994
644719584
5210792
5484077
807482
30932547
2011362004
1564420300
145119
975284
83834204
9537658
31410901
164710617
14800615
27070079
47554099
65026662
2858865736
3496118
61460401
2996408944
5137049
529284
4765612004
671540
88711752
7857010
63078504
13264691
905103
140244734
4163040
38075873
23385435
581339
1190172
2180728
4897164
3983297428
38614405
2204518009
3346144
5807257781
3206058
487368435
631309054
2377172
26070002
10366049
3158534954
39254128
7642796
896116
466945
43842643
891726
660814
27473378
55698515
3683827
962910
3966208575
11999094
1359408440
2524180
262714883
379363
14961252
35217614
729833
2765440248
1574982
1584590
2393411
45135113
376050
600065749
389380225
782561829
554920790
25330923
691488583
1296615
1481088
159095327
83030
5299310
160472249
537628596
1194638843
67268012
5175505
574562053
5324125351
354868289
1187283269
462949173
3314628288
54894612
935225
501590701
1042555516
1556184092
355328
20857791
16451326
48204
6704575503
630388
1416304
826250
22425176
2451340
1173685
989843
11529061
19481863
4012910
1321652
1151430
22007656
4852961
1778406
59943700
131472099
2548975
1323910
23680432
14840650
14483792
4655145
5451565783
93945468
1654662
292623892
1697597
114904456
4673104171
27191073
2429713
235903518
1926870
789889636
1646266849
805288
104517690
43557987
7692862
35516
53704711
708318
796730
2634766260
4735486
10421001
43346860
342191564
2830495
1341235
2452563629
38539119
521103
3349502
2941859330
503444008
1081457379
44982
43872972
1075522
52838805
1393832
10338215
190713345
41136841
24737762
59724375
1266996
1171705
22074886
40328402
261426
1461099
104966523
74567840
2700298128
1277310
158701034
1229695
191636568
881672
9666609
242886947
4178026
203345493
719986
101276901
10989596
2270921917
7055155482
38005760
89853438
1351462
956210
392524
832935
154913735
15488465
2932189
10161582
3362984674
7762874
1294052
2432141060
315458
12158246
793554728
178762035
17407511
1602248
1009244
2787405
179275734
26342289
79132355
64925831
90756621
25413025
498817362
2243397170
4471398
976659
1847470747
4378852
4498269
22541008
1181463886
1789005125
12552214
195479552
69645995
87868859
901098
116092263
34509242
3738446256
1163696
986538115
528399
1191488
4456170
5384733
2461051
78475326
711322
1483528
19417320
185139
49186718
320560415
2100147
379776
21450460
59827586
1253691
498877276
74037802
9426661
40618610
4231568376
499986
2011063
13743232
1005686
1016304
3504875
1735510
113112417
1382388
1039600
1112661243
43025023
1226482
421321340
1620318
36037120
2885308
66188920
45746475
4840688
145069429
1081540
1750700
122135117
4047496
5106735
1645042
5898664
28076139
12886839
70549929
795033
97888713
1310391086
767033684
808889144
267433048
346538295
1032036
26695900
1555533
1761448
5796216
36318263
8225145
11013336
570696
710375354
302648401
510577191
2162694
514675
896319339
343922205
3968344
2106601
361620
2883535795
2175474
9487898
12471288
8158319
42104480
1497847
15280573
55577069
40107208
2541372545
35341514
2345369154
21028372
48711392
149406240
1918400
1352554
1100174467
1244628
7421905
1920443
1529084123
2338115382
1831676
14053531
26544816
62974961
48455435
1115856
485621
26572363
13269409
1148412385
2564878
2776438
160928
5654967453
100137691
1728956679
91699783
42615855
6397429147
4505661851
19751794
585014441
1622410
10944480
20537372
940776948
845550
69921966
1302350
9151313
8048509
19589104
859417
624839738
280058
10874307
11068445
45667782
5481513
17977833
2770632636
11199419
1127897297
61506389
6894963142
1158480
8467518
4285575
40230996
18762404
1094625
263060123
19685478
48594175
38202408
2272360
544167042
13002660
563376506
1942555081
492720703
161651
548032046
1612400
3413287
651163626
205450468
141389578
11095990
6593875
7992353
2459769
1298145221
3077255
85206477
1470600
70613652
5580022
3210710
1569400
25267149
162688
23297719
709716
223329
301640784
1187020315
1202509
211589244
86953910
178604029
3791757
4666691968
334123314
113681619
11052488
2028519154
93727
3325842
257220089
154812
1412440
573458001
2198820
3988939
345393
48249878
84680158
18698995
614589
995338
3568453
810970884
26857740
69345366
100484994
3276897
777190
853600
2419285982
621404
76195575
3721385890
23012775
105426021
2102933
3140555990
2474994
3525423
1571232
386626
1559509
1159247
3027674
751468
941176
2823241671
173732800
846271511
12341782
190720
2644367
987252
1223476
312762176
67930077
348119554
22478038
109149637
1753110
144422463
1120394995
4694720
36310611
446456562
174109100
967098
16484364
49073023
14279126
46426961
6243528
29003637
676371
620424
48484181
14604660
346253
2045577
19688613
2819965
25690184
36081579
2424166
912492
1194948
81847831
8402995
73931174
37856
3268482
97041961
42649593
55165
1261175
101271823
664548548
3209498
27871622
183271620
2427326475
379819411
89259485
680396118
145330442
14312276
111913902
6598428
23149496
523966582
65933155
7636758
236461085
11661932
19739805
1930209802
987081
88824025
1311591
747575
2351410
1761901998
40921428
12451478
20507688
14669197
5202856
5621150
255375781
1077490
209502
996255
10011027
59741323
191552188
3193285
453127421
31892842
747207
106451356
1179513440
4889939
9078610
44875812
152391213
15567455
1071277
359790175
210227632
5034698
739712
1801820943
1156215
2532367
363515350
1158273112
467665
1932434
716472
5466185794
30685487
3166937
2188942
985796
8261321
1353210843
2636238
3585028
3850832856
17853876
1713202
6390111
3961633
1732724
89004276
1499901
76481648
990377350
63095821
2494087
20013472
2803548
554252960
26746121
10781953
1785612092
1231368
42619793
816405
27587541
249380526
894711891
3083873
1311898
5920339
6841257
5208831
1258376
1833315957
9207525
844875
80931125
725139920
221815834
2044675343
24282107
16718095
3257523
2205704006
2869418
2119133399
98689411
1750430019
2496581
3671921
1529958146
642543095
210094410
35656497
919885
124916635
6326124
7211586
487720279
24542259
4239813252
372432775
44985470
240430075
129271925
7437766
429553
98385186
728331482
488772
3279077
107866209
2091706
1725930238
1452477
1693435504
7287730
67844745
62188388
468999387
82221981
16378383
9560361
4165187
92870202
113888659
496133
381240
246924
411543
100394545
92363701
12345980
13897180
1331301
2042331645
22341011
8762931
48735004
7441648
14008502
10775836
2080234
243089884
330750
387419126
9922299
22502344
649213
46796665
966050
1326880
5008498
27793808
1316088094
4767053433
5307121
892452
356328853
307098
182970949
573546989
35363271
128738824
134495492
604396
2393594
626288368
58503547
1594483
59258890
193372849
336552197
1148775
288055533
919168
1622492531
1477666754
103209840
796680
1562793
167881304
59207661
751434
39131950
185283
296516
650225
5848519983
5624382
955204644
134263607
176930335
58707020
3336585380
5896065
341469
954737
15402540
661243
342555344
148081836
2381326
1270980
15135233
2242278
316725420
14370155
43075264
32354309
1084902
78399
246785
276108856
6631977
32923251
41693143
7877891
1586781
69675657
514223
2585002
1155913
5640826
19817420
640593
83333032
2160592
6985068
7546398
4150873
3435770
37819819
30006835
585353099
97776214
195592326
918212
23030853
157586485
255188141
27902589
2184816991
6086531
35445368
2264363
187633929
84048214
631316
1287970207
4768238
1475946809
62170913
35812103
14008793
4804925
989890
361172
3665268
165664727
101672290
15028138
43099358
446459549
1163576
251457145
881262
49305083
11643613
5940326
13971430
7079596050
369483
1367050
1272606
63717837
5744178
411108859
716975636
944025
44114
3036642
96430
184387757
183395
153617799
621052128
5429827
117879735
22309739
19710353
100743908
185254431
9343774
5754371
9225491
3299660
82593886
59251
43987552
36185401
2192106
5216455743
2993614
2899988
122176
26456255
1465570
4142816834
4611966
517567015
1549458195
71717889
1682148
3782077
274537003
199465
3593486
23703073
3471145
17099402
3514920
553455
2657015
3562041033
101650865
1482885
3384546
958635
8537681
696626
69568989
26653011
278523952
11587891
21023667
1650684
10786987
2212315
1879553
1673940
3057297
1739199
370741112
480936481
10946591
405803577
106589053
1092140009
498952992
5748649
743725
143129880
755217
10348002
53571027
52220715
729404
2876006
13320
229888730
2809573
2824691
364130179
2247646055
2904607
214987333
791016
1546961
393957629
966768
1894135
1189086
31548791
90382456
11147763
31357442
8609873
251371126
120533838
3443737363
1327056567
2856539073
662003421
41553
236855699
1073614
6544630
92994456
800915
4237827
3274863
2357196
1055910
1706327
82356008
11723022
97319742
321571235
71272900
9169849
778818
7078713
85037011
1014275
2398924
9634913
4008349196
394863075
438610767
47380773
140706879
357115557
712514747
228870
1547292
6047173
42830656
129548682
4526557909
87505413
690864
13622764
710013751
739584
260330
1568906
27162249
1790864
1198070
1108781094
5047778585
20107642
11544609
12640001
120754751
1644716
81054034
2237572118
1085755112
17808012
5207441
40844148
5039500536
255402992
24062676
14041866
1665413
15699127
31805458
1533460
25947958
67563030
1610575
7938210
12656869
296854838
476523
721656
19989009
1417606122
17194370
1252526
6787334666
659087
488400
4892432
9179019
793364
11283046
1131202
584331980
1152365259
27948102
50591819
91859
1194298
3424770855
13780347
24360570
6541832
58725
651833
524022058
198003569
662480
2129485
4478196682
87898545
1442342
50488439
114338617
38262711
248880322
900624
12768263
317367030
93436813
691000
4492264
60891183
1532084
148770560
13580009
95079851
887276
678402
14096165
87842043
27395628
1508749
687735
39946412
8545818
1867828721
314213052
88731899
36063606
37169026
2508531
294800
104272698
591259070
126082898
121938461
757809
151468992
219753
67004477
20488796
5747940758
49198838
12688130
30509449
1429388
13830915
3365126
1527375
165597792
4752156
24883211
2350754
1123290
100347158
32704460
1352369392
1185361662
34749395
46249509
17143608
45670386
48570318
20799618
394456138
3308548153
725139
164008339
1110335
4428293
60169588
22525030
568481857
180403326
11533848
53798792
1023378
336028765
2174394
1423223
4931621
347883664
4401564
11091176
1188219
633855
6095798
56485611
424559646
766289164
1044015
4306425
2128092
72364254
57664368
51823163
1146468
1232676
10125817
2474305
4342809204
13404242
8612524
29016096
443595873
12919260
4107703
982585
3353084694
1855774
25954894
527859554
134633129
106827405
234976964
1017054
1123968
2312755
1491666
181652626
1876745
3703203
195361731
32858423
174606213
5777113634
1208194494
46197276
536588
38055029
557053798
1827551598
431184001
2053550
289219734
26541362
338769620
31248558
76946728
1294706
405799357
611712577
343656
296581436
31034808
434742
412932761
3494935807
888277
1322112
1939470
60058164
137936163
5405028
130224
4830030722
2240038149
9054154
57339326
264789
1917538
1129784
4829678
1922417507
45830810
2111228
4821449
15505284
65671638
13030509
6502395
934445
7301259
8988085594
2601356
39463096
6157649
6900386
1385942
146701578
39965409
29546482
171139
46325248
971640
6415128
58647746
3351324815
1727691
67359509
124177880
714792048
230911
3131206
1655990
7831543
3288267
1032686335
287010
639860686
3805868
1624436628
28898596
5916847
722232
1693375
1394063
68912381
2287913
1996028
5048879
1332819485
230182629
140735220
1009984985
194520425
32415101
24835098
7090623
439108702
128151
4894050
3192739798
4162658
78474214
667728769
1242666
2059489
917526
147258
38798620
2323906
87211733
52678424
116236063
9908469
100948
1704072
3790650676
188690132
97737836
3156485601
3777808288
179282
20257055
52982830
1363995
1881868385
186088988
2359083417
180387
493892204
515733041
133945973
51728149
128334083
31699317
8967399984
60271672
725703562
5195776
5149825666
356476619
10843294
270323738
1854682256
389011707
180842704
2307500
203595395
843709
15997829
293418364
23595403
2551687438
7141898
145024
22405196
166227542
73339658
67981047
644617826
99484868
9522041
2647119035
4233621588
1953655
1250185
9427852
829890962
3284369361
3957426
103837307
622383
1813526
276888
2079218
4087820
2753377
885735
729600
426115
4793290
28820414
124788370
27375946
1430910
14663878
2898512109
64701430
2701643
5513430
60525343
13690994
8573347
33275523
6520552
4246994
5175532
21582524
301238068
1588871
359231968
2051189
370300
1261695
62210056
166166263
1684100777
987755482
4481397
56762962
918864
118992062
194510
184395
1762565840
2233566925
11258960
92173776
220551062
5634590
10995546
51841451
4066295
28416162
4363642
248859
360256
9026611
753982
6094201
1282974
12036495
2557146961
6759727
13861925
259159114
14595444
1135197
415631025
22280642
3830678
9825179
32751595
24709384
771303
14525171
648134197
444026
5964426
27454396
1753391026
126539805
47849488
861492
903348
12734922
171808172
941750
9657945
969855
1018078
146889736
2560104
709266250
34950952
7569717
83936460
54092469
4079781
1131140
5074441
349075
1866702
81644042
87905034
6070156
1110493
4258466
1466236376
16014583
3620613
27459882
11839155
2023931902
1233541298
11947573
2350726
1247645
801701501
949466
955043
446381518
113257993
90904780
1210252
1040914
29082984
16355145
1552540056
7250240
402400
1480453
802395
318216963
1238315
9529593
986320
1301610
1306326
2786900
5300884
491691358
53012326
625738685
198960668
3985627
14032891
5000353
693529289
116773011
153069787
143413407
2302600
393605808
179944371
71223390
6276645871
73341392
668445
7068432
152119272
1656135
2825908
4584327
38512915
2590102801
1351960
1819080
53723999
2667746072
2740075327
3184317608
31613258
118320217
571419900
804037379
75202012
5642237
15085427
777817455
6680174
121124249
17985664
20655116
134218904
112498158
113515089
248562777
113637718
67204189
93758756
6761713
925722
8431783
1099901
51333120
1925595
451525
14828576
20997209
2178638
369764
12591890
55737549
2350073
646110
214015812
102175734
1515204
16706023
10256532
2053670
736591991
1345958
82741085
2539193
6857411026
373423696
49659609
2624925
5327337
1656083
54601471
530968373
852198
6731904
1884300
612175
610413159
379292651
151572729
34768931
85701693
16194244
326564994
45995667
84109703
2425901
188038
1323076
286175194
146608582
37146581
222594062
186809102
1373129097
48090173
26352279
20563928
3091053
79148548
503055
891762
9202778
170560
777819091
593216464
490144913
217651
30344614
3596008
960399
607541139
19606062
1958239778
4891098312
6878649
28460377
3085807
1265535
405855
8547862
73027980
2580752
18695271
1031040
58052631
13020570
1241850
265019
2362339
9999521
4888929320
1988783608
14772590
1494528
11935
646260
993398
326226
403221234
572565797
36065712
1071447679
7704107
164017231
1164050457
1208545
177502063
2163974
24317163
28352849
483352420
1326231
489022
909144
7505514
1473982
45045373
564698839
2484898725
1537878
2610638
359684461
1550766
21718414
747767
632764
949578026
90070281
47712735
3713940
2230791
98388718
3265193785
1160015
1502047452
2745550
623112
3160840
6720676
478159
1112820
148572401
5649689
32476443
105607390
1351560
24653986
1169299
10650613
135040690
4775802
309190
210346
9479915
1299868
27755176
7651356
7440333
3177399
147931410
2475556
1887960574
146505351
704230
42319788
3807304
36800537
579266
2887210
11133723
1193619216
1541566421
33667771
189090054
2504366
1950521
599079
1206310
57468380
1307079
318585151
1150872
2306195061
313889795
8008253430
22535221
2944415
1687653
4596883
1189062905
143213782
6366072
265794
2098635
7215212
856554334
384729660
17595224
661390782
4692940410
310311667
29985487
1234557
1150256807
117487799
90807312
51368264
1173358143
1230716
2332225
30286220
1204505
682994715
6592068164
807741
50662359
31726934
22528439
735831
7632544
5097222
66329662
33492072
2989349
3500242
1887394821
197956119
1039447
1074131
1625281
1476642
647825031
1642907
29682017
1314078
8807662
304558797
641176407
22015498
3441644440
73165955
1002216
25976881
62890473
1797951
593079677
825147
2273716
566892
4727113
20363756
14477883
583203
30616564
1024651
21112835
956693613
3155508
8946295
43080791
147626176
6178799398
59964387
69518650
167697507
438438970
3500398
21309718
8102040
155805175
762021
874888
164184384
1237113034
51500345
25227146
987777
19713699
933396
5443092925
1287688
25851884
59704497
97427825
1673834697
3366304
4011071
6067964
2833460
8062139
31904753
1665666899
1587200
649879867
11947604
387742450
511479
5801379
545310
1295823
63296982
47760356
1010182
1059250
63486002
164469338
5828939
6106715
30877230
7466258
16716855
3353641
120844262
12596122
76084234
157480881
2306668
405014332
408223290
1733856136
117010058
599094625
12491791
635778679
3532141
165996406
1070916
2978218892
13586296
5210479892
2233585216
195821694
228835
57696468
5241782
133517760
5326469
4022832
1017184
177719278
12864362
1584088
1439277
1273806350
73760507
5094659
261534848
137657172
78001
236460907
1330065
189630935
50590861
1771256
6336677
1231252869
1144851348
26990757
3439016
984948
17425889
56676553
583791287
519414
1609407
57689640
390285
195670687
49416968
59268691
5563746
56151912
39053422
670670
1133174
1761072
31144309
188183698
16938578
157252983
839696
23459221
205809442
14941674
319211248
608677625
1148481190
2918559
16561396
38560728
1257311929
195116742
191568494
1946238
622464
48737799
656838
87529939
825888
941256
4076749
995775
59963900
5710492
1171835
805000
772673932
998987
883837090
34638250
597337312
4505515
691925
3017635
2238178
19327633
1921436798
7900220
79076747
1577487
1197419
117304198
774604
4077416
962092455
331121182
75246615
16855563
4529677
176526605
12376
109176255
23867291
256754164
73878230
481087494
121780950
782054
27557068
1551913
17297239
790584
1495760
3309708
323698280
124967
2641532
3271472
641615068
809403
2530251
87170896
3397105
602322126
713717463
730968
127012684
2006382
8746653
62808986
565522635
261180275
1518942
330843060
1145445
1355095
23525333
3808441
163730
10009025
1652575726
9641235
5781530
168018361
413644
15968540
1232510
482110
1303690
14195793
1324752
2301940397
66631745
8424478409
39483627
1593982
50333484
3186326
202157
2465429
1600307
889946108
587194858
16786889
22156856
134544063
127190296
50932897
1225160638
176448548
1238349
4577402
11348245
11687429
1961310
1429795
387095882
731363248
23366665
34749930
9980896
3898520540
63158658
10229868
129409
19663772
2602020
1111567841
98183581
12133716
869400773
264275
440975587
167542182
926041
347489460
2555810
1617153386
3675056
36026228
1753753594
1532335394
92149184
10331599
700192247
2569991
888546311
63301262
751730944
1116356231
174330183
2748350
708532
1995693
1525370
1937128
130381995
80039623
107972920
39625562
581263801
3111764522
30221050
60261033
17239805
8661952
1406475
347741871
908183681
22044075
60130628
8567426
3373616
15844786
2379704391
32899466
1480649
4489935018
268360
745785
2241457621
867624
1946831
658498685
2375622
1553100
2849135201
7664760
70609087
34966983
930184
1066025638
35340
132655932
147948590
4751349
5849383
4328863
1352881640
1837125
5077218
21982070
526920
1349630
229803823
1336829895
29803981
13775941
3182755
1464911
7301761523
1325758163
36829691
4197739
13888917
369264798
26792459
5050572
6631337
701233213
56066662
153339880
88133019
1352965
1254715
3511142091
1060794
2583867
223803041
879202
112292382
14817441
36237295
526585
6945139385
17473062
335186237
11266899
3792247
11837907
572811491
2209151
1548272
152068827
30303655
82847251
3247491896
183732643
901960
1268765
777400111
285236238
24750903
759497
1030876
777504147
976182
154580560
1663086
54749724
2844582
44915060
3922619141
1664872569
23126194
557740
797877509
8894943
3406776
2564415
5382952296
107697285
914680
28052843
132406043
207714991
3362827
121964963
6833191
60703812
16443381
389066254
27709283
246243744
634515
720032
39229384
2792903
239599277
650286955
6507366
10116395
1964062807
1378989
5985896268
116282483
618932632
19185771
148937721
796832
1075353
2681315
103845435
15690305
45590556
4191836
687498
12074781
2214944694
13466529
368346
20505591
36297609
1309851
7187420
1655426249
275115410
835190870
1615769
97153555
968048
942872
6167813
9432
1669744
60188944
351319507
66848279
90125342
10144028
66202630
4605292772
13619047
262651984
4032519
30520326
2489517738
11909169
892352397
2879784
8455393
154169284
62136763
487229
175493221
794020
8520764
113694497
34885597
57009211
2098367094
1831225
530120774
80527267
1549329
1194310484
7508745056
88058527
1362447
88595233
2643919
43742848
12547252
337116314
2128903643
1510101
12955699
17128750
136887130
2513235520
116854265
16381738
8667579
6062391294
88991179
7402521
2715658
5931210
28862400
54773422
61696062
101729025
1961894
429445434
1264375553
559400
35543170
1262352
4185341
174767748
2111515
752070
1165167
137752871
6700361927
16546477
258491109
33818738
25677916
15832373
877202449
16424350
4437991
9989970
2710731
1284458
2972787
19487487
96290152
43095712
195164902
9784697
8619171
2215450
591949439
118351147
1068353
5602855
848550285
156238107
1086612
327567760
4796382724
1413703
1991206343
540512476
1965134
29328717
358168035
1172185
76939476
2095018
15451508
4997463
419287141
4671086
490678949
12595247
63756146
332643582
3417950988
1526848720
1273334
1105663
4331601
2981357100
134652310
194692359
3297536377
58763904
329754863
110294079
82008591
4991081
7208441
893487
3879349
2248319
16526243
8027702842
4439018
6132331681
49617728
960750
7929390
3388352
498160331
35783540
4390512
4722517
240809270
108036887
124938433
43121264
66830096
22914851
110638826
1891510646
750424
1733190
10002926
28450772
1178931550
20584360
35114206
30746159
1285407
499697
262750
5974393
54064940
282738920
216086338
822710
831512
3381287
5596445
5264227
18952582
3034370
536037
6734031
48024427
1217762
448920
6280374629
5753603059
355327547
28174326
4022241191
108683118
1404933
816768472
3395756552
10655962
4275495
526064
5511236
1479310845
682760
220581870
1775411
549132420
426375200
44056195
66548023
7765749880
35764014
16671957
434830962
26658875
3104574
344131533
29464255
1589976
144875830
5605295286
1189200
1123050
11895451
356269962
1199302
767192107
235768
4072476954
454017
25761778
161368569
22070455
11800268
18262961
2231256
2999901
33782437
32182725
201106680
1156500
260214855
2365884490
5771732
22608402
324510
1697941
6154262
4770386
711756
1942848429
27918425
792036
1065848
9097178
9665335
9564258
976677
1983483776
883008
4041323
2714855
3303760
1669184
414725
1121010
293745272
14681125
13964392
349580
4332893
2425966
1165349757
2739040
99464884
1508179428
25659166
68368560
829785223
130745827
268103835
219758808
3185044
605360246
1488629807
3282591
83538710
164460981
962728916
2379912
9859805
10527
8412850
9802165
2319408
919430495
69343243
4530262
105007806
2153859254
1684912
4521257391
32226081
260272
619320
391563
2544675
71486
30739710
6927212
98105
1408078828
860308
103749793
1636959178
25654732
376267510
54784985
882208
1258281
1529830569
19194455
1628765571
2616507
38126963
31051175
56039254
1117735584
36459899
11361456
76376
2850386
11849946
4224523649
25496091
310764
1251673153
697568078
863181
632109
3077663
307948538
61679017
7529196828
29955
128047068
54724851
1443487
266941
30723264
7795448168
2386175040
697383
1182017640
243133104
2660182
16983359
691464
291591378
99921841
1837999
13182299
2615481
6957931
125919
124996230
17711711
14549057
320003947
2260426
1620757
1832769
30460908
36253633
3178263
1671480
18514702
54076049
368857730
52069335
31796146
5396365
9372422
2748126
11126696
6742069
4522343
1035804
719540269
1332618556
9828775
185166
41281354
9628074
8908023
5568350160
774074255
39122099
283806776
2652457394
3809004
5654607
4245168
749020020
114540043
30822554
19563709
13700230
64395910
338484
35189499
633430
1654667840
483319
2815267
335861650
1326550
8016820
1615285
17722940
1287972
958538825
31609296
4020051
20004331
1416258
878665
196673906
753396
5133618260
872960
56960129
1028041
771384148
347166038
1705905467
3807378877
1817443786
25396290
1115219
3792468
1843685
308253070
24092634
400493570
87747133
1818495
1764893
22765277
5264273848
41907483
229973093
11054575
2117675
350052787
135515534
878644
2233158
2209149
75730044
290200168
766299643
332120
8605310
5265329
768596
5311573
212112281
1358126
37088412
41206124
41808488
1925924
600057
20249325
11799262
595251341
11632147
564811450
3993301
2759273
907982618
15218232
56332440
29615591
1874810
13586433
262093389
801473
4853371
2787770
1407492035
1668905
12613335
5089783
5404076804
1181649
34606717
997269
5364365068
208829277
430016782
26386409
1245563266
254170152
13170214
731751039
192037103
3053677
4027423
13791413
5102417
3828539
1447459
1403570657
183581313
555194
1419024
111576
2586448
2392158174
9876228
5694636
63912751
536790060
89693051
1669915
2129464097
403816
247078
2555671
163337863
2048833465
13239496
1167645
430341
10856496
13434489
457878
3990301887
43476941
55888338
1917333
9502628
29533628
8927719
146900751
807725
868542
472338573
1068606
41290
257983
81554213
2398529
79264672
9087344
4760965
35914841
5440693
5135868
296221526
4777770
646506083
39653167
19881424
23548849
830180752
645766
1323105
10982331
2892388
3823521
20585247
1942915
6117359001
1058816
2157760
964954
987802
182665672
73771880
15411434
835357630
2860707748
4457989
2060509
11886123
3905348
157878572
329689774
5384034236
62584129
8739838
100008
11783975
184693545
91444209
1720486348
8638846812
13219647
49953384
496228956
168431885
259329651
1271902910
2846048
1706773
15089913
5008316019
88731463
900300
561158
5249599848
975589432
491792465
307980116
2524379492
483717687
22500012
2308051012
416340
33397723
9122514
19027896
368825585
4285196660
29462526
599130
1847479084
16155363
96322773
4567366
1167975
128541965
5415186
254949449
3149480251
1052733
89347899
10147940
283972
1694185
30769494
1741616
5942638
2457370271
5695797
3160805783
4081577
90134614
55179086
1635094877
1222691
2594572
8648423
53289034
527735
1162902
3165215
252475951
5296611
2163750010
21093766
31073073
1265944081
349785156
5538872
4446656
38560941
285489957
29345027
47247868
4060348
339175607
31643077
16151349
5609949
4486419
226909179
130495891
2460766
1661054889
14742656
772209
28766858
627876
14280267
1552515
1552270
28055205
19884746
898600
6953123
451776294
1034314968
3379511
40732312
18548529
1530592835
37358459
645112
7548352
45812579
21566000
10375426
144098404
399804662
78874646
29742808
7108131
2181351
17249882
22312579
219597132
117232967
1120728
56930859
1354677
1708157
760609857
479325
2626891924
8112886
13086677
5030376
987987
169907645
237545
199512302
187352763
7792846
2947418709
22804937
7810992756
22314267
770121490
164230840
40131469
11087271
47389553
11387611
5692880474
11571697
1505504
3758590
9025773
795922287
4651810
47568672
8394205
73043361
755746
393320839
1861939638
42199665
1251385
1652896
1796825591
3708426
721065
161743371
2326543251
48201891
736911792
648813776
737558
385699785
79379733
234985576
97239796
17096572
235649247
1803040
17649070
62823423
17454111
38634030
3034164
361672823
136240317
12527171
5972205
21595097
1117599
136520237
1327969
2633520380
1118549
38574
2298274
90422
561149506
25935616
10727555
152227758
24202811
3144994
930096
1048067832
5284533
8952485
7195557
4182944
89554
1202375
3696208
1443572
752296439
